<?xml version="1.0" encoding="UTF-8"?>
<coverage generated="1783590110662" clover="3.2.0">
  <project timestamp="1783590110662" name="All files">
    <metrics statements="8638" coveredstatements="5540" conditionals="11527" coveredconditionals="3793" methods="2823" coveredmethods="1031" elements="22988" coveredelements="10364" complexity="0" loc="8638" ncloc="8638" packages="7" files="83" classes="83"/>
    <package name="js">
      <metrics statements="7760" coveredstatements="4758" conditionals="5756" coveredconditionals="2785" methods="1528" coveredmethods="886"/>
      <file name="b-boutique-wow-style.js" path="D:\komerce-backend\public\boutique\js\b-boutique-wow-style.js">
        <metrics statements="0" coveredstatements="0" conditionals="0" coveredconditionals="0" methods="1" coveredmethods="1"/>
      </file>
      <file name="b-bus.js" path="D:\komerce-backend\public\boutique\js\b-bus.js">
        <metrics statements="12" coveredstatements="10" conditionals="14" coveredconditionals="10" methods="8" coveredmethods="6"/>
        <line num="43" count="252" type="stmt"/>
        <line num="45" count="252" type="stmt"/>
        <line num="52" count="291" type="cond" truecount="2" falsecount="0"/>
        <line num="61" count="13" type="cond" truecount="1" falsecount="1"/>
        <line num="62" count="13" type="stmt"/>
        <line num="72" count="244" type="cond" truecount="2" falsecount="0"/>
        <line num="73" count="164" type="stmt"/>
        <line num="83" count="0" type="stmt"/>
        <line num="84" count="0" type="stmt"/>
        <line num="89" count="252" type="cond" truecount="1" falsecount="1"/>
        <line num="92" count="252" type="cond" truecount="1" falsecount="2"/>
        <line num="94" count="252" type="stmt"/>
      </file>
      <file name="b-cart-core.js" path="D:\komerce-backend\public\boutique\js\b-cart-core.js">
        <metrics statements="27" coveredstatements="27" conditionals="16" coveredconditionals="15" methods="13" coveredmethods="13"/>
        <line num="46" count="7" type="cond" truecount="2" falsecount="0"/>
        <line num="47" count="7" type="cond" truecount="2" falsecount="0"/>
        <line num="48" count="7" type="cond" truecount="2" falsecount="0"/>
        <line num="49" count="7" type="stmt"/>
        <line num="50" count="7" type="cond" truecount="2" falsecount="0"/>
        <line num="62" count="110" type="stmt"/>
        <line num="70" count="83" type="cond" truecount="2" falsecount="0"/>
        <line num="78" count="3" type="stmt"/>
        <line num="79" count="3" type="stmt"/>
        <line num="80" count="3" type="stmt"/>
        <line num="82" count="3" type="stmt"/>
        <line num="91" count="7" type="stmt"/>
        <line num="92" count="7" type="stmt"/>
        <line num="93" count="7" type="cond" truecount="2" falsecount="0"/>
        <line num="95" count="7" type="stmt"/>
        <line num="96" count="2" type="stmt"/>
        <line num="97" count="2" type="stmt"/>
        <line num="98" count="2" type="stmt"/>
        <line num="99" count="2" type="cond" truecount="1" falsecount="1"/>
        <line num="102" count="7" type="stmt"/>
        <line num="103" count="2" type="cond" truecount="2" falsecount="0"/>
        <line num="104" count="2" type="stmt"/>
        <line num="108" count="7" type="stmt"/>
        <line num="110" count="7" type="stmt"/>
        <line num="123" count="5" type="stmt"/>
        <line num="124" count="5" type="stmt"/>
        <line num="131" count="2" type="stmt"/>
      </file>
      <file name="b-cart-pill.js" path="D:\komerce-backend\public\boutique\js\b-cart-pill.js">
        <metrics statements="141" coveredstatements="135" conditionals="93" coveredconditionals="65" methods="20" coveredmethods="18"/>
        <line num="38" count="23" type="stmt"/>
        <line num="39" count="23" type="stmt"/>
        <line num="40" count="23" type="stmt"/>
        <line num="43" count="23" type="stmt"/>
        <line num="44" count="23" type="stmt"/>
        <line num="45" count="23" type="stmt"/>
        <line num="48" count="23" type="stmt"/>
        <line num="49" count="23" type="stmt"/>
        <line num="50" count="23" type="stmt"/>
        <line num="51" count="23" type="stmt"/>
        <line num="52" count="23" type="stmt"/>
        <line num="53" count="23" type="stmt"/>
        <line num="56" count="23" type="stmt"/>
        <line num="59" count="6" type="stmt"/>
        <line num="63" count="19" type="stmt"/>
        <line num="67" count="6" type="cond" truecount="1" falsecount="1"/>
        <line num="68" count="6" type="stmt"/>
        <line num="69" count="6" type="stmt"/>
        <line num="70" count="6" type="stmt"/>
        <line num="71" count="6" type="stmt"/>
        <line num="72" count="6" type="cond" truecount="2" falsecount="0"/>
        <line num="73" count="6" type="cond" truecount="1" falsecount="1"/>
        <line num="76" count="6" type="cond" truecount="2" falsecount="0"/>
        <line num="81" count="6" type="stmt"/>
        <line num="83" count="6" type="stmt"/>
        <line num="84" count="6" type="stmt"/>
        <line num="85" count="6" type="stmt"/>
        <line num="86" count="6" type="cond" truecount="0" falsecount="2"/>
        <line num="88" count="6" type="stmt"/>
        <line num="93" count="6" type="stmt"/>
        <line num="94" count="6" type="cond" truecount="1" falsecount="1"/>
        <line num="96" count="6" type="stmt"/>
        <line num="97" count="6" type="stmt"/>
        <line num="99" count="6" type="stmt"/>
        <line num="100" count="6" type="cond" truecount="1" falsecount="1"/>
        <line num="101" count="6" type="cond" truecount="1" falsecount="2"/>
        <line num="102" count="6" type="cond" truecount="1" falsecount="1"/>
        <line num="103" count="6" type="cond" truecount="3" falsecount="1"/>
        <line num="104" count="6" type="stmt"/>
        <line num="114" count="6" type="stmt"/>
        <line num="125" count="6" type="stmt"/>
        <line num="126" count="6" type="stmt"/>
        <line num="127" count="6" type="stmt"/>
        <line num="131" count="28" type="cond" truecount="1" falsecount="1"/>
        <line num="135" count="7" type="cond" truecount="3" falsecount="1"/>
        <line num="136" count="7" type="stmt"/>
        <line num="137" count="7" type="stmt"/>
        <line num="138" count="7" type="cond" truecount="2" falsecount="0"/>
        <line num="141" count="7" type="stmt"/>
        <line num="142" count="7" type="cond" truecount="1" falsecount="1"/>
        <line num="143" count="7" type="cond" truecount="1" falsecount="1"/>
        <line num="145" count="7" type="stmt"/>
        <line num="147" count="7" type="stmt"/>
        <line num="148" count="7" type="stmt"/>
        <line num="153" count="34" type="cond" truecount="1" falsecount="1"/>
        <line num="154" count="34" type="stmt"/>
        <line num="155" count="34" type="stmt"/>
        <line num="156" count="34" type="stmt"/>
        <line num="158" count="34" type="stmt"/>
        <line num="159" count="34" type="cond" truecount="2" falsecount="0"/>
        <line num="161" count="13" type="stmt"/>
        <line num="169" count="11" type="cond" truecount="1" falsecount="1"/>
        <line num="170" count="11" type="stmt"/>
        <line num="171" count="11" type="stmt"/>
        <line num="172" count="11" type="cond" truecount="1" falsecount="1"/>
        <line num="173" count="11" type="cond" truecount="1" falsecount="1"/>
        <line num="174" count="11" type="stmt"/>
        <line num="175" count="11" type="stmt"/>
        <line num="176" count="11" type="stmt"/>
        <line num="181" count="11" type="cond" truecount="1" falsecount="1"/>
        <line num="182" count="0" type="stmt"/>
        <line num="183" count="0" type="stmt"/>
        <line num="184" count="0" type="stmt"/>
        <line num="186" count="11" type="stmt"/>
        <line num="187" count="11" type="stmt"/>
        <line num="192" count="4" type="cond" truecount="1" falsecount="1"/>
        <line num="193" count="4" type="stmt"/>
        <line num="194" count="4" type="stmt"/>
        <line num="195" count="4" type="stmt"/>
        <line num="197" count="4" type="cond" truecount="1" falsecount="1"/>
        <line num="198" count="4" type="stmt"/>
        <line num="199" count="4" type="stmt"/>
        <line num="200" count="4" type="stmt"/>
        <line num="201" count="4" type="stmt"/>
        <line num="202" count="4" type="stmt"/>
        <line num="203" count="4" type="stmt"/>
        <line num="204" count="4" type="stmt"/>
        <line num="205" count="4" type="stmt"/>
        <line num="206" count="4" type="stmt"/>
        <line num="211" count="11" type="stmt"/>
        <line num="212" count="11" type="stmt"/>
        <line num="213" count="11" type="stmt"/>
        <line num="214" count="11" type="stmt"/>
        <line num="215" count="11" type="stmt"/>
        <line num="217" count="11" type="cond" truecount="2" falsecount="0"/>
        <line num="218" count="4" type="stmt"/>
        <line num="219" count="4" type="stmt"/>
        <line num="223" count="7" type="cond" truecount="3" falsecount="2"/>
        <line num="224" count="0" type="stmt"/>
        <line num="226" count="7" type="cond" truecount="2" falsecount="0"/>
        <line num="227" count="1" type="stmt"/>
        <line num="229" count="6" type="stmt"/>
        <line num="236" count="19" type="cond" truecount="1" falsecount="1"/>
        <line num="241" count="19" type="stmt"/>
        <line num="242" count="19" type="stmt"/>
        <line num="243" count="19" type="stmt"/>
        <line num="244" count="19" type="stmt"/>
        <line num="247" count="19" type="stmt"/>
        <line num="248" count="19" type="stmt"/>
        <line num="250" count="19" type="stmt"/>
        <line num="251" count="19" type="stmt"/>
        <line num="254" count="19" type="stmt"/>
        <line num="255" count="19" type="cond" truecount="2" falsecount="0"/>
        <line num="256" count="1" type="stmt"/>
        <line num="257" count="1" type="stmt"/>
        <line num="260" count="18" type="stmt"/>
        <line num="261" count="18" type="stmt"/>
        <line num="266" count="19" type="stmt"/>
        <line num="267" count="19" type="stmt"/>
        <line num="270" count="19" type="stmt"/>
        <line num="271" count="2" type="cond" truecount="5" falsecount="0"/>
        <line num="272" count="1" type="stmt"/>
        <line num="277" count="19" type="stmt"/>
        <line num="278" count="2" type="stmt"/>
        <line num="279" count="2" type="cond" truecount="2" falsecount="0"/>
        <line num="282" count="19" type="stmt"/>
        <line num="283" count="19" type="stmt"/>
        <line num="290" count="23" type="stmt"/>
        <line num="291" count="17" type="cond" truecount="2" falsecount="0"/>
        <line num="292" count="16" type="cond" truecount="2" falsecount="0"/>
        <line num="293" count="2" type="cond" truecount="2" falsecount="0"/>
        <line num="294" count="1" type="stmt"/>
        <line num="296" count="15" type="stmt"/>
        <line num="297" count="15" type="cond" truecount="3" falsecount="1"/>
        <line num="298" count="0" type="stmt"/>
        <line num="305" count="22" type="cond" truecount="2" falsecount="0"/>
        <line num="309" count="20" type="cond" truecount="2" falsecount="0"/>
        <line num="312" count="23" type="cond" truecount="2" falsecount="0"/>
        <line num="313" count="3" type="stmt"/>
        <line num="314" count="0" type="cond" truecount="0" falsecount="2"/>
        <line num="317" count="20" type="cond" truecount="2" falsecount="0"/>
      </file>
      <file name="b-cart-product-open-style.js" path="D:\komerce-backend\public\boutique\js\b-cart-product-open-style.js">
        <metrics statements="8" coveredstatements="7" conditionals="8" coveredconditionals="7" methods="5" coveredmethods="4"/>
        <line num="29" count="3" type="stmt"/>
        <line num="31" count="2" type="cond" truecount="3" falsecount="1"/>
        <line num="32" count="2" type="stmt"/>
        <line num="36" count="1" type="stmt"/>
        <line num="44" count="3" type="stmt"/>
        <line num="46" count="3" type="cond" truecount="4" falsecount="0"/>
        <line num="47" count="2" type="stmt"/>
        <line num="51" count="0" type="stmt"/>
      </file>
      <file name="b-cart.js" path="D:\komerce-backend\public\boutique\js\b-cart.js">
        <metrics statements="734" coveredstatements="303" conditionals="457" coveredconditionals="116" methods="127" coveredmethods="35"/>
        <line num="41" count="1" type="stmt"/>
        <line num="55" count="3" type="stmt"/>
        <line num="56" count="3" type="cond" truecount="3" falsecount="1"/>
        <line num="57" count="3" type="stmt"/>
        <line num="58" count="3" type="stmt"/>
        <line num="59" count="3" type="stmt"/>
        <line num="60" count="3" type="stmt"/>
        <line num="61" count="3" type="stmt"/>
        <line num="62" count="3" type="stmt"/>
        <line num="65" count="3" type="stmt"/>
        <line num="66" count="3" type="stmt"/>
        <line num="78" count="3" type="cond" truecount="1" falsecount="1"/>
        <line num="79" count="0" type="stmt"/>
        <line num="80" count="0" type="stmt"/>
        <line num="81" count="0" type="stmt"/>
        <line num="82" count="0" type="stmt"/>
        <line num="84" count="3" type="stmt"/>
        <line num="86" count="3" type="stmt"/>
        <line num="89" count="3" type="stmt"/>
        <line num="90" count="3" type="stmt"/>
        <line num="91" count="18" type="stmt"/>
        <line num="92" count="18" type="stmt"/>
        <line num="99" count="18" type="stmt"/>
        <line num="100" count="18" type="stmt"/>
        <line num="104" count="3" type="stmt"/>
        <line num="105" count="3" type="stmt"/>
        <line num="106" count="3" type="stmt"/>
        <line num="107" count="3" type="stmt"/>
        <line num="110" count="3" type="stmt"/>
        <line num="111" count="3" type="stmt"/>
        <line num="119" count="51" type="cond" truecount="2" falsecount="0"/>
        <line num="120" count="51" type="stmt"/>
        <line num="121" count="51" type="stmt"/>
        <line num="122" count="51" type="cond" truecount="1" falsecount="1"/>
        <line num="123" count="51" type="stmt"/>
        <line num="124" count="51" type="stmt"/>
        <line num="125" count="51" type="stmt"/>
        <line num="126" count="51" type="stmt"/>
        <line num="127" count="51" type="stmt"/>
        <line num="129" count="51" type="stmt"/>
        <line num="130" count="51" type="stmt"/>
        <line num="131" count="51" type="stmt"/>
        <line num="132" count="51" type="stmt"/>
        <line num="133" count="51" type="stmt"/>
        <line num="135" count="51" type="stmt"/>
        <line num="136" count="306" type="stmt"/>
        <line num="137" count="306" type="stmt"/>
        <line num="138" count="306" type="cond" truecount="4" falsecount="0"/>
        <line num="139" count="119" type="stmt"/>
        <line num="140" count="119" type="stmt"/>
        <line num="141" count="119" type="stmt"/>
        <line num="142" count="119" type="stmt"/>
        <line num="143" count="119" type="stmt"/>
        <line num="144" count="119" type="stmt"/>
        <line num="145" count="119" type="stmt"/>
        <line num="146" count="119" type="stmt"/>
        <line num="147" count="119" type="stmt"/>
        <line num="151" count="51" type="cond" truecount="1" falsecount="1"/>
        <line num="152" count="51" type="stmt"/>
        <line num="155" count="0" type="stmt"/>
        <line num="156" count="0" type="stmt"/>
        <line num="157" count="0" type="stmt"/>
        <line num="158" count="0" type="stmt"/>
        <line num="159" count="0" type="stmt"/>
        <line num="160" count="0" type="stmt"/>
        <line num="161" count="0" type="stmt"/>
        <line num="162" count="0" type="stmt"/>
        <line num="164" count="0" type="stmt"/>
        <line num="165" count="0" type="stmt"/>
        <line num="166" count="0" type="stmt"/>
        <line num="169" count="0" type="stmt"/>
        <line num="170" count="0" type="stmt"/>
        <line num="171" count="0" type="stmt"/>
        <line num="175" count="3" type="stmt"/>
        <line num="186" count="13" type="cond" truecount="2" falsecount="0"/>
        <line num="189" count="13" type="stmt"/>
        <line num="190" count="13" type="stmt"/>
        <line num="191" count="13" type="cond" truecount="2" falsecount="4"/>
        <line num="193" count="0" type="stmt"/>
        <line num="194" count="0" type="stmt"/>
        <line num="197" count="13" type="stmt"/>
        <line num="198" count="2" type="cond" truecount="4" falsecount="0"/>
        <line num="202" count="13" type="cond" truecount="2" falsecount="0"/>
        <line num="203" count="2" type="stmt"/>
        <line num="204" count="2" type="cond" truecount="2" falsecount="0"/>
        <line num="205" count="2" type="cond" truecount="1" falsecount="1"/>
        <line num="206" count="2" type="cond" truecount="2" falsecount="0"/>
        <line num="207" count="2" type="cond" truecount="3" falsecount="2"/>
        <line num="208" count="2" type="cond" truecount="4" falsecount="1"/>
        <line num="210" count="11" type="stmt"/>
        <line num="223" count="13" type="cond" truecount="2" falsecount="0"/>
        <line num="224" count="3" type="stmt"/>
        <line num="227" count="13" type="stmt"/>
        <line num="229" count="13" type="stmt"/>
        <line num="231" count="13" type="cond" truecount="2" falsecount="0"/>
        <line num="234" count="13" type="cond" truecount="5" falsecount="0"/>
        <line num="235" count="1" type="stmt"/>
        <line num="236" count="1" type="stmt"/>
        <line num="237" count="1" type="stmt"/>
        <line num="238" count="1" type="stmt"/>
        <line num="239" count="1" type="stmt"/>
        <line num="240" count="1" type="stmt"/>
        <line num="245" count="13" type="stmt"/>
        <line num="250" count="13" type="stmt"/>
        <line num="255" count="13" type="stmt"/>
        <line num="257" count="0" type="stmt"/>
        <line num="258" count="0" type="stmt"/>
        <line num="259" count="0" type="stmt"/>
        <line num="260" count="0" type="stmt"/>
        <line num="263" count="0" type="stmt"/>
        <line num="264" count="0" type="stmt"/>
        <line num="265" count="0" type="stmt"/>
        <line num="266" count="0" type="stmt"/>
        <line num="269" count="13" type="cond" truecount="2" falsecount="0"/>
        <line num="271" count="1" type="stmt"/>
        <line num="272" count="1" type="stmt"/>
        <line num="273" count="1" type="stmt"/>
        <line num="274" count="1" type="stmt"/>
        <line num="275" count="1" type="stmt"/>
        <line num="276" count="1" type="stmt"/>
        <line num="277" count="1" type="stmt"/>
        <line num="278" count="0" type="stmt"/>
        <line num="280" count="0" type="cond" truecount="0" falsecount="2"/>
        <line num="281" count="0" type="stmt"/>
        <line num="282" count="0" type="cond" truecount="0" falsecount="2"/>
        <line num="284" count="0" type="stmt"/>
        <line num="288" count="12" type="cond" truecount="2" falsecount="0"/>
        <line num="291" count="1" type="cond" truecount="1" falsecount="1"/>
        <line num="293" count="1" type="stmt"/>
        <line num="295" count="11" type="cond" truecount="2" falsecount="0"/>
        <line num="297" count="1" type="cond" truecount="1" falsecount="1"/>
        <line num="309" count="5" type="stmt"/>
        <line num="310" count="5" type="cond" truecount="2" falsecount="0"/>
        <line num="311" count="4" type="stmt"/>
        <line num="312" count="4" type="cond" truecount="2" falsecount="0"/>
        <line num="313" count="3" type="stmt"/>
        <line num="314" count="3" type="stmt"/>
        <line num="315" count="3" type="stmt"/>
        <line num="316" count="3" type="stmt"/>
        <line num="317" count="3" type="stmt"/>
        <line num="328" count="22" type="stmt"/>
        <line num="332" count="22" type="stmt"/>
        <line num="333" count="3" type="stmt"/>
        <line num="334" count="3" type="cond" truecount="2" falsecount="0"/>
        <line num="335" count="2" type="stmt"/>
        <line num="336" count="2" type="stmt"/>
        <line num="338" count="2" type="stmt"/>
        <line num="344" count="1" type="stmt"/>
        <line num="345" count="1" type="stmt"/>
        <line num="356" count="4" type="stmt"/>
        <line num="357" count="5" type="stmt"/>
        <line num="358" count="4" type="stmt"/>
        <line num="359" count="4" type="stmt"/>
        <line num="360" count="4" type="stmt"/>
        <line num="370" count="2" type="stmt"/>
        <line num="371" count="2" type="stmt"/>
        <line num="373" count="2" type="cond" truecount="2" falsecount="0"/>
        <line num="374" count="1" type="stmt"/>
        <line num="375" count="1" type="stmt"/>
        <line num="378" count="1" type="stmt"/>
        <line num="386" count="3" type="stmt"/>
        <line num="387" count="3" type="stmt"/>
        <line num="388" count="3" type="cond" truecount="2" falsecount="0"/>
        <line num="389" count="2" type="cond" truecount="2" falsecount="0"/>
        <line num="390" count="1" type="stmt"/>
        <line num="392" count="1" type="stmt"/>
        <line num="403" count="2" type="stmt"/>
        <line num="404" count="2" type="cond" truecount="2" falsecount="0"/>
        <line num="405" count="1" type="stmt"/>
        <line num="406" count="1" type="stmt"/>
        <line num="407" count="1" type="stmt"/>
        <line num="408" count="1" type="stmt"/>
        <line num="410" count="1" type="stmt"/>
        <line num="411" count="1" type="stmt"/>
        <line num="412" count="1" type="stmt"/>
        <line num="413" count="1" type="stmt"/>
        <line num="414" count="1" type="stmt"/>
        <line num="415" count="1" type="stmt"/>
        <line num="417" count="2" type="stmt"/>
        <line num="432" count="2" type="stmt"/>
        <line num="433" count="2" type="stmt"/>
        <line num="438" count="2" type="cond" truecount="2" falsecount="0"/>
        <line num="439" count="1" type="stmt"/>
        <line num="440" count="1" type="stmt"/>
        <line num="443" count="1" type="stmt"/>
        <line num="444" count="1" type="stmt"/>
        <line num="445" count="1" type="stmt"/>
        <line num="446" count="1" type="stmt"/>
        <line num="453" count="2" type="stmt"/>
        <line num="454" count="2" type="stmt"/>
        <line num="455" count="2" type="stmt"/>
        <line num="456" count="2" type="stmt"/>
        <line num="457" count="2" type="cond" truecount="2" falsecount="0"/>
        <line num="458" count="1" type="stmt"/>
        <line num="459" count="1" type="stmt"/>
        <line num="468" count="2" type="stmt"/>
        <line num="470" count="2" type="stmt"/>
        <line num="471" count="2" type="stmt"/>
        <line num="472" count="2" type="stmt"/>
        <line num="473" count="1" type="stmt"/>
        <line num="474" count="1" type="stmt"/>
        <line num="478" count="2" type="cond" truecount="2" falsecount="0"/>
        <line num="479" count="1" type="stmt"/>
        <line num="480" count="1" type="stmt"/>
        <line num="481" count="1" type="stmt"/>
        <line num="482" count="1" type="stmt"/>
        <line num="485" count="2" type="stmt"/>
        <line num="486" count="1" type="stmt"/>
        <line num="487" count="1" type="cond" truecount="1" falsecount="1"/>
        <line num="496" count="15" type="stmt"/>
        <line num="500" count="15" type="cond" truecount="2" falsecount="0"/>
        <line num="501" count="6" type="stmt"/>
        <line num="503" count="9" type="stmt"/>
        <line num="506" count="15" type="cond" truecount="2" falsecount="0"/>
        <line num="507" count="6" type="stmt"/>
        <line num="516" count="6" type="stmt"/>
        <line num="519" count="6" type="stmt"/>
        <line num="520" count="6" type="cond" truecount="1" falsecount="1"/>
        <line num="521" count="0" type="stmt"/>
        <line num="522" count="0" type="stmt"/>
        <line num="523" count="0" type="cond" truecount="0" falsecount="2"/>
        <line num="525" count="0" type="stmt"/>
        <line num="526" count="0" type="stmt"/>
        <line num="527" count="0" type="cond" truecount="0" falsecount="2"/>
        <line num="530" count="6" type="stmt"/>
        <line num="533" count="9" type="stmt"/>
        <line num="534" count="10" type="stmt"/>
        <line num="535" count="10" type="cond" truecount="2" falsecount="0"/>
        <line num="536" count="10" type="cond" truecount="2" falsecount="0"/>
        <line num="538" count="10" type="stmt"/>
        <line num="539" count="10" type="cond" truecount="2" falsecount="0"/>
        <line num="540" count="10" type="stmt"/>
        <line num="543" count="10" type="stmt"/>
        <line num="544" count="10" type="stmt"/>
        <line num="545" count="10" type="cond" truecount="1" falsecount="1"/>
        <line num="546" count="0" type="stmt"/>
        <line num="547" count="0" type="stmt"/>
        <line num="548" count="0" type="cond" truecount="0" falsecount="2"/>
        <line num="549" count="0" type="stmt"/>
        <line num="550" count="0" type="stmt"/>
        <line num="552" count="10" type="stmt"/>
        <line num="555" count="10" type="stmt"/>
        <line num="556" count="0" type="stmt"/>
        <line num="557" count="0" type="stmt"/>
        <line num="559" count="10" type="stmt"/>
        <line num="562" count="10" type="stmt"/>
        <line num="563" count="10" type="stmt"/>
        <line num="565" count="10" type="stmt"/>
        <line num="566" count="10" type="stmt"/>
        <line num="567" count="10" type="cond" truecount="2" falsecount="0"/>
        <line num="569" count="10" type="stmt"/>
        <line num="570" count="0" type="stmt"/>
        <line num="571" count="0" type="stmt"/>
        <line num="573" count="10" type="stmt"/>
        <line num="575" count="10" type="cond" truecount="2" falsecount="0"/>
        <line num="576" count="4" type="stmt"/>
        <line num="577" count="4" type="stmt"/>
        <line num="578" count="4" type="stmt"/>
        <line num="579" count="4" type="stmt"/>
        <line num="582" count="10" type="stmt"/>
        <line num="583" count="10" type="stmt"/>
        <line num="584" count="10" type="stmt"/>
        <line num="585" count="10" type="stmt"/>
        <line num="588" count="10" type="stmt"/>
        <line num="589" count="10" type="stmt"/>
        <line num="591" count="10" type="stmt"/>
        <line num="592" count="10" type="stmt"/>
        <line num="593" count="10" type="stmt"/>
        <line num="594" count="10" type="stmt"/>
        <line num="595" count="10" type="stmt"/>
        <line num="597" count="10" type="stmt"/>
        <line num="598" count="10" type="stmt"/>
        <line num="599" count="10" type="stmt"/>
        <line num="600" count="10" type="stmt"/>
        <line num="602" count="10" type="stmt"/>
        <line num="603" count="10" type="stmt"/>
        <line num="604" count="10" type="stmt"/>
        <line num="605" count="10" type="stmt"/>
        <line num="606" count="10" type="stmt"/>
        <line num="608" count="10" type="stmt"/>
        <line num="611" count="10" type="cond" truecount="2" falsecount="0"/>
        <line num="612" count="3" type="stmt"/>
        <line num="613" count="3" type="stmt"/>
        <line num="614" count="3" type="stmt"/>
        <line num="615" count="3" type="stmt"/>
        <line num="618" count="10" type="stmt"/>
        <line num="621" count="10" type="stmt"/>
        <line num="622" count="10" type="stmt"/>
        <line num="623" count="10" type="stmt"/>
        <line num="624" count="10" type="stmt"/>
        <line num="625" count="10" type="stmt"/>
        <line num="626" count="10" type="stmt"/>
        <line num="628" count="10" type="stmt"/>
        <line num="632" count="9" type="stmt"/>
        <line num="639" count="9" type="stmt"/>
        <line num="640" count="9" type="stmt"/>
        <line num="641" count="9" type="stmt"/>
        <line num="642" count="9" type="stmt"/>
        <line num="643" count="9" type="cond" truecount="1" falsecount="3"/>
        <line num="644" count="9" type="cond" truecount="1" falsecount="3"/>
        <line num="647" count="9" type="cond" truecount="1" falsecount="3"/>
        <line num="650" count="9" type="stmt"/>
        <line num="651" count="9" type="cond" truecount="2" falsecount="2"/>
        <line num="652" count="0" type="stmt"/>
        <line num="653" count="0" type="stmt"/>
        <line num="655" count="0" type="stmt"/>
        <line num="667" count="0" type="stmt"/>
        <line num="668" count="0" type="cond" truecount="0" falsecount="2"/>
        <line num="669" count="0" type="stmt"/>
        <line num="672" count="0" type="stmt"/>
        <line num="673" count="0" type="stmt"/>
        <line num="674" count="0" type="stmt"/>
        <line num="675" count="0" type="stmt"/>
        <line num="676" count="0" type="cond" truecount="0" falsecount="2"/>
        <line num="677" count="0" type="cond" truecount="0" falsecount="2"/>
        <line num="679" count="0" type="cond" truecount="0" falsecount="2"/>
        <line num="680" count="0" type="cond" truecount="0" falsecount="4"/>
        <line num="681" count="0" type="stmt"/>
        <line num="682" count="0" type="cond" truecount="0" falsecount="2"/>
        <line num="683" count="0" type="cond" truecount="0" falsecount="2"/>
        <line num="684" count="0" type="stmt"/>
        <line num="686" count="0" type="stmt"/>
        <line num="687" count="0" type="stmt"/>
        <line num="688" count="0" type="stmt"/>
        <line num="693" count="0" type="cond" truecount="0" falsecount="5"/>
        <line num="695" count="0" type="stmt"/>
        <line num="696" count="0" type="stmt"/>
        <line num="698" count="0" type="stmt"/>
        <line num="699" count="0" type="stmt"/>
        <line num="700" count="0" type="stmt"/>
        <line num="701" count="0" type="stmt"/>
        <line num="702" count="0" type="stmt"/>
        <line num="703" count="0" type="stmt"/>
        <line num="704" count="0" type="stmt"/>
        <line num="705" count="0" type="stmt"/>
        <line num="706" count="0" type="stmt"/>
        <line num="709" count="0" type="cond" truecount="0" falsecount="4"/>
        <line num="710" count="0" type="stmt"/>
        <line num="715" count="0" type="stmt"/>
        <line num="716" count="0" type="cond" truecount="0" falsecount="2"/>
        <line num="718" count="0" type="stmt"/>
        <line num="719" count="0" type="stmt"/>
        <line num="720" count="0" type="stmt"/>
        <line num="721" count="0" type="stmt"/>
        <line num="722" count="0" type="stmt"/>
        <line num="723" count="0" type="stmt"/>
        <line num="724" count="0" type="stmt"/>
        <line num="725" count="0" type="stmt"/>
        <line num="726" count="0" type="stmt"/>
        <line num="727" count="0" type="stmt"/>
        <line num="730" count="9" type="cond" truecount="3" falsecount="1"/>
        <line num="731" count="0" type="stmt"/>
        <line num="734" count="9" type="stmt"/>
        <line num="735" count="9" type="stmt"/>
        <line num="738" count="9" type="stmt"/>
        <line num="739" count="9" type="stmt"/>
        <line num="740" count="9" type="stmt"/>
        <line num="741" count="9" type="cond" truecount="1" falsecount="1"/>
        <line num="742" count="9" type="cond" truecount="1" falsecount="3"/>
        <line num="743" count="9" type="cond" truecount="1" falsecount="1"/>
        <line num="746" count="9" type="stmt"/>
        <line num="747" count="9" type="cond" truecount="1" falsecount="1"/>
        <line num="748" count="0" type="stmt"/>
        <line num="750" count="9" type="stmt"/>
        <line num="763" count="0" type="cond" truecount="0" falsecount="2"/>
        <line num="764" count="0" type="stmt"/>
        <line num="766" count="0" type="stmt"/>
        <line num="776" count="0" type="stmt"/>
        <line num="777" count="0" type="cond" truecount="0" falsecount="7"/>
        <line num="778" count="0" type="stmt"/>
        <line num="788" count="0" type="stmt"/>
        <line num="789" count="0" type="stmt"/>
        <line num="791" count="0" type="stmt"/>
        <line num="799" count="0" type="stmt"/>
        <line num="800" count="0" type="cond" truecount="0" falsecount="2"/>
        <line num="823" count="0" type="stmt"/>
        <line num="826" count="0" type="stmt"/>
        <line num="827" count="0" type="cond" truecount="0" falsecount="2"/>
        <line num="828" count="0" type="stmt"/>
        <line num="829" count="0" type="stmt"/>
        <line num="830" count="0" type="stmt"/>
        <line num="834" count="0" type="stmt"/>
        <line num="835" count="0" type="cond" truecount="0" falsecount="2"/>
        <line num="837" count="0" type="stmt"/>
        <line num="838" count="0" type="stmt"/>
        <line num="839" count="0" type="cond" truecount="0" falsecount="2"/>
        <line num="840" count="0" type="stmt"/>
        <line num="842" count="0" type="cond" truecount="0" falsecount="2"/>
        <line num="844" count="0" type="stmt"/>
        <line num="845" count="0" type="cond" truecount="0" falsecount="4"/>
        <line num="846" count="0" type="stmt"/>
        <line num="848" count="0" type="stmt"/>
        <line num="849" count="0" type="stmt"/>
        <line num="850" count="0" type="stmt"/>
        <line num="851" count="0" type="cond" truecount="0" falsecount="2"/>
        <line num="854" count="0" type="cond" truecount="0" falsecount="2"/>
        <line num="855" count="0" type="stmt"/>
        <line num="856" count="0" type="stmt"/>
        <line num="857" count="0" type="stmt"/>
        <line num="858" count="0" type="cond" truecount="0" falsecount="2"/>
        <line num="859" count="0" type="stmt"/>
        <line num="860" count="0" type="stmt"/>
        <line num="861" count="0" type="stmt"/>
        <line num="863" count="0" type="stmt"/>
        <line num="866" count="0" type="stmt"/>
        <line num="868" count="0" type="stmt"/>
        <line num="869" count="0" type="stmt"/>
        <line num="870" count="0" type="cond" truecount="0" falsecount="2"/>
        <line num="881" count="0" type="stmt"/>
        <line num="882" count="0" type="stmt"/>
        <line num="884" count="0" type="stmt"/>
        <line num="885" count="0" type="cond" truecount="0" falsecount="4"/>
        <line num="886" count="0" type="stmt"/>
        <line num="888" count="0" type="stmt"/>
        <line num="889" count="0" type="cond" truecount="0" falsecount="3"/>
        <line num="890" count="0" type="stmt"/>
        <line num="892" count="0" type="cond" truecount="0" falsecount="3"/>
        <line num="893" count="0" type="stmt"/>
        <line num="894" count="0" type="cond" truecount="0" falsecount="4"/>
        <line num="897" count="0" type="cond" truecount="0" falsecount="2"/>
        <line num="898" count="0" type="stmt"/>
        <line num="899" count="0" type="stmt"/>
        <line num="900" count="0" type="stmt"/>
        <line num="901" count="0" type="cond" truecount="0" falsecount="3"/>
        <line num="902" count="0" type="cond" truecount="0" falsecount="2"/>
        <line num="903" count="0" type="stmt"/>
        <line num="904" count="0" type="stmt"/>
        <line num="905" count="0" type="stmt"/>
        <line num="907" count="0" type="cond" truecount="0" falsecount="2"/>
        <line num="910" count="0" type="stmt"/>
        <line num="911" count="0" type="cond" truecount="0" falsecount="4"/>
        <line num="912" count="0" type="stmt"/>
        <line num="916" count="0" type="stmt"/>
        <line num="918" count="0" type="stmt"/>
        <line num="919" count="0" type="stmt"/>
        <line num="920" count="0" type="cond" truecount="0" falsecount="2"/>
        <line num="923" count="0" type="stmt"/>
        <line num="924" count="0" type="stmt"/>
        <line num="940" count="1" type="stmt"/>
        <line num="941" count="1" type="stmt"/>
        <line num="942" count="1" type="stmt"/>
        <line num="943" count="1" type="stmt"/>
        <line num="944" count="1" type="stmt"/>
        <line num="945" count="1" type="stmt"/>
        <line num="946" count="1" type="stmt"/>
        <line num="958" count="0" type="cond" truecount="0" falsecount="2"/>
        <line num="959" count="0" type="stmt"/>
        <line num="960" count="0" type="cond" truecount="0" falsecount="2"/>
        <line num="961" count="0" type="stmt"/>
        <line num="962" count="0" type="stmt"/>
        <line num="964" count="0" type="stmt"/>
        <line num="965" count="0" type="stmt"/>
        <line num="966" count="0" type="cond" truecount="0" falsecount="2"/>
        <line num="973" count="0" type="cond" truecount="0" falsecount="2"/>
        <line num="974" count="0" type="stmt"/>
        <line num="983" count="0" type="stmt"/>
        <line num="985" count="0" type="stmt"/>
        <line num="986" count="0" type="cond" truecount="0" falsecount="2"/>
        <line num="987" count="0" type="stmt"/>
        <line num="988" count="0" type="cond" truecount="0" falsecount="2"/>
        <line num="991" count="0" type="cond" truecount="0" falsecount="2"/>
        <line num="994" count="0" type="stmt"/>
        <line num="995" count="0" type="stmt"/>
        <line num="996" count="0" type="stmt"/>
        <line num="1002" count="0" type="stmt"/>
        <line num="1003" count="0" type="stmt"/>
        <line num="1004" count="0" type="stmt"/>
        <line num="1007" count="0" type="stmt"/>
        <line num="1008" count="0" type="stmt"/>
        <line num="1009" count="0" type="stmt"/>
        <line num="1010" count="0" type="stmt"/>
        <line num="1011" count="0" type="cond" truecount="0" falsecount="2"/>
        <line num="1012" count="0" type="cond" truecount="0" falsecount="2"/>
        <line num="1014" count="0" type="stmt"/>
        <line num="1015" count="0" type="stmt"/>
        <line num="1017" count="0" type="stmt"/>
        <line num="1018" count="0" type="stmt"/>
        <line num="1019" count="0" type="stmt"/>
        <line num="1023" count="0" type="stmt"/>
        <line num="1024" count="0" type="stmt"/>
        <line num="1025" count="0" type="stmt"/>
        <line num="1026" count="0" type="stmt"/>
        <line num="1027" count="0" type="cond" truecount="0" falsecount="2"/>
        <line num="1028" count="0" type="stmt"/>
        <line num="1029" count="0" type="stmt"/>
        <line num="1030" count="0" type="stmt"/>
        <line num="1033" count="0" type="stmt"/>
        <line num="1042" count="0" type="stmt"/>
        <line num="1043" count="0" type="cond" truecount="0" falsecount="2"/>
        <line num="1045" count="0" type="stmt"/>
        <line num="1046" count="0" type="stmt"/>
        <line num="1048" count="0" type="stmt"/>
        <line num="1049" count="0" type="stmt"/>
        <line num="1050" count="0" type="stmt"/>
        <line num="1051" count="0" type="stmt"/>
        <line num="1060" count="0" type="stmt"/>
        <line num="1061" count="0" type="cond" truecount="0" falsecount="2"/>
        <line num="1063" count="0" type="cond" truecount="0" falsecount="2"/>
        <line num="1064" count="0" type="stmt"/>
        <line num="1065" count="0" type="stmt"/>
        <line num="1068" count="0" type="cond" truecount="0" falsecount="2"/>
        <line num="1069" count="0" type="stmt"/>
        <line num="1070" count="0" type="stmt"/>
        <line num="1072" count="0" type="stmt"/>
        <line num="1079" count="0" type="cond" truecount="0" falsecount="2"/>
        <line num="1080" count="0" type="stmt"/>
        <line num="1081" count="0" type="stmt"/>
        <line num="1083" count="0" type="stmt"/>
        <line num="1087" count="1" type="stmt"/>
        <line num="1088" count="1" type="stmt"/>
        <line num="1090" count="1" type="stmt"/>
        <line num="1091" count="1" type="stmt"/>
        <line num="1093" count="1" type="stmt"/>
        <line num="1094" count="1" type="stmt"/>
        <line num="1097" count="1" type="stmt"/>
        <line num="1098" count="0" type="cond" truecount="0" falsecount="2"/>
        <line num="1100" count="0" type="cond" truecount="0" falsecount="2"/>
        <line num="1102" count="0" type="cond" truecount="0" falsecount="2"/>
        <line num="1103" count="0" type="stmt"/>
        <line num="1108" count="1" type="stmt"/>
        <line num="1109" count="0" type="stmt"/>
        <line num="1110" count="0" type="cond" truecount="0" falsecount="4"/>
        <line num="1111" count="0" type="stmt"/>
        <line num="1112" count="0" type="stmt"/>
        <line num="1124" count="1" type="stmt"/>
        <line num="1129" count="1" type="stmt"/>
        <line num="1130" count="1" type="stmt"/>
        <line num="1131" count="1" type="cond" truecount="1" falsecount="1"/>
        <line num="1132" count="0" type="stmt"/>
        <line num="1133" count="0" type="cond" truecount="0" falsecount="2"/>
        <line num="1134" count="0" type="stmt"/>
        <line num="1135" count="0" type="cond" truecount="0" falsecount="2"/>
        <line num="1136" count="0" type="stmt"/>
        <line num="1138" count="0" type="stmt"/>
        <line num="1142" count="1" type="cond" truecount="1" falsecount="1"/>
        <line num="1143" count="0" type="stmt"/>
        <line num="1145" count="1" type="stmt"/>
        <line num="1147" count="1" type="stmt"/>
        <line num="1162" count="0" type="stmt"/>
        <line num="1163" count="0" type="cond" truecount="0" falsecount="2"/>
        <line num="1166" count="0" type="cond" truecount="0" falsecount="4"/>
        <line num="1169" count="0" type="stmt"/>
        <line num="1170" count="0" type="cond" truecount="0" falsecount="2"/>
        <line num="1174" count="0" type="stmt"/>
        <line num="1176" count="0" type="stmt"/>
        <line num="1177" count="0" type="cond" truecount="0" falsecount="2"/>
        <line num="1181" count="0" type="stmt"/>
        <line num="1182" count="0" type="stmt"/>
        <line num="1183" count="0" type="stmt"/>
        <line num="1185" count="0" type="stmt"/>
        <line num="1186" count="0" type="stmt"/>
        <line num="1187" count="0" type="cond" truecount="0" falsecount="2"/>
        <line num="1188" count="0" type="stmt"/>
        <line num="1189" count="0" type="stmt"/>
        <line num="1190" count="0" type="stmt"/>
        <line num="1191" count="0" type="stmt"/>
        <line num="1192" count="0" type="stmt"/>
        <line num="1193" count="0" type="stmt"/>
        <line num="1194" count="0" type="stmt"/>
        <line num="1195" count="0" type="stmt"/>
        <line num="1196" count="0" type="stmt"/>
        <line num="1197" count="0" type="stmt"/>
        <line num="1198" count="0" type="stmt"/>
        <line num="1200" count="0" type="stmt"/>
        <line num="1203" count="0" type="stmt"/>
        <line num="1206" count="0" type="cond" truecount="0" falsecount="2"/>
        <line num="1208" count="0" type="cond" truecount="0" falsecount="5"/>
        <line num="1209" count="0" type="stmt"/>
        <line num="1210" count="0" type="stmt"/>
        <line num="1211" count="0" type="cond" truecount="0" falsecount="2"/>
        <line num="1212" count="0" type="stmt"/>
        <line num="1213" count="0" type="cond" truecount="0" falsecount="2"/>
        <line num="1214" count="0" type="stmt"/>
        <line num="1215" count="0" type="cond" truecount="0" falsecount="2"/>
        <line num="1216" count="0" type="stmt"/>
        <line num="1217" count="0" type="cond" truecount="0" falsecount="2"/>
        <line num="1219" count="0" type="stmt"/>
        <line num="1220" count="0" type="stmt"/>
        <line num="1223" count="0" type="cond" truecount="0" falsecount="2"/>
        <line num="1224" count="0" type="stmt"/>
        <line num="1225" count="0" type="stmt"/>
        <line num="1227" count="0" type="stmt"/>
        <line num="1228" count="0" type="cond" truecount="0" falsecount="4"/>
        <line num="1232" count="0" type="stmt"/>
        <line num="1233" count="0" type="stmt"/>
        <line num="1236" count="1" type="stmt"/>
        <line num="1247" count="1" type="stmt"/>
        <line num="1248" count="1" type="stmt"/>
        <line num="1249" count="1" type="stmt"/>
        <line num="1250" count="1" type="stmt"/>
        <line num="1253" count="1" type="cond" truecount="1" falsecount="1"/>
        <line num="1254" count="0" type="cond" truecount="0" falsecount="2"/>
        <line num="1255" count="0" type="stmt"/>
        <line num="1256" count="0" type="stmt"/>
        <line num="1258" count="0" type="stmt"/>
        <line num="1259" count="0" type="stmt"/>
        <line num="1263" count="1" type="cond" truecount="1" falsecount="1"/>
        <line num="1264" count="0" type="stmt"/>
        <line num="1269" count="0" type="stmt"/>
        <line num="1274" count="0" type="cond" truecount="0" falsecount="2"/>
        <line num="1277" count="0" type="stmt"/>
        <line num="1278" count="0" type="cond" truecount="0" falsecount="2"/>
        <line num="1279" count="0" type="stmt"/>
        <line num="1282" count="0" type="stmt"/>
        <line num="1285" count="0" type="stmt"/>
        <line num="1286" count="0" type="cond" truecount="0" falsecount="2"/>
        <line num="1289" count="0" type="stmt"/>
        <line num="1290" count="0" type="cond" truecount="0" falsecount="2"/>
        <line num="1293" count="0" type="stmt"/>
        <line num="1294" count="0" type="cond" truecount="0" falsecount="2"/>
        <line num="1295" count="0" type="stmt"/>
        <line num="1296" count="0" type="stmt"/>
        <line num="1297" count="0" type="stmt"/>
        <line num="1298" count="0" type="stmt"/>
        <line num="1299" count="0" type="cond" truecount="0" falsecount="2"/>
        <line num="1300" count="0" type="cond" truecount="0" falsecount="2"/>
        <line num="1301" count="0" type="stmt"/>
        <line num="1302" count="0" type="cond" truecount="0" falsecount="3"/>
        <line num="1303" count="0" type="stmt"/>
        <line num="1306" count="0" type="cond" truecount="0" falsecount="2"/>
        <line num="1307" count="0" type="cond" truecount="0" falsecount="2"/>
        <line num="1312" count="0" type="cond" truecount="0" falsecount="3"/>
        <line num="1313" count="0" type="cond" truecount="0" falsecount="2"/>
        <line num="1317" count="0" type="stmt"/>
        <line num="1339" count="0" type="stmt"/>
        <line num="1343" count="0" type="cond" truecount="0" falsecount="2"/>
        <line num="1344" count="0" type="stmt"/>
        <line num="1345" count="0" type="stmt"/>
        <line num="1346" count="0" type="stmt"/>
        <line num="1347" count="0" type="stmt"/>
        <line num="1348" count="0" type="stmt"/>
        <line num="1349" count="0" type="cond" truecount="0" falsecount="5"/>
        <line num="1352" count="0" type="cond" truecount="0" falsecount="2"/>
        <line num="1353" count="0" type="cond" truecount="0" falsecount="2"/>
        <line num="1354" count="0" type="cond" truecount="0" falsecount="2"/>
        <line num="1355" count="0" type="cond" truecount="0" falsecount="2"/>
        <line num="1356" count="0" type="stmt"/>
        <line num="1357" count="0" type="cond" truecount="0" falsecount="2"/>
        <line num="1358" count="0" type="stmt"/>
        <line num="1359" count="0" type="cond" truecount="0" falsecount="2"/>
        <line num="1360" count="0" type="stmt"/>
        <line num="1367" count="0" type="stmt"/>
        <line num="1368" count="0" type="cond" truecount="0" falsecount="4"/>
        <line num="1369" count="0" type="stmt"/>
        <line num="1370" count="0" type="stmt"/>
        <line num="1373" count="0" type="stmt"/>
        <line num="1374" count="0" type="stmt"/>
        <line num="1375" count="0" type="stmt"/>
        <line num="1376" count="0" type="stmt"/>
        <line num="1377" count="0" type="stmt"/>
        <line num="1378" count="0" type="stmt"/>
        <line num="1385" count="0" type="stmt"/>
        <line num="1388" count="0" type="stmt"/>
        <line num="1389" count="0" type="stmt"/>
        <line num="1390" count="0" type="stmt"/>
        <line num="1391" count="0" type="cond" truecount="0" falsecount="4"/>
        <line num="1392" count="0" type="cond" truecount="0" falsecount="4"/>
        <line num="1393" count="0" type="cond" truecount="0" falsecount="4"/>
        <line num="1396" count="0" type="stmt"/>
        <line num="1397" count="0" type="cond" truecount="0" falsecount="2"/>
        <line num="1398" count="0" type="cond" truecount="0" falsecount="2"/>
        <line num="1399" count="0" type="stmt"/>
        <line num="1400" count="0" type="stmt"/>
        <line num="1402" count="0" type="stmt"/>
        <line num="1416" count="0" type="stmt"/>
        <line num="1417" count="0" type="cond" truecount="0" falsecount="2"/>
        <line num="1418" count="0" type="stmt"/>
        <line num="1422" count="0" type="stmt"/>
        <line num="1423" count="0" type="cond" truecount="0" falsecount="4"/>
        <line num="1424" count="0" type="stmt"/>
        <line num="1425" count="0" type="stmt"/>
        <line num="1426" count="0" type="stmt"/>
        <line num="1427" count="0" type="cond" truecount="0" falsecount="2"/>
        <line num="1428" count="0" type="stmt"/>
        <line num="1429" count="0" type="cond" truecount="0" falsecount="2"/>
        <line num="1431" count="0" type="cond" truecount="0" falsecount="2"/>
        <line num="1432" count="0" type="cond" truecount="0" falsecount="4"/>
        <line num="1433" count="0" type="stmt"/>
        <line num="1435" count="0" type="cond" truecount="0" falsecount="2"/>
        <line num="1436" count="0" type="cond" truecount="0" falsecount="2"/>
        <line num="1437" count="0" type="stmt"/>
        <line num="1440" count="0" type="stmt"/>
        <line num="1441" count="0" type="stmt"/>
        <line num="1443" count="0" type="stmt"/>
        <line num="1445" count="0" type="stmt"/>
        <line num="1451" count="0" type="cond" truecount="0" falsecount="2"/>
        <line num="1452" count="0" type="stmt"/>
        <line num="1453" count="0" type="cond" truecount="0" falsecount="3"/>
        <line num="1455" count="0" type="stmt"/>
        <line num="1461" count="0" type="stmt"/>
        <line num="1462" count="0" type="stmt"/>
        <line num="1464" count="0" type="stmt"/>
        <line num="1467" count="0" type="stmt"/>
        <line num="1468" count="0" type="stmt"/>
        <line num="1469" count="0" type="stmt"/>
        <line num="1470" count="0" type="stmt"/>
        <line num="1471" count="0" type="stmt"/>
        <line num="1474" count="0" type="cond" truecount="0" falsecount="4"/>
        <line num="1475" count="0" type="stmt"/>
        <line num="1476" count="0" type="stmt"/>
        <line num="1482" count="0" type="stmt"/>
        <line num="1483" count="0" type="cond" truecount="0" falsecount="4"/>
        <line num="1484" count="0" type="stmt"/>
        <line num="1485" count="0" type="stmt"/>
        <line num="1486" count="0" type="cond" truecount="0" falsecount="2"/>
        <line num="1488" count="0" type="stmt"/>
        <line num="1489" count="0" type="stmt"/>
        <line num="1491" count="0" type="stmt"/>
        <line num="1492" count="0" type="stmt"/>
        <line num="1493" count="0" type="stmt"/>
        <line num="1494" count="0" type="stmt"/>
        <line num="1495" count="0" type="stmt"/>
        <line num="1501" count="0" type="stmt"/>
        <line num="1505" count="0" type="stmt"/>
        <line num="1506" count="0" type="cond" truecount="0" falsecount="4"/>
        <line num="1507" count="0" type="stmt"/>
        <line num="1508" count="0" type="stmt"/>
        <line num="1511" count="0" type="stmt"/>
        <line num="1521" count="0" type="stmt"/>
        <line num="1522" count="0" type="cond" truecount="0" falsecount="4"/>
        <line num="1523" count="0" type="stmt"/>
        <line num="1524" count="0" type="stmt"/>
        <line num="1525" count="0" type="cond" truecount="0" falsecount="2"/>
        <line num="1526" count="0" type="stmt"/>
        <line num="1527" count="0" type="cond" truecount="0" falsecount="2"/>
        <line num="1528" count="0" type="stmt"/>
        <line num="1529" count="0" type="stmt"/>
        <line num="1537" count="1" type="stmt"/>
        <line num="1549" count="1" type="stmt"/>
        <line num="1550" count="1" type="stmt"/>
        <line num="1551" count="1" type="stmt"/>
        <line num="1560" count="2" type="stmt"/>
        <line num="1561" count="3" type="stmt"/>
        <line num="1562" count="2" type="cond" truecount="2" falsecount="0"/>
      </file>
      <file name="b-catalog-desktop-enhancers.js" path="D:\komerce-backend\public\boutique\js\b-catalog-desktop-enhancers.js">
        <metrics statements="201" coveredstatements="60" conditionals="151" coveredconditionals="43" methods="32" coveredmethods="13"/>
        <line num="46" count="18" type="stmt"/>
        <line num="59" count="17" type="cond" truecount="1" falsecount="1"/>
        <line num="61" count="17" type="stmt"/>
        <line num="62" count="17" type="cond" truecount="2" falsecount="0"/>
        <line num="64" count="7" type="stmt"/>
        <line num="65" count="7" type="stmt"/>
        <line num="67" count="7" type="stmt"/>
        <line num="68" count="7" type="stmt"/>
        <line num="69" count="7" type="cond" truecount="2" falsecount="0"/>
        <line num="70" count="6" type="stmt"/>
        <line num="71" count="6" type="cond" truecount="4" falsecount="0"/>
        <line num="74" count="5" type="cond" truecount="2" falsecount="0"/>
        <line num="75" count="1" type="cond" truecount="1" falsecount="1"/>
        <line num="76" count="1" type="stmt"/>
        <line num="80" count="4" type="cond" truecount="2" falsecount="0"/>
        <line num="81" count="4" type="stmt"/>
        <line num="82" count="3" type="stmt"/>
        <line num="85" count="3" type="stmt"/>
        <line num="86" count="3" type="stmt"/>
        <line num="91" count="7" type="stmt"/>
        <line num="92" count="2" type="cond" truecount="2" falsecount="0"/>
        <line num="93" count="2" type="cond" truecount="2" falsecount="0"/>
        <line num="94" count="1" type="stmt"/>
        <line num="96" count="1" type="cond" truecount="1" falsecount="1"/>
        <line num="97" count="1" type="cond" truecount="1" falsecount="1"/>
        <line num="107" count="17" type="cond" truecount="1" falsecount="1"/>
        <line num="111" count="17" type="stmt"/>
        <line num="112" count="0" type="stmt"/>
        <line num="113" count="0" type="cond" truecount="0" falsecount="2"/>
        <line num="115" count="0" type="stmt"/>
        <line num="116" count="0" type="cond" truecount="0" falsecount="2"/>
        <line num="118" count="0" type="stmt"/>
        <line num="119" count="0" type="stmt"/>
        <line num="120" count="0" type="stmt"/>
        <line num="139" count="0" type="stmt"/>
        <line num="142" count="0" type="stmt"/>
        <line num="143" count="0" type="stmt"/>
        <line num="144" count="0" type="stmt"/>
        <line num="153" count="17" type="cond" truecount="1" falsecount="1"/>
        <line num="156" count="17" type="stmt"/>
        <line num="157" count="0" type="cond" truecount="0" falsecount="2"/>
        <line num="159" count="0" type="stmt"/>
        <line num="160" count="0" type="cond" truecount="0" falsecount="4"/>
        <line num="162" count="0" type="stmt"/>
        <line num="163" count="0" type="stmt"/>
        <line num="166" count="0" type="stmt"/>
        <line num="177" count="0" type="stmt"/>
        <line num="186" count="0" type="stmt"/>
        <line num="187" count="0" type="stmt"/>
        <line num="188" count="0" type="stmt"/>
        <line num="189" count="0" type="stmt"/>
        <line num="191" count="0" type="stmt"/>
        <line num="192" count="0" type="cond" truecount="0" falsecount="2"/>
        <line num="193" count="0" type="stmt"/>
        <line num="194" count="0" type="stmt"/>
        <line num="195" count="0" type="stmt"/>
        <line num="199" count="0" type="stmt"/>
        <line num="201" count="0" type="stmt"/>
        <line num="203" count="0" type="stmt"/>
        <line num="205" count="0" type="stmt"/>
        <line num="206" count="0" type="stmt"/>
        <line num="207" count="0" type="cond" truecount="0" falsecount="2"/>
        <line num="209" count="0" type="cond" truecount="0" falsecount="2"/>
        <line num="210" count="0" type="stmt"/>
        <line num="211" count="0" type="stmt"/>
        <line num="214" count="0" type="stmt"/>
        <line num="216" count="0" type="stmt"/>
        <line num="217" count="0" type="stmt"/>
        <line num="228" count="0" type="cond" truecount="0" falsecount="2"/>
        <line num="231" count="0" type="cond" truecount="0" falsecount="2"/>
        <line num="232" count="0" type="stmt"/>
        <line num="246" count="0" type="cond" truecount="0" falsecount="4"/>
        <line num="248" count="0" type="cond" truecount="0" falsecount="2"/>
        <line num="249" count="0" type="stmt"/>
        <line num="250" count="0" type="cond" truecount="0" falsecount="2"/>
        <line num="251" count="0" type="stmt"/>
        <line num="257" count="0" type="stmt"/>
        <line num="262" count="0" type="stmt"/>
        <line num="263" count="0" type="cond" truecount="0" falsecount="2"/>
        <line num="265" count="0" type="cond" truecount="0" falsecount="2"/>
        <line num="266" count="0" type="stmt"/>
        <line num="267" count="0" type="stmt"/>
        <line num="268" count="0" type="stmt"/>
        <line num="269" count="0" type="stmt"/>
        <line num="270" count="0" type="cond" truecount="0" falsecount="2"/>
        <line num="271" count="0" type="cond" truecount="0" falsecount="2"/>
        <line num="272" count="0" type="cond" truecount="0" falsecount="2"/>
        <line num="273" count="0" type="stmt"/>
        <line num="275" count="0" type="stmt"/>
        <line num="276" count="0" type="stmt"/>
        <line num="277" count="0" type="stmt"/>
        <line num="288" count="0" type="stmt"/>
        <line num="292" count="0" type="cond" truecount="0" falsecount="2"/>
        <line num="293" count="0" type="stmt"/>
        <line num="294" count="0" type="stmt"/>
        <line num="295" count="0" type="cond" truecount="0" falsecount="2"/>
        <line num="296" count="0" type="stmt"/>
        <line num="297" count="0" type="stmt"/>
        <line num="298" count="0" type="stmt"/>
        <line num="299" count="0" type="stmt"/>
        <line num="300" count="0" type="cond" truecount="0" falsecount="2"/>
        <line num="302" count="0" type="stmt"/>
        <line num="306" count="0" type="cond" truecount="0" falsecount="2"/>
        <line num="307" count="0" type="stmt"/>
        <line num="309" count="0" type="stmt"/>
        <line num="310" count="0" type="stmt"/>
        <line num="311" count="0" type="stmt"/>
        <line num="312" count="0" type="stmt"/>
        <line num="313" count="0" type="stmt"/>
        <line num="315" count="0" type="cond" truecount="0" falsecount="4"/>
        <line num="317" count="0" type="stmt"/>
        <line num="318" count="0" type="stmt"/>
        <line num="320" count="0" type="stmt"/>
        <line num="321" count="0" type="cond" truecount="0" falsecount="2"/>
        <line num="323" count="0" type="cond" truecount="0" falsecount="2"/>
        <line num="324" count="0" type="stmt"/>
        <line num="325" count="0" type="cond" truecount="0" falsecount="2"/>
        <line num="326" count="0" type="stmt"/>
        <line num="327" count="0" type="stmt"/>
        <line num="330" count="0" type="cond" truecount="0" falsecount="2"/>
        <line num="331" count="0" type="stmt"/>
        <line num="332" count="0" type="cond" truecount="0" falsecount="2"/>
        <line num="334" count="0" type="cond" truecount="0" falsecount="2"/>
        <line num="336" count="0" type="stmt"/>
        <line num="337" count="0" type="cond" truecount="0" falsecount="2"/>
        <line num="338" count="0" type="stmt"/>
        <line num="339" count="0" type="cond" truecount="0" falsecount="2"/>
        <line num="341" count="0" type="stmt"/>
        <line num="342" count="0" type="cond" truecount="0" falsecount="2"/>
        <line num="343" count="0" type="stmt"/>
        <line num="346" count="0" type="stmt"/>
        <line num="348" count="0" type="stmt"/>
        <line num="355" count="0" type="cond" truecount="0" falsecount="2"/>
        <line num="357" count="0" type="stmt"/>
        <line num="358" count="0" type="cond" truecount="0" falsecount="4"/>
        <line num="360" count="0" type="stmt"/>
        <line num="361" count="0" type="cond" truecount="0" falsecount="2"/>
        <line num="362" count="0" type="stmt"/>
        <line num="365" count="0" type="stmt"/>
        <line num="384" count="17" type="stmt"/>
        <line num="386" count="0" type="cond" truecount="0" falsecount="2"/>
        <line num="388" count="0" type="stmt"/>
        <line num="389" count="0" type="cond" truecount="0" falsecount="2"/>
        <line num="392" count="0" type="cond" truecount="0" falsecount="2"/>
        <line num="394" count="0" type="stmt"/>
        <line num="395" count="0" type="stmt"/>
        <line num="396" count="0" type="stmt"/>
        <line num="397" count="0" type="stmt"/>
        <line num="399" count="0" type="stmt"/>
        <line num="400" count="0" type="stmt"/>
        <line num="401" count="0" type="stmt"/>
        <line num="402" count="0" type="stmt"/>
        <line num="403" count="0" type="stmt"/>
        <line num="405" count="0" type="stmt"/>
        <line num="406" count="0" type="stmt"/>
        <line num="407" count="0" type="stmt"/>
        <line num="408" count="0" type="stmt"/>
        <line num="410" count="0" type="stmt"/>
        <line num="411" count="0" type="stmt"/>
        <line num="412" count="0" type="stmt"/>
        <line num="416" count="0" type="cond" truecount="0" falsecount="3"/>
        <line num="419" count="0" type="cond" truecount="0" falsecount="2"/>
        <line num="420" count="0" type="stmt"/>
        <line num="421" count="0" type="stmt"/>
        <line num="425" count="0" type="stmt"/>
        <line num="426" count="0" type="stmt"/>
        <line num="427" count="0" type="cond" truecount="0" falsecount="2"/>
        <line num="429" count="0" type="stmt"/>
        <line num="438" count="17" type="stmt"/>
        <line num="439" count="5" type="stmt"/>
        <line num="440" count="5" type="stmt"/>
        <line num="441" count="5" type="stmt"/>
        <line num="442" count="5" type="stmt"/>
        <line num="443" count="5" type="cond" truecount="4" falsecount="0"/>
        <line num="444" count="5" type="cond" truecount="4" falsecount="0"/>
        <line num="445" count="5" type="cond" truecount="4" falsecount="0"/>
        <line num="458" count="17" type="cond" truecount="1" falsecount="1"/>
        <line num="460" count="17" type="stmt"/>
        <line num="461" count="17" type="stmt"/>
        <line num="462" count="17" type="cond" truecount="2" falsecount="0"/>
        <line num="464" count="3" type="stmt"/>
        <line num="465" count="3" type="stmt"/>
        <line num="468" count="4" type="stmt"/>
        <line num="469" count="4" type="cond" truecount="2" falsecount="0"/>
        <line num="470" count="4" type="stmt"/>
        <line num="471" count="4" type="stmt"/>
        <line num="474" count="4" type="cond" truecount="1" falsecount="1"/>
        <line num="475" count="4" type="stmt"/>
        <line num="478" count="3" type="stmt"/>
        <line num="480" count="3" type="cond" truecount="1" falsecount="1"/>
        <line num="481" count="0" type="stmt"/>
        <line num="482" count="0" type="stmt"/>
        <line num="483" count="0" type="cond" truecount="0" falsecount="2"/>
        <line num="485" count="3" type="stmt"/>
        <line num="493" count="18" type="cond" truecount="2" falsecount="0"/>
        <line num="498" count="17" type="stmt"/>
        <line num="499" count="17" type="stmt"/>
        <line num="500" count="17" type="stmt"/>
        <line num="501" count="17" type="stmt"/>
        <line num="502" count="17" type="stmt"/>
        <line num="507" count="17" type="stmt"/>
      </file>
      <file name="b-catalog.js" path="D:\komerce-backend\public\boutique\js\b-catalog.js">
        <metrics statements="324" coveredstatements="0" conditionals="236" coveredconditionals="0" methods="68" coveredmethods="0"/>
        <line num="87" count="0" type="stmt"/>
        <line num="90" count="0" type="stmt"/>
        <line num="93" count="0" type="stmt"/>
        <line num="98" count="0" type="stmt"/>
        <line num="102" count="0" type="stmt"/>
        <line num="104" count="0" type="stmt"/>
        <line num="105" count="0" type="stmt"/>
        <line num="107" count="0" type="stmt"/>
        <line num="108" count="0" type="cond" truecount="0" falsecount="2"/>
        <line num="110" count="0" type="cond" truecount="0" falsecount="2"/>
        <line num="111" count="0" type="stmt"/>
        <line num="127" count="0" type="stmt"/>
        <line num="128" count="0" type="cond" truecount="0" falsecount="2"/>
        <line num="132" count="0" type="stmt"/>
        <line num="134" count="0" type="cond" truecount="0" falsecount="4"/>
        <line num="135" count="0" type="cond" truecount="0" falsecount="2"/>
        <line num="136" count="0" type="stmt"/>
        <line num="143" count="0" type="cond" truecount="0" falsecount="4"/>
        <line num="144" count="0" type="cond" truecount="0" falsecount="2"/>
        <line num="145" count="0" type="stmt"/>
        <line num="148" count="0" type="cond" truecount="0" falsecount="2"/>
        <line num="151" count="0" type="cond" truecount="0" falsecount="2"/>
        <line num="152" count="0" type="stmt"/>
        <line num="153" count="0" type="cond" truecount="0" falsecount="2"/>
        <line num="154" count="0" type="stmt"/>
        <line num="155" count="0" type="cond" truecount="0" falsecount="2"/>
        <line num="157" count="0" type="stmt"/>
        <line num="158" count="0" type="cond" truecount="0" falsecount="2"/>
        <line num="159" count="0" type="cond" truecount="0" falsecount="2"/>
        <line num="160" count="0" type="stmt"/>
        <line num="161" count="0" type="stmt"/>
        <line num="163" count="0" type="stmt"/>
        <line num="164" count="0" type="stmt"/>
        <line num="165" count="0" type="stmt"/>
        <line num="166" count="0" type="stmt"/>
        <line num="170" count="0" type="stmt"/>
        <line num="171" count="0" type="stmt"/>
        <line num="172" count="0" type="stmt"/>
        <line num="173" count="0" type="stmt"/>
        <line num="175" count="0" type="stmt"/>
        <line num="176" count="0" type="cond" truecount="0" falsecount="2"/>
        <line num="184" count="0" type="stmt"/>
        <line num="185" count="0" type="cond" truecount="0" falsecount="4"/>
        <line num="186" count="0" type="stmt"/>
        <line num="187" count="0" type="cond" truecount="0" falsecount="4"/>
        <line num="188" count="0" type="stmt"/>
        <line num="189" count="0" type="stmt"/>
        <line num="191" count="0" type="stmt"/>
        <line num="192" count="0" type="stmt"/>
        <line num="193" count="0" type="cond" truecount="0" falsecount="2"/>
        <line num="194" count="0" type="stmt"/>
        <line num="196" count="0" type="stmt"/>
        <line num="197" count="0" type="stmt"/>
        <line num="202" count="0" type="stmt"/>
        <line num="203" count="0" type="stmt"/>
        <line num="208" count="0" type="stmt"/>
        <line num="210" count="0" type="stmt"/>
        <line num="211" count="0" type="stmt"/>
        <line num="214" count="0" type="stmt"/>
        <line num="215" count="0" type="cond" truecount="0" falsecount="4"/>
        <line num="216" count="0" type="cond" truecount="0" falsecount="2"/>
        <line num="217" count="0" type="stmt"/>
        <line num="220" count="0" type="stmt"/>
        <line num="221" count="0" type="stmt"/>
        <line num="222" count="0" type="stmt"/>
        <line num="223" count="0" type="stmt"/>
        <line num="224" count="0" type="cond" truecount="0" falsecount="2"/>
        <line num="225" count="0" type="cond" truecount="0" falsecount="6"/>
        <line num="232" count="0" type="stmt"/>
        <line num="233" count="0" type="stmt"/>
        <line num="234" count="0" type="cond" truecount="0" falsecount="2"/>
        <line num="235" count="0" type="cond" truecount="0" falsecount="2"/>
        <line num="236" count="0" type="stmt"/>
        <line num="239" count="0" type="stmt"/>
        <line num="240" count="0" type="stmt"/>
        <line num="241" count="0" type="cond" truecount="0" falsecount="2"/>
        <line num="242" count="0" type="stmt"/>
        <line num="256" count="0" type="stmt"/>
        <line num="257" count="0" type="stmt"/>
        <line num="258" count="0" type="stmt"/>
        <line num="259" count="0" type="stmt"/>
        <line num="260" count="0" type="stmt"/>
        <line num="261" count="0" type="stmt"/>
        <line num="262" count="0" type="stmt"/>
        <line num="263" count="0" type="stmt"/>
        <line num="264" count="0" type="stmt"/>
        <line num="274" count="0" type="stmt"/>
        <line num="285" count="0" type="stmt"/>
        <line num="286" count="0" type="stmt"/>
        <line num="287" count="0" type="stmt"/>
        <line num="288" count="0" type="stmt"/>
        <line num="289" count="0" type="stmt"/>
        <line num="290" count="0" type="stmt"/>
        <line num="300" count="0" type="cond" truecount="0" falsecount="2"/>
        <line num="301" count="0" type="stmt"/>
        <line num="302" count="0" type="stmt"/>
        <line num="303" count="0" type="stmt"/>
        <line num="304" count="0" type="stmt"/>
        <line num="305" count="0" type="cond" truecount="0" falsecount="2"/>
        <line num="308" count="0" type="cond" truecount="0" falsecount="2"/>
        <line num="309" count="0" type="stmt"/>
        <line num="310" count="0" type="cond" truecount="0" falsecount="2"/>
        <line num="311" count="0" type="stmt"/>
        <line num="312" count="0" type="stmt"/>
        <line num="313" count="0" type="stmt"/>
        <line num="314" count="0" type="stmt"/>
        <line num="315" count="0" type="stmt"/>
        <line num="322" count="0" type="stmt"/>
        <line num="323" count="0" type="stmt"/>
        <line num="328" count="0" type="cond" truecount="0" falsecount="2"/>
        <line num="329" count="0" type="stmt"/>
        <line num="330" count="0" type="stmt"/>
        <line num="331" count="0" type="cond" truecount="0" falsecount="2"/>
        <line num="332" count="0" type="stmt"/>
        <line num="333" count="0" type="stmt"/>
        <line num="335" count="0" type="cond" truecount="0" falsecount="2"/>
        <line num="336" count="0" type="stmt"/>
        <line num="337" count="0" type="stmt"/>
        <line num="342" count="0" type="cond" truecount="0" falsecount="4"/>
        <line num="344" count="0" type="stmt"/>
        <line num="345" count="0" type="stmt"/>
        <line num="346" count="0" type="stmt"/>
        <line num="347" count="0" type="stmt"/>
        <line num="348" count="0" type="stmt"/>
        <line num="349" count="0" type="stmt"/>
        <line num="350" count="0" type="stmt"/>
        <line num="351" count="0" type="stmt"/>
        <line num="352" count="0" type="cond" truecount="0" falsecount="2"/>
        <line num="353" count="0" type="stmt"/>
        <line num="354" count="0" type="stmt"/>
        <line num="355" count="0" type="stmt"/>
        <line num="358" count="0" type="stmt"/>
        <line num="359" count="0" type="stmt"/>
        <line num="361" count="0" type="cond" truecount="0" falsecount="4"/>
        <line num="364" count="0" type="cond" truecount="0" falsecount="2"/>
        <line num="365" count="0" type="stmt"/>
        <line num="367" count="0" type="stmt"/>
        <line num="368" count="0" type="cond" truecount="0" falsecount="4"/>
        <line num="369" count="0" type="stmt"/>
        <line num="370" count="0" type="cond" truecount="0" falsecount="2"/>
        <line num="373" count="0" type="cond" truecount="0" falsecount="2"/>
        <line num="375" count="0" type="cond" truecount="0" falsecount="2"/>
        <line num="378" count="0" type="cond" truecount="0" falsecount="2"/>
        <line num="380" count="0" type="stmt"/>
        <line num="383" count="0" type="cond" truecount="0" falsecount="2"/>
        <line num="384" count="0" type="stmt"/>
        <line num="386" count="0" type="stmt"/>
        <line num="394" count="0" type="stmt"/>
        <line num="395" count="0" type="stmt"/>
        <line num="396" count="0" type="cond" truecount="0" falsecount="2"/>
        <line num="397" count="0" type="stmt"/>
        <line num="402" count="0" type="cond" truecount="0" falsecount="2"/>
        <line num="403" count="0" type="stmt"/>
        <line num="404" count="0" type="stmt"/>
        <line num="405" count="0" type="stmt"/>
        <line num="406" count="0" type="stmt"/>
        <line num="407" count="0" type="stmt"/>
        <line num="408" count="0" type="stmt"/>
        <line num="409" count="0" type="cond" truecount="0" falsecount="2"/>
        <line num="410" count="0" type="stmt"/>
        <line num="414" count="0" type="stmt"/>
        <line num="415" count="0" type="cond" truecount="0" falsecount="2"/>
        <line num="416" count="0" type="stmt"/>
        <line num="419" count="0" type="stmt"/>
        <line num="422" count="0" type="stmt"/>
        <line num="423" count="0" type="stmt"/>
        <line num="424" count="0" type="stmt"/>
        <line num="427" count="0" type="stmt"/>
        <line num="428" count="0" type="stmt"/>
        <line num="431" count="0" type="stmt"/>
        <line num="432" count="0" type="stmt"/>
        <line num="433" count="0" type="cond" truecount="0" falsecount="2"/>
        <line num="435" count="0" type="cond" truecount="0" falsecount="2"/>
        <line num="436" count="0" type="stmt"/>
        <line num="437" count="0" type="stmt"/>
        <line num="445" count="0" type="cond" truecount="0" falsecount="5"/>
        <line num="446" count="0" type="stmt"/>
        <line num="449" count="0" type="cond" truecount="0" falsecount="2"/>
        <line num="451" count="0" type="stmt"/>
        <line num="454" count="0" type="stmt"/>
        <line num="456" count="0" type="stmt"/>
        <line num="458" count="0" type="cond" truecount="0" falsecount="2"/>
        <line num="460" count="0" type="stmt"/>
        <line num="461" count="0" type="stmt"/>
        <line num="467" count="0" type="stmt"/>
        <line num="468" count="0" type="stmt"/>
        <line num="469" count="0" type="stmt"/>
        <line num="471" count="0" type="stmt"/>
        <line num="475" count="0" type="stmt"/>
        <line num="476" count="0" type="stmt"/>
        <line num="477" count="0" type="stmt"/>
        <line num="478" count="0" type="stmt"/>
        <line num="479" count="0" type="cond" truecount="0" falsecount="2"/>
        <line num="480" count="0" type="cond" truecount="0" falsecount="2"/>
        <line num="481" count="0" type="stmt"/>
        <line num="483" count="0" type="stmt"/>
        <line num="484" count="0" type="stmt"/>
        <line num="485" count="0" type="stmt"/>
        <line num="486" count="0" type="stmt"/>
        <line num="487" count="0" type="cond" truecount="0" falsecount="2"/>
        <line num="488" count="0" type="stmt"/>
        <line num="490" count="0" type="cond" truecount="0" falsecount="2"/>
        <line num="492" count="0" type="cond" truecount="0" falsecount="2"/>
        <line num="493" count="0" type="stmt"/>
        <line num="494" count="0" type="cond" truecount="0" falsecount="4"/>
        <line num="496" count="0" type="cond" truecount="0" falsecount="4"/>
        <line num="497" count="0" type="stmt"/>
        <line num="499" count="0" type="stmt"/>
        <line num="500" count="0" type="stmt"/>
        <line num="501" count="0" type="stmt"/>
        <line num="502" count="0" type="stmt"/>
        <line num="503" count="0" type="cond" truecount="0" falsecount="4"/>
        <line num="504" count="0" type="stmt"/>
        <line num="506" count="0" type="stmt"/>
        <line num="514" count="0" type="stmt"/>
        <line num="516" count="0" type="cond" truecount="0" falsecount="2"/>
        <line num="517" count="0" type="stmt"/>
        <line num="519" count="0" type="stmt"/>
        <line num="522" count="0" type="stmt"/>
        <line num="523" count="0" type="cond" truecount="0" falsecount="2"/>
        <line num="525" count="0" type="stmt"/>
        <line num="526" count="0" type="cond" truecount="0" falsecount="2"/>
        <line num="529" count="0" type="stmt"/>
        <line num="530" count="0" type="cond" truecount="0" falsecount="2"/>
        <line num="531" count="0" type="stmt"/>
        <line num="532" count="0" type="stmt"/>
        <line num="533" count="0" type="cond" truecount="0" falsecount="2"/>
        <line num="534" count="0" type="cond" truecount="0" falsecount="2"/>
        <line num="535" count="0" type="stmt"/>
        <line num="539" count="0" type="stmt"/>
        <line num="540" count="0" type="cond" truecount="0" falsecount="2"/>
        <line num="541" count="0" type="stmt"/>
        <line num="542" count="0" type="stmt"/>
        <line num="543" count="0" type="cond" truecount="0" falsecount="2"/>
        <line num="544" count="0" type="cond" truecount="0" falsecount="2"/>
        <line num="545" count="0" type="cond" truecount="0" falsecount="2"/>
        <line num="546" count="0" type="stmt"/>
        <line num="547" count="0" type="stmt"/>
        <line num="551" count="0" type="cond" truecount="0" falsecount="4"/>
        <line num="554" count="0" type="cond" truecount="0" falsecount="2"/>
        <line num="555" count="0" type="cond" truecount="0" falsecount="2"/>
        <line num="560" count="0" type="stmt"/>
        <line num="563" count="0" type="stmt"/>
        <line num="566" count="0" type="stmt"/>
        <line num="567" count="0" type="cond" truecount="0" falsecount="2"/>
        <line num="568" count="0" type="stmt"/>
        <line num="569" count="0" type="stmt"/>
        <line num="570" count="0" type="stmt"/>
        <line num="571" count="0" type="stmt"/>
        <line num="572" count="0" type="cond" truecount="0" falsecount="2"/>
        <line num="574" count="0" type="stmt"/>
        <line num="575" count="0" type="stmt"/>
        <line num="576" count="0" type="cond" truecount="0" falsecount="2"/>
        <line num="577" count="0" type="stmt"/>
        <line num="578" count="0" type="stmt"/>
        <line num="582" count="0" type="stmt"/>
        <line num="586" count="0" type="stmt"/>
        <line num="587" count="0" type="cond" truecount="0" falsecount="2"/>
        <line num="588" count="0" type="stmt"/>
        <line num="589" count="0" type="stmt"/>
        <line num="590" count="0" type="stmt"/>
        <line num="591" count="0" type="stmt"/>
[...]
        <line num="213" count="7" type="stmt"/>
        <line num="216" count="5" type="stmt"/>
      </file>
      <file name="render-product-card.js" path="D:\komerce-backend\public\boutique\js\render\render-product-card.js">
        <metrics statements="17" coveredstatements="17" conditionals="35" coveredconditionals="35" methods="6" coveredmethods="6"/>
        <line num="34" count="27" type="stmt"/>
        <line num="35" count="27" type="cond" truecount="2" falsecount="0"/>
        <line num="39" count="27" type="cond" truecount="2" falsecount="0"/>
        <line num="40" count="9" type="cond" truecount="2" falsecount="0"/>
        <line num="41" count="1" type="stmt"/>
        <line num="43" count="8" type="stmt"/>
        <line num="46" count="18" type="cond" truecount="2" falsecount="0"/>
        <line num="47" count="3" type="stmt"/>
        <line num="49" count="15" type="stmt"/>
        <line num="53" count="18" type="stmt"/>
        <line num="59" count="18" type="stmt"/>
        <line num="86" count="9" type="stmt"/>
        <line num="92" count="9" type="stmt"/>
        <line num="109" count="27" type="cond" truecount="2" falsecount="0"/>
        <line num="110" count="27" type="stmt"/>
        <line num="111" count="27" type="cond" truecount="2" falsecount="0"/>
        <line num="112" count="18" type="stmt"/>
      </file>
    </package>
    <package name="js.view-models">
      <metrics statements="271" coveredstatements="270" conditionals="503" coveredconditionals="486" methods="44" coveredmethods="44"/>
      <file name="modal-view-model.js" path="D:\komerce-backend\public\boutique\js\view-models\modal-view-model.js">
        <metrics statements="147" coveredstatements="147" conditionals="255" coveredconditionals="251" methods="26" coveredmethods="26"/>
        <line num="57" count="1" type="stmt"/>
        <line num="63" count="1" type="stmt"/>
        <line num="64" count="1" type="stmt"/>
        <line num="65" count="1" type="stmt"/>
        <line num="66" count="1" type="stmt"/>
        <line num="67" count="1" type="stmt"/>
        <line num="68" count="1" type="stmt"/>
        <line num="69" count="1" type="stmt"/>
        <line num="70" count="1" type="stmt"/>
        <line num="77" count="1730" type="cond" truecount="4" falsecount="0"/>
        <line num="78" count="76" type="stmt"/>
        <line num="79" count="76" type="cond" truecount="2" falsecount="0"/>
        <line num="83" count="597" type="cond" truecount="5" falsecount="0"/>
        <line num="84" count="71" type="stmt"/>
        <line num="85" count="71" type="cond" truecount="2" falsecount="0"/>
        <line num="89" count="117" type="stmt"/>
        <line num="90" count="117" type="cond" truecount="2" falsecount="0"/>
        <line num="91" count="9" type="cond" truecount="4" falsecount="0"/>
        <line num="92" count="6" type="stmt"/>
        <line num="98" count="231" type="stmt"/>
        <line num="99" count="231" type="stmt"/>
        <line num="101" count="231" type="cond" truecount="2" falsecount="0"/>
        <line num="102" count="18" type="stmt"/>
        <line num="103" count="30" type="cond" truecount="2" falsecount="0"/>
        <line num="104" count="26" type="cond" truecount="2" falsecount="0"/>
        <line num="105" count="6" type="cond" truecount="4" falsecount="0"/>
        <line num="106" count="2" type="stmt"/>
        <line num="110" count="231" type="cond" truecount="2" falsecount="0"/>
        <line num="111" count="213" type="cond" truecount="2" falsecount="0"/>
        <line num="112" count="213" type="cond" truecount="2" falsecount="0"/>
        <line num="115" count="231" type="cond" truecount="2" falsecount="0"/>
        <line num="116" count="231" type="stmt"/>
        <line num="120" count="117" type="stmt"/>
        <line num="127" count="117" type="cond" truecount="4" falsecount="0"/>
        <line num="128" count="112" type="cond" truecount="4" falsecount="0"/>
        <line num="129" count="109" type="cond" truecount="5" falsecount="0"/>
        <line num="130" count="103" type="cond" truecount="5" falsecount="0"/>
        <line num="132" count="99" type="stmt"/>
        <line num="137" count="117" type="stmt"/>
        <line num="142" count="117" type="cond" truecount="5" falsecount="0"/>
        <line num="143" count="113" type="cond" truecount="4" falsecount="0"/>
        <line num="144" count="110" type="cond" truecount="4" falsecount="0"/>
        <line num="147" count="107" type="cond" truecount="3" falsecount="0"/>
        <line num="148" count="107" type="cond" truecount="2" falsecount="0"/>
        <line num="149" count="7" type="cond" truecount="2" falsecount="0"/>
        <line num="150" count="5" type="cond" truecount="2" falsecount="0"/>
        <line num="151" count="1" type="stmt"/>
        <line num="155" count="100" type="stmt"/>
        <line num="160" count="117" type="stmt"/>
        <line num="165" count="117" type="stmt"/>
        <line num="166" count="694" type="stmt"/>
        <line num="167" count="694" type="cond" truecount="2" falsecount="0"/>
        <line num="169" count="113" type="stmt"/>
        <line num="174" count="117" type="stmt"/>
        <line num="175" count="117" type="cond" truecount="2" falsecount="0"/>
        <line num="176" count="110" type="cond" truecount="4" falsecount="0"/>
        <line num="178" count="1" type="stmt"/>
        <line num="180" count="109" type="stmt"/>
        <line num="182" count="7" type="cond" truecount="2" falsecount="0"/>
        <line num="183" count="3" type="cond" truecount="2" falsecount="0"/>
        <line num="185" count="4" type="cond" truecount="2" falsecount="0"/>
        <line num="186" count="2" type="stmt"/>
        <line num="187" count="2" type="cond" truecount="2" falsecount="0"/>
        <line num="189" count="2" type="stmt"/>
        <line num="194" count="117" type="cond" truecount="2" falsecount="0"/>
        <line num="195" count="117" type="cond" truecount="2" falsecount="0"/>
        <line num="196" count="8" type="cond" truecount="2" falsecount="0"/>
        <line num="197" count="5" type="stmt"/>
        <line num="199" count="6" type="cond" truecount="1" falsecount="1"/>
        <line num="200" count="6" type="cond" truecount="2" falsecount="0"/>
        <line num="201" count="4" type="cond" truecount="1" falsecount="1"/>
        <line num="203" count="6" type="cond" truecount="2" falsecount="0"/>
        <line num="204" count="5" type="cond" truecount="2" falsecount="0"/>
        <line num="206" count="3" type="cond" truecount="2" falsecount="0"/>
        <line num="207" count="1" type="stmt"/>
        <line num="208" count="1" type="stmt"/>
        <line num="209" count="1" type="stmt"/>
        <line num="210" count="1" type="cond" truecount="1" falsecount="1"/>
        <line num="212" count="2" type="stmt"/>
        <line num="217" count="117" type="cond" truecount="2" falsecount="0"/>
        <line num="218" count="117" type="cond" truecount="4" falsecount="0"/>
        <line num="220" count="6" type="cond" truecount="3" falsecount="0"/>
        <line num="221" count="6" type="stmt"/>
        <line num="222" count="6" type="cond" truecount="3" falsecount="0"/>
        <line num="225" count="6" type="cond" truecount="6" falsecount="0"/>
        <line num="228" count="6" type="cond" truecount="2" falsecount="0"/>
        <line num="230" count="5" type="stmt"/>
        <line num="242" count="117" type="cond" truecount="2" falsecount="0"/>
        <line num="243" count="117" type="stmt"/>
        <line num="244" count="117" type="cond" truecount="2" falsecount="0"/>
        <line num="247" count="114" type="stmt"/>
        <line num="248" count="114" type="cond" truecount="2" falsecount="0"/>
        <line num="249" count="114" type="cond" truecount="4" falsecount="0"/>
        <line num="250" count="114" type="stmt"/>
        <line num="251" count="114" type="cond" truecount="4" falsecount="0"/>
        <line num="252" count="114" type="cond" truecount="5" falsecount="0"/>
        <line num="253" count="114" type="cond" truecount="2" falsecount="0"/>
        <line num="254" count="114" type="stmt"/>
        <line num="262" count="117" type="stmt"/>
        <line num="265" count="117" type="cond" truecount="4" falsecount="0"/>
        <line num="266" count="117" type="cond" truecount="4" falsecount="0"/>
        <line num="267" count="117" type="cond" truecount="2" falsecount="0"/>
        <line num="268" count="117" type="cond" truecount="2" falsecount="0"/>
        <line num="269" count="117" type="cond" truecount="2" falsecount="0"/>
        <line num="270" count="117" type="cond" truecount="4" falsecount="0"/>
        <line num="271" count="117" type="cond" truecount="2" falsecount="0"/>
        <line num="274" count="117" type="cond" truecount="4" falsecount="0"/>
        <line num="275" count="117" type="cond" truecount="2" falsecount="0"/>
        <line num="276" count="117" type="stmt"/>
        <line num="278" count="117" type="stmt"/>
        <line num="294" count="117" type="cond" truecount="2" falsecount="0"/>
        <line num="297" count="117" type="cond" truecount="2" falsecount="0"/>
        <line num="298" count="117" type="stmt"/>
        <line num="299" count="117" type="stmt"/>
        <line num="300" count="117" type="stmt"/>
        <line num="303" count="117" type="stmt"/>
        <line num="304" count="120" type="stmt"/>
        <line num="307" count="117" type="cond" truecount="2" falsecount="0"/>
        <line num="308" count="117" type="cond" truecount="2" falsecount="0"/>
        <line num="309" count="117" type="cond" truecount="5" falsecount="0"/>
        <line num="314" count="117" type="stmt"/>
        <line num="315" count="117" type="stmt"/>
        <line num="316" count="117" type="stmt"/>
        <line num="319" count="117" type="stmt"/>
        <line num="320" count="117" type="stmt"/>
        <line num="321" count="117" type="stmt"/>
        <line num="324" count="117" type="stmt"/>
        <line num="327" count="117" type="stmt"/>
        <line num="370" count="117" type="stmt"/>
        <line num="371" count="117" type="stmt"/>
        <line num="373" count="117" type="stmt"/>
        <line num="381" count="117" type="cond" truecount="2" falsecount="0"/>
        <line num="382" count="111" type="cond" truecount="2" falsecount="0"/>
        <line num="383" count="7" type="cond" truecount="2" falsecount="0"/>
        <line num="384" count="7" type="cond" truecount="4" falsecount="0"/>
        <line num="385" count="3" type="stmt"/>
        <line num="387" count="104" type="stmt"/>
        <line num="391" count="113" type="cond" truecount="2" falsecount="0"/>
        <line num="392" count="108" type="cond" truecount="2" falsecount="0"/>
        <line num="393" count="105" type="cond" truecount="2" falsecount="0"/>
        <line num="394" count="99" type="stmt"/>
        <line num="412" count="8" type="cond" truecount="5" falsecount="0"/>
        <line num="416" count="5" type="stmt"/>
        <line num="417" count="5" type="stmt"/>
        <line num="418" count="7" type="cond" truecount="2" falsecount="0"/>
        <line num="420" count="5" type="stmt"/>
        <line num="423" count="5" type="stmt"/>
      </file>
      <file name="product-card-model.js" path="D:\komerce-backend\public\boutique\js\view-models\product-card-model.js">
        <metrics statements="62" coveredstatements="61" conditionals="109" coveredconditionals="99" methods="9" coveredmethods="9"/>
        <line num="43" count="1" type="stmt"/>
        <line num="44" count="1" type="stmt"/>
        <line num="58" count="645" type="cond" truecount="4" falsecount="0"/>
        <line num="60" count="643" type="stmt"/>
        <line num="61" count="643" type="cond" truecount="2" falsecount="0"/>
        <line num="62" count="165" type="cond" truecount="1" falsecount="1"/>
        <line num="63" count="0" type="stmt"/>
        <line num="74" count="204" type="cond" truecount="6" falsecount="0"/>
        <line num="75" count="2" type="stmt"/>
        <line num="76" count="49" type="cond" truecount="3" falsecount="0"/>
        <line num="77" count="47" type="cond" truecount="2" falsecount="0"/>
        <line num="78" count="102" type="cond" truecount="2" falsecount="0"/>
        <line num="79" count="3" type="stmt"/>
        <line num="80" count="1" type="stmt"/>
        <line num="91" count="55" type="stmt"/>
        <line num="92" count="55" type="cond" truecount="4" falsecount="0"/>
        <line num="93" count="3" type="stmt"/>
        <line num="104" count="5" type="cond" truecount="1" falsecount="3"/>
        <line num="105" count="5" type="stmt"/>
        <line num="117" count="56" type="cond" truecount="2" falsecount="0"/>
        <line num="120" count="55" type="stmt"/>
        <line num="121" count="55" type="cond" truecount="5" falsecount="0"/>
        <line num="124" count="53" type="cond" truecount="1" falsecount="1"/>
        <line num="125" count="53" type="stmt"/>
        <line num="127" count="103" type="cond" truecount="2" falsecount="0"/>
        <line num="128" count="53" type="stmt"/>
        <line num="129" count="53" type="cond" truecount="5" falsecount="0"/>
        <line num="130" count="50" type="cond" truecount="3" falsecount="1"/>
        <line num="131" count="50" type="stmt"/>
        <line num="135" count="1" type="stmt"/>
        <line num="147" count="56" type="cond" truecount="2" falsecount="0"/>
        <line num="149" count="55" type="stmt"/>
        <line num="150" count="150" type="cond" truecount="4" falsecount="0"/>
        <line num="152" count="149" type="cond" truecount="1" falsecount="1"/>
        <line num="153" count="149" type="stmt"/>
        <line num="155" count="149" type="cond" truecount="2" falsecount="0"/>
        <line num="157" count="10" type="cond" truecount="2" falsecount="0"/>
        <line num="161" count="10" type="cond" truecount="2" falsecount="0"/>
        <line num="163" count="9" type="cond" truecount="2" falsecount="0"/>
        <line num="164" count="9" type="stmt"/>
        <line num="171" count="56" type="cond" truecount="2" falsecount="0"/>
        <line num="173" count="55" type="stmt"/>
        <line num="174" count="55" type="cond" truecount="4" falsecount="0"/>
        <line num="176" count="53" type="cond" truecount="1" falsecount="1"/>
        <line num="177" count="53" type="stmt"/>
        <line num="178" count="53" type="cond" truecount="4" falsecount="0"/>
        <line num="181" count="52" type="stmt"/>
        <line num="196" count="56" type="cond" truecount="4" falsecount="0"/>
        <line num="199" count="56" type="stmt"/>
        <line num="202" count="56" type="stmt"/>
        <line num="203" count="56" type="cond" truecount="4" falsecount="0"/>
        <line num="206" count="56" type="stmt"/>
        <line num="209" count="56" type="stmt"/>
        <line num="210" count="56" type="cond" truecount="2" falsecount="0"/>
        <line num="215" count="56" type="stmt"/>
        <line num="218" count="56" type="stmt"/>
        <line num="219" count="56" type="cond" truecount="2" falsecount="0"/>
        <line num="222" count="56" type="cond" truecount="4" falsecount="0"/>
        <line num="225" count="56" type="cond" truecount="2" falsecount="0"/>
        <line num="226" count="56" type="cond" truecount="2" falsecount="0"/>
        <line num="229" count="56" type="cond" truecount="3" falsecount="0"/>
        <line num="231" count="56" type="stmt"/>
      </file>
      <file name="product-card-view-model.js" path="D:\komerce-backend\public\boutique\js\view-models\product-card-view-model.js">
        <metrics statements="62" coveredstatements="62" conditionals="139" coveredconditionals="136" methods="9" coveredmethods="9"/>
        <line num="35" count="1" type="stmt"/>
        <line num="37" count="1" type="stmt"/>
        <line num="38" count="1" type="stmt"/>
        <line num="41" count="607" type="cond" truecount="4" falsecount="0"/>
        <line num="42" count="48" type="stmt"/>
        <line num="43" count="48" type="cond" truecount="1" falsecount="1"/>
        <line num="47" count="156" type="stmt"/>
        <line num="48" count="156" type="cond" truecount="2" falsecount="0"/>
        <line num="52" count="77" type="stmt"/>
        <line num="53" count="77" type="cond" truecount="4" falsecount="0"/>
        <line num="54" count="8" type="stmt"/>
        <line num="58" count="77" type="stmt"/>
        <line num="65" count="77" type="stmt"/>
        <line num="72" count="77" type="cond" truecount="2" falsecount="0"/>
        <line num="73" count="77" type="cond" truecount="4" falsecount="0"/>
        <line num="75" count="75" type="stmt"/>
        <line num="76" count="75" type="cond" truecount="2" falsecount="0"/>
        <line num="77" count="75" type="cond" truecount="4" falsecount="0"/>
        <line num="78" count="75" type="cond" truecount="5" falsecount="0"/>
        <line num="79" count="75" type="cond" truecount="5" falsecount="0"/>
        <line num="80" count="75" type="cond" truecount="2" falsecount="0"/>
        <line num="81" count="75" type="stmt"/>
        <line num="85" count="77" type="stmt"/>
        <line num="87" count="77" type="cond" truecount="2" falsecount="0"/>
        <line num="88" count="77" type="cond" truecount="4" falsecount="0"/>
        <line num="89" count="77" type="cond" truecount="4" falsecount="0"/>
        <line num="90" count="77" type="cond" truecount="4" falsecount="0"/>
        <line num="92" count="77" type="cond" truecount="2" falsecount="0"/>
        <line num="93" count="77" type="cond" truecount="2" falsecount="0"/>
        <line num="94" count="77" type="cond" truecount="2" falsecount="0"/>
        <line num="95" count="77" type="cond" truecount="2" falsecount="0"/>
        <line num="96" count="77" type="cond" truecount="2" falsecount="0"/>
        <line num="98" count="77" type="cond" truecount="2" falsecount="0"/>
        <line num="99" count="77" type="cond" truecount="2" falsecount="0"/>
        <line num="100" count="77" type="cond" truecount="4" falsecount="0"/>
        <line num="102" count="77" type="stmt"/>
        <line num="106" count="77" type="stmt"/>
        <line num="108" count="77" type="cond" truecount="2" falsecount="0"/>
        <line num="109" count="77" type="cond" truecount="2" falsecount="0"/>
        <line num="110" count="77" type="cond" truecount="2" falsecount="0"/>
        <line num="111" count="77" type="cond" truecount="2" falsecount="0"/>
        <line num="112" count="77" type="cond" truecount="2" falsecount="0"/>
        <line num="113" count="77" type="cond" truecount="2" falsecount="0"/>
        <line num="115" count="77" type="stmt"/>
        <line num="119" count="77" type="stmt"/>
        <line num="120" count="77" type="stmt"/>
        <line num="121" count="77" type="stmt"/>
        <line num="122" count="77" type="cond" truecount="2" falsecount="0"/>
        <line num="123" count="77" type="cond" truecount="2" falsecount="0"/>
        <line num="124" count="77" type="cond" truecount="4" falsecount="0"/>
        <line num="130" count="77" type="cond" truecount="4" falsecount="0"/>
        <line num="135" count="77" type="stmt"/>
        <line num="139" count="77" type="cond" truecount="3" falsecount="0"/>
        <line num="144" count="77" type="cond" truecount="3" falsecount="0"/>
        <line num="145" count="77" type="cond" truecount="3" falsecount="0"/>
        <line num="147" count="77" type="stmt"/>
        <line num="148" count="77" type="stmt"/>
        <line num="149" count="77" type="cond" truecount="3" falsecount="0"/>
        <line num="150" count="77" type="stmt"/>
        <line num="152" count="77" type="stmt"/>
        <line num="161" count="77" type="stmt"/>
        <line num="163" count="77" type="stmt"/>
      </file>
    </package>
  </project>
</coverage>
