{"total": {"lines":{"total":8614,"covered":7523,"skipped":0,"pct":87.33},"statements":{"total":10186,"covered":8574,"skipped":0,"pct":84.17},"functions":{"total":1695,"covered":1431,"skipped":0,"pct":84.42},"branches":{"total":6880,"covered":4937,"skipped":0,"pct":71.75},"branchesTrue":{"total":0,"covered":0,"skipped":0,"pct":100}}
,"/home/runner/work/komerce-backend/komerce-backend/public/boutique/js/b-boutique-wow-style.js": {"lines":{"total":0,"covered":0,"skipped":0,"pct":100},"functions":{"total":1,"covered":1,"skipped":0,"pct":100},"statements":{"total":0,"covered":0,"skipped":0,"pct":100},"branches":{"total":0,"covered":0,"skipped":0,"pct":100}}
,"/home/runner/work/komerce-backend/komerce-backend/public/boutique/js/b-bus.js": {"lines":{"total":12,"covered":10,"skipped":0,"pct":83.33},"functions":{"total":8,"covered":6,"skipped":0,"pct":75},"statements":{"total":18,"covered":13,"skipped":0,"pct":72.22},"branches":{"total":14,"covered":10,"skipped":0,"pct":71.42}}
,"/home/runner/work/komerce-backend/komerce-backend/public/boutique/js/b-cart-core.js": {"lines":{"total":27,"covered":27,"skipped":0,"pct":100},"functions":{"total":13,"covered":13,"skipped":0,"pct":100},"statements":{"total":32,"covered":32,"skipped":0,"pct":100},"branches":{"total":16,"covered":15,"skipped":0,"pct":93.75}}
,"/home/runner/work/komerce-backend/komerce-backend/public/boutique/js/b-cart-pill.js": {"lines":{"total":141,"covered":135,"skipped":0,"pct":95.74},"functions":{"total":20,"covered":18,"skipped":0,"pct":90},"statements":{"total":163,"covered":144,"skipped":0,"pct":88.34},"branches":{"total":93,"covered":65,"skipped":0,"pct":69.89}}
,"/home/runner/work/komerce-backend/komerce-backend/public/boutique/js/b-cart-product-open-style.js": {"lines":{"total":8,"covered":7,"skipped":0,"pct":87.5},"functions":{"total":5,"covered":4,"skipped":0,"pct":80},"statements":{"total":8,"covered":7,"skipped":0,"pct":87.5},"branches":{"total":8,"covered":7,"skipped":0,"pct":87.5}}
,"/home/runner/work/komerce-backend/komerce-backend/public/boutique/js/b-cart-stepper-guard.js": {"lines":{"total":19,"covered":19,"skipped":0,"pct":100},"functions":{"total":5,"covered":5,"skipped":0,"pct":100},"statements":{"total":25,"covered":23,"skipped":0,"pct":92},"branches":{"total":19,"covered":15,"skipped":0,"pct":78.94}}
,"/home/runner/work/komerce-backend/komerce-backend/public/boutique/js/b-cart.js": {"lines":{"total":734,"covered":585,"skipped":0,"pct":79.7},"functions":{"total":127,"covered":88,"skipped":0,"pct":69.29},"statements":{"total":850,"covered":650,"skipped":0,"pct":76.47},"branches":{"total":457,"covered":272,"skipped":0,"pct":59.51}}
,"/home/runner/work/komerce-backend/komerce-backend/public/boutique/js/b-catalog-desktop-enhancers.js": {"lines":{"total":59,"covered":57,"skipped":0,"pct":96.61},"functions":{"total":10,"covered":10,"skipped":0,"pct":100},"statements":{"total":72,"covered":67,"skipped":0,"pct":93.05},"branches":{"total":50,"covered":43,"skipped":0,"pct":86}}
,"/home/runner/work/komerce-backend/komerce-backend/public/boutique/js/b-catalog.js": {"lines":{"total":325,"covered":243,"skipped":0,"pct":74.76},"functions":{"total":68,"covered":42,"skipped":0,"pct":61.76},"statements":{"total":393,"covered":275,"skipped":0,"pct":69.97},"branches":{"total":240,"covered":130,"skipped":0,"pct":54.16}}
,"/home/runner/work/komerce-backend/komerce-backend/public/boutique/js/b-checkout-render.js": {"lines":{"total":161,"covered":161,"skipped":0,"pct":100},"functions":{"total":21,"covered":21,"skipped":0,"pct":100},"statements":{"total":178,"covered":178,"skipped":0,"pct":100},"branches":{"total":110,"covered":103,"skipped":0,"pct":93.63}}
,"/home/runner/work/komerce-backend/komerce-backend/public/boutique/js/b-checkout.js": {"lines":{"total":613,"covered":539,"skipped":0,"pct":87.92},"functions":{"total":106,"covered":83,"skipped":0,"pct":78.3},"statements":{"total":731,"covered":600,"skipped":0,"pct":82.07},"branches":{"total":541,"covered":342,"skipped":0,"pct":63.21}}
,"/home/runner/work/komerce-backend/komerce-backend/public/boutique/js/b-desktop-global-cart-access.js": {"lines":{"total":34,"covered":34,"skipped":0,"pct":100},"functions":{"total":8,"covered":8,"skipped":0,"pct":100},"statements":{"total":44,"covered":41,"skipped":0,"pct":93.18},"branches":{"total":35,"covered":32,"skipped":0,"pct":91.42}}
,"/home/runner/work/komerce-backend/komerce-backend/public/boutique/js/b-desktop-sidebar.js": {"lines":{"total":33,"covered":33,"skipped":0,"pct":100},"functions":{"total":14,"covered":14,"skipped":0,"pct":100},"statements":{"total":43,"covered":42,"skipped":0,"pct":97.67},"branches":{"total":27,"covered":23,"skipped":0,"pct":85.18}}
,"/home/runner/work/komerce-backend/komerce-backend/public/boutique/js/b-desktop-upgrade.js": {"lines":{"total":33,"covered":23,"skipped":0,"pct":69.69},"functions":{"total":7,"covered":6,"skipped":0,"pct":85.71},"statements":{"total":38,"covered":25,"skipped":0,"pct":65.78},"branches":{"total":19,"covered":6,"skipped":0,"pct":31.57}}
,"/home/runner/work/komerce-backend/komerce-backend/public/boutique/js/b-favs.js": {"lines":{"total":72,"covered":70,"skipped":0,"pct":97.22},"functions":{"total":17,"covered":16,"skipped":0,"pct":94.11},"statements":{"total":84,"covered":79,"skipped":0,"pct":94.04},"branches":{"total":58,"covered":44,"skipped":0,"pct":75.86}}
,"/home/runner/work/komerce-backend/komerce-backend/public/boutique/js/b-friendly-group-redirect.js": {"lines":{"total":7,"covered":5,"skipped":0,"pct":71.42},"functions":{"total":1,"covered":1,"skipped":0,"pct":100},"statements":{"total":8,"covered":6,"skipped":0,"pct":75},"branches":{"total":6,"covered":5,"skipped":0,"pct":83.33}}
,"/home/runner/work/komerce-backend/komerce-backend/public/boutique/js/b-greeting.js": {"lines":{"total":29,"covered":29,"skipped":0,"pct":100},"functions":{"total":9,"covered":9,"skipped":0,"pct":100},"statements":{"total":34,"covered":34,"skipped":0,"pct":100},"branches":{"total":16,"covered":16,"skipped":0,"pct":100}}
,"/home/runner/work/komerce-backend/komerce-backend/public/boutique/js/b-group-banner.js": {"lines":{"total":22,"covered":22,"skipped":0,"pct":100},"functions":{"total":7,"covered":7,"skipped":0,"pct":100},"statements":{"total":23,"covered":23,"skipped":0,"pct":100},"branches":{"total":10,"covered":10,"skipped":0,"pct":100}}
,"/home/runner/work/komerce-backend/komerce-backend/public/boutique/js/b-group-cart-flow.js": {"lines":{"total":0,"covered":0,"skipped":0,"pct":100},"functions":{"total":1,"covered":1,"skipped":0,"pct":100},"statements":{"total":0,"covered":0,"skipped":0,"pct":100},"branches":{"total":0,"covered":0,"skipped":0,"pct":100}}
,"/home/runner/work/komerce-backend/komerce-backend/public/boutique/js/b-group-view.js": {"lines":{"total":490,"covered":282,"skipped":0,"pct":57.55},"functions":{"total":85,"covered":37,"skipped":0,"pct":43.52},"statements":{"total":581,"covered":312,"skipped":0,"pct":53.7},"branches":{"total":482,"covered":219,"skipped":0,"pct":45.43}}
,"/home/runner/work/komerce-backend/komerce-backend/public/boutique/js/b-home-premium-v1.js": {"lines":{"total":45,"covered":26,"skipped":0,"pct":57.77},"functions":{"total":8,"covered":6,"skipped":0,"pct":75},"statements":{"total":56,"covered":35,"skipped":0,"pct":62.5},"branches":{"total":27,"covered":15,"skipped":0,"pct":55.55}}
,"/home/runner/work/komerce-backend/komerce-backend/public/boutique/js/b-identity.js": {"lines":{"total":231,"covered":224,"skipped":0,"pct":96.96},"functions":{"total":63,"covered":56,"skipped":0,"pct":88.88},"statements":{"total":320,"covered":288,"skipped":0,"pct":90},"branches":{"total":212,"covered":159,"skipped":0,"pct":75}}
,"/home/runner/work/komerce-backend/komerce-backend/public/boutique/js/b-mini-cart.js": {"lines":{"total":165,"covered":165,"skipped":0,"pct":100},"functions":{"total":31,"covered":31,"skipped":0,"pct":100},"statements":{"total":192,"covered":185,"skipped":0,"pct":96.35},"branches":{"total":120,"covered":91,"skipped":0,"pct":75.83}}
,"/home/runner/work/komerce-backend/komerce-backend/public/boutique/js/b-mobile-modal-v1.js": {"lines":{"total":51,"covered":51,"skipped":0,"pct":100},"functions":{"total":10,"covered":10,"skipped":0,"pct":100},"statements":{"total":62,"covered":58,"skipped":0,"pct":93.54},"branches":{"total":52,"covered":40,"skipped":0,"pct":76.92}}
,"/home/runner/work/komerce-backend/komerce-backend/public/boutique/js/b-mobile-premium-v1.js": {"lines":{"total":56,"covered":56,"skipped":0,"pct":100},"functions":{"total":11,"covered":11,"skipped":0,"pct":100},"statements":{"total":67,"covered":63,"skipped":0,"pct":94.02},"branches":{"total":54,"covered":41,"skipped":0,"pct":75.92}}
,"/home/runner/work/komerce-backend/komerce-backend/public/boutique/js/b-modal-approche-c-hybrid.js": {"lines":{"total":53,"covered":50,"skipped":0,"pct":94.33},"functions":{"total":10,"covered":9,"skipped":0,"pct":90},"statements":{"total":64,"covered":56,"skipped":0,"pct":87.5},"branches":{"total":61,"covered":47,"skipped":0,"pct":77.04}}
,"/home/runner/work/komerce-backend/komerce-backend/public/boutique/js/b-modal-buybox-shared.js": {"lines":{"total":85,"covered":85,"skipped":0,"pct":100},"functions":{"total":11,"covered":11,"skipped":0,"pct":100},"statements":{"total":92,"covered":90,"skipped":0,"pct":97.82},"branches":{"total":40,"covered":35,"skipped":0,"pct":87.5}}
,"/home/runner/work/komerce-backend/komerce-backend/public/boutique/js/b-modal-cart.js": {"lines":{"total":26,"covered":26,"skipped":0,"pct":100},"functions":{"total":6,"covered":6,"skipped":0,"pct":100},"statements":{"total":32,"covered":32,"skipped":0,"pct":100},"branches":{"total":21,"covered":21,"skipped":0,"pct":100}}
,"/home/runner/work/komerce-backend/komerce-backend/public/boutique/js/b-modal-core.js": {"lines":{"total":665,"covered":548,"skipped":0,"pct":82.4},"functions":{"total":117,"covered":95,"skipped":0,"pct":81.19},"statements":{"total":775,"covered":621,"skipped":0,"pct":80.12},"branches":{"total":465,"covered":311,"skipped":0,"pct":66.88}}
,"/home/runner/work/komerce-backend/komerce-backend/public/boutique/js/b-modal-desktop-enhancers.js": {"lines":{"total":5,"covered":5,"skipped":0,"pct":100},"functions":{"total":2,"covered":2,"skipped":0,"pct":100},"statements":{"total":6,"covered":6,"skipped":0,"pct":100},"branches":{"total":2,"covered":2,"skipped":0,"pct":100}}
,"/home/runner/work/komerce-backend/komerce-backend/public/boutique/js/b-modal-desktop-product.js": {"lines":{"total":321,"covered":318,"skipped":0,"pct":99.06},"functions":{"total":47,"covered":45,"skipped":0,"pct":95.74},"statements":{"total":352,"covered":339,"skipped":0,"pct":96.3},"branches":{"total":197,"covered":149,"skipped":0,"pct":75.63}}
,"/home/runner/work/komerce-backend/komerce-backend/public/boutique/js/b-modal-image-ux.js": {"lines":{"total":100,"covered":100,"skipped":0,"pct":100},"functions":{"total":22,"covered":22,"skipped":0,"pct":100},"statements":{"total":115,"covered":111,"skipped":0,"pct":96.52},"branches":{"total":64,"covered":51,"skipped":0,"pct":79.68}}
,"/home/runner/work/komerce-backend/komerce-backend/public/boutique/js/b-modal-mobile-product.js": {"lines":{"total":289,"covered":284,"skipped":0,"pct":98.26},"functions":{"total":37,"covered":37,"skipped":0,"pct":100},"statements":{"total":304,"covered":298,"skipped":0,"pct":98.02},"branches":{"total":164,"covered":146,"skipped":0,"pct":89.02}}
,"/home/runner/work/komerce-backend/komerce-backend/public/boutique/js/b-modal-nav.js": {"lines":{"total":53,"covered":53,"skipped":0,"pct":100},"functions":{"total":8,"covered":8,"skipped":0,"pct":100},"statements":{"total":64,"covered":64,"skipped":0,"pct":100},"branches":{"total":28,"covered":27,"skipped":0,"pct":96.42}}
,"/home/runner/work/komerce-backend/komerce-backend/public/boutique/js/b-modal-product-detail-bootstrap.js": {"lines":{"total":77,"covered":77,"skipped":0,"pct":100},"functions":{"total":17,"covered":17,"skipped":0,"pct":100},"statements":{"total":88,"covered":84,"skipped":0,"pct":95.45},"branches":{"total":44,"covered":33,"skipped":0,"pct":75}}
,"/home/runner/work/komerce-backend/komerce-backend/public/boutique/js/b-modal-product.js": {"lines":{"total":246,"covered":224,"skipped":0,"pct":91.05},"functions":{"total":33,"covered":26,"skipped":0,"pct":78.78},"statements":{"total":294,"covered":263,"skipped":0,"pct":89.45},"branches":{"total":174,"covered":129,"skipped":0,"pct":74.13}}
,"/home/runner/work/komerce-backend/komerce-backend/public/boutique/js/b-modal-social-proof.js": {"lines":{"total":28,"covered":28,"skipped":0,"pct":100},"functions":{"total":4,"covered":4,"skipped":0,"pct":100},"statements":{"total":30,"covered":30,"skipped":0,"pct":100},"branches":{"total":20,"covered":20,"skipped":0,"pct":100}}
,"/home/runner/work/komerce-backend/komerce-backend/public/boutique/js/b-modal-suggestions.js": {"lines":{"total":159,"covered":132,"skipped":0,"pct":83.01},"functions":{"total":34,"covered":28,"skipped":0,"pct":82.35},"statements":{"total":188,"covered":144,"skipped":0,"pct":76.59},"branches":{"total":133,"covered":94,"skipped":0,"pct":70.67}}
,"/home/runner/work/komerce-backend/komerce-backend/public/boutique/js/b-modal.js": {"lines":{"total":0,"covered":0,"skipped":0,"pct":100},"functions":{"total":0,"covered":0,"skipped":0,"pct":100},"statements":{"total":0,"covered":0,"skipped":0,"pct":100},"branches":{"total":0,"covered":0,"skipped":0,"pct":100}}
,"/home/runner/work/komerce-backend/komerce-backend/public/boutique/js/b-nav.js": {"lines":{"total":138,"covered":113,"skipped":0,"pct":81.88},"functions":{"total":22,"covered":20,"skipped":0,"pct":90.9},"statements":{"total":180,"covered":144,"skipped":0,"pct":80},"branches":{"total":109,"covered":80,"skipped":0,"pct":73.39}}
,"/home/runner/work/komerce-backend/komerce-backend/public/boutique/js/b-pager.js": {"lines":{"total":276,"covered":151,"skipped":0,"pct":54.71},"functions":{"total":52,"covered":29,"skipped":0,"pct":55.76},"statements":{"total":331,"covered":166,"skipped":0,"pct":50.15},"branches":{"total":197,"covered":72,"skipped":0,"pct":36.54}}
,"/home/runner/work/komerce-backend/komerce-backend/public/boutique/js/b-paypal.js": {"lines":{"total":77,"covered":77,"skipped":0,"pct":100},"functions":{"total":11,"covered":11,"skipped":0,"pct":100},"statements":{"total":90,"covered":90,"skipped":0,"pct":100},"branches":{"total":43,"covered":37,"skipped":0,"pct":86.04}}
,"/home/runner/work/komerce-backend/komerce-backend/public/boutique/js/b-pdp-curation-suggestions.js": {"lines":{"total":88,"covered":88,"skipped":0,"pct":100},"functions":{"total":12,"covered":12,"skipped":0,"pct":100},"statements":{"total":103,"covered":101,"skipped":0,"pct":98.05},"branches":{"total":59,"covered":54,"skipped":0,"pct":91.52}}
,"/home/runner/work/komerce-backend/komerce-backend/public/boutique/js/b-phone.js": {"lines":{"total":145,"covered":144,"skipped":0,"pct":99.31},"functions":{"total":31,"covered":31,"skipped":0,"pct":100},"statements":{"total":164,"covered":163,"skipped":0,"pct":99.39},"branches":{"total":68,"covered":60,"skipped":0,"pct":88.23}}
,"/home/runner/work/komerce-backend/komerce-backend/public/boutique/js/b-product-open-contract.js": {"lines":{"total":56,"covered":53,"skipped":0,"pct":94.64},"functions":{"total":14,"covered":14,"skipped":0,"pct":100},"statements":{"total":65,"covered":61,"skipped":0,"pct":93.84},"branches":{"total":49,"covered":35,"skipped":0,"pct":71.42}}
,"/home/runner/work/komerce-backend/komerce-backend/public/boutique/js/b-scroll-owner.js": {"lines":{"total":78,"covered":78,"skipped":0,"pct":100},"functions":{"total":13,"covered":13,"skipped":0,"pct":100},"statements":{"total":94,"covered":94,"skipped":0,"pct":100},"branches":{"total":70,"covered":70,"skipped":0,"pct":100}}
,"/home/runner/work/komerce-backend/komerce-backend/public/boutique/js/b-share-cart.js": {"lines":{"total":324,"covered":235,"skipped":0,"pct":72.53},"functions":{"total":59,"covered":41,"skipped":0,"pct":69.49},"statements":{"total":374,"covered":261,"skipped":0,"pct":69.78},"branches":{"total":216,"covered":127,"skipped":0,"pct":58.79}}
,"/home/runner/work/komerce-backend/komerce-backend/public/boutique/js/b-share-phone-guard.js": {"lines":{"total":0,"covered":0,"skipped":0,"pct":100},"functions":{"total":1,"covered":1,"skipped":0,"pct":100},"statements":{"total":0,"covered":0,"skipped":0,"pct":100},"branches":{"total":0,"covered":0,"skipped":0,"pct":100}}
,"/home/runner/work/komerce-backend/komerce-backend/public/boutique/js/b-store.js": {"lines":{"total":38,"covered":21,"skipped":0,"pct":55.26},"functions":{"total":10,"covered":5,"skipped":0,"pct":50},"statements":{"total":46,"covered":24,"skipped":0,"pct":52.17},"branches":{"total":33,"covered":15,"skipped":0,"pct":45.45}}
,"/home/runner/work/komerce-backend/komerce-backend/public/boutique/js/b-subcat.js": {"lines":{"total":303,"covered":299,"skipped":0,"pct":98.67},"functions":{"total":51,"covered":51,"skipped":0,"pct":100},"statements":{"total":357,"covered":334,"skipped":0,"pct":93.55},"branches":{"total":193,"covered":152,"skipped":0,"pct":78.75}}
,"/home/runner/work/komerce-backend/komerce-backend/public/boutique/js/b-tracking.js": {"lines":{"total":173,"covered":170,"skipped":0,"pct":98.26},"functions":{"total":35,"covered":32,"skipped":0,"pct":91.42},"statements":{"total":211,"covered":203,"skipped":0,"pct":96.2},"branches":{"total":130,"covered":100,"skipped":0,"pct":76.92}}
,"/home/runner/work/komerce-backend/komerce-backend/public/boutique/js/b-utils.js": {"lines":{"total":85,"covered":41,"skipped":0,"pct":48.23},"functions":{"total":27,"covered":10,"skipped":0,"pct":37.03},"statements":{"total":111,"covered":43,"skipped":0,"pct":38.73},"branches":{"total":102,"covered":33,"skipped":0,"pct":32.35}}
,"/home/runner/work/komerce-backend/komerce-backend/public/boutique/js/b-wallet.js": {"lines":{"total":157,"covered":150,"skipped":0,"pct":95.54},"functions":{"total":29,"covered":28,"skipped":0,"pct":96.55},"statements":{"total":178,"covered":165,"skipped":0,"pct":92.69},"branches":{"total":117,"covered":104,"skipped":0,"pct":88.88}}
,"/home/runner/work/komerce-backend/komerce-backend/public/boutique/js/boutique.js": {"lines":{"total":68,"covered":66,"skipped":0,"pct":97.05},"functions":{"total":9,"covered":8,"skipped":0,"pct":88.88},"statements":{"total":71,"covered":68,"skipped":0,"pct":95.77},"branches":{"total":35,"covered":27,"skipped":0,"pct":77.14}}
,"/home/runner/work/komerce-backend/komerce-backend/public/boutique/js/card-config.js": {"lines":{"total":24,"covered":24,"skipped":0,"pct":100},"functions":{"total":2,"covered":2,"skipped":0,"pct":100},"statements":{"total":33,"covered":33,"skipped":0,"pct":100},"branches":{"total":30,"covered":30,"skipped":0,"pct":100}}
,"/home/runner/work/komerce-backend/komerce-backend/public/boutique/js/komerce-api.js": {"lines":{"total":173,"covered":170,"skipped":0,"pct":98.26},"functions":{"total":59,"covered":57,"skipped":0,"pct":96.61},"statements":{"total":199,"covered":191,"skipped":0,"pct":95.97},"branches":{"total":124,"covered":95,"skipped":0,"pct":76.61}}
,"/home/runner/work/komerce-backend/komerce-backend/public/boutique/js/main.js": {"lines":{"total":25,"covered":24,"skipped":0,"pct":96},"functions":{"total":3,"covered":3,"skipped":0,"pct":100},"statements":{"total":26,"covered":25,"skipped":0,"pct":96.15},"branches":{"total":10,"covered":7,"skipped":0,"pct":70}}
,"/home/runner/work/komerce-backend/komerce-backend/public/boutique/js/product-store.js": {"lines":{"total":47,"covered":46,"skipped":0,"pct":97.87},"functions":{"total":21,"covered":21,"skipped":0,"pct":100},"statements":{"total":61,"covered":60,"skipped":0,"pct":98.36},"branches":{"total":47,"covered":45,"skipped":0,"pct":95.74}}
,"/home/runner/work/komerce-backend/komerce-backend/public/boutique/js/shop-schema.js": {"lines":{"total":82,"covered":79,"skipped":0,"pct":96.34},"functions":{"total":52,"covered":52,"skipped":0,"pct":100},"statements":{"total":128,"covered":124,"skipped":0,"pct":96.87},"branches":{"total":155,"covered":130,"skipped":0,"pct":83.87}}
,"/home/runner/work/komerce-backend/komerce-backend/public/boutique/js/controllers/home-controller.js": {"lines":{"total":142,"covered":135,"skipped":0,"pct":95.07},"functions":{"total":28,"covered":27,"skipped":0,"pct":96.42},"statements":{"total":163,"covered":154,"skipped":0,"pct":94.47},"branches":{"total":115,"covered":102,"skipped":0,"pct":88.69}}
,"/home/runner/work/komerce-backend/komerce-backend/public/boutique/js/group/group-api.js": {"lines":{"total":50,"covered":50,"skipped":0,"pct":100},"functions":{"total":18,"covered":18,"skipped":0,"pct":100},"statements":{"total":59,"covered":59,"skipped":0,"pct":100},"branches":{"total":38,"covered":30,"skipped":0,"pct":78.94}}
,"/home/runner/work/komerce-backend/komerce-backend/public/boutique/js/group/group-helpers.js": {"lines":{"total":73,"covered":73,"skipped":0,"pct":100},"functions":{"total":16,"covered":16,"skipped":0,"pct":100},"statements":{"total":102,"covered":102,"skipped":0,"pct":100},"branches":{"total":105,"covered":105,"skipped":0,"pct":100}}
,"/home/runner/work/komerce-backend/komerce-backend/public/boutique/js/group/group-render-creator.js": {"lines":{"total":148,"covered":145,"skipped":0,"pct":97.97},"functions":{"total":22,"covered":22,"skipped":0,"pct":100},"statements":{"total":154,"covered":149,"skipped":0,"pct":96.75},"branches":{"total":224,"covered":173,"skipped":0,"pct":77.23}}
,"/home/runner/work/komerce-backend/komerce-backend/public/boutique/js/group/group-state.js": {"lines":{"total":25,"covered":25,"skipped":0,"pct":100},"functions":{"total":7,"covered":7,"skipped":0,"pct":100},"statements":{"total":31,"covered":31,"skipped":0,"pct":100},"branches":{"total":31,"covered":31,"skipped":0,"pct":100}}
,"/home/runner/work/komerce-backend/komerce-backend/public/boutique/js/render/render-categories.js": {"lines":{"total":8,"covered":6,"skipped":0,"pct":75},"functions":{"total":4,"covered":4,"skipped":0,"pct":100},"statements":{"total":11,"covered":9,"skipped":0,"pct":81.81},"branches":{"total":20,"covered":10,"skipped":0,"pct":50}}
,"/home/runner/work/komerce-backend/komerce-backend/public/boutique/js/render/render-home-sections.js": {"lines":{"total":81,"covered":73,"skipped":0,"pct":90.12},"functions":{"total":6,"covered":5,"skipped":0,"pct":83.33},"statements":{"total":92,"covered":80,"skipped":0,"pct":86.95},"branches":{"total":54,"covered":40,"skipped":0,"pct":74.07}}
,"/home/runner/work/komerce-backend/komerce-backend/public/boutique/js/render/render-product-card.js": {"lines":{"total":17,"covered":17,"skipped":0,"pct":100},"functions":{"total":6,"covered":6,"skipped":0,"pct":100},"statements":{"total":19,"covered":19,"skipped":0,"pct":100},"branches":{"total":35,"covered":35,"skipped":0,"pct":100}}
,"/home/runner/work/komerce-backend/komerce-backend/public/boutique/js/view-models/modal-selection-model.js": {"lines":{"total":61,"covered":61,"skipped":0,"pct":100},"functions":{"total":31,"covered":31,"skipped":0,"pct":100},"statements":{"total":81,"covered":81,"skipped":0,"pct":100},"branches":{"total":65,"covered":60,"skipped":0,"pct":92.3}}
,"/home/runner/work/komerce-backend/komerce-backend/public/boutique/js/view-models/product-card-model.js": {"lines":{"total":62,"covered":61,"skipped":0,"pct":98.38},"functions":{"total":9,"covered":9,"skipped":0,"pct":100},"statements":{"total":77,"covered":75,"skipped":0,"pct":97.4},"branches":{"total":109,"covered":99,"skipped":0,"pct":90.82}}
,"/home/runner/work/komerce-backend/komerce-backend/public/boutique/js/view-models/product-card-view-model.js": {"lines":{"total":62,"covered":62,"skipped":0,"pct":100},"functions":{"total":9,"covered":9,"skipped":0,"pct":100},"statements":{"total":88,"covered":88,"skipped":0,"pct":100},"branches":{"total":139,"covered":136,"skipped":0,"pct":97.84}}
,"/home/runner/work/komerce-backend/komerce-backend/public/boutique/js/view-models/product-content-model.js": {"lines":{"total":54,"covered":53,"skipped":0,"pct":98.14},"functions":{"total":22,"covered":22,"skipped":0,"pct":100},"statements":{"total":61,"covered":59,"skipped":0,"pct":96.72},"branches":{"total":79,"covered":75,"skipped":0,"pct":94.93}}
}
