TN:
SF:js\b-boutique-wow-style.js
FN:27,setupBoutiqueWowStyle
FNF:1
FNH:1
FNDA:5,setupBoutiqueWowStyle
LF:0
LH:0
BRF:0
BRH:0
end_of_record
TN:
SF:js\b-bus.js
FN:51,(anonymous_0)
FN:60,(anonymous_1)
FN:62,(anonymous_2)
FN:71,(anonymous_3)
FN:72,(anonymous_4)
FN:82,(anonymous_5)
FN:83,(anonymous_6)
FN:92,(anonymous_7)
FNF:8
FNH:6
FNDA:291,(anonymous_0)
FNDA:13,(anonymous_1)
FNDA:13,(anonymous_2)
FNDA:244,(anonymous_3)
FNDA:164,(anonymous_4)
FNDA:0,(anonymous_5)
FNDA:0,(anonymous_6)
FNDA:252,(anonymous_7)
DA:43,252
DA:45,252
DA:52,291
DA:61,13
DA:62,13
DA:72,244
DA:73,164
DA:83,0
DA:84,0
DA:89,252
DA:92,252
DA:94,252
LF:12
LH:10
BRDA:52,0,0,291
BRDA:52,0,1,280
BRDA:61,1,0,13
BRDA:61,1,1,0
BRDA:72,2,0,244
BRDA:72,2,1,63
BRDA:89,3,0,252
BRDA:89,3,1,0
BRDA:90,4,0,252
BRDA:90,4,1,252
BRDA:90,4,2,252
BRDA:92,5,0,252
BRDA:92,5,1,0
BRDA:92,5,2,0
BRF:14
BRH:10
end_of_record
TN:
SF:js\b-cart-core.js
FN:45,showToast
FN:50,(anonymous_1)
FN:61,cartQty
FN:62,(anonymous_3)
FN:69,cartTotal
FN:70,(anonymous_5)
FN:77,saveCart
FN:90,updateCartBadge
FN:95,(anonymous_8)
FN:102,(anonymous_9)
FN:122,isFav
FN:124,(anonymous_11)
FN:130,saveFavs
FNF:13
FNH:13
FNDA:7,showToast
FNDA:3,(anonymous_1)
FNDA:110,cartQty
FNDA:66,(anonymous_3)
FNDA:83,cartTotal
FNDA:44,(anonymous_5)
FNDA:3,saveCart
FNDA:7,updateCartBadge
FNDA:2,(anonymous_8)
FNDA:2,(anonymous_9)
FNDA:5,isFav
FNDA:5,(anonymous_11)
FNDA:2,saveFavs
DA:46,7
DA:47,7
DA:48,7
DA:49,7
DA:50,7
DA:62,110
DA:70,83
DA:78,3
DA:79,3
DA:80,3
DA:82,3
DA:91,7
DA:92,7
DA:93,7
DA:95,7
DA:96,2
DA:97,2
DA:98,2
DA:99,2
DA:102,7
DA:103,2
DA:104,2
DA:108,7
DA:110,7
DA:123,5
DA:124,5
DA:131,2
LF:27
LH:27
BRDA:46,0,0,7
BRDA:46,0,1,6
BRDA:47,1,0,7
BRDA:47,1,1,1
BRDA:48,2,0,1
BRDA:48,2,1,6
BRDA:50,3,0,7
BRDA:50,3,1,6
BRDA:70,4,0,44
BRDA:70,4,1,1
BRDA:93,5,0,2
BRDA:93,5,1,5
BRDA:99,6,0,2
BRDA:99,6,1,0
BRDA:103,7,0,1
BRDA:103,7,1,1
BRF:16
BRH:15
end_of_record
TN:
SF:js\b-cart-pill.js
FN:56,_clamp
FN:58,_savePos
FN:62,_loadPos
FN:66,_snapToEdge
FN:86,(anonymous_4)
FN:92,_buildPopover
FN:99,(anonymous_6)
FN:130,_closePopover
FN:134,_positionPopover
FN:152,_renderPill
FN:168,_onDragStart
FN:191,_onDragMove
FN:210,_onDragEnd
FN:235,_init
FN:270,(anonymous_14)
FN:277,(anonymous_15)
FN:290,(anonymous_16)
FN:304,_isCataloguePage
FN:308,_shouldInit
FN:313,(anonymous_19)
FNF:20
FNH:18
FNDA:23,_clamp
FNDA:6,_savePos
FNDA:19,_loadPos
FNDA:6,_snapToEdge
FNDA:0,(anonymous_4)
FNDA:6,_buildPopover
FNDA:6,(anonymous_6)
FNDA:28,_closePopover
FNDA:7,_positionPopover
FNDA:34,_renderPill
FNDA:11,_onDragStart
FNDA:4,_onDragMove
FNDA:11,_onDragEnd
FNDA:19,_init
FNDA:2,(anonymous_14)
FNDA:2,(anonymous_15)
FNDA:17,(anonymous_16)
FNDA:22,_isCataloguePage
FNDA:20,_shouldInit
FNDA:0,(anonymous_19)
DA:38,23
DA:39,23
DA:40,23
DA:43,23
DA:44,23
DA:45,23
DA:48,23
DA:49,23
DA:50,23
DA:51,23
DA:52,23
DA:53,23
DA:56,23
DA:59,6
DA:63,19
DA:67,6
DA:68,6
DA:69,6
DA:70,6
DA:71,6
DA:72,6
DA:73,6
DA:76,6
DA:81,6
DA:83,6
DA:84,6
DA:85,6
DA:86,6
DA:88,6
DA:93,6
DA:94,6
DA:96,6
DA:97,6
DA:99,6
DA:100,6
DA:101,6
DA:102,6
DA:103,6
DA:104,6
DA:114,6
DA:125,6
DA:126,6
DA:127,6
DA:131,28
DA:135,7
DA:136,7
DA:137,7
DA:138,7
DA:141,7
DA:142,7
DA:143,7
DA:145,7
DA:147,7
DA:148,7
DA:153,34
DA:154,34
DA:155,34
DA:156,34
DA:158,34
DA:159,34
DA:161,13
DA:169,11
DA:170,11
DA:171,11
DA:172,11
DA:173,11
DA:174,11
DA:175,11
DA:176,11
DA:181,11
DA:182,0
DA:183,0
DA:184,0
DA:186,11
DA:187,11
DA:192,4
DA:193,4
DA:194,4
DA:195,4
DA:197,4
DA:198,4
DA:199,4
DA:200,4
DA:201,4
DA:202,4
DA:203,4
DA:204,4
DA:205,4
DA:206,4
DA:211,11
DA:212,11
DA:213,11
DA:214,11
DA:215,11
DA:217,11
DA:218,4
DA:219,4
DA:223,7
DA:224,0
DA:226,7
DA:227,1
DA:229,6
DA:236,19
DA:241,19
DA:242,19
DA:243,19
DA:244,19
DA:247,19
DA:248,19
DA:250,19
DA:251,19
DA:254,19
DA:255,19
DA:256,1
DA:257,1
DA:260,18
DA:261,18
DA:266,19
DA:267,19
DA:270,19
DA:271,2
DA:272,1
DA:277,19
DA:278,2
DA:279,2
DA:282,19
DA:283,19
DA:290,23
DA:291,17
DA:292,16
DA:293,2
DA:294,1
DA:296,15
DA:297,15
DA:298,0
DA:305,22
DA:309,20
DA:312,23
DA:313,3
DA:314,0
DA:317,20
LF:141
LH:135
BRDA:67,0,0,0
BRDA:67,0,1,6
BRDA:72,1,0,6
BRDA:72,1,1,1
BRDA:73,2,0,6
BRDA:73,2,1,0
BRDA:76,3,0,3
BRDA:76,3,1,3
BRDA:86,4,0,0
BRDA:86,4,1,0
BRDA:94,5,0,0
BRDA:94,5,1,6
BRDA:100,6,0,6
BRDA:100,6,1,0
BRDA:101,7,0,6
BRDA:101,7,1,0
BRDA:101,7,2,0
BRDA:102,8,0,0
BRDA:102,8,1,6
BRDA:103,9,0,6
BRDA:103,9,1,6
BRDA:103,10,0,0
BRDA:103,10,1,6
BRDA:106,11,0,0
BRDA:106,11,1,6
BRDA:131,12,0,28
BRDA:131,12,1,0
BRDA:135,13,0,0
BRDA:135,13,1,7
BRDA:135,14,0,7
BRDA:135,14,1,7
BRDA:138,15,0,7
BRDA:138,15,1,7
BRDA:142,16,0,0
BRDA:142,16,1,7
BRDA:143,17,0,0
BRDA:143,17,1,7
BRDA:153,18,0,0
BRDA:153,18,1,34
BRDA:159,19,0,21
BRDA:159,19,1,13
BRDA:169,20,0,0
BRDA:169,20,1,11
BRDA:172,21,0,11
BRDA:172,21,1,0
BRDA:173,22,0,11
BRDA:173,22,1,0
BRDA:181,23,0,0
BRDA:181,23,1,11
BRDA:192,24,0,0
BRDA:192,24,1,4
BRDA:197,25,0,4
BRDA:197,25,1,0
BRDA:217,26,0,4
BRDA:217,26,1,7
BRDA:223,27,0,0
BRDA:223,27,1,7
BRDA:223,28,0,7
BRDA:223,28,1,7
BRDA:223,28,2,0
BRDA:226,29,0,1
BRDA:226,29,1,6
BRDA:236,30,0,0
BRDA:236,30,1,19
BRDA:255,31,0,1
BRDA:255,31,1,18
BRDA:271,32,0,1
BRDA:271,32,1,1
BRDA:271,33,0,2
BRDA:271,33,1,2
BRDA:271,33,2,1
BRDA:279,34,0,1
BRDA:279,34,1,1
BRDA:291,35,0,1
BRDA:291,35,1,16
BRDA:292,36,0,2
BRDA:292,36,1,14
BRDA:293,37,0,1
BRDA:293,37,1,1
BRDA:297,38,0,0
BRDA:297,38,1,15
BRDA:297,39,0,15
BRDA:297,39,1,15
BRDA:305,40,0,22
BRDA:305,40,1,3
BRDA:309,41,0,20
BRDA:309,41,1,19
BRDA:312,42,0,3
BRDA:312,42,1,20
BRDA:314,43,0,0
BRDA:314,43,1,0
BRDA:317,44,0,18
BRDA:317,44,1,2
BRF:93
BRH:65
end_of_record
TN:
SF:js\b-cart-product-open-style.js
FN:18,setupCartProductOpenStyle
FN:30,(anonymous_1)
FN:35,(anonymous_2)
FN:45,(anonymous_3)
FN:50,(anonymous_4)
FNF:5
FNH:4
FNDA:3,setupCartProductOpenStyle
FNDA:2,(anonymous_1)
FNDA:1,(anonymous_2)
FNDA:3,(anonymous_3)
FNDA:0,(anonymous_4)
DA:29,3
DA:31,2
DA:32,2
DA:36,1
DA:44,3
DA:46,3
DA:47,2
DA:51,0
LF:8
LH:7
BRDA:31,0,0,2
BRDA:31,0,1,0
BRDA:31,1,0,2
BRDA:31,1,1,2
BRDA:46,2,0,2
BRDA:46,2,1,1
BRDA:46,3,0,3
BRDA:46,3,1,3
BRF:8
BRH:7
end_of_record
TN:
SF:js\b-cart.js
FN:54,flyToCart
FN:118,animateArc
FN:160,(anonymous_2)
FN:164,(anonymous_3)
FN:166,(anonymous_4)
FN:175,(anonymous_5)
FN:185,addToCart
FN:197,(anonymous_7)
FN:237,(anonymous_8)
FN:255,(anonymous_9)
FN:260,(anonymous_10)
FN:266,(anonymous_11)
FN:271,(anonymous_12)
FN:277,(anonymous_13)
FN:308,setQty
FN:311,(anonymous_15)
FN:326,markAllCartButtons
FN:328,(anonymous_17)
FN:332,(anonymous_18)
FN:335,(anonymous_19)
FN:355,removeFromCart
FN:357,(anonymous_21)
FN:369,quickAdd
FN:371,(anonymous_23)
FN:385,quickRemove
FN:387,(anonymous_25)
FN:402,toggleFav
FN:414,(anonymous_27)
FN:431,openCart
FN:452,closeCart
FN:467,openCartWithHighlight
FN:472,(anonymous_31)
FN:485,(anonymous_32)
FN:495,renderCartBody
FN:521,(anonymous_34)
FN:525,(anonymous_35)
FN:533,(anonymous_36)
FN:555,(anonymous_37)
FN:569,(anonymous_38)
FN:594,(anonymous_39)
FN:605,(anonymous_40)
FN:625,(anonymous_41)
FN:672,(anonymous_42)
FN:680,(anonymous_43)
FN:681,(anonymous_44)
FN:692,(anonymous_45)
FN:693,(anonymous_46)
FN:702,(anonymous_47)
FN:704,(anonymous_48)
FN:706,(anonymous_49)
FN:715,(anonymous_50)
FN:723,(anonymous_51)
FN:725,(anonymous_52)
FN:727,(anonymous_53)
FN:762,buildCartShareURL
FN:765,(anonymous_55)
FN:786,_buildFallbackCartURL
FN:788,(anonymous_57)
FN:798,_closeShareModal
FN:804,showShareChoiceModal
FN:809,_showEventForm
FN:811,_doEventShare
FN:813,shareCartWhatsApp
FN:822,loadSharedCart
FN:837,(anonymous_64)
FN:840,(anonymous_65)
FN:844,(anonymous_66)
FN:849,(anonymous_67)
FN:850,(anonymous_68)
FN:857,(anonymous_69)
FN:868,(anonymous_70)
FN:879,_loadSharedCartFromAPI
FN:884,(anonymous_72)
FN:890,(anonymous_73)
FN:893,(anonymous_74)
FN:900,(anonymous_75)
FN:918,(anonymous_76)
FN:940,setupLongPressSteppers
FN:957,closeActiveStepper
FN:962,(anonymous_79)
FN:972,resetAutoClose
FN:981,openStepper
FN:987,(anonymous_82)
FN:1007,(anonymous_83)
FN:1010,(anonymous_84)
FN:1023,(anonymous_85)
FN:1026,(anonymous_86)
FN:1041,startPress
FN:1048,(anonymous_88)
FN:1059,endPress
FN:1078,cancelPress
FN:1080,(anonymous_91)
FN:1097,(anonymous_92)
FN:1108,(anonymous_93)
FN:1124,adaptivePlaceholder
FN:1129,(anonymous_95)
FN:1161,_renderFloatingIndex
FN:1175,(anonymous_97)
FN:1185,(anonymous_98)
FN:1195,(anonymous_99)
FN:1212,(anonymous_100)
FN:1214,(anonymous_101)
FN:1219,(anonymous_102)
FN:1224,(anonymous_103)
FN:1233,(anonymous_104)
FN:1246,renderSideCart
FN:1296,(anonymous_106)
FN:1345,(anonymous_107)
FN:1353,(anonymous_108)
FN:1370,(anonymous_109)
FN:1425,(anonymous_110)
FN:1432,(anonymous_111)
FN:1433,(anonymous_112)
FN:1450,(anonymous_113)
FN:1452,(anonymous_114)
FN:1467,(anonymous_115)
FN:1469,(anonymous_116)
FN:1471,(anonymous_117)
FN:1485,(anonymous_118)
FN:1491,(anonymous_119)
FN:1493,(anonymous_120)
FN:1495,(anonymous_121)
FN:1508,(anonymous_122)
FN:1524,(anonymous_123)
FN:1548,clearCart
FN:1559,pruneObsoleteCart
FN:1561,(anonymous_126)
FNF:127
FNH:35
FNDA:3,flyToCart
FNDA:51,animateArc
FNDA:0,(anonymous_2)
FNDA:0,(anonymous_3)
FNDA:0,(anonymous_4)
FNDA:2,(anonymous_5)
FNDA:13,addToCart
FNDA:2,(anonymous_7)
FNDA:1,(anonymous_8)
FNDA:0,(anonymous_9)
FNDA:0,(anonymous_10)
FNDA:0,(anonymous_11)
FNDA:1,(anonymous_12)
FNDA:0,(anonymous_13)
FNDA:5,setQty
FNDA:4,(anonymous_15)
FNDA:22,markAllCartButtons
FNDA:19,(anonymous_17)
FNDA:3,(anonymous_18)
FNDA:2,(anonymous_19)
FNDA:4,removeFromCart
FNDA:5,(anonymous_21)
FNDA:2,quickAdd
FNDA:1,(anonymous_23)
FNDA:3,quickRemove
FNDA:2,(anonymous_25)
FNDA:2,toggleFav
FNDA:1,(anonymous_27)
FNDA:2,openCart
FNDA:2,closeCart
FNDA:2,openCartWithHighlight
FNDA:1,(anonymous_31)
FNDA:1,(anonymous_32)
FNDA:15,renderCartBody
FNDA:0,(anonymous_34)
FNDA:0,(anonymous_35)
FNDA:10,(anonymous_36)
FNDA:0,(anonymous_37)
FNDA:0,(anonymous_38)
FNDA:0,(anonymous_39)
FNDA:0,(anonymous_40)
FNDA:0,(anonymous_41)
FNDA:0,(anonymous_42)
FNDA:0,(anonymous_43)
FNDA:0,(anonymous_44)
FNDA:0,(anonymous_45)
FNDA:0,(anonymous_46)
FNDA:0,(anonymous_47)
FNDA:0,(anonymous_48)
FNDA:0,(anonymous_49)
FNDA:0,(anonymous_50)
FNDA:0,(anonymous_51)
FNDA:0,(anonymous_52)
FNDA:0,(anonymous_53)
FNDA:0,buildCartShareURL
FNDA:0,(anonymous_55)
FNDA:0,_buildFallbackCartURL
FNDA:0,(anonymous_57)
FNDA:0,_closeShareModal
FNDA:0,showShareChoiceModal
FNDA:0,_showEventForm
FNDA:0,_doEventShare
FNDA:0,shareCartWhatsApp
FNDA:0,loadSharedCart
FNDA:0,(anonymous_64)
FNDA:0,(anonymous_65)
FNDA:0,(anonymous_66)
FNDA:0,(anonymous_67)
FNDA:0,(anonymous_68)
FNDA:0,(anonymous_69)
FNDA:0,(anonymous_70)
FNDA:0,_loadSharedCartFromAPI
FNDA:0,(anonymous_72)
FNDA:0,(anonymous_73)
FNDA:0,(anonymous_74)
FNDA:0,(anonymous_75)
FNDA:0,(anonymous_76)
FNDA:1,setupLongPressSteppers
FNDA:0,closeActiveStepper
FNDA:0,(anonymous_79)
FNDA:0,resetAutoClose
FNDA:0,openStepper
FNDA:0,(anonymous_82)
FNDA:0,(anonymous_83)
FNDA:0,(anonymous_84)
FNDA:0,(anonymous_85)
FNDA:0,(anonymous_86)
FNDA:0,startPress
FNDA:0,(anonymous_88)
FNDA:0,endPress
FNDA:0,cancelPress
FNDA:0,(anonymous_91)
FNDA:0,(anonymous_92)
FNDA:0,(anonymous_93)
FNDA:1,adaptivePlaceholder
FNDA:1,(anonymous_95)
FNDA:0,_renderFloatingIndex
FNDA:0,(anonymous_97)
FNDA:0,(anonymous_98)
FNDA:0,(anonymous_99)
FNDA:0,(anonymous_100)
FNDA:0,(anonymous_101)
FNDA:0,(anonymous_102)
FNDA:0,(anonymous_103)
FNDA:0,(anonymous_104)
FNDA:1,renderSideCart
FNDA:0,(anonymous_106)
FNDA:0,(anonymous_107)
FNDA:0,(anonymous_108)
FNDA:0,(anonymous_109)
FNDA:0,(anonymous_110)
FNDA:0,(anonymous_111)
FNDA:0,(anonymous_112)
FNDA:0,(anonymous_113)
FNDA:0,(anonymous_114)
FNDA:0,(anonymous_115)
FNDA:0,(anonymous_116)
FNDA:0,(anonymous_117)
FNDA:0,(anonymous_118)
FNDA:0,(anonymous_119)
FNDA:0,(anonymous_120)
FNDA:0,(anonymous_121)
FNDA:0,(anonymous_122)
FNDA:0,(anonymous_123)
FNDA:1,clearCart
FNDA:2,pruneObsoleteCart
FNDA:3,(anonymous_126)
DA:41,1
DA:55,3
DA:56,3
DA:57,3
DA:58,3
DA:59,3
DA:60,3
DA:61,3
DA:62,3
DA:65,3
DA:66,3
DA:78,3
DA:79,0
DA:80,0
DA:81,0
DA:82,0
DA:84,3
DA:86,3
DA:89,3
DA:90,3
DA:91,18
DA:92,18
DA:99,18
DA:100,18
DA:104,3
DA:105,3
DA:106,3
DA:107,3
DA:110,3
DA:111,3
DA:119,51
DA:120,51
DA:121,51
DA:122,51
DA:123,51
DA:124,51
DA:125,51
DA:126,51
DA:127,51
DA:129,51
DA:130,51
DA:131,51
DA:132,51
DA:133,51
DA:135,51
DA:136,306
DA:137,306
DA:138,306
DA:139,119
DA:140,119
DA:141,119
DA:142,119
DA:143,119
DA:144,119
DA:145,119
DA:146,119
DA:147,119
DA:151,51
DA:152,51
DA:155,0
DA:156,0
DA:157,0
DA:158,0
DA:159,0
DA:160,0
DA:161,0
DA:162,0
DA:164,0
DA:165,0
DA:166,0
DA:169,0
DA:170,0
DA:171,0
DA:175,3
DA:186,13
DA:189,13
DA:190,13
DA:191,13
DA:193,0
DA:194,0
DA:197,13
DA:198,2
DA:202,13
DA:203,2
DA:204,2
DA:205,2
DA:206,2
DA:207,2
DA:208,2
DA:210,11
DA:223,13
DA:224,3
DA:227,13
DA:229,13
DA:231,13
DA:234,13
DA:235,1
DA:236,1
DA:237,1
DA:238,1
DA:239,1
DA:240,1
DA:245,13
DA:250,13
DA:255,13
DA:257,0
DA:258,0
DA:259,0
DA:260,0
DA:263,0
DA:264,0
DA:265,0
DA:266,0
DA:269,13
DA:271,1
DA:272,1
DA:273,1
DA:274,1
DA:275,1
DA:276,1
DA:277,1
DA:278,0
DA:280,0
DA:281,0
DA:282,0
DA:284,0
DA:288,12
DA:291,1
DA:293,1
DA:295,11
DA:297,1
DA:309,5
DA:310,5
DA:311,4
DA:312,4
DA:313,3
DA:314,3
DA:315,3
DA:316,3
DA:317,3
DA:328,22
DA:332,22
DA:333,3
DA:334,3
DA:335,2
DA:336,2
DA:338,2
DA:344,1
DA:345,1
DA:356,4
DA:357,5
DA:358,4
DA:359,4
DA:360,4
DA:370,2
DA:371,2
DA:373,2
DA:374,1
DA:375,1
DA:378,1
DA:386,3
DA:387,3
DA:388,3
DA:389,2
DA:390,1
DA:392,1
DA:403,2
DA:404,2
DA:405,1
DA:406,1
DA:407,1
DA:408,1
DA:410,1
DA:411,1
DA:412,1
DA:413,1
DA:414,1
DA:415,1
DA:417,2
DA:432,2
DA:433,2
DA:438,2
DA:439,1
DA:440,1
DA:443,1
DA:444,1
DA:445,1
DA:446,1
DA:453,2
DA:454,2
DA:455,2
DA:456,2
DA:457,2
DA:458,1
DA:459,1
DA:468,2
DA:470,2
DA:471,2
DA:472,2
DA:473,1
DA:474,1
DA:478,2
DA:479,1
DA:480,1
DA:481,1
DA:482,1
DA:485,2
DA:486,1
DA:487,1
DA:496,15
DA:500,15
DA:501,6
DA:503,9
DA:506,15
DA:507,6
DA:516,6
DA:519,6
DA:520,6
DA:521,0
DA:522,0
DA:523,0
DA:525,0
DA:526,0
DA:527,0
DA:530,6
DA:533,9
DA:534,10
DA:535,10
DA:536,10
DA:538,10
DA:539,10
DA:540,10
DA:543,10
DA:544,10
DA:545,10
DA:546,0
DA:547,0
DA:548,0
DA:549,0
DA:550,0
DA:552,10
DA:555,10
DA:556,0
DA:557,0
DA:559,10
DA:562,10
DA:563,10
DA:565,10
DA:566,10
DA:567,10
DA:569,10
DA:570,0
DA:571,0
DA:573,10
DA:575,10
DA:576,4
DA:577,4
DA:578,4
DA:579,4
DA:582,10
DA:583,10
DA:584,10
DA:585,10
DA:588,10
DA:589,10
DA:591,10
DA:592,10
DA:593,10
DA:594,10
DA:595,10
DA:597,10
DA:598,10
DA:599,10
DA:600,10
DA:602,10
DA:603,10
DA:604,10
DA:605,10
DA:606,10
DA:608,10
DA:611,10
DA:612,3
DA:613,3
DA:614,3
DA:615,3
DA:618,10
DA:621,10
DA:622,10
DA:623,10
DA:624,10
DA:625,10
DA:626,10
DA:628,10
DA:632,9
DA:639,9
DA:640,9
DA:641,9
DA:642,9
DA:643,9
DA:644,9
DA:647,9
DA:650,9
DA:651,9
DA:652,0
DA:653,0
DA:655,0
DA:667,0
DA:668,0
DA:669,0
DA:672,0
DA:673,0
DA:674,0
DA:675,0
DA:676,0
DA:677,0
DA:679,0
DA:680,0
DA:681,0
DA:682,0
DA:683,0
DA:684,0
DA:686,0
DA:687,0
DA:688,0
DA:693,0
DA:695,0
DA:696,0
DA:698,0
DA:699,0
DA:700,0
DA:701,0
DA:702,0
DA:703,0
DA:704,0
DA:705,0
DA:706,0
DA:709,0
DA:710,0
DA:715,0
DA:716,0
DA:718,0
DA:719,0
DA:720,0
DA:721,0
DA:722,0
DA:723,0
DA:724,0
DA:725,0
DA:726,0
DA:727,0
DA:730,9
DA:731,0
DA:734,9
DA:735,9
DA:738,9
DA:739,9
DA:740,9
DA:741,9
DA:742,9
DA:743,9
DA:746,9
DA:747,9
DA:748,0
DA:750,9
DA:763,0
DA:764,0
DA:766,0
DA:776,0
DA:777,0
DA:778,0
DA:788,0
DA:789,0
DA:791,0
DA:799,0
DA:800,0
DA:823,0
DA:826,0
DA:827,0
DA:828,0
DA:829,0
DA:830,0
DA:834,0
DA:835,0
DA:837,0
DA:838,0
DA:839,0
DA:840,0
DA:842,0
DA:844,0
DA:845,0
DA:846,0
DA:848,0
DA:849,0
DA:850,0
DA:851,0
DA:854,0
DA:855,0
DA:856,0
DA:857,0
DA:858,0
DA:859,0
DA:860,0
DA:861,0
DA:863,0
DA:866,0
DA:868,0
DA:869,0
DA:870,0
DA:881,0
DA:882,0
DA:884,0
DA:885,0
DA:886,0
DA:888,0
DA:889,0
DA:890,0
DA:892,0
DA:893,0
DA:894,0
DA:897,0
DA:898,0
DA:899,0
DA:900,0
DA:901,0
DA:902,0
DA:903,0
DA:904,0
DA:905,0
DA:907,0
DA:910,0
DA:911,0
DA:912,0
DA:916,0
DA:918,0
DA:919,0
DA:920,0
DA:923,0
DA:924,0
DA:940,1
DA:941,1
DA:942,1
DA:943,1
DA:944,1
DA:945,1
DA:946,1
DA:958,0
DA:959,0
DA:960,0
DA:961,0
DA:962,0
DA:964,0
DA:965,0
DA:966,0
DA:973,0
DA:974,0
DA:983,0
DA:985,0
DA:986,0
DA:987,0
DA:988,0
DA:991,0
DA:994,0
DA:995,0
DA:996,0
DA:1002,0
DA:1003,0
DA:1004,0
DA:1007,0
DA:1008,0
DA:1009,0
DA:1010,0
DA:1011,0
DA:1012,0
DA:1014,0
DA:1015,0
DA:1017,0
DA:1018,0
DA:1019,0
DA:1023,0
DA:1024,0
DA:1025,0
DA:1026,0
DA:1027,0
DA:1028,0
DA:1029,0
DA:1030,0
DA:1033,0
DA:1042,0
DA:1043,0
DA:1045,0
DA:1046,0
DA:1048,0
DA:1049,0
DA:1050,0
DA:1051,0
DA:1060,0
DA:1061,0
DA:1063,0
DA:1064,0
DA:1065,0
DA:1068,0
DA:1069,0
DA:1070,0
DA:1072,0
DA:1079,0
DA:1080,0
DA:1081,0
DA:1083,0
DA:1087,1
DA:1088,1
DA:1090,1
DA:1091,1
DA:1093,1
DA:1094,1
DA:1097,1
DA:1098,0
DA:1100,0
DA:1102,0
DA:1103,0
DA:1108,1
DA:1109,0
DA:1110,0
DA:1111,0
DA:1112,0
DA:1124,1
DA:1129,1
DA:1130,1
DA:1131,1
DA:1132,0
DA:1133,0
DA:1134,0
DA:1135,0
DA:1136,0
DA:1138,0
DA:1142,1
DA:1143,0
DA:1145,1
DA:1147,1
DA:1162,0
DA:1163,0
DA:1166,0
DA:1169,0
DA:1170,0
DA:1174,0
DA:1176,0
DA:1177,0
DA:1181,0
DA:1182,0
DA:1183,0
DA:1185,0
DA:1186,0
DA:1187,0
DA:1188,0
DA:1189,0
DA:1190,0
DA:1191,0
DA:1192,0
DA:1193,0
DA:1194,0
DA:1195,0
DA:1196,0
DA:1197,0
DA:1198,0
DA:1200,0
DA:1203,0
DA:1206,0
DA:1208,0
DA:1209,0
DA:1210,0
DA:1211,0
DA:1212,0
DA:1213,0
DA:1214,0
DA:1215,0
DA:1216,0
DA:1217,0
DA:1219,0
DA:1220,0
DA:1223,0
DA:1224,0
DA:1225,0
DA:1227,0
DA:1228,0
DA:1232,0
DA:1233,0
DA:1236,1
DA:1247,1
DA:1248,1
DA:1249,1
DA:1250,1
DA:1253,1
DA:1254,0
DA:1255,0
DA:1256,0
DA:1258,0
DA:1259,0
DA:1263,1
DA:1264,0
DA:1269,0
DA:1274,0
DA:1277,0
DA:1278,0
DA:1279,0
DA:1282,0
DA:1285,0
DA:1286,0
DA:1289,0
DA:1290,0
DA:1293,0
DA:1294,0
DA:1295,0
DA:1296,0
DA:1297,0
DA:1298,0
DA:1299,0
DA:1300,0
DA:1301,0
DA:1302,0
DA:1303,0
DA:1306,0
DA:1307,0
DA:1312,0
DA:1313,0
DA:1317,0
DA:1339,0
DA:1343,0
DA:1344,0
DA:1345,0
DA:1346,0
DA:1347,0
DA:1348,0
DA:1349,0
DA:1352,0
DA:1353,0
DA:1354,0
DA:1355,0
DA:1356,0
DA:1357,0
DA:1358,0
DA:1359,0
DA:1360,0
DA:1367,0
DA:1368,0
DA:1369,0
DA:1370,0
DA:1373,0
DA:1374,0
DA:1375,0
DA:1376,0
DA:1377,0
DA:1378,0
DA:1385,0
DA:1388,0
DA:1389,0
DA:1390,0
DA:1391,0
DA:1392,0
DA:1393,0
DA:1396,0
DA:1397,0
DA:1398,0
DA:1399,0
DA:1400,0
DA:1402,0
DA:1416,0
DA:1417,0
DA:1418,0
DA:1422,0
DA:1423,0
DA:1424,0
DA:1425,0
DA:1426,0
DA:1427,0
DA:1428,0
DA:1429,0
DA:1431,0
DA:1432,0
DA:1433,0
DA:1435,0
DA:1436,0
DA:1437,0
DA:1440,0
DA:1441,0
DA:1443,0
DA:1445,0
DA:1451,0
DA:1452,0
DA:1453,0
DA:1455,0
DA:1461,0
DA:1462,0
DA:1464,0
DA:1467,0
DA:1468,0
DA:1469,0
DA:1470,0
DA:1471,0
DA:1474,0
DA:1475,0
DA:1476,0
DA:1482,0
DA:1483,0
DA:1484,0
DA:1485,0
DA:1486,0
DA:1488,0
DA:1489,0
DA:1491,0
DA:1492,0
DA:1493,0
DA:1494,0
DA:1495,0
DA:1501,0
DA:1505,0
DA:1506,0
DA:1507,0
DA:1508,0
DA:1511,0
DA:1521,0
DA:1522,0
DA:1523,0
DA:1524,0
DA:1525,0
DA:1526,0
DA:1527,0
DA:1528,0
DA:1529,0
DA:1537,1
DA:1549,1
DA:1550,1
DA:1551,1
DA:1560,2
DA:1561,3
DA:1562,2
LF:734
LH:303
BRDA:56,0,0,0
BRDA:56,0,1,3
BRDA:56,1,0,3
BRDA:56,1,1,3
BRDA:78,2,0,0
BRDA:78,2,1,3
BRDA:119,3,0,2
BRDA:119,3,1,49
BRDA:122,4,0,51
BRDA:122,4,1,0
BRDA:138,5,0,119
BRDA:138,5,1,187
BRDA:138,6,0,306
BRDA:138,6,1,119
BRDA:151,7,0,51
BRDA:151,7,1,0
BRDA:186,8,0,13
BRDA:186,8,1,5
BRDA:191,9,0,0
BRDA:191,9,1,13
BRDA:191,10,0,13
BRDA:191,10,1,0
BRDA:191,10,2,0
BRDA:191,10,3,0
BRDA:198,11,0,2
BRDA:198,11,1,2
BRDA:198,12,0,2
BRDA:198,12,1,1
BRDA:199,13,0,2
BRDA:199,13,1,2
BRDA:202,14,0,2
BRDA:202,14,1,11
BRDA:204,15,0,1
BRDA:204,15,1,1
BRDA:205,16,0,0
BRDA:205,16,1,2
BRDA:206,17,0,1
BRDA:206,17,1,1
BRDA:207,18,0,1
BRDA:207,18,1,1
BRDA:207,19,0,1
BRDA:207,19,1,0
BRDA:207,19,2,0
BRDA:208,20,0,2
BRDA:208,20,1,0
BRDA:208,21,0,2
BRDA:208,21,1,1
BRDA:208,21,2,1
BRDA:214,22,0,11
BRDA:214,22,1,2
BRDA:214,22,2,1
BRDA:215,23,0,11
BRDA:215,23,1,11
BRDA:215,23,2,11
BRDA:223,24,0,3
BRDA:223,24,1,10
BRDA:231,25,0,13
BRDA:231,25,1,3
BRDA:234,26,0,1
BRDA:234,26,1,12
BRDA:234,27,0,13
BRDA:234,27,1,3
BRDA:234,27,2,2
BRDA:269,28,0,1
BRDA:269,28,1,12
BRDA:280,29,0,0
BRDA:280,29,1,0
BRDA:282,30,0,0
BRDA:282,30,1,0
BRDA:288,31,0,1
BRDA:288,31,1,11
BRDA:291,32,0,1
BRDA:291,32,1,0
BRDA:295,33,0,1
BRDA:295,33,1,10
BRDA:297,34,0,1
BRDA:297,34,1,0
BRDA:310,35,0,1
BRDA:310,35,1,4
BRDA:312,36,0,3
BRDA:312,36,1,1
BRDA:334,37,0,2
BRDA:334,37,1,1
BRDA:373,38,0,1
BRDA:373,38,1,1
BRDA:388,39,0,1
BRDA:388,39,1,2
BRDA:389,40,0,1
BRDA:389,40,1,1
BRDA:404,41,0,1
BRDA:404,41,1,1
BRDA:438,42,0,1
BRDA:438,42,1,1
BRDA:457,43,0,1
BRDA:457,43,1,1
BRDA:478,44,0,1
BRDA:478,44,1,1
BRDA:487,45,0,1
BRDA:487,45,1,0
BRDA:500,46,0,6
BRDA:500,46,1,9
BRDA:506,47,0,6
BRDA:506,47,1,9
BRDA:520,48,0,0
BRDA:520,48,1,6
BRDA:523,49,0,0
BRDA:523,49,1,0
BRDA:527,50,0,0
BRDA:527,50,1,0
BRDA:535,51,0,10
BRDA:535,51,1,5
BRDA:536,52,0,10
BRDA:536,52,1,3
BRDA:539,53,0,3
BRDA:539,53,1,7
BRDA:545,54,0,0
BRDA:545,54,1,10
BRDA:548,55,0,0
BRDA:548,55,1,0
BRDA:567,56,0,10
BRDA:567,56,1,7
BRDA:575,57,0,4
BRDA:575,57,1,6
BRDA:611,58,0,3
BRDA:611,58,1,7
BRDA:643,59,0,0
BRDA:643,59,1,9
BRDA:643,60,0,0
BRDA:643,60,1,0
BRDA:644,61,0,0
BRDA:644,61,1,9
BRDA:644,62,0,0
BRDA:644,62,1,0
BRDA:647,63,0,0
BRDA:647,63,1,9
BRDA:647,64,0,0
BRDA:647,64,1,0
BRDA:651,65,0,0
BRDA:651,65,1,9
BRDA:651,66,0,9
BRDA:651,66,1,0
BRDA:668,67,0,0
BRDA:668,67,1,0
BRDA:676,68,0,0
BRDA:676,68,1,0
BRDA:677,69,0,0
BRDA:677,69,1,0
BRDA:679,70,0,0
BRDA:679,70,1,0
BRDA:680,71,0,0
BRDA:680,71,1,0
BRDA:680,72,0,0
BRDA:680,72,1,0
BRDA:682,73,0,0
BRDA:682,73,1,0
BRDA:683,74,0,0
BRDA:683,74,1,0
BRDA:693,75,0,0
BRDA:693,75,1,0
BRDA:693,76,0,0
BRDA:693,76,1,0
BRDA:693,76,2,0
BRDA:709,77,0,0
BRDA:709,77,1,0
BRDA:709,78,0,0
BRDA:709,78,1,0
BRDA:716,79,0,0
BRDA:716,79,1,0
BRDA:730,80,0,0
BRDA:730,80,1,9
BRDA:730,81,0,9
BRDA:730,81,1,9
BRDA:741,82,0,0
BRDA:741,82,1,9
BRDA:742,83,0,0
BRDA:742,83,1,9
BRDA:742,84,0,0
BRDA:742,84,1,0
BRDA:743,85,0,0
BRDA:743,85,1,9
BRDA:747,86,0,0
BRDA:747,86,1,9
BRDA:763,87,0,0
BRDA:763,87,1,0
BRDA:769,88,0,0
BRDA:769,88,1,0
BRDA:769,88,2,0
BRDA:772,89,0,0
BRDA:772,89,1,0
BRDA:773,90,0,0
BRDA:773,90,1,0
BRDA:774,91,0,0
BRDA:774,91,1,0
BRDA:777,92,0,0
BRDA:777,92,1,0
BRDA:777,93,0,0
BRDA:777,93,1,0
BRDA:777,93,2,0
BRDA:777,94,0,0
BRDA:777,94,1,0
BRDA:800,95,0,0
BRDA:800,95,1,0
BRDA:827,96,0,0
BRDA:827,96,1,0
BRDA:835,97,0,0
BRDA:835,97,1,0
BRDA:839,98,0,0
BRDA:839,98,1,0
BRDA:842,99,0,0
BRDA:842,99,1,0
BRDA:845,100,0,0
BRDA:845,100,1,0
BRDA:845,101,0,0
BRDA:845,101,1,0
BRDA:851,102,0,0
BRDA:851,102,1,0
BRDA:854,103,0,0
BRDA:854,103,1,0
BRDA:858,104,0,0
BRDA:858,104,1,0
BRDA:870,105,0,0
BRDA:870,105,1,0
BRDA:885,106,0,0
BRDA:885,106,1,0
BRDA:885,107,0,0
BRDA:885,107,1,0
BRDA:889,108,0,0
BRDA:889,108,1,0
BRDA:889,108,2,0
BRDA:892,109,0,0
BRDA:892,109,1,0
BRDA:892,109,2,0
BRDA:894,110,0,0
BRDA:894,110,1,0
BRDA:894,111,0,0
BRDA:894,111,1,0
BRDA:897,112,0,0
BRDA:897,112,1,0
BRDA:901,113,0,0
BRDA:901,113,1,0
BRDA:901,113,2,0
BRDA:902,114,0,0
BRDA:902,114,1,0
BRDA:907,115,0,0
BRDA:907,115,1,0
BRDA:911,116,0,0
BRDA:911,116,1,0
BRDA:911,117,0,0
BRDA:911,117,1,0
BRDA:920,118,0,0
BRDA:920,118,1,0
BRDA:958,119,0,0
BRDA:958,119,1,0
BRDA:960,120,0,0
BRDA:960,120,1,0
BRDA:966,121,0,0
BRDA:966,121,1,0
BRDA:973,122,0,0
BRDA:973,122,1,0
BRDA:986,123,0,0
BRDA:986,123,1,0
BRDA:988,124,0,0
BRDA:988,124,1,0
BRDA:991,125,0,0
BRDA:991,125,1,0
BRDA:1011,126,0,0
BRDA:1011,126,1,0
BRDA:1012,127,0,0
BRDA:1012,127,1,0
BRDA:1027,128,0,0
BRDA:1027,128,1,0
BRDA:1043,129,0,0
BRDA:1043,129,1,0
BRDA:1061,130,0,0
BRDA:1061,130,1,0
BRDA:1063,131,0,0
BRDA:1063,131,1,0
BRDA:1068,132,0,0
BRDA:1068,132,1,0
BRDA:1079,133,0,0
BRDA:1079,133,1,0
BRDA:1098,134,0,0
BRDA:1098,134,1,0
BRDA:1100,135,0,0
BRDA:1100,135,1,0
BRDA:1102,136,0,0
BRDA:1102,136,1,0
BRDA:1110,137,0,0
BRDA:1110,137,1,0
BRDA:1110,138,0,0
BRDA:1110,138,1,0
BRDA:1131,139,0,1
BRDA:1131,139,1,0
BRDA:1133,140,0,0
BRDA:1133,140,1,0
BRDA:1135,141,0,0
BRDA:1135,141,1,0
BRDA:1142,142,0,0
BRDA:1142,142,1,1
BRDA:1163,143,0,0
BRDA:1163,143,1,0
BRDA:1166,144,0,0
BRDA:1166,144,1,0
BRDA:1166,145,0,0
BRDA:1166,145,1,0
BRDA:1170,146,0,0
BRDA:1170,146,1,0
BRDA:1177,147,0,0
BRDA:1177,147,1,0
BRDA:1187,148,0,0
BRDA:1187,148,1,0
BRDA:1206,149,0,0
BRDA:1206,149,1,0
BRDA:1208,150,0,0
BRDA:1208,150,1,0
BRDA:1208,151,0,0
BRDA:1208,151,1,0
BRDA:1208,151,2,0
BRDA:1211,152,0,0
BRDA:1211,152,1,0
BRDA:1213,153,0,0
BRDA:1213,153,1,0
BRDA:1215,154,0,0
BRDA:1215,154,1,0
BRDA:1217,155,0,0
BRDA:1217,155,1,0
BRDA:1223,156,0,0
BRDA:1223,156,1,0
BRDA:1228,157,0,0
BRDA:1228,157,1,0
BRDA:1228,158,0,0
BRDA:1228,158,1,0
BRDA:1253,159,0,0
BRDA:1253,159,1,1
BRDA:1254,160,0,0
BRDA:1254,160,1,0
BRDA:1263,161,0,1
BRDA:1263,161,1,0
BRDA:1274,162,0,0
BRDA:1274,162,1,0
BRDA:1278,163,0,0
BRDA:1278,163,1,0
BRDA:1286,164,0,0
BRDA:1286,164,1,0
BRDA:1290,165,0,0
BRDA:1290,165,1,0
BRDA:1294,166,0,0
BRDA:1294,166,1,0
BRDA:1299,167,0,0
BRDA:1299,167,1,0
BRDA:1300,168,0,0
BRDA:1300,168,1,0
BRDA:1302,169,0,0
BRDA:1302,169,1,0
BRDA:1302,169,2,0
BRDA:1306,170,0,0
BRDA:1306,170,1,0
BRDA:1307,171,0,0
BRDA:1307,171,1,0
BRDA:1312,172,0,0
BRDA:1312,172,1,0
BRDA:1312,172,2,0
BRDA:1313,173,0,0
BRDA:1313,173,1,0
BRDA:1320,174,0,0
BRDA:1320,174,1,0
BRDA:1343,175,0,0
BRDA:1343,175,1,0
BRDA:1349,176,0,0
BRDA:1349,176,1,0
BRDA:1349,177,0,0
BRDA:1349,177,1,0
BRDA:1349,177,2,0
BRDA:1350,178,0,0
BRDA:1350,178,1,0
BRDA:1350,178,2,0
BRDA:1352,179,0,0
BRDA:1352,179,1,0
BRDA:1353,180,0,0
BRDA:1353,180,1,0
BRDA:1354,181,0,0
BRDA:1354,181,1,0
BRDA:1355,182,0,0
BRDA:1355,182,1,0
BRDA:1357,183,0,0
BRDA:1357,183,1,0
BRDA:1359,184,0,0
BRDA:1359,184,1,0
BRDA:1368,185,0,0
BRDA:1368,185,1,0
BRDA:1368,186,0,0
BRDA:1368,186,1,0
BRDA:1391,187,0,0
BRDA:1391,187,1,0
BRDA:1391,188,0,0
BRDA:1391,188,1,0
BRDA:1392,189,0,0
BRDA:1392,189,1,0
BRDA:1392,190,0,0
BRDA:1392,190,1,0
BRDA:1393,191,0,0
BRDA:1393,191,1,0
BRDA:1393,192,0,0
BRDA:1393,192,1,0
BRDA:1397,193,0,0
BRDA:1397,193,1,0
BRDA:1398,194,0,0
BRDA:1398,194,1,0
BRDA:1417,195,0,0
BRDA:1417,195,1,0
BRDA:1423,196,0,0
BRDA:1423,196,1,0
BRDA:1423,197,0,0
BRDA:1423,197,1,0
BRDA:1427,198,0,0
BRDA:1427,198,1,0
BRDA:1429,199,0,0
BRDA:1429,199,1,0
BRDA:1431,200,0,0
BRDA:1431,200,1,0
BRDA:1432,201,0,0
BRDA:1432,201,1,0
BRDA:1432,202,0,0
BRDA:1432,202,1,0
BRDA:1435,203,0,0
BRDA:1435,203,1,0
BRDA:1436,204,0,0
BRDA:1436,204,1,0
BRDA:1451,205,0,0
BRDA:1451,205,1,0
BRDA:1453,206,0,0
BRDA:1453,206,1,0
BRDA:1453,206,2,0
BRDA:1474,207,0,0
BRDA:1474,207,1,0
BRDA:1474,208,0,0
BRDA:1474,208,1,0
BRDA:1483,209,0,0
BRDA:1483,209,1,0
BRDA:1483,210,0,0
BRDA:1483,210,1,0
BRDA:1486,211,0,0
BRDA:1486,211,1,0
BRDA:1506,212,0,0
BRDA:1506,212,1,0
BRDA:1506,213,0,0
BRDA:1506,213,1,0
BRDA:1522,214,0,0
BRDA:1522,214,1,0
BRDA:1522,215,0,0
BRDA:1522,215,1,0
BRDA:1525,216,0,0
BRDA:1525,216,1,0
BRDA:1527,217,0,0
BRDA:1527,217,1,0
BRDA:1562,218,0,1
BRDA:1562,218,1,1
BRF:457
BRH:116
end_of_record
TN:
SF:js\b-catalog-desktop-enhancers.js
FN:58,setupSubcatOnHover
FN:67,(anonymous_1)
FN:81,(anonymous_2)
FN:91,(anonymous_3)
FN:106,setupPromoStrip
FN:142,(anonymous_5)
FN:152,setupHomepageMerchandising
FN:189,(anonymous_7)
FN:190,(anonymous_8)
FN:205,(anonymous_9)
FN:206,(anonymous_10)
FN:210,(anonymous_11)
FN:227,setupCardHoverOverlay
FN:230,esc
FN:231,(anonymous_14)
FN:245,buildOverlayAddBtn
FN:262,(anonymous_16)
FN:293,(anonymous_17)
FN:309,(anonymous_18)
FN:354,setupCardHoverObserver
FN:360,(anonymous_20)
FN:379,setupHeroSearchBar
FN:415,_delegateSearch
FN:425,(anonymous_23)
FN:426,(anonymous_24)
FN:429,(anonymous_25)
FN:436,_setupViewChangedGuard
FN:438,(anonymous_27)
FN:457,setupNavStackVar
FN:467,measure
FN:473,update
FN:492,setupCatalogDesktopEnhancers
FNF:32
FNH:13
FNDA:17,setupSubcatOnHover
FNDA:7,(anonymous_1)
FNDA:3,(anonymous_2)
FNDA:2,(anonymous_3)
FNDA:17,setupPromoStrip
FNDA:0,(anonymous_5)
FNDA:17,setupHomepageMerchandising
FNDA:0,(anonymous_7)
FNDA:0,(anonymous_8)
FNDA:0,(anonymous_9)
FNDA:0,(anonymous_10)
FNDA:0,(anonymous_11)
FNDA:0,setupCardHoverOverlay
FNDA:0,esc
FNDA:0,(anonymous_14)
FNDA:0,buildOverlayAddBtn
FNDA:0,(anonymous_16)
FNDA:0,(anonymous_17)
FNDA:0,(anonymous_18)
FNDA:0,setupCardHoverObserver
FNDA:0,(anonymous_20)
FNDA:17,setupHeroSearchBar
FNDA:0,_delegateSearch
FNDA:0,(anonymous_23)
FNDA:0,(anonymous_24)
FNDA:0,(anonymous_25)
FNDA:17,_setupViewChangedGuard
FNDA:5,(anonymous_27)
FNDA:17,setupNavStackVar
FNDA:4,measure
FNDA:4,update
FNDA:18,setupCatalogDesktopEnhancers
DA:46,18
DA:59,17
DA:61,17
DA:62,17
DA:64,7
DA:65,7
DA:67,7
DA:68,7
DA:69,7
DA:70,6
DA:71,6
DA:74,5
DA:75,1
DA:76,1
DA:80,4
DA:81,4
DA:82,3
DA:85,3
DA:86,3
DA:91,7
DA:92,2
DA:93,2
DA:94,1
DA:96,1
DA:97,1
DA:107,17
DA:111,17
DA:112,0
DA:113,0
DA:115,0
DA:116,0
DA:118,0
DA:119,0
DA:120,0
DA:139,0
DA:142,0
DA:143,0
DA:144,0
DA:153,17
DA:156,17
DA:157,0
DA:159,0
DA:160,0
DA:162,0
DA:163,0
DA:166,0
DA:177,0
DA:186,0
DA:187,0
DA:188,0
DA:189,0
DA:191,0
DA:192,0
DA:193,0
DA:194,0
DA:195,0
DA:199,0
DA:201,0
DA:203,0
DA:205,0
DA:206,0
DA:207,0
DA:209,0
DA:210,0
DA:211,0
DA:214,0
DA:216,0
DA:217,0
DA:228,0
DA:231,0
DA:232,0
DA:246,0
DA:248,0
DA:249,0
DA:250,0
DA:251,0
DA:257,0
DA:262,0
DA:263,0
DA:265,0
DA:266,0
DA:267,0
DA:268,0
DA:269,0
DA:270,0
DA:271,0
DA:272,0
DA:273,0
DA:275,0
DA:276,0
DA:277,0
DA:288,0
DA:292,0
DA:293,0
DA:294,0
DA:295,0
DA:296,0
DA:297,0
DA:298,0
DA:299,0
DA:300,0
DA:302,0
DA:306,0
DA:307,0
DA:309,0
DA:310,0
DA:311,0
DA:312,0
DA:313,0
DA:315,0
DA:317,0
DA:318,0
DA:320,0
DA:321,0
DA:323,0
DA:324,0
DA:325,0
DA:326,0
DA:327,0
DA:330,0
DA:331,0
DA:332,0
DA:334,0
DA:336,0
DA:337,0
DA:338,0
DA:339,0
DA:341,0
DA:342,0
DA:343,0
DA:346,0
DA:348,0
DA:355,0
DA:357,0
DA:358,0
DA:360,0
DA:361,0
DA:362,0
DA:365,0
DA:384,17
DA:386,0
DA:388,0
DA:389,0
DA:392,0
DA:394,0
DA:395,0
DA:396,0
DA:397,0
DA:399,0
DA:400,0
DA:401,0
DA:402,0
DA:403,0
DA:405,0
DA:406,0
DA:407,0
DA:408,0
DA:410,0
DA:411,0
DA:412,0
DA:416,0
DA:419,0
DA:420,0
DA:421,0
DA:425,0
DA:426,0
DA:427,0
DA:429,0
DA:438,17
DA:439,5
DA:440,5
DA:441,5
DA:442,5
DA:443,5
DA:444,5
DA:445,5
DA:458,17
DA:460,17
DA:461,17
DA:462,17
DA:464,3
DA:465,3
DA:468,4
DA:469,4
DA:470,4
DA:471,4
DA:474,4
DA:475,4
DA:478,3
DA:480,3
DA:481,0
DA:482,0
DA:483,0
DA:485,3
DA:493,18
DA:498,17
DA:499,17
DA:500,17
DA:501,17
DA:502,17
DA:507,17
LF:201
LH:60
BRDA:59,0,0,0
BRDA:59,0,1,17
BRDA:62,1,0,10
BRDA:62,1,1,7
BRDA:69,2,0,1
BRDA:69,2,1,6
BRDA:71,3,0,1
BRDA:71,3,1,5
BRDA:71,4,0,6
BRDA:71,4,1,6
BRDA:74,5,0,1
BRDA:74,5,1,4
BRDA:75,6,0,0
BRDA:75,6,1,1
BRDA:80,7,0,1
BRDA:80,7,1,3
BRDA:92,8,0,1
BRDA:92,8,1,1
BRDA:93,9,0,1
BRDA:93,9,1,1
BRDA:96,10,0,1
BRDA:96,10,1,0
BRDA:97,11,0,1
BRDA:97,11,1,0
BRDA:107,12,0,0
BRDA:107,12,1,17
BRDA:113,13,0,0
BRDA:113,13,1,0
BRDA:116,14,0,0
BRDA:116,14,1,0
BRDA:153,15,0,0
BRDA:153,15,1,17
BRDA:157,16,0,0
BRDA:157,16,1,0
BRDA:160,17,0,0
BRDA:160,17,1,0
BRDA:160,18,0,0
BRDA:160,18,1,0
BRDA:192,19,0,0
BRDA:192,19,1,0
BRDA:198,20,0,0
BRDA:198,20,1,0
BRDA:207,21,0,0
BRDA:207,21,1,0
BRDA:209,22,0,0
BRDA:209,22,1,0
BRDA:228,23,0,0
BRDA:228,23,1,0
BRDA:231,24,0,0
BRDA:231,24,1,0
BRDA:246,25,0,0
BRDA:246,25,1,0
BRDA:246,26,0,0
BRDA:246,26,1,0
BRDA:248,27,0,0
BRDA:248,27,1,0
BRDA:250,28,0,0
BRDA:250,28,1,0
BRDA:263,29,0,0
BRDA:263,29,1,0
BRDA:265,30,0,0
BRDA:265,30,1,0
BRDA:270,31,0,0
BRDA:270,31,1,0
BRDA:271,32,0,0
BRDA:271,32,1,0
BRDA:272,33,0,0
BRDA:272,33,1,0
BRDA:280,34,0,0
BRDA:280,34,1,0
BRDA:281,35,0,0
BRDA:281,35,1,0
BRDA:283,36,0,0
BRDA:283,36,1,0
BRDA:292,37,0,0
BRDA:292,37,1,0
BRDA:295,38,0,0
BRDA:295,38,1,0
BRDA:300,39,0,0
BRDA:300,39,1,0
BRDA:306,40,0,0
BRDA:306,40,1,0
BRDA:315,41,0,0
BRDA:315,41,1,0
BRDA:315,42,0,0
BRDA:315,42,1,0
BRDA:321,43,0,0
BRDA:321,43,1,0
BRDA:323,44,0,0
BRDA:323,44,1,0
BRDA:325,45,0,0
BRDA:325,45,1,0
BRDA:330,46,0,0
BRDA:330,46,1,0
BRDA:332,47,0,0
BRDA:332,47,1,0
BRDA:334,48,0,0
BRDA:334,48,1,0
BRDA:337,49,0,0
BRDA:337,49,1,0
BRDA:339,50,0,0
BRDA:339,50,1,0
BRDA:342,51,0,0
BRDA:342,51,1,0
BRDA:355,52,0,0
BRDA:355,52,1,0
BRDA:358,53,0,0
BRDA:358,53,1,0
BRDA:358,54,0,0
BRDA:358,54,1,0
BRDA:361,55,0,0
BRDA:361,55,1,0
BRDA:386,56,0,0
BRDA:386,56,1,0
BRDA:389,57,0,0
BRDA:389,57,1,0
BRDA:392,58,0,0
BRDA:392,58,1,0
BRDA:416,59,0,0
BRDA:416,59,1,0
BRDA:416,59,2,0
BRDA:419,60,0,0
BRDA:419,60,1,0
BRDA:427,61,0,0
BRDA:427,61,1,0
BRDA:443,62,0,4
BRDA:443,62,1,1
BRDA:443,63,0,2
BRDA:443,63,1,2
BRDA:444,64,0,4
BRDA:444,64,1,1
BRDA:444,65,0,2
BRDA:444,65,1,2
BRDA:445,66,0,4
BRDA:445,66,1,1
BRDA:445,67,0,4
BRDA:445,67,1,2
BRDA:458,68,0,0
BRDA:458,68,1,17
BRDA:462,69,0,14
BRDA:462,69,1,3
BRDA:469,70,0,3
BRDA:469,70,1,1
BRDA:474,71,0,0
BRDA:474,71,1,4
BRDA:480,72,0,0
BRDA:480,72,1,3
BRDA:483,73,0,0
BRDA:483,73,1,0
BRDA:493,74,0,1
BRDA:493,74,1,17
BRF:151
BRH:43
end_of_record
TN:
SF:js\b-catalog.js
FN:93,(anonymous_0)
FN:98,(anonymous_1)
FN:102,(anonymous_2)
FN:104,(anonymous_3)
FN:126,_setCatHasMore
FN:131,appendNextPage
FN:151,(anonymous_6)
FN:152,(anonymous_7)
FN:154,(anonymous_8)
FN:165,(anonymous_9)
FN:171,(anonymous_10)
FN:181,loadProducts
FN:187,(anonymous_12)
FN:194,(anonymous_13)
FN:215,(anonymous_14)
FN:220,(anonymous_15)
FN:231,renderPromos
FN:232,(anonymous_17)
FN:239,(anonymous_18)
FN:261,(anonymous_19)
FN:262,(anonymous_20)
FN:263,(anonymous_21)
FN:264,(anonymous_22)
FN:273,_renderCard
FN:284,setActiveCat
FN:299,_triggerGridEnterAnim
FN:304,(anonymous_26)
FN:314,(anonymous_27)
FN:321,renderGrid
FN:364,(anonymous_29)
FN:365,(anonymous_30)
FN:369,(anonymous_31)
FN:404,(anonymous_32)
FN:410,(anonymous_33)
FN:422,(anonymous_34)
FN:436,(anonymous_35)
FN:456,(anonymous_36)
FN:461,(anonymous_37)
FN:466,_shuffle
FN:474,_balancedPick
FN:515,_installGridDelegation
FN:519,(anonymous_41)
FN:559,_bindGridEvents
FN:563,(anonymous_43)
FN:566,(anonymous_44)
FN:569,(anonymous_45)
FN:574,(anonymous_46)
FN:586,(anonymous_47)
FN:589,(anonymous_48)
FN:595,(anonymous_49)
FN:602,(anonymous_50)
FN:605,(anonymous_51)
FN:617,scrollToCategorySection
FN:637,(anonymous_53)
FN:642,setupCats
FN:651,centerActiveChip
FN:659,setupCatSwipeNav
FN:668,setupSearch
FN:669,(anonymous_58)
FN:676,(anonymous_59)
FN:681,(anonymous_60)
FN:684,(anonymous_61)
FN:686,(anonymous_62)
FN:696,(anonymous_63)
FN:701,renderSearchDropdown
FN:707,(anonymous_65)
FN:717,(anonymous_66)
FN:718,(anonymous_67)
FNF:68
FNH:0
FNDA:0,(anonymous_0)
FNDA:0,(anonymous_1)
FNDA:0,(anonymous_2)
FNDA:0,(anonymous_3)
FNDA:0,_setCatHasMore
FNDA:0,appendNextPage
FNDA:0,(anonymous_6)
FNDA:0,(anonymous_7)
FNDA:0,(anonymous_8)
FNDA:0,(anonymous_9)
FNDA:0,(anonymous_10)
FNDA:0,loadProducts
FNDA:0,(anonymous_12)
FNDA:0,(anonymous_13)
FNDA:0,(anonymous_14)
FNDA:0,(anonymous_15)
FNDA:0,renderPromos
FNDA:0,(anonymous_17)
FNDA:0,(anonymous_18)
FNDA:0,(anonymous_19)
FNDA:0,(anonymous_20)
FNDA:0,(anonymous_21)
FNDA:0,(anonymous_22)
FNDA:0,_renderCard
FNDA:0,setActiveCat
FNDA:0,_triggerGridEnterAnim
FNDA:0,(anonymous_26)
FNDA:0,(anonymous_27)
FNDA:0,renderGrid
FNDA:0,(anonymous_29)
FNDA:0,(anonymous_30)
FNDA:0,(anonymous_31)
FNDA:0,(anonymous_32)
FNDA:0,(anonymous_33)
FNDA:0,(anonymous_34)
FNDA:0,(anonymous_35)
FNDA:0,(anonymous_36)
FNDA:0,(anonymous_37)
FNDA:0,_shuffle
FNDA:0,_balancedPick
FNDA:0,_installGridDelegation
FNDA:0,(anonymous_41)
FNDA:0,_bindGridEvents
FNDA:0,(anonymous_43)
FNDA:0,(anonymous_44)
FNDA:0,(anonymous_45)
FNDA:0,(anonymous_46)
FNDA:0,(anonymous_47)
FNDA:0,(anonymous_48)
FNDA:0,(anonymous_49)
FNDA:0,(anonymous_50)
FNDA:0,(anonymous_51)
FNDA:0,scrollToCategorySection
FNDA:0,(anonymous_53)
FNDA:0,setupCats
FNDA:0,centerActiveChip
FNDA:0,setupCatSwipeNav
FNDA:0,setupSearch
FNDA:0,(anonymous_58)
FNDA:0,(anonymous_59)
FNDA:0,(anonymous_60)
FNDA:0,(anonymous_61)
FNDA:0,(anonymous_62)
FNDA:0,(anonymous_63)
FNDA:0,renderSearchDropdown
FNDA:0,(anonymous_65)
FNDA:0,(anonymous_66)
FNDA:0,(anonymous_67)
DA:87,0
DA:90,0
DA:93,0
DA:98,0
DA:102,0
DA:104,0
DA:105,0
DA:107,0
DA:108,0
DA:110,0
DA:111,0
DA:127,0
DA:128,0
DA:132,0
DA:134,0
DA:135,0
DA:136,0
DA:143,0
DA:144,0
DA:145,0
DA:148,0
DA:151,0
DA:152,0
DA:153,0
DA:154,0
DA:155,0
DA:157,0
DA:158,0
DA:159,0
DA:160,0
DA:161,0
DA:163,0
DA:164,0
DA:165,0
DA:166,0
DA:170,0
DA:171,0
DA:172,0
DA:173,0
DA:175,0
DA:176,0
DA:184,0
DA:185,0
DA:186,0
DA:187,0
DA:188,0
DA:189,0
DA:191,0
DA:192,0
DA:193,0
DA:194,0
DA:196,0
DA:197,0
DA:202,0
DA:203,0
DA:208,0
DA:210,0
DA:211,0
DA:214,0
DA:215,0
DA:216,0
DA:217,0
DA:220,0
DA:221,0
DA:222,0
DA:223,0
DA:224,0
DA:225,0
DA:232,0
DA:233,0
DA:234,0
DA:235,0
DA:236,0
DA:239,0
DA:240,0
DA:241,0
DA:242,0
DA:256,0
DA:257,0
DA:258,0
DA:259,0
DA:260,0
DA:261,0
DA:262,0
DA:263,0
DA:264,0
DA:274,0
DA:285,0
DA:286,0
DA:287,0
DA:288,0
DA:289,0
DA:290,0
DA:300,0
DA:301,0
DA:302,0
DA:303,0
DA:304,0
DA:305,0
DA:308,0
DA:309,0
DA:310,0
DA:311,0
DA:312,0
DA:313,0
DA:314,0
DA:315,0
DA:322,0
DA:323,0
DA:328,0
DA:329,0
DA:330,0
DA:331,0
DA:332,0
DA:333,0
DA:335,0
DA:336,0
DA:337,0
DA:342,0
DA:344,0
DA:345,0
DA:346,0
DA:347,0
DA:348,0
DA:349,0
DA:350,0
DA:351,0
DA:352,0
DA:353,0
DA:354,0
DA:355,0
DA:358,0
DA:359,0
DA:361,0
DA:364,0
DA:365,0
DA:367,0
DA:368,0
DA:369,0
DA:370,0
DA:373,0
DA:375,0
DA:378,0
DA:380,0
DA:383,0
DA:384,0
DA:386,0
DA:394,0
DA:395,0
DA:396,0
DA:397,0
DA:402,0
DA:403,0
DA:404,0
DA:405,0
DA:406,0
DA:407,0
DA:408,0
DA:409,0
DA:410,0
DA:414,0
DA:415,0
DA:416,0
DA:419,0
DA:422,0
DA:423,0
DA:424,0
DA:427,0
DA:428,0
DA:431,0
DA:432,0
DA:433,0
DA:435,0
DA:436,0
DA:437,0
DA:445,0
DA:446,0
DA:449,0
DA:451,0
DA:454,0
DA:456,0
DA:458,0
DA:460,0
DA:461,0
DA:467,0
DA:468,0
DA:469,0
DA:471,0
DA:475,0
DA:476,0
DA:477,0
DA:478,0
DA:479,0
DA:480,0
DA:481,0
DA:483,0
DA:484,0
DA:485,0
DA:486,0
DA:487,0
DA:488,0
DA:490,0
DA:492,0
DA:493,0
DA:494,0
DA:496,0
DA:497,0
DA:499,0
DA:500,0
DA:501,0
DA:502,0
DA:503,0
DA:504,0
DA:506,0
DA:514,0
DA:516,0
DA:517,0
DA:519,0
DA:522,0
DA:523,0
DA:525,0
DA:526,0
DA:529,0
DA:530,0
DA:531,0
DA:532,0
DA:533,0
DA:534,0
DA:535,0
DA:539,0
DA:540,0
DA:541,0
DA:542,0
DA:543,0
DA:544,0
DA:545,0
DA:546,0
DA:547,0
DA:551,0
DA:554,0
DA:555,0
DA:560,0
DA:563,0
DA:566,0
DA:567,0
DA:568,0
DA:569,0
DA:570,0
DA:571,0
DA:572,0
DA:574,0
DA:575,0
DA:576,0
DA:577,0
DA:578,0
DA:582,0
DA:586,0
DA:587,0
DA:588,0
DA:589,0
DA:590,0
DA:591,0
DA:592,0
DA:593,0
DA:594,0
DA:595,0
DA:596,0
DA:597,0
DA:598,0
DA:600,0
DA:601,0
DA:602,0
DA:603,0
DA:605,0
DA:606,0
DA:609,0
DA:612,0
DA:618,0
DA:620,0
DA:621,0
DA:622,0
DA:624,0
DA:626,0
DA:628,0
DA:629,0
DA:630,0
DA:632,0
DA:633,0
DA:634,0
DA:635,0
DA:636,0
DA:637,0
DA:644,0
DA:656,0
DA:669,0
DA:670,0
DA:671,0
DA:672,0
DA:673,0
DA:675,0
DA:676,0
DA:678,0
DA:679,0
DA:681,0
DA:683,0
DA:684,0
DA:686,0
DA:687,0
DA:691,0
DA:692,0
DA:693,0
DA:696,0
DA:697,0
DA:702,0
DA:703,0
DA:704,0
DA:705,0
DA:707,0
DA:716,0
DA:717,0
DA:718,0
DA:719,0
DA:720,0
DA:721,0
LF:324
LH:0
BRDA:108,0,0,0
BRDA:108,0,1,0
BRDA:110,1,0,0
BRDA:110,1,1,0
BRDA:128,2,0,0
BRDA:128,2,1,0
BRDA:134,3,0,0
BRDA:134,3,1,0
BRDA:134,4,0,0
BRDA:134,4,1,0
BRDA:135,5,0,0
BRDA:135,5,1,0
BRDA:143,6,0,0
BRDA:143,6,1,0
BRDA:143,7,0,0
BRDA:143,7,1,0
BRDA:144,8,0,0
BRDA:144,8,1,0
BRDA:148,9,0,0
BRDA:148,9,1,0
BRDA:150,10,0,0
BRDA:150,10,1,0
BRDA:151,11,0,0
BRDA:151,11,1,0
BRDA:153,12,0,0
BRDA:153,12,1,0
BRDA:155,13,0,0
BRDA:155,13,1,0
BRDA:158,14,0,0
BRDA:158,14,1,0
BRDA:159,15,0,0
BRDA:159,15,1,0
BRDA:176,16,0,0
BRDA:176,16,1,0
BRDA:185,17,0,0
BRDA:185,17,1,0
BRDA:185,18,0,0
BRDA:185,18,1,0
BRDA:187,19,0,0
BRDA:187,19,1,0
BRDA:187,20,0,0
BRDA:187,20,1,0
BRDA:193,21,0,0
BRDA:193,21,1,0
BRDA:215,22,0,0
BRDA:215,22,1,0
BRDA:215,23,0,0
BRDA:215,23,1,0
BRDA:216,24,0,0
BRDA:216,24,1,0
BRDA:224,25,0,0
BRDA:224,25,1,0
BRDA:225,26,0,0
BRDA:225,26,1,0
BRDA:225,27,0,0
BRDA:225,27,1,0
BRDA:225,28,0,0
BRDA:225,28,1,0
BRDA:234,29,0,0
BRDA:234,29,1,0
BRDA:235,30,0,0
BRDA:235,30,1,0
BRDA:241,31,0,0
BRDA:241,31,1,0
BRDA:284,32,0,0
BRDA:300,33,0,0
BRDA:300,33,1,0
BRDA:305,34,0,0
BRDA:305,34,1,0
BRDA:308,35,0,0
BRDA:308,35,1,0
BRDA:310,36,0,0
BRDA:310,36,1,0
BRDA:328,37,0,0
BRDA:328,37,1,0
BRDA:331,38,0,0
BRDA:331,38,1,0
BRDA:335,39,0,0
BRDA:335,39,1,0
BRDA:342,40,0,0
BRDA:342,40,1,0
BRDA:342,41,0,0
BRDA:342,41,1,0
BRDA:352,42,0,0
BRDA:352,42,1,0
BRDA:361,43,0,0
BRDA:361,43,1,0
BRDA:361,44,0,0
BRDA:361,44,1,0
BRDA:363,45,0,0
BRDA:363,45,1,0
BRDA:364,46,0,0
BRDA:364,46,1,0
BRDA:368,47,0,0
BRDA:368,47,1,0
BRDA:368,48,0,0
BRDA:368,48,1,0
BRDA:370,49,0,0
BRDA:370,49,1,0
BRDA:373,50,0,0
BRDA:373,50,1,0
BRDA:375,51,0,0
BRDA:375,51,1,0
BRDA:378,52,0,0
BRDA:378,52,1,0
BRDA:383,53,0,0
BRDA:383,53,1,0
BRDA:396,54,0,0
BRDA:396,54,1,0
BRDA:402,55,0,0
BRDA:402,55,1,0
BRDA:409,56,0,0
BRDA:409,56,1,0
BRDA:415,57,0,0
BRDA:415,57,1,0
BRDA:433,58,0,0
BRDA:433,58,1,0
BRDA:435,59,0,0
BRDA:435,59,1,0
BRDA:445,60,0,0
BRDA:445,60,1,0
BRDA:445,61,0,0
BRDA:445,61,1,0
BRDA:445,61,2,0
BRDA:449,62,0,0
BRDA:449,62,1,0
BRDA:458,63,0,0
BRDA:458,63,1,0
BRDA:479,64,0,0
BRDA:479,64,1,0
BRDA:480,65,0,0
BRDA:480,65,1,0
BRDA:487,66,0,0
BRDA:487,66,1,0
BRDA:490,67,0,0
BRDA:490,67,1,0
BRDA:492,68,0,0
BRDA:492,68,1,0
BRDA:494,69,0,0
BRDA:494,69,1,0
BRDA:494,70,0,0
BRDA:494,70,1,0
BRDA:496,71,0,0
BRDA:496,71,1,0
BRDA:496,72,0,0
BRDA:496,72,1,0
BRDA:503,73,0,0
BRDA:503,73,1,0
BRDA:503,74,0,0
BRDA:503,74,1,0
BRDA:516,75,0,0
BRDA:516,75,1,0
BRDA:523,76,0,0
BRDA:523,76,1,0
BRDA:526,77,0,0
BRDA:526,77,1,0
BRDA:530,78,0,0
BRDA:530,78,1,0
BRDA:533,79,0,0
BRDA:533,79,1,0
BRDA:534,80,0,0
BRDA:534,80,1,0
BRDA:540,81,0,0
BRDA:540,81,1,0
BRDA:543,82,0,0
BRDA:543,82,1,0
BRDA:544,83,0,0
BRDA:544,83,1,0
BRDA:545,84,0,0
BRDA:545,84,1,0
BRDA:551,85,0,0
BRDA:551,85,1,0
BRDA:551,86,0,0
BRDA:551,86,1,0
BRDA:554,87,0,0
BRDA:554,87,1,0
BRDA:555,88,0,0
BRDA:555,88,1,0
BRDA:567,89,0,0
BRDA:567,89,1,0
BRDA:572,90,0,0
BRDA:572,90,1,0
BRDA:576,91,0,0
BRDA:576,91,1,0
BRDA:587,92,0,0
BRDA:587,92,1,0
BRDA:592,93,0,0
BRDA:592,93,1,0
BRDA:597,94,0,0
BRDA:597,94,1,0
BRDA:601,95,0,0
BRDA:601,95,1,0
BRDA:612,96,0,0
BRDA:612,96,1,0
BRDA:618,97,0,0
BRDA:618,97,1,0
BRDA:618,98,0,0
BRDA:618,98,1,0
BRDA:618,98,2,0
BRDA:620,99,0,0
BRDA:620,99,1,0
BRDA:620,100,0,0
BRDA:620,100,1,0
BRDA:622,101,0,0
BRDA:622,101,1,0
BRDA:628,102,0,0
BRDA:628,102,1,0
BRDA:628,103,0,0
BRDA:628,103,1,0
BRDA:634,104,0,0
BRDA:634,104,1,0
BRDA:672,105,0,0
BRDA:672,105,1,0
BRDA:675,106,0,0
BRDA:675,106,1,0
BRDA:675,107,0,0
BRDA:675,107,1,0
BRDA:675,107,2,0
BRDA:683,108,0,0
BRDA:683,108,1,0
BRDA:683,109,0,0
BRDA:683,109,1,0
BRDA:683,109,2,0
BRDA:687,110,0,0
BRDA:687,110,1,0
BRDA:687,110,2,0
BRDA:688,111,0,0
BRDA:688,111,1,0
BRDA:689,112,0,0
BRDA:689,112,1,0
BRDA:697,113,0,0
BRDA:697,113,1,0
BRDA:702,114,0,0
BRDA:702,114,1,0
BRDA:711,115,0,0
BRDA:711,115,1,0
BRF:236
BRH:0
end_of_record
TN:
SF:js\b-checkout-render.js
FN:39,renderFulfillmentSelector
FN:46,syncActive
FN:47,(anonymous_2)
FN:52,(anonymous_3)
FN:53,(anonymous_4)
FN:77,renderRelaisForIle
FN:79,(anonymous_6)
FN:85,(anonymous_7)
FN:107,(anonymous_8)
FN:109,(anonymous_9)
FN:110,(anonymous_10)
FN:135,setCheckoutConfirmButton
FN:162,makeInput
FN:175,(anonymous_13)
FN:188,makePhoneInput
FN:210,(anonymous_15)
FN:235,buildOrderSuccessDOM
FN:311,_idInitials
FN:312,(anonymous_18)
FN:315,buildIdentityRecapDOM
FN:350,applyIdentityToCard
FNF:21
FNH:21
FNDA:4,renderFulfillmentSelector
FNDA:5,syncActive
FNDA:10,(anonymous_2)
FNDA:8,(anonymous_3)
FNDA:2,(anonymous_4)
FNDA:10,renderRelaisForIle
FNDA:14,(anonymous_6)
FNDA:13,(anonymous_7)
FNDA:6,(anonymous_8)
FNDA:3,(anonymous_9)
FNDA:6,(anonymous_10)
FNDA:5,setCheckoutConfirmButton
FNDA:4,makeInput
FNDA:1,(anonymous_13)
FNDA:6,makePhoneInput
FNDA:4,(anonymous_15)
FNDA:10,buildOrderSuccessDOM
FNDA:16,_idInitials
FNDA:21,(anonymous_18)
FNDA:12,buildIdentityRecapDOM
FNDA:6,applyIdentityToCard
DA:40,4
DA:41,4
DA:42,4
DA:47,5
DA:48,10
DA:52,4
DA:53,8
DA:54,2
DA:55,1
DA:56,1
DA:57,1
DA:58,1
DA:62,4
DA:63,4
DA:78,10
DA:79,10
DA:80,14
DA:82,14
DA:85,10
DA:86,13
DA:87,13
DA:88,13
DA:89,13
DA:94,13
DA:97,10
DA:98,7
DA:99,7
DA:100,7
DA:101,7
DA:102,7
DA:103,7
DA:104,7
DA:107,3
DA:108,6
DA:109,6
DA:110,6
DA:111,3
DA:112,3
DA:113,3
DA:114,3
DA:116,6
DA:119,3
DA:120,3
DA:121,2
DA:122,1
DA:123,1
DA:136,5
DA:137,4
DA:138,4
DA:139,4
DA:140,4
DA:141,4
DA:142,4
DA:143,2
DA:144,2
DA:145,2
DA:146,2
DA:163,4
DA:164,4
DA:165,4
DA:166,4
DA:167,4
DA:168,4
DA:169,4
DA:170,4
DA:171,4
DA:172,4
DA:173,4
DA:174,4
DA:175,4
DA:176,4
DA:177,4
DA:189,6
DA:190,6
DA:191,6
DA:192,5
DA:193,5
DA:194,5
DA:195,5
DA:197,6
DA:198,6
DA:199,6
DA:200,6
DA:201,6
DA:202,6
DA:203,6
DA:204,6
DA:205,6
DA:206,6
DA:207,6
DA:208,6
DA:209,6
DA:210,6
DA:211,4
DA:212,4
DA:213,4
DA:214,4
DA:215,4
DA:216,4
DA:218,6
DA:219,6
DA:220,6
DA:236,10
DA:238,10
DA:239,10
DA:241,10
DA:242,10
DA:243,10
DA:244,10
DA:246,10
DA:247,10
DA:248,10
DA:249,10
DA:251,10
DA:252,10
DA:253,10
DA:257,10
DA:259,10
DA:260,10
DA:261,10
DA:262,3
DA:263,3
DA:264,3
DA:268,3
DA:271,10
DA:272,2
DA:273,2
DA:274,2
DA:277,2
DA:280,10
DA:281,10
DA:282,10
DA:285,10
DA:287,10
DA:288,10
DA:289,10
DA:292,10
DA:293,10
DA:295,10
DA:312,21
DA:316,12
DA:317,12
DA:318,12
DA:319,12
DA:320,12
DA:323,12
DA:341,12
DA:351,6
DA:352,4
DA:353,4
DA:354,4
DA:355,4
DA:356,4
DA:357,4
DA:358,2
DA:359,1
DA:360,1
DA:366,1
DA:368,2
DA:369,2
DA:370,1
LF:161
LH:161
BRDA:54,0,0,1
BRDA:54,0,1,1
BRDA:85,1,0,6
BRDA:87,2,0,7
BRDA:87,2,1,6
BRDA:90,3,0,13
BRDA:90,3,1,1
BRDA:90,3,2,0
BRDA:91,4,0,1
BRDA:91,4,1,12
BRDA:91,5,0,13
BRDA:91,5,1,13
BRDA:91,5,2,12
BRDA:92,6,0,1
BRDA:92,6,1,1
BRDA:92,6,2,0
BRDA:97,7,0,7
BRDA:97,7,1,3
BRDA:101,8,0,6
BRDA:101,8,1,1
BRDA:103,9,0,6
BRDA:103,9,1,1
BRDA:113,10,0,3
BRDA:113,10,1,0
BRDA:114,11,0,3
BRDA:114,11,1,0
BRDA:120,12,0,2
BRDA:120,12,1,1
BRDA:120,13,0,3
BRDA:120,13,1,3
BRDA:122,14,0,1
BRDA:122,14,1,0
BRDA:136,15,0,1
BRDA:136,15,1,4
BRDA:142,16,0,2
BRDA:142,16,1,2
BRDA:174,17,0,4
BRDA:174,17,1,3
BRDA:191,18,0,5
BRDA:191,18,1,1
BRDA:208,19,0,6
BRDA:208,19,1,5
BRDA:212,20,0,1
BRDA:212,20,1,3
BRDA:213,21,0,3
BRDA:213,21,1,1
BRDA:214,22,0,3
BRDA:214,22,1,1
BRDA:255,23,0,10
BRDA:255,23,1,1
BRDA:259,24,0,10
BRDA:259,24,1,8
BRDA:259,24,2,1
BRDA:259,24,3,7
BRDA:260,25,0,3
BRDA:260,25,1,7
BRDA:261,26,0,3
BRDA:261,26,1,7
BRDA:261,27,0,10
BRDA:261,27,1,3
BRDA:265,28,0,2
BRDA:265,28,1,1
BRDA:271,29,0,2
BRDA:271,29,1,8
BRDA:271,30,0,10
BRDA:271,30,1,3
BRDA:312,31,0,16
BRDA:312,31,1,2
BRDA:312,32,0,16
BRDA:312,32,1,2
BRDA:312,33,0,21
BRDA:312,33,1,2
BRDA:319,34,0,12
BRDA:319,34,1,4
BRDA:319,34,2,3
BRDA:320,35,0,12
BRDA:320,35,1,8
BRDA:326,36,0,12
BRDA:326,36,1,3
BRDA:331,37,0,12
BRDA:331,37,1,3
BRDA:334,38,0,3
BRDA:334,38,1,9
BRDA:334,39,0,12
BRDA:334,39,1,9
BRDA:351,40,0,2
BRDA:351,40,1,4
BRDA:351,41,0,6
BRDA:351,41,1,5
BRDA:352,42,0,4
BRDA:352,42,1,1
BRDA:352,42,2,1
BRDA:353,43,0,4
BRDA:353,43,1,1
BRDA:354,44,0,4
BRDA:354,44,1,0
BRDA:354,45,0,4
BRDA:354,45,1,1
BRDA:355,46,0,4
BRDA:355,46,1,0
BRDA:355,47,0,4
BRDA:355,47,1,1
BRDA:357,48,0,2
BRDA:357,48,1,2
BRDA:357,49,0,4
BRDA:357,49,1,3
BRDA:358,50,0,1
BRDA:358,50,1,1
BRDA:369,51,0,1
BRDA:369,51,1,1
BRF:110
BRH:103
end_of_record
TN:
SF:js\b-checkout.js
FN:57,digitsOnly
FN:58,normalizeLocal
FN:59,prettifyLocal
FN:60,buildE164
FN:64,ensureStripe
FN:68,(anonymous_5)
FN:95,checkoutCart
FN:118,_onOrderEscape
FN:123,_onOrderOverlayClick
FN:133,closeOrderModal
FN:153,_loadRelaisSection
FN:164,(anonymous_11)
FN:172,(anonymous_12)
FN:192,_ensureRelaisSelection
FN:204,(anonymous_14)
FN:214,_renderRelaisSummary
FN:227,(anonymous_16)
FN:228,(anonymous_17)
FN:238,_openRelaisPicker
FN:239,(anonymous_19)
FN:245,(anonymous_20)
FN:252,close
FN:252,(anonymous_22)
FN:254,paint
FN:273,(anonymous_24)
FN:286,(anonymous_25)
FN:293,(anonymous_26)
FN:298,(anonymous_27)
FN:309,(anonymous_28)
FN:312,(anonymous_29)
FN:315,classifyRelayGroup
FN:336,getRelayGroupOrder
FN:338,(anonymous_32)
FN:348,readIntlPhoneValue
FN:352,(anonymous_34)
FN:360,renderFulfillmentSelector
FN:364,getDefaultPhoneCodeForZone
FN:369,getDefaultSenderPhoneCode
FN:373,setIntlPhoneDefault
FN:385,clearRelaySelectionError
FN:389,markRelaySelectionError
FN:394,setCheckoutConfirmButton
FN:398,refreshCheckoutComputedUI
FN:420,renderCheckout
FN:424,(anonymous_44)
FN:432,(anonymous_45)
FN:434,(anonymous_46)
FN:449,(anonymous_47)
FN:465,(anonymous_48)
FN:491,(anonymous_49)
FN:495,(anonymous_50)
FN:564,(anonymous_51)
FN:575,(anonymous_52)
FN:577,(anonymous_53)
FN:608,(anonymous_54)
FN:612,(anonymous_55)
FN:626,(anonymous_56)
FN:644,_getIdentityPhone
FN:673,_prefillFromIdentity
FN:710,(anonymous_59)
FN:711,(anonymous_60)
FN:733,(anonymous_61)
FN:750,(anonymous_62)
FN:758,(anonymous_63)
FN:815,(anonymous_64)
FN:827,(anonymous_65)
FN:838,(anonymous_66)
FN:847,refreshFulfillment
FN:866,(anonymous_68)
FN:880,updatePaymentUI
FN:886,(anonymous_70)
FN:898,(anonymous_71)
FN:899,(anonymous_72)
FN:900,(anonymous_73)
FN:901,(anonymous_74)
FN:905,(anonymous_75)
FN:922,(anonymous_76)
FN:927,(anonymous_77)
FN:940,(anonymous_78)
FN:954,(anonymous_79)
FN:956,(anonymous_80)
FN:959,(anonymous_81)
FN:972,makeInput
FN:987,makeIntlPhoneInput
FN:995,makePhoneInput
FN:1001,checkWalletBalance
FN:1017,updateWalletDisplay
FN:1034,submitOrder
FN:1096,(anonymous_88)
FN:1165,renderOrderSuccess
FN:1169,(anonymous_90)
FN:1170,(anonymous_91)
FN:1176,(anonymous_92)
FN:1178,(anonymous_93)
FN:1180,(anonymous_94)
FN:1183,(anonymous_95)
FN:1188,(anonymous_96)
FN:1190,(anonymous_97)
FN:1194,(anonymous_98)
FN:1197,(anonymous_99)
FN:1217,_validateCheckoutForm
FN:1252,_createKomerceOrderForPayPal
FN:1265,(anonymous_102)
FN:1293,_onPayPalSuccess
FNF:104
FNH:81
FNDA:1,digitsOnly
FNDA:1,normalizeLocal
FNDA:1,prettifyLocal
FNDA:1,buildE164
FNDA:2,ensureStripe
FNDA:0,(anonymous_5)
FNDA:5,checkoutCart
FNDA:3,_onOrderEscape
FNDA:1,_onOrderOverlayClick
FNDA:7,closeOrderModal
FNDA:27,_loadRelaisSection
FNDA:4,(anonymous_11)
FNDA:4,(anonymous_12)
FNDA:2,_ensureRelaisSelection
FNDA:4,(anonymous_14)
FNDA:3,_renderRelaisSummary
FNDA:1,(anonymous_16)
FNDA:1,(anonymous_17)
FNDA:1,_openRelaisPicker
FNDA:2,(anonymous_19)
FNDA:3,(anonymous_20)
FNDA:1,close
FNDA:1,(anonymous_22)
FNDA:2,paint
FNDA:4,(anonymous_24)
FNDA:0,(anonymous_25)
FNDA:1,(anonymous_26)
FNDA:1,(anonymous_27)
FNDA:2,(anonymous_28)
FNDA:1,(anonymous_29)
FNDA:4,classifyRelayGroup
FNDA:2,getRelayGroupOrder
FNDA:2,(anonymous_32)
FNDA:4,readIntlPhoneValue
FNDA:2,(anonymous_34)
FNDA:0,renderFulfillmentSelector
FNDA:5,getDefaultPhoneCodeForZone
FNDA:0,getDefaultSenderPhoneCode
FNDA:28,setIntlPhoneDefault
FNDA:1,clearRelaySelectionError
FNDA:1,markRelaySelectionError
FNDA:97,setCheckoutConfirmButton
FNDA:73,refreshCheckoutComputedUI
FNDA:27,renderCheckout
FNDA:0,(anonymous_44)
FNDA:1,(anonymous_45)
FNDA:1,(anonymous_46)
FNDA:0,(anonymous_47)
FNDA:20,(anonymous_48)
FNDA:0,(anonymous_49)
FNDA:0,(anonymous_50)
FNDA:0,(anonymous_51)
FNDA:57,(anonymous_52)
FNDA:114,(anonymous_53)
FNDA:2,(anonymous_54)
FNDA:3,(anonymous_55)
FNDA:27,(anonymous_56)
FNDA:9,_getIdentityPhone
FNDA:9,_prefillFromIdentity
FNDA:0,(anonymous_59)
FNDA:0,(anonymous_60)
FNDA:30,(anonymous_61)
FNDA:20,(anonymous_62)
FNDA:0,(anonymous_63)
FNDA:0,(anonymous_64)
FNDA:0,(anonymous_65)
FNDA:27,(anonymous_66)
FNDA:27,refreshFulfillment
FNDA:0,(anonymous_68)
FNDA:36,updatePaymentUI
FNDA:144,(anonymous_70)
FNDA:4,(anonymous_71)
FNDA:2,(anonymous_72)
FNDA:1,(anonymous_73)
FNDA:0,(anonymous_74)
FNDA:0,(anonymous_75)
FNDA:1,(anonymous_76)
FNDA:1,(anonymous_77)
FNDA:0,(anonymous_78)
FNDA:27,(anonymous_79)
FNDA:1,(anonymous_80)
FNDA:1,(anonymous_81)
FNDA:28,makeInput
FNDA:28,makeIntlPhoneInput
FNDA:1,makePhoneInput
FNDA:27,checkWalletBalance
FNDA:5,updateWalletDisplay
FNDA:10,submitOrder
FNDA:3,(anonymous_88)
FNDA:5,renderOrderSuccess
FNDA:1,(anonymous_90)
FNDA:0,(anonymous_91)
FNDA:4,(anonymous_92)
FNDA:1,(anonymous_93)
FNDA:1,(anonymous_94)
FNDA:0,(anonymous_95)
FNDA:1,(anonymous_96)
FNDA:0,(anonymous_97)
FNDA:0,(anonymous_98)
FNDA:0,(anonymous_99)
FNDA:4,_validateCheckoutForm
FNDA:2,_createKomerceOrderForPayPal
FNDA:1,(anonymous_102)
FNDA:1,_onPayPalSuccess
DA:52,2
DA:53,2
DA:54,2
DA:57,1
DA:58,1
DA:59,1
DA:60,1
DA:65,2
DA:66,2
DA:67,2
DA:68,0
DA:69,0
DA:70,0
DA:71,0
DA:72,0
DA:75,2
DA:76,2
DA:77,2
DA:78,0
DA:80,0
DA:81,2
DA:96,5
DA:101,4
DA:102,1
DA:104,4
DA:105,4
DA:106,4
DA:107,4
DA:108,4
DA:109,4
DA:111,4
DA:112,4
DA:113,0
DA:119,3
DA:120,1
DA:124,1
DA:126,4
DA:127,4
DA:134,7
DA:135,7
DA:137,7
DA:138,7
DA:139,1
DA:141,7
DA:142,1
DA:143,1
DA:151,2
DA:155,27
DA:156,27
DA:157,27
DA:158,27
DA:159,27
DA:160,26
DA:164,22
DA:165,4
DA:166,4
DA:168,22
DA:171,2
DA:172,2
DA:173,4
DA:174,4
DA:175,4
DA:176,4
DA:178,2
DA:179,2
DA:181,2
DA:182,2
DA:183,2
DA:185,5
DA:186,5
DA:187,5
DA:193,2
DA:194,0
DA:195,0
DA:196,0
DA:197,0
DA:198,0
DA:199,0
DA:203,2
DA:204,4
DA:205,2
DA:206,2
DA:207,2
DA:208,2
DA:209,2
DA:210,2
DA:215,3
DA:216,3
DA:217,3
DA:218,3
DA:227,3
DA:228,1
DA:229,1
DA:230,1
DA:231,1
DA:232,1
DA:239,2
DA:240,1
DA:241,1
DA:242,1
DA:243,1
DA:245,3
DA:247,1
DA:248,1
DA:249,1
DA:250,1
DA:252,1
DA:255,2
DA:256,2
DA:257,2
DA:273,4
DA:286,2
DA:287,0
DA:288,0
DA:289,0
DA:290,0
DA:291,0
DA:293,2
DA:294,1
DA:295,1
DA:297,2
DA:298,2
DA:299,1
DA:300,1
DA:301,1
DA:302,1
DA:303,1
DA:304,1
DA:305,1
DA:309,2
DA:310,1
DA:311,1
DA:312,1
DA:316,4
DA:329,4
DA:330,4
DA:331,2
DA:332,0
DA:333,0
DA:337,2
DA:338,2
DA:339,2
DA:340,2
DA:341,2
DA:342,2
DA:343,2
DA:344,2
DA:349,4
DA:350,4
DA:351,4
DA:352,2
DA:353,2
DA:355,2
DA:356,2
DA:361,0
DA:365,5
DA:370,0
DA:374,28
DA:375,28
DA:376,28
DA:377,0
DA:378,0
DA:379,0
DA:380,0
DA:381,0
DA:386,1
DA:390,1
DA:395,97
DA:399,73
DA:400,73
DA:401,67
DA:402,67
DA:403,67
DA:404,67
DA:405,67
DA:406,67
DA:407,67
DA:408,67
DA:409,67
DA:410,67
DA:413,67
DA:416,67
DA:421,27
DA:422,27
DA:423,27
DA:424,27
DA:425,27
DA:427,27
DA:428,27
DA:430,27
DA:431,27
DA:432,27
DA:433,1
DA:434,1
DA:443,27
DA:444,27
DA:445,7
DA:449,7
DA:450,7
DA:451,7
DA:452,7
DA:464,27
DA:465,20
DA:466,20
DA:469,19
DA:470,19
DA:471,19
DA:472,19
DA:473,19
DA:475,19
DA:477,19
DA:479,1
DA:482,1
DA:483,1
DA:484,0
DA:485,0
DA:490,1
DA:491,1
DA:492,1
DA:493,1
DA:494,1
DA:498,0
DA:507,27
DA:508,27
DA:509,27
DA:510,27
DA:511,27
DA:512,27
DA:517,27
DA:518,27
DA:519,27
DA:520,27
DA:521,27
DA:522,27
DA:523,27
DA:525,27
DA:526,27
DA:527,27
DA:528,27
DA:531,27
DA:535,27
DA:536,27
DA:537,27
DA:538,27
DA:539,27
DA:540,27
DA:541,27
DA:542,27
DA:543,27
DA:544,27
DA:545,27
DA:553,27
DA:554,27
DA:555,27
DA:564,27
DA:565,0
DA:566,0
DA:567,0
DA:569,27
DA:570,27
DA:573,27
DA:574,27
DA:575,27
DA:576,57
DA:577,114
DA:578,57
DA:582,57
DA:583,57
DA:584,18
DA:585,18
DA:586,18
DA:587,18
DA:589,57
DA:590,55
DA:591,55
DA:593,2
DA:594,2
DA:600,2
DA:601,2
DA:602,2
DA:603,2
DA:604,2
DA:605,2
DA:606,2
DA:608,2
DA:611,27
DA:612,27
DA:613,3
DA:614,3
DA:615,3
DA:616,3
DA:617,3
DA:619,27
DA:626,27
DA:627,27
DA:628,27
DA:645,9
DA:648,9
DA:674,9
DA:675,9
DA:676,9
DA:679,9
DA:680,9
DA:685,9
DA:688,9
DA:689,9
DA:691,9
DA:694,9
DA:695,0
DA:696,0
DA:707,9
DA:710,0
DA:711,0
DA:713,0
DA:714,0
DA:715,0
DA:717,0
DA:720,0
DA:721,0
DA:722,0
DA:725,0
DA:726,0
DA:730,9
DA:733,27
DA:734,30
DA:736,2
DA:740,28
DA:741,28
DA:742,8
DA:743,8
DA:750,20
DA:753,20
DA:754,20
DA:755,1
DA:763,27
DA:768,27
DA:769,27
DA:770,27
DA:771,27
DA:772,27
DA:773,27
DA:774,27
DA:775,27
DA:776,27
DA:777,27
DA:780,27
DA:783,27
DA:784,27
DA:785,27
DA:786,27
DA:788,27
DA:789,27
DA:790,27
DA:808,27
DA:815,27
DA:816,27
DA:817,27
DA:818,27
DA:819,27
DA:820,27
DA:824,27
DA:827,27
DA:828,27
DA:829,27
DA:830,27
DA:831,27
DA:835,27
DA:838,27
DA:839,27
DA:840,27
DA:848,27
DA:850,27
DA:853,27
DA:854,27
DA:855,27
DA:856,27
DA:857,27
DA:862,27
DA:866,27
DA:867,27
DA:868,27
DA:869,27
DA:870,27
DA:872,27
DA:881,36
DA:882,36
DA:883,36
DA:884,36
DA:886,36
DA:887,144
DA:888,144
DA:892,36
DA:893,36
DA:894,36
DA:895,36
DA:896,8
DA:897,8
DA:898,4
DA:899,2
DA:900,1
DA:902,0
DA:903,0
DA:905,0
DA:911,36
DA:912,36
DA:914,36
DA:915,36
DA:916,36
DA:917,36
DA:918,1
DA:919,1
DA:922,1
DA:926,36
DA:927,1
DA:928,1
DA:929,1
DA:930,1
DA:931,1
DA:933,0
DA:934,0
DA:935,0
DA:939,0
DA:940,0
DA:941,0
DA:942,0
DA:947,36
DA:950,27
DA:951,27
DA:952,27
DA:954,27
DA:955,27
DA:956,27
DA:959,27
DA:973,28
DA:988,28
DA:996,1
DA:1002,27
DA:1003,27
DA:1004,27
DA:1005,27
DA:1006,27
DA:1007,27
DA:1008,27
DA:1009,1
DA:1010,1
DA:1011,1
DA:1018,5
DA:1019,5
DA:1020,4
DA:1021,4
DA:1022,3
DA:1023,3
DA:1024,3
DA:1025,3
DA:1026,3
DA:1029,1
DA:1031,4
DA:1035,10
DA:1036,10
DA:1039,10
DA:1040,1
DA:1041,1
DA:1042,1
DA:1043,1
DA:1047,9
DA:1048,3
DA:1049,3
DA:1050,3
DA:1051,2
DA:1057,7
DA:1061,7
DA:1063,5
DA:1066,5
DA:1069,5
DA:1077,5
DA:1078,1
DA:1079,1
DA:1080,1
DA:1081,1
DA:1082,1
DA:1083,1
DA:1086,4
DA:1087,4
DA:1089,4
DA:1090,3
DA:1091,3
DA:1092,3
DA:1093,3
DA:1095,3
DA:1096,3
DA:1103,3
DA:1104,3
DA:1106,3
DA:1107,1
DA:1108,1
DA:1109,1
DA:1115,1
DA:1116,1
DA:1118,0
DA:1121,2
DA:1127,1
DA:1130,2
DA:1131,1
DA:1132,1
DA:1133,0
DA:1134,0
DA:1135,0
DA:1136,0
DA:1139,0
DA:1140,0
DA:1141,0
DA:1142,0
DA:1144,0
DA:1145,0
DA:1146,0
DA:1149,1
DA:1150,1
DA:1151,1
DA:1152,1
DA:1154,2
DA:1155,2
DA:1156,2
DA:1157,2
DA:1158,2
DA:1159,2
DA:1166,5
DA:1167,5
DA:1168,5
DA:1169,5
DA:1170,5
DA:1173,5
DA:1176,5
DA:1177,4
DA:1178,1
DA:1179,1
DA:1180,1
DA:1181,1
DA:1182,1
DA:1183,1
DA:1188,4
DA:1189,4
DA:1190,0
DA:1191,0
DA:1192,0
DA:1193,0
DA:1194,0
DA:1195,0
DA:1196,0
DA:1197,0
DA:1198,0
DA:1199,0
DA:1218,4
DA:1221,4
DA:1222,4
DA:1223,1
DA:1224,1
DA:1228,3
DA:1229,1
DA:1230,1
DA:1234,2
DA:1235,2
DA:1236,2
DA:1237,2
DA:1238,2
DA:1239,1
DA:1240,1
DA:1243,1
DA:1253,2
DA:1256,2
DA:1257,1
DA:1260,1
DA:1261,1
DA:1262,1
DA:1263,1
DA:1265,1
DA:1272,1
DA:1283,1
DA:1284,1
DA:1285,1
DA:1287,1
DA:1294,1
DA:1295,1
DA:1297,1
DA:1298,1
DA:1299,1
DA:1300,1
LF:586
LH:507
BRDA:52,0,0,0
BRDA:52,0,1,2
BRDA:52,1,0,2
BRDA:52,1,1,2
BRDA:65,2,0,0
BRDA:65,2,1,2
BRDA:67,3,0,0
BRDA:67,3,1,2
BRDA:76,4,0,2
BRDA:76,4,1,1
BRDA:77,5,0,0
BRDA:77,5,1,2
BRDA:77,6,0,2
BRDA:77,6,1,0
BRDA:80,7,0,0
BRDA:80,7,1,0
BRDA:96,8,0,1
BRDA:96,8,1,4
BRDA:101,9,0,1
BRDA:101,9,1,3
BRDA:101,10,0,4
BRDA:101,10,1,4
BRDA:112,11,0,0
BRDA:112,11,1,4
BRDA:119,12,0,1
BRDA:119,12,1,2
BRDA:119,13,0,3
BRDA:119,13,1,3
BRDA:124,14,0,1
BRDA:124,14,1,0
BRDA:138,15,0,1
BRDA:138,15,1,6
BRDA:141,16,0,1
BRDA:141,16,1,6
BRDA:155,17,0,26
BRDA:155,17,1,1
BRDA:160,18,0,3
BRDA:160,18,1,23
BRDA:160,19,0,23
BRDA:160,19,1,19
BRDA:160,19,2,19
BRDA:165,20,0,4
BRDA:165,20,1,0
BRDA:165,21,0,4
BRDA:165,21,1,0
BRDA:168,22,0,20
BRDA:168,22,1,2
BRDA:175,23,0,0
BRDA:175,23,1,4
BRDA:176,24,0,4
BRDA:176,24,1,0
BRDA:179,25,0,0
BRDA:179,25,1,2
BRDA:185,26,0,0
BRDA:185,26,1,5
BRDA:185,27,0,5
BRDA:185,27,1,5
BRDA:193,28,0,0
BRDA:193,28,1,2
BRDA:195,29,0,0
BRDA:195,29,1,0
BRDA:195,30,0,0
BRDA:195,30,1,0
BRDA:197,31,0,0
BRDA:197,31,1,0
BRDA:198,32,0,0
BRDA:198,32,1,0
BRDA:198,32,2,0
BRDA:203,33,0,2
BRDA:203,33,1,0
BRDA:204,34,0,0
BRDA:204,34,1,4
BRDA:205,35,0,2
BRDA:205,35,1,0
BRDA:208,36,0,0
BRDA:208,36,1,2
BRDA:210,37,0,2
BRDA:210,37,1,0
BRDA:210,37,2,0
BRDA:216,38,0,0
BRDA:216,38,1,3
BRDA:217,39,0,0
BRDA:217,39,1,3
BRDA:222,40,0,3
BRDA:222,40,1,0
BRDA:223,41,0,3
BRDA:223,41,1,0
BRDA:241,42,0,1
BRDA:241,42,1,0
BRDA:241,43,0,1
BRDA:241,43,1,0
BRDA:242,44,0,0
BRDA:242,44,1,1
BRDA:243,45,0,0
BRDA:243,45,1,1
BRDA:243,46,0,0
BRDA:243,46,1,0
BRDA:245,47,0,0
BRDA:245,47,1,3
BRDA:263,48,0,0
BRDA:263,48,1,2
BRDA:266,49,0,0
BRDA:266,49,1,0
BRDA:267,50,0,0
BRDA:267,50,1,0
BRDA:270,51,0,0
BRDA:270,51,1,2
BRDA:271,52,0,0
BRDA:271,52,1,2
BRDA:273,53,0,2
BRDA:273,53,1,2
BRDA:275,54,0,2
BRDA:275,54,1,0
BRDA:277,55,0,2
BRDA:277,55,1,0
BRDA:277,55,2,0
BRDA:278,56,0,2
BRDA:278,56,1,0
BRDA:278,57,0,2
BRDA:278,57,1,0
BRDA:278,57,2,0
BRDA:278,58,0,2
BRDA:278,58,1,0
BRDA:278,58,2,0
BRDA:280,59,0,0
BRDA:280,59,1,2
BRDA:282,60,0,2
BRDA:282,60,1,0
BRDA:283,61,0,0
BRDA:283,61,1,2
BRDA:283,62,0,2
BRDA:283,62,1,0
BRDA:287,63,0,0
BRDA:287,63,1,0
BRDA:289,64,0,0
BRDA:289,64,1,0
BRDA:290,65,0,0
BRDA:290,65,1,0
BRDA:290,66,0,0
BRDA:290,66,1,0
BRDA:294,67,0,0
BRDA:294,67,1,1
BRDA:299,68,0,0
BRDA:299,68,1,1
BRDA:301,69,0,0
BRDA:301,69,1,1
BRDA:303,70,0,1
BRDA:303,70,1,0
BRDA:303,70,2,0
BRDA:305,71,0,1
BRDA:305,71,1,1
BRDA:309,72,0,0
BRDA:309,72,1,2
BRDA:329,73,0,0
BRDA:329,73,1,4
BRDA:329,74,0,4
BRDA:329,74,1,4
BRDA:330,75,0,2
BRDA:330,75,1,2
BRDA:331,76,0,2
BRDA:331,76,1,0
BRDA:331,77,0,2
BRDA:331,77,1,2
BRDA:331,77,2,2
BRDA:332,78,0,0
BRDA:332,78,1,0
BRDA:332,79,0,0
BRDA:332,79,1,0
BRDA:333,80,0,0
BRDA:333,80,1,0
BRDA:333,80,2,0
BRDA:333,80,3,0
BRDA:341,81,0,0
BRDA:341,81,1,2
BRDA:341,82,0,2
BRDA:341,82,1,0
BRDA:342,83,0,0
BRDA:342,83,1,2
BRDA:343,84,0,0
BRDA:343,84,1,2
BRDA:351,85,0,2
BRDA:351,85,1,2
BRDA:351,86,0,4
BRDA:351,86,1,4
BRDA:351,87,0,2
BRDA:351,87,1,2
BRDA:355,88,0,0
BRDA:355,88,1,2
BRDA:355,89,0,2
BRDA:355,89,1,2
BRDA:355,89,2,2
BRDA:365,90,0,1
BRDA:365,90,1,4
BRDA:376,91,0,28
BRDA:376,91,1,0
BRDA:378,92,0,0
BRDA:378,92,1,0
BRDA:379,93,0,0
BRDA:379,93,1,0
BRDA:379,94,0,0
BRDA:379,94,1,0
BRDA:400,95,0,6
BRDA:400,95,1,67
BRDA:401,96,0,67
BRDA:401,96,1,0
BRDA:402,97,0,67
BRDA:402,97,1,0
BRDA:402,97,2,0
BRDA:403,98,0,67
BRDA:403,98,1,64
BRDA:404,99,0,67
BRDA:404,99,1,64
BRDA:405,100,0,3
BRDA:405,100,1,64
BRDA:405,101,0,3
BRDA:405,101,1,0
BRDA:408,102,0,1
BRDA:408,102,1,66
BRDA:408,103,0,67
BRDA:408,103,1,67
BRDA:408,103,2,1
BRDA:410,104,0,1
BRDA:410,104,1,66
BRDA:412,105,0,1
BRDA:412,105,1,65
BRDA:413,106,0,1
BRDA:413,106,1,66
BRDA:414,107,0,0
BRDA:414,107,1,1
BRDA:415,108,0,3
BRDA:415,108,1,63
BRDA:428,109,0,27
BRDA:428,109,1,0
BRDA:431,110,0,27
BRDA:431,110,1,0
BRDA:434,111,0,1
BRDA:434,111,1,0
BRDA:444,112,0,7
BRDA:444,112,1,20
BRDA:464,113,0,20
BRDA:464,113,1,7
BRDA:466,114,0,19
BRDA:466,114,1,1
BRDA:469,115,0,19
BRDA:469,115,1,0
BRDA:469,116,0,19
BRDA:469,116,1,19
BRDA:483,117,0,0
BRDA:483,117,1,1
BRDA:498,118,0,0
BRDA:498,118,1,0
BRDA:498,119,0,0
BRDA:498,119,1,0
BRDA:567,120,0,0
BRDA:567,120,1,0
BRDA:583,121,0,18
BRDA:583,121,1,39
BRDA:586,122,0,18
BRDA:586,122,1,0
BRDA:587,123,0,18
BRDA:587,123,1,0
BRDA:589,124,0,55
BRDA:589,124,1,2
BRDA:603,125,0,0
BRDA:603,125,1,2
BRDA:604,126,0,0
BRDA:604,126,1,2
BRDA:605,127,0,0
BRDA:605,127,1,2
BRDA:605,128,0,0
BRDA:605,128,1,0
BRDA:613,129,0,0
BRDA:613,129,1,3
BRDA:615,130,0,0
BRDA:615,130,1,3
BRDA:628,131,0,0
BRDA:628,131,1,27
BRDA:645,132,0,0
BRDA:645,132,1,9
BRDA:649,133,0,9
BRDA:649,133,1,0
BRDA:649,133,2,0
BRDA:649,133,3,0
BRDA:649,133,4,0
BRDA:649,133,5,0
BRDA:649,133,6,0
BRDA:649,133,7,0
BRDA:679,134,0,9
BRDA:679,134,1,9
BRDA:679,134,2,0
BRDA:679,134,3,0
BRDA:688,135,0,9
BRDA:688,135,1,9
BRDA:689,136,0,9
BRDA:689,136,1,9
BRDA:689,136,2,9
BRDA:689,136,3,9
BRDA:691,137,0,0
BRDA:691,137,1,9
BRDA:694,138,0,0
BRDA:694,138,1,9
BRDA:707,139,0,0
BRDA:707,139,1,9
BRDA:707,140,0,9
BRDA:707,140,1,0
BRDA:713,141,0,0
BRDA:713,141,1,0
BRDA:734,142,0,2
BRDA:734,142,1,28
BRDA:741,143,0,8
BRDA:741,143,1,20
BRDA:753,144,0,0
BRDA:753,144,1,20
BRDA:754,145,0,1
BRDA:754,145,1,19
BRDA:763,146,0,27
BRDA:763,146,1,0
BRDA:816,147,0,0
BRDA:816,147,1,27
BRDA:840,148,0,1
BRDA:840,148,1,26
BRDA:840,149,0,27
BRDA:840,149,1,27
BRDA:882,150,0,36
BRDA:882,150,1,36
BRDA:883,151,0,36
BRDA:883,151,1,36
BRDA:884,152,0,36
BRDA:884,152,1,0
BRDA:888,153,0,108
BRDA:888,153,1,36
BRDA:888,154,0,144
BRDA:888,154,1,144
BRDA:893,155,0,36
BRDA:893,155,1,0
BRDA:895,156,0,8
BRDA:895,156,1,28
BRDA:895,157,0,36
BRDA:895,157,1,8
BRDA:903,158,0,0
BRDA:903,158,1,0
BRDA:903,159,0,0
BRDA:903,159,1,0
BRDA:912,160,0,36
BRDA:912,160,1,0
BRDA:912,161,0,8
BRDA:912,161,1,28
BRDA:915,162,0,36
BRDA:915,162,1,0
BRDA:917,163,0,1
BRDA:917,163,1,35
BRDA:919,164,0,1
BRDA:919,164,1,0
BRDA:926,165,0,1
BRDA:926,165,1,35
BRDA:926,166,0,36
BRDA:926,166,1,1
BRDA:928,167,0,1
BRDA:928,167,1,0
BRDA:930,168,0,1
BRDA:930,168,1,0
BRDA:933,169,0,0
BRDA:933,169,1,0
BRDA:942,170,0,0
BRDA:942,170,1,0
BRDA:942,171,0,0
BRDA:942,171,1,0
BRDA:956,172,0,27
BRDA:956,172,1,0
BRDA:1004,173,0,27
BRDA:1004,173,1,0
BRDA:1006,174,0,27
BRDA:1006,174,1,26
BRDA:1008,175,0,1
BRDA:1008,175,1,26
BRDA:1008,176,0,27
BRDA:1008,176,1,27
BRDA:1011,177,0,1
BRDA:1011,177,1,0
BRDA:1019,178,0,1
BRDA:1019,178,1,4
BRDA:1021,179,0,3
BRDA:1021,179,1,1
BRDA:1021,180,0,4
BRDA:1021,180,1,3
BRDA:1021,180,2,3
BRDA:1027,181,0,2
BRDA:1027,181,1,1
BRDA:1039,182,0,1
BRDA:1039,182,1,9
BRDA:1047,183,0,3
BRDA:1047,183,1,6
BRDA:1048,184,0,3
BRDA:1048,184,1,1
BRDA:1050,185,0,1
BRDA:1050,185,1,2
BRDA:1051,186,0,1
BRDA:1051,186,1,1
BRDA:1061,187,0,2
BRDA:1061,187,1,5
BRDA:1063,188,0,5
BRDA:1063,188,1,0
BRDA:1066,189,0,4
BRDA:1066,189,1,1
BRDA:1067,190,0,4
BRDA:1067,190,1,0
BRDA:1067,190,2,0
BRDA:1068,191,0,1
BRDA:1068,191,1,0
BRDA:1069,192,0,4
BRDA:1069,192,1,1
BRDA:1070,193,0,4
BRDA:1070,193,1,0
BRDA:1077,194,0,1
BRDA:1077,194,1,4
BRDA:1077,195,0,5
BRDA:1077,195,1,1
BRDA:1077,195,2,1
BRDA:1077,195,3,1
BRDA:1089,196,0,1
BRDA:1089,196,1,3
BRDA:1092,197,0,1
BRDA:1092,197,1,2
BRDA:1100,198,0,3
BRDA:1100,198,1,3
BRDA:1106,199,0,1
BRDA:1106,199,1,2
BRDA:1107,200,0,1
BRDA:1107,200,1,0
BRDA:1108,201,0,1
BRDA:1108,201,1,0
BRDA:1110,202,0,1
BRDA:1110,202,1,0
BRDA:1112,203,0,1
BRDA:1112,203,1,1
BRDA:1113,204,0,1
BRDA:1113,204,1,0
BRDA:1113,205,0,1
BRDA:1113,205,1,1
BRDA:1115,206,0,1
BRDA:1115,206,1,0
BRDA:1122,207,0,2
BRDA:1122,207,1,0
BRDA:1124,208,0,2
BRDA:1124,208,1,2
BRDA:1125,209,0,2
BRDA:1125,209,1,0
BRDA:1125,210,0,2
BRDA:1125,210,1,2
BRDA:1127,211,0,1
BRDA:1127,211,1,0
BRDA:1130,212,0,1
BRDA:1130,212,1,1
BRDA:1131,213,0,1
BRDA:1131,213,1,0
BRDA:1132,214,0,1
BRDA:1132,214,1,0
BRDA:1132,215,0,1
BRDA:1132,215,1,0
BRDA:1137,216,0,0
BRDA:1137,216,1,0
BRDA:1139,217,0,0
BRDA:1139,217,1,0
BRDA:1141,218,0,0
BRDA:1141,218,1,0
BRDA:1150,219,0,1
BRDA:1150,219,1,0
BRDA:1155,220,0,2
BRDA:1155,220,1,0
BRDA:1177,221,0,1
BRDA:1177,221,1,3
BRDA:1179,222,0,1
BRDA:1179,222,1,0
BRDA:1180,223,0,1
BRDA:1180,223,1,0
BRDA:1188,224,0,1
BRDA:1188,224,1,3
BRDA:1189,225,0,0
BRDA:1189,225,1,4
BRDA:1192,226,0,0
BRDA:1192,226,1,0
BRDA:1193,227,0,0
BRDA:1193,227,1,0
BRDA:1196,228,0,0
BRDA:1196,228,1,0
BRDA:1199,229,0,0
BRDA:1199,229,1,0
BRDA:1199,230,0,0
BRDA:1199,230,1,0
BRDA:1218,231,0,4
BRDA:1218,231,1,0
BRDA:1222,232,0,1
BRDA:1222,232,1,3
BRDA:1228,233,0,1
BRDA:1228,233,1,2
BRDA:1238,234,0,1
BRDA:1238,234,1,1
BRDA:1238,235,0,2
BRDA:1238,235,1,1
BRDA:1253,236,0,2
BRDA:1253,236,1,0
BRDA:1256,237,0,1
BRDA:1256,237,1,1
BRDA:1263,238,0,1
BRDA:1263,238,1,0
BRDA:1269,239,0,1
BRDA:1269,239,1,1
BRDA:1278,240,0,1
BRDA:1278,240,1,0
BRDA:1280,241,0,1
BRDA:1280,241,1,1
BRDA:1283,242,0,1
BRDA:1283,242,1,0
BRDA:1294,243,0,1
BRDA:1294,243,1,1
BRDA:1297,244,0,1
BRDA:1297,244,1,0
BRDA:1300,245,0,1
BRDA:1300,245,1,0
BRF:519
BRH:313
end_of_record
TN:
SF:js\b-desktop-global-cart-access.js
FN:26,isDesktopViewport
FN:30,applyMobileCartAccessVisibility
FN:42,isVisible
FN:51,isCartTrigger
FN:55,openDrawerFallback
FN:73,onCartClick
FN:80,(anonymous_6)
FN:87,setupDesktopGlobalCartAccess
FNF:8
FNH:8
FNDA:22,isDesktopViewport
FNDA:18,applyMobileCartAccessVisibility
FNDA:16,isVisible
FNDA:30,isCartTrigger
FNDA:11,openDrawerFallback
FNDA:30,onCartClick
FNDA:16,(anonymous_6)
FNDA:10,setupDesktopGlobalCartAccess
DA:24,9
DA:27,22
DA:31,18
DA:32,18
DA:37,17
DA:38,17
DA:39,17
DA:43,16
DA:44,16
DA:45,16
DA:46,16
DA:47,16
DA:48,5
DA:52,30
DA:61,11
DA:62,11
DA:64,4
DA:65,4
DA:66,4
DA:68,4
DA:69,4
DA:70,4
DA:74,30
DA:75,22
DA:80,16
DA:81,16
DA:82,16
DA:83,11
DA:88,10
DA:89,9
DA:91,9
DA:92,9
DA:93,9
DA:95,9
LF:34
LH:34
BRDA:27,0,0,22
BRDA:27,0,1,22
BRDA:32,1,0,1
BRDA:32,1,1,17
BRDA:43,2,0,0
BRDA:43,2,1,16
BRDA:45,3,0,0
BRDA:45,3,1,16
BRDA:45,4,0,16
BRDA:45,4,1,16
BRDA:45,4,2,16
BRDA:47,5,0,11
BRDA:47,5,1,5
BRDA:47,6,0,16
BRDA:47,6,1,5
BRDA:48,7,0,5
BRDA:48,7,1,5
BRDA:48,7,2,5
BRDA:48,7,3,5
BRDA:62,8,0,7
BRDA:62,8,1,4
BRDA:62,9,0,11
BRDA:62,9,1,11
BRDA:66,10,0,0
BRDA:66,10,1,4
BRDA:66,11,0,4
BRDA:66,11,1,4
BRDA:74,12,0,8
BRDA:74,12,1,22
BRDA:75,13,0,6
BRDA:75,13,1,16
BRDA:82,14,0,5
BRDA:82,14,1,11
BRDA:88,15,0,1
BRDA:88,15,1,9
BRF:35
BRH:32
end_of_record
TN:
SF:js\b-desktop-sidebar.js
FN:43,_buildCatList
FN:45,(anonymous_1)
FN:56,_buildSidebar
FN:63,(anonymous_3)
FN:77,(anonymous_4)
FN:78,(anonymous_5)
FN:89,(anonymous_6)
FN:97,_syncSidebarActive
FN:99,(anonymous_8)
FN:110,setupDesktopSidebar
FN:119,(anonymous_10)
FN:122,(anonymous_11)
FN:126,(anonymous_12)
FN:136,syncDesktopSidebar
FNF:14
FNH:14
FNDA:8,_buildCatList
FNDA:16,(anonymous_1)
FNDA:8,_buildSidebar
FNDA:24,(anonymous_3)
FNDA:24,(anonymous_4)
FNDA:3,(anonymous_5)
FNDA:3,(anonymous_6)
FNDA:17,_syncSidebarActive
FNDA:51,(anonymous_8)
FNDA:11,setupDesktopSidebar
FNDA:8,(anonymous_10)
FNDA:6,(anonymous_11)
FNDA:7,(anonymous_12)
FNDA:2,syncDesktopSidebar
DA:33,11
DA:36,11
DA:44,8
DA:45,16
DA:50,8
DA:57,8
DA:59,8
DA:63,24
DA:77,8
DA:78,24
DA:79,3
DA:80,3
DA:82,3
DA:84,3
DA:85,3
DA:86,3
DA:88,24
DA:89,24
DA:98,17
DA:99,17
DA:100,51
DA:111,11
DA:113,9
DA:114,9
DA:116,8
DA:119,8
DA:120,8
DA:121,8
DA:122,6
DA:126,8
DA:127,7
DA:128,7
DA:137,2
LF:33
LH:33
BRDA:47,0,0,16
BRDA:47,0,1,0
BRDA:48,1,0,16
BRDA:48,1,1,16
BRDA:48,1,2,0
BRDA:64,2,0,8
BRDA:64,2,1,16
BRDA:89,3,0,2
BRDA:89,3,1,1
BRDA:89,4,0,3
BRDA:89,4,1,2
BRDA:98,5,0,0
BRDA:98,5,1,17
BRDA:111,6,0,2
BRDA:111,6,1,9
BRDA:114,7,0,1
BRDA:114,7,1,8
BRDA:121,8,0,2
BRDA:121,8,1,6
BRDA:121,9,0,8
BRDA:121,9,1,6
BRDA:127,10,0,7
BRDA:127,10,1,0
BRDA:127,11,0,7
BRDA:127,11,1,7
BRDA:137,12,0,1
BRDA:137,12,1,1
BRF:27
BRH:23
end_of_record
TN:
SF:js\b-desktop-upgrade.js
FN:41,setupScrollToTop
FN:51,(anonymous_1)
FN:57,(anonymous_2)
FN:60,(anonymous_3)
FN:87,setupSideCartFooterGuard
FN:96,(anonymous_5)
FN:115,setupDesktopUpgrade
FNF:7
FNH:6
FNDA:7,setupScrollToTop
FNDA:1,(anonymous_1)
FNDA:9,(anonymous_2)
FNDA:9,(anonymous_3)
FNDA:7,setupSideCartFooterGuard
FNDA:0,(anonymous_5)
FNDA:8,setupDesktopUpgrade
DA:35,1
DA:42,7
DA:43,7
DA:45,6
DA:46,6
DA:47,6
DA:48,6
DA:49,6
DA:51,6
DA:52,1
DA:56,6
DA:57,6
DA:58,9
DA:59,9
DA:60,9
DA:61,9
DA:62,9
DA:89,7
DA:92,0
DA:93,0
DA:94,0
DA:96,0
DA:97,0
DA:98,0
DA:99,0
DA:100,0
DA:101,0
DA:108,0
DA:116,8
DA:118,7
DA:119,7
DA:120,7
DA:121,7
LF:33
LH:23
BRDA:42,0,0,0
BRDA:42,0,1,7
BRDA:43,1,0,1
BRDA:43,1,1,6
BRDA:58,2,0,0
BRDA:58,2,1,9
BRDA:94,3,0,0
BRDA:94,3,1,0
BRDA:94,4,0,0
BRDA:94,4,1,0
BRDA:94,4,2,0
BRDA:99,5,0,0
BRDA:99,5,1,0
BRDA:100,6,0,0
BRDA:100,6,1,0
BRDA:101,7,0,0
BRDA:101,7,1,0
BRDA:116,8,0,1
BRDA:116,8,1,7
BRF:19
BRH:6
end_of_record
TN:
SF:js\b-favs.js
FN:36,renderFavView
FN:45,(anonymous_1)
FN:46,(anonymous_2)
FN:61,(anonymous_3)
FN:62,(anonymous_4)
FN:110,(anonymous_5)
FN:112,(anonymous_6)
FN:117,(anonymous_7)
FN:118,(anonymous_8)
FN:121,(anonymous_9)
FN:124,(anonymous_10)
FN:126,(anonymous_11)
FN:144,updateFavPromoBadge
FN:164,shareWishlistWhatsApp
FN:165,(anonymous_14)
FN:172,(anonymous_15)
FN:180,(anonymous_16)
FNF:17
FNH:16
FNDA:6,renderFavView
FNDA:12,(anonymous_1)
FNDA:6,(anonymous_2)
FNDA:6,(anonymous_3)
FNDA:0,(anonymous_4)
FNDA:6,(anonymous_5)
FNDA:1,(anonymous_6)
FNDA:6,(anonymous_7)
FNDA:1,(anonymous_8)
FNDA:1,(anonymous_9)
FNDA:6,(anonymous_10)
FNDA:1,(anonymous_11)
FNDA:9,updateFavPromoBadge
FNDA:3,shareWishlistWhatsApp
FNDA:6,(anonymous_14)
FNDA:3,(anonymous_15)
FNDA:3,(anonymous_16)
DA:31,1
DA:37,6
DA:38,6
DA:39,5
DA:40,5
DA:41,5
DA:42,5
DA:45,12
DA:46,6
DA:47,6
DA:49,6
DA:50,1
DA:58,1
DA:61,5
DA:62,6
DA:63,6
DA:64,6
DA:85,5
DA:95,5
DA:100,5
DA:106,5
DA:108,5
DA:109,5
DA:110,5
DA:111,6
DA:112,6
DA:113,1
DA:114,1
DA:117,5
DA:118,6
DA:119,1
DA:120,1
DA:121,1
DA:124,5
DA:125,6
DA:126,6
DA:127,1
DA:128,1
DA:129,1
DA:134,5
DA:135,5
DA:136,5
DA:145,9
DA:146,9
DA:147,8
DA:148,8
DA:149,5
DA:150,4
DA:151,4
DA:152,4
DA:154,5
DA:155,5
DA:156,3
DA:157,1
DA:165,6
DA:166,3
DA:168,2
DA:171,2
DA:172,3
DA:173,2
DA:174,1
DA:176,1
DA:179,2
DA:180,2
DA:181,3
DA:182,3
DA:183,3
DA:185,2
DA:186,0
DA:187,0
DA:189,2
DA:191,2
LF:72
LH:70
BRDA:38,0,0,5
BRDA:38,0,1,1
BRDA:46,1,0,6
BRDA:46,1,1,2
BRDA:49,2,0,1
BRDA:49,2,1,5
BRDA:63,3,0,0
BRDA:63,3,1,6
BRDA:67,4,0,4
BRDA:67,4,1,2
BRDA:69,5,0,0
BRDA:69,5,1,6
BRDA:70,6,0,0
BRDA:70,6,1,6
BRDA:79,7,0,4
BRDA:79,7,1,2
BRDA:85,8,0,4
BRDA:85,8,1,1
BRDA:89,9,0,0
BRDA:89,9,1,4
BRDA:100,10,0,1
BRDA:100,10,1,4
BRDA:109,11,0,5
BRDA:109,11,1,0
BRDA:113,12,0,0
BRDA:113,12,1,1
BRDA:113,13,0,1
BRDA:113,13,1,1
BRDA:113,13,2,1
BRDA:128,14,0,0
BRDA:128,14,1,1
BRDA:135,15,0,5
BRDA:135,15,1,0
BRDA:146,16,0,1
BRDA:146,16,1,8
BRDA:148,17,0,5
BRDA:148,17,1,3
BRDA:149,18,0,4
BRDA:149,18,1,1
BRDA:155,19,0,1
BRDA:155,19,1,4
BRDA:156,20,0,1
BRDA:156,20,1,2
BRDA:166,21,0,1
BRDA:166,21,1,2
BRDA:174,22,0,1
BRDA:174,22,1,1
BRDA:174,22,2,0
BRDA:181,23,0,3
BRDA:181,23,1,0
BRDA:181,24,0,3
BRDA:181,24,1,0
BRDA:182,25,0,2
BRDA:182,25,1,1
BRDA:185,26,0,0
BRDA:185,26,1,2
BRDA:187,27,0,0
BRDA:187,27,1,0
BRF:58
BRH:44
end_of_record
TN:
SF:js\b-friendly-group-redirect.js
FN:22,setupFriendlyGroupRedirect
FNF:1
FNH:1
FNDA:2,setupFriendlyGroupRedirect
DA:23,2
DA:24,2
DA:26,1
DA:27,1
DA:28,0
DA:29,0
DA:32,1
LF:7
LH:5
BRDA:24,0,0,1
BRDA:24,0,1,1
BRDA:27,1,0,0
BRDA:27,1,1,1
BRDA:27,2,0,1
BRDA:27,2,1,1
BRF:6
BRH:5
end_of_record
TN:
SF:js\b-greeting.js
FN:36,ensureStyles
FN:38,firstName
FN:42,buildLabel
FN:50,showGreetingChip
FN:63,(anonymous_4)
FN:64,(anonymous_5)
FN:68,(anonymous_6)
FN:71,(anonymous_7)
FN:79,greetIfKnown
FNF:9
FNH:9
FNDA:7,ensureStyles
FNDA:7,firstName
FNDA:7,buildLabel
FNDA:7,showGreetingChip
FNDA:7,(anonymous_4)
FNDA:7,(anonymous_5)
FNDA:2,(anonymous_6)
FNDA:1,(anonymous_7)
FNDA:13,greetIfKnown
DA:29,12
DA:30,12
DA:31,12
DA:32,12
DA:39,7
DA:43,7
DA:44,7
DA:45,7
DA:51,7
DA:54,7
DA:56,7
DA:57,7
DA:58,7
DA:59,7
DA:60,7
DA:63,7
DA:64,7
DA:68,7
DA:69,2
DA:70,2
DA:71,2
DA:80,13
DA:82,11
DA:83,11
DA:88,10
DA:90,9
DA:91,9
DA:93,7
DA:94,7
LF:29
LH:29
BRDA:39,0,0,7
BRDA:39,0,1,1
BRDA:39,1,0,7
BRDA:39,1,1,1
BRDA:44,2,0,1
BRDA:44,2,1,6
BRDA:45,3,0,6
BRDA:45,3,1,1
BRDA:80,4,0,2
BRDA:80,4,1,11
BRDA:88,5,0,1
BRDA:88,5,1,9
BRDA:91,6,0,2
BRDA:91,6,1,7
BRDA:91,7,0,9
BRDA:91,7,1,8
BRF:16
BRH:16
end_of_record
TN:
SF:js\b-group-banner.js
FN:38,r
FN:40,pct
FN:46,timeRemaining
FN:57,isClosedStatus
FN:62,ensureStyles
FN:64,buildHTML
FN:100,getOrCreateBanner
FN:115,bindBanner
FN:116,(anonymous_8)
FN:118,(anonymous_9)
FN:119,(anonymous_10)
FN:120,(anonymous_11)
FN:129,(anonymous_12)
FN:135,(anonymous_13)
FN:136,(anonymous_14)
FN:139,expandBanner
FN:144,shouldAutoCollapse
FN:152,scheduleCollapse
FN:155,(anonymous_18)
FN:160,startTick
FN:162,(anonymous_20)
FN:172,stopTimers
FN:177,showBanner
FN:185,hideBanner
FN:191,refreshBanner
FN:194,(anonymous_25)
FN:195,(anonymous_26)
FN:219,(anonymous_27)
FNF:28
FNH:8
FNDA:6,r
FNDA:0,pct
FNDA:0,timeRemaining
FNDA:0,isClosedStatus
FNDA:0,ensureStyles
FNDA:0,buildHTML
FNDA:0,getOrCreateBanner
FNDA:0,bindBanner
FNDA:0,(anonymous_8)
FNDA:0,(anonymous_9)
FNDA:0,(anonymous_10)
FNDA:0,(anonymous_11)
FNDA:0,(anonymous_12)
FNDA:0,(anonymous_13)
FNDA:0,(anonymous_14)
FNDA:0,expandBanner
FNDA:0,shouldAutoCollapse
FNDA:0,scheduleCollapse
FNDA:0,(anonymous_18)
FNDA:0,startTick
FNDA:0,(anonymous_20)
FNDA:13,stopTimers
FNDA:6,showBanner
FNDA:13,hideBanner
FNDA:7,refreshBanner
FNDA:5,(anonymous_25)
FNDA:5,(anonymous_26)
FNDA:1,(anonymous_27)
DA:32,1
DA:33,1
DA:34,1
DA:35,1
DA:36,1
DA:38,6
DA:41,0
DA:42,0
DA:43,0
DA:47,0
DA:48,0
DA:49,0
DA:50,0
DA:51,0
DA:52,0
DA:53,0
DA:54,0
DA:58,0
DA:65,0
DA:66,0
DA:67,0
DA:68,0
DA:69,0
DA:70,0
DA:71,0
DA:72,0
DA:73,0
DA:76,0
DA:80,0
DA:86,0
DA:101,0
DA:102,0
DA:103,0
DA:104,0
DA:105,0
DA:106,0
DA:107,0
DA:108,0
DA:109,0
DA:110,0
DA:112,0
DA:116,0
DA:117,0
DA:118,0
DA:119,0
DA:120,0
DA:121,0
DA:123,0
DA:124,0
DA:129,0
DA:130,0
DA:131,0
DA:132,0
DA:135,0
DA:136,0
DA:140,0
DA:141,0
DA:145,0
DA:146,0
DA:147,0
DA:148,0
DA:149,0
DA:153,0
DA:154,0
DA:155,0
DA:156,0
DA:161,0
DA:162,0
DA:163,0
DA:164,0
DA:165,0
DA:166,0
DA:167,0
DA:168,0
DA:173,13
DA:174,13
DA:181,6
DA:182,6
DA:186,13
DA:187,13
DA:188,13
DA:192,7
DA:193,6
DA:194,5
DA:196,5
DA:197,3
DA:200,3
DA:201,3
DA:202,3
DA:204,3
DA:206,2
DA:207,2
DA:208,2
DA:209,2
DA:210,2
DA:211,2
LF:96
LH:28
BRDA:38,0,0,6
BRDA:38,0,1,2
BRDA:42,1,0,0
BRDA:42,1,1,0
BRDA:47,2,0,0
BRDA:47,2,1,0
BRDA:49,3,0,0
BRDA:49,3,1,0
BRDA:52,4,0,0
BRDA:52,4,1,0
BRDA:53,5,0,0
BRDA:53,5,1,0
BRDA:53,6,0,0
BRDA:53,6,1,0
BRDA:65,7,0,0
BRDA:65,7,1,0
BRDA:65,7,2,0
BRDA:66,8,0,0
BRDA:66,8,1,0
BRDA:66,8,2,0
BRDA:67,9,0,0
BRDA:67,9,1,0
BRDA:69,10,0,0
BRDA:69,10,1,0
BRDA:70,11,0,0
BRDA:70,11,1,0
BRDA:72,12,0,0
BRDA:72,12,1,0
BRDA:72,12,2,0
BRDA:73,13,0,0
BRDA:73,13,1,0
BRDA:73,13,2,0
BRDA:73,13,3,0
BRDA:76,14,0,0
BRDA:76,14,1,0
BRDA:80,15,0,0
BRDA:80,15,1,0
BRDA:81,16,0,0
BRDA:81,16,1,0
BRDA:87,17,0,0
BRDA:87,17,1,0
BRDA:87,18,0,0
BRDA:87,18,1,0
BRDA:91,19,0,0
BRDA:91,19,1,0
BRDA:91,20,0,0
BRDA:91,20,1,0
BRDA:93,21,0,0
BRDA:93,21,1,0
BRDA:94,22,0,0
BRDA:94,22,1,0
BRDA:102,23,0,0
BRDA:102,23,1,0
BRDA:108,24,0,0
BRDA:108,24,1,0
BRDA:109,25,0,0
BRDA:109,25,1,0
BRDA:145,26,0,0
BRDA:145,26,1,0
BRDA:145,26,2,0
BRDA:146,27,0,0
BRDA:146,27,1,0
BRDA:148,28,0,0
BRDA:148,28,1,0
BRDA:149,29,0,0
BRDA:149,29,1,0
BRDA:152,30,0,0
BRDA:153,31,0,0
BRDA:153,31,1,0
BRDA:154,32,0,0
BRDA:154,32,1,0
BRDA:161,33,0,0
BRDA:161,33,1,0
BRDA:163,34,0,0
BRDA:163,34,1,0
BRDA:164,35,0,0
BRDA:164,35,1,0
BRDA:168,36,0,0
BRDA:168,36,1,0
BRDA:168,37,0,0
BRDA:168,37,1,0
BRDA:173,38,0,0
BRDA:173,38,1,13
BRDA:174,39,0,0
BRDA:174,39,1,13
BRDA:188,40,0,3
BRDA:188,40,1,10
BRDA:192,41,0,1
BRDA:192,41,1,6
BRDA:194,42,0,4
BRDA:194,42,1,1
BRDA:196,43,0,3
BRDA:196,43,1,2
BRF:93
BRH:12
end_of_record
TN:
SF:js\b-group-cart-flow.js
FN:24,setupGroupCartFlow
FNF:1
FNH:1
FNDA:3,setupGroupCartFlow
LF:0
LH:0
BRF:0
BRH:0
end_of_record
TN:
SF:js\b-group-view.js
FN:87,detectParticipantToken
FN:96,getOrCreateEl
FN:111,startPolling
FN:113,(anonymous_3)
FN:129,stopPolling
FN:146,participantCommitmentKey
FN:148,readJsonStorage
FN:157,writeJsonStorage
FN:161,rememberParticipantToken
FN:171,recallParticipantToken
FN:189,clearParticipantToken
FN:193,rememberParticipantCommitment
FN:201,readParticipantCommitment
FN:206,consumeSharedPaymentReturn
FN:228,ensureCreatorCartState
FN:239,injectStyles
FN:252,identityLabel
FN:261,renderEstimationForm
FN:315,bindEstimationForm
FN:316,(anonymous_19)
FN:322,(anonymous_20)
FN:353,(anonymous_21)
FN:368,renderPaymentCountdown
FN:385,startCountdownTick
FN:389,(anonymous_24)
FN:410,(anonymous_25)
FN:416,renderPaymentForm
FN:447,bindPaymentForm
FN:453,(anonymous_28)
FN:463,(anonymous_29)
FN:530,doFinalize
FN:548,(anonymous_31)
FN:574,bindPersonalizeBlock
FN:581,(anonymous_33)
FN:588,(anonymous_34)
FN:593,(anonymous_35)
FN:602,(anonymous_36)
FN:611,bindCreatorActions
FN:614,(anonymous_38)
FN:619,(anonymous_39)
FN:626,(anonymous_40)
FN:627,(anonymous_41)
FN:628,(anonymous_42)
FN:630,(anonymous_43)
FN:637,(anonymous_44)
FN:657,(anonymous_45)
FN:662,(anonymous_46)
FN:668,(anonymous_47)
FN:679,(anonymous_48)
FN:679,(anonymous_49)
FN:693,(anonymous_50)
FN:713,(anonymous_51)
FN:741,(anonymous_52)
FN:743,(anonymous_53)
FN:762,renderParticipantItemsAccordion
FN:765,(anonymous_55)
FN:822,ensureSnapshotStyles
FN:826,openProductSnapshotSheet
FN:853,(anonymous_58)
FN:854,(anonymous_59)
FN:855,(anonymous_60)
FN:859,(anonymous_61)
FN:862,bindParticipantItemsAccordion
FN:867,(anonymous_63)
FN:876,(anonymous_64)
FN:880,(anonymous_65)
FN:881,(anonymous_66)
FN:882,(anonymous_67)
FN:890,renderLoading
FN:893,renderEmpty
FN:901,renderError
FN:913,renderGroupView
FN:1077,(anonymous_72)
FN:1112,(anonymous_73)
FN:1112,(anonymous_74)
FN:1132,(anonymous_75)
FN:1132,(anonymous_76)
FN:1155,(anonymous_77)
FN:1166,(anonymous_78)
FN:1167,(anonymous_79)
FN:1178,(anonymous_80)
FN:1186,(anonymous_81)
FN:1192,refreshGroupBadge
FNF:83
FNH:34
FNDA:3,detectParticipantToken
FNDA:26,getOrCreateEl
FNDA:6,startPolling
FNDA:0,(anonymous_3)
FNDA:64,stopPolling
FNDA:10,participantCommitmentKey
FNDA:10,readJsonStorage
FNDA:0,writeJsonStorage
FNDA:16,rememberParticipantToken
FNDA:9,recallParticipantToken
FNDA:3,clearParticipantToken
FNDA:0,rememberParticipantCommitment
FNDA:10,readParticipantCommitment
FNDA:26,consumeSharedPaymentReturn
FNDA:1,ensureCreatorCartState
FNDA:26,injectStyles
FNDA:1,identityLabel
FNDA:5,renderEstimationForm
FNDA:5,bindEstimationForm
FNDA:0,(anonymous_19)
FNDA:0,(anonymous_20)
FNDA:0,(anonymous_21)
FNDA:0,renderPaymentCountdown
FNDA:0,startCountdownTick
FNDA:0,(anonymous_24)
FNDA:0,(anonymous_25)
FNDA:5,renderPaymentForm
FNDA:5,bindPaymentForm
FNDA:0,(anonymous_28)
FNDA:4,(anonymous_29)
FNDA:0,doFinalize
FNDA:0,(anonymous_31)
FNDA:6,bindPersonalizeBlock
FNDA:0,(anonymous_33)
FNDA:0,(anonymous_34)
FNDA:0,(anonymous_35)
FNDA:0,(anonymous_36)
FNDA:6,bindCreatorActions
FNDA:0,(anonymous_38)
FNDA:0,(anonymous_39)
FNDA:0,(anonymous_40)
FNDA:0,(anonymous_41)
FNDA:0,(anonymous_42)
FNDA:0,(anonymous_43)
FNDA:2,(anonymous_44)
FNDA:0,(anonymous_45)
FNDA:0,(anonymous_46)
FNDA:2,(anonymous_47)
FNDA:1,(anonymous_48)
FNDA:0,(anonymous_49)
FNDA:0,(anonymous_50)
FNDA:0,(anonymous_51)
FNDA:0,(anonymous_52)
FNDA:0,(anonymous_53)
FNDA:13,renderParticipantItemsAccordion
FNDA:0,(anonymous_55)
FNDA:0,ensureSnapshotStyles
FNDA:0,openProductSnapshotSheet
FNDA:0,(anonymous_58)
FNDA:0,(anonymous_59)
FNDA:0,(anonymous_60)
[...]
BRDA:410,55,1,4
BRDA:412,56,0,0
BRDA:412,56,1,2
BRDA:413,57,0,0
BRDA:413,57,1,4
BRDA:415,58,0,0
BRDA:415,58,1,0
BRDA:416,59,0,2
BRDA:416,59,1,2
BRDA:424,60,0,3
BRDA:424,60,1,6
BRDA:425,61,0,1
BRDA:425,61,1,2
BRDA:427,62,0,1
BRDA:427,62,1,0
BRDA:429,63,0,1
BRDA:429,63,1,0
BRDA:433,64,0,1
BRDA:433,64,1,0
BRDA:445,65,0,2
BRDA:445,65,1,7
BRDA:445,66,0,9
BRDA:445,66,1,7
BRDA:446,67,0,2
BRDA:446,67,1,0
BRDA:448,68,0,0
BRDA:448,68,1,2
BRDA:449,69,0,1
BRDA:449,69,1,1
BRDA:458,70,0,0
BRDA:458,70,1,2
BRDA:477,71,0,3
BRDA:477,71,1,6
BRDA:482,72,0,2
BRDA:482,72,1,4
BRDA:483,73,0,1
BRDA:483,73,1,1
BRDA:497,74,0,0
BRDA:497,74,1,4
BRDA:512,75,0,2
BRDA:512,75,1,2
BRDA:514,76,0,1
BRDA:514,76,1,1
BRDA:516,77,0,1
BRDA:516,77,1,1
BRDA:520,78,0,3
BRDA:520,78,1,6
BRDA:522,79,0,0
BRDA:522,79,1,3
BRDA:528,80,0,3
BRDA:528,80,1,6
BRDA:536,81,0,5
BRDA:536,81,1,4
BRDA:536,82,0,9
BRDA:536,82,1,6
BRDA:551,83,0,2
BRDA:551,83,1,7
BRDA:551,84,0,9
BRDA:551,84,1,7
BRDA:552,85,0,0
BRDA:552,85,1,2
BRDA:565,86,0,7
BRDA:571,87,0,2
BRDA:571,87,1,8
BRDA:572,88,0,1
BRDA:572,88,1,1
BRDA:580,89,0,2
BRDA:580,89,1,6
BRDA:585,90,0,1
BRDA:585,90,1,1
BRDA:592,91,0,5
BRDA:592,91,1,1
BRDA:594,92,0,5
BRDA:594,92,1,2
BRDA:595,93,0,2
BRDA:595,93,1,3
BRDA:601,94,0,0
BRDA:601,94,1,5
BRDA:602,95,0,5
BRDA:602,95,1,0
BRDA:603,96,0,0
BRDA:603,96,1,5
BRDA:604,97,0,0
BRDA:604,97,1,0
BRDA:610,98,0,2
BRDA:610,98,1,3
BRDA:615,99,0,1
BRDA:615,99,1,1
BRDA:630,100,0,1
BRDA:630,100,1,2
BRDA:689,101,0,1
BRDA:690,102,0,2
BRDA:690,102,1,1
BRDA:692,103,0,2
BRDA:692,103,1,1
BRDA:692,103,2,0
BRDA:693,104,0,2
BRDA:693,104,1,0
BRDA:694,105,0,2
BRDA:694,105,1,1
BRDA:694,105,2,0
BRDA:716,106,0,3
BRDA:717,107,0,2
BRDA:717,107,1,6
BRDA:720,108,0,5
BRDA:720,108,1,1
BRDA:721,109,0,2
BRDA:721,109,1,3
BRF:224
BRH:173
end_of_record
TN:
SF:js\group\group-state.js
FN:37,isVisibleOwnerCart
FN:47,sortOwnerCarts
FN:48,(anonymous_2)
FN:60,pickOwnerCart
FN:64,(anonymous_4)
FN:75,applyOwnerCartToState
FN:111,refreshGroupBadge
FNF:7
FNH:7
FNDA:36,isVisibleOwnerCart
FNDA:28,sortOwnerCarts
FNDA:17,(anonymous_2)
FNDA:18,pickOwnerCart
FNDA:8,(anonymous_4)
FNDA:15,applyOwnerCartToState
FNDA:3,refreshGroupBadge
DA:38,36
DA:39,34
DA:48,28
DA:61,18
DA:62,18
DA:63,12
DA:64,8
DA:65,5
DA:67,9
DA:76,15
DA:78,14
DA:79,14
DA:80,14
DA:81,14
DA:82,14
DA:83,14
DA:84,14
DA:85,14
DA:86,14
DA:89,14
DA:90,14
DA:112,3
DA:113,3
DA:114,3
DA:115,3
LF:25
LH:25
BRDA:38,0,0,2
BRDA:38,0,1,34
BRDA:47,1,0,1
BRDA:48,2,0,17
BRDA:48,2,1,3
BRDA:48,3,0,17
BRDA:48,3,1,3
BRDA:60,4,0,1
BRDA:60,5,0,4
BRDA:62,6,0,6
BRDA:62,6,1,12
BRDA:63,7,0,5
BRDA:63,7,1,7
BRDA:65,8,0,3
BRDA:65,8,1,2
BRDA:76,9,0,1
BRDA:76,9,1,14
BRDA:78,10,0,14
BRDA:78,10,1,1
BRDA:79,11,0,14
BRDA:79,11,1,4
BRDA:80,12,0,14
BRDA:80,12,1,13
BRDA:81,13,0,14
BRDA:81,13,1,13
BRDA:82,14,0,14
BRDA:82,14,1,5
BRDA:86,15,0,14
BRDA:86,15,1,13
BRDA:87,16,0,12
BRDA:87,16,1,1
BRF:31
BRH:31
end_of_record
TN:
SF:js\render\render-categories.js
FN:40,fallbackBadge
FN:47,renderChipPhoto
FN:58,renderCategoryRailMarkup
FN:59,(anonymous_3)
FNF:4
FNH:4
FNDA:72,fallbackBadge
FNDA:72,renderChipPhoto
FNDA:9,renderCategoryRailMarkup
FNDA:72,(anonymous_3)
DA:41,72
DA:42,72
DA:43,9
DA:44,0
DA:49,72
DA:50,72
DA:55,0
DA:59,72
LF:8
LH:6
BRDA:41,0,0,72
BRDA:41,0,1,0
BRDA:42,1,0,63
BRDA:42,1,1,9
BRDA:42,2,0,63
BRDA:42,2,1,0
BRDA:43,3,0,9
BRDA:43,3,1,0
BRDA:43,4,0,9
BRDA:43,4,1,0
BRDA:43,4,2,0
BRDA:44,5,0,0
BRDA:44,5,1,0
BRDA:44,5,2,0
BRDA:49,6,0,72
BRDA:49,6,1,0
BRDA:60,7,0,1
BRDA:60,7,1,71
BRDA:62,8,0,72
BRDA:62,8,1,0
BRF:20
BRH:10
end_of_record
TN:
SF:js\render\render-home-sections.js
FN:38,_partitionWithSoldes
FN:54,renderHomeSections
FN:128,(anonymous_2)
FN:144,(anonymous_3)
FN:146,(anonymous_4)
FN:151,(anonymous_5)
FNF:6
FNH:5
FNDA:0,_partitionWithSoldes
FNDA:10,renderHomeSections
FNDA:35,(anonymous_2)
FNDA:14,(anonymous_3)
FNDA:55,(anonymous_4)
FNDA:2,(anonymous_5)
DA:39,0
DA:42,0
DA:43,0
DA:46,0
DA:47,0
DA:48,0
DA:49,0
DA:51,0
DA:62,10
DA:63,10
DA:65,10
DA:67,5
DA:70,5
DA:71,5
DA:72,5
DA:79,5
DA:80,12
DA:81,5
DA:84,5
DA:87,35
DA:89,5
DA:92,30
DA:95,35
DA:96,35
DA:97,35
DA:98,35
DA:99,35
DA:106,35
DA:107,22
DA:109,13
DA:110,17
DA:111,13
DA:113,35
DA:116,5
DA:120,5
DA:121,5
DA:122,5
DA:123,14
DA:124,14
DA:128,35
DA:130,5
DA:131,7
DA:134,5
DA:135,7
DA:136,7
DA:142,7
DA:143,7
DA:144,14
DA:146,55
DA:149,7
DA:150,7
DA:151,2
DA:152,1
DA:155,7
DA:156,7
DA:157,7
DA:158,7
DA:159,7
DA:169,7
DA:170,1
DA:171,1
DA:173,1
DA:175,1
DA:176,2
DA:177,2
DA:183,1
DA:184,1
DA:187,7
DA:188,7
DA:189,7
DA:190,7
DA:192,7
DA:193,12
DA:194,7
DA:195,1
DA:197,1
DA:200,7
DA:203,7
DA:204,1
DA:213,7
DA:216,5
LF:81
LH:73
BRDA:43,0,0,0
BRDA:43,0,1,0
BRDA:47,1,0,0
BRDA:47,1,1,0
BRDA:48,2,0,0
BRDA:48,2,1,0
BRDA:65,3,0,5
BRDA:65,3,1,5
BRDA:87,4,0,5
BRDA:87,4,1,30
BRDA:95,5,0,35
BRDA:95,5,1,13
BRDA:97,6,0,22
BRDA:97,6,1,13
BRDA:103,7,0,22
BRDA:103,7,1,13
BRDA:106,8,0,22
BRDA:106,8,1,13
BRDA:123,9,0,14
BRDA:123,9,1,0
BRDA:124,10,0,14
BRDA:124,10,1,7
BRDA:128,11,0,35
BRDA:128,11,1,30
BRDA:131,12,0,0
BRDA:131,12,1,7
BRDA:136,13,0,0
BRDA:136,13,1,7
BRDA:136,14,0,7
BRDA:136,14,1,7
BRDA:142,15,0,7
BRDA:142,15,1,0
BRDA:149,16,0,7
BRDA:149,16,1,7
BRDA:150,17,0,1
BRDA:150,17,1,6
BRDA:152,18,0,1
BRDA:152,18,1,0
BRDA:156,19,0,7
BRDA:156,19,1,4
BRDA:169,20,0,1
BRDA:169,20,1,6
BRDA:173,21,0,1
BRDA:173,21,1,0
BRDA:177,22,0,1
BRDA:177,22,1,1
BRDA:179,23,0,2
BRDA:179,23,1,0
BRDA:180,24,0,2
BRDA:180,24,1,0
BRDA:194,25,0,1
BRDA:194,25,1,6
BRDA:203,26,0,1
BRDA:203,26,1,6
BRF:54
BRH:40
end_of_record
TN:
SF:js\render\render-product-card.js
FN:33,getCartQty
FN:34,(anonymous_1)
FN:38,renderAddControl
FN:52,renderGridCard
FN:85,renderSuggestionCard
FN:108,renderProductCard
FNF:6
FNH:6
FNDA:27,getCartQty
FNDA:4,(anonymous_1)
FNDA:27,renderAddControl
FNDA:18,renderGridCard
FNDA:9,renderSuggestionCard
FNDA:27,renderProductCard
DA:34,27
DA:35,27
DA:39,27
DA:40,9
DA:41,1
DA:43,8
DA:46,18
DA:47,3
DA:49,15
DA:53,18
DA:59,18
DA:86,9
DA:92,9
DA:109,27
DA:110,27
DA:111,27
DA:112,18
LF:17
LH:17
BRDA:35,0,0,4
BRDA:35,0,1,23
BRDA:39,1,0,9
BRDA:39,1,1,18
BRDA:40,2,0,1
BRDA:40,2,1,8
BRDA:46,3,0,3
BRDA:46,3,1,15
BRDA:56,4,0,18
BRDA:56,4,1,17
BRDA:63,5,0,1
BRDA:63,5,1,17
BRDA:64,6,0,1
BRDA:64,6,1,17
BRDA:65,7,0,1
BRDA:65,7,1,17
BRDA:70,8,0,1
BRDA:70,8,1,17
BRDA:74,9,0,1
BRDA:74,9,1,17
BRDA:75,10,0,1
BRDA:75,10,1,17
BRDA:77,11,0,3
BRDA:77,11,1,15
BRDA:89,12,0,9
BRDA:89,12,1,9
BRDA:93,13,0,9
BRDA:93,13,1,1
BRDA:96,14,0,1
BRDA:96,14,1,8
BRDA:108,15,0,17
BRDA:109,16,0,27
BRDA:109,16,1,17
BRDA:111,17,0,9
BRDA:111,17,1,18
BRF:35
BRH:35
end_of_record
TN:
SF:js\view-models\modal-view-model.js
FN:76,normalizeString
FN:82,normalizeNumberOrNull
FN:88,normalizePromoPct
FN:95,normalizeImages
FN:102,(anonymous_4)
FN:119,normalizeFulfillment
FN:135,normalizeStockStatus
FN:158,normalizeDeliveryEstimate
FN:172,normalizeVariants
FN:187,(anonymous_9)
FN:192,normalizeSpecs
FN:198,(anonymous_11)
FN:203,(anonymous_12)
FN:208,(anonymous_13)
FN:209,(anonymous_14)
FN:215,normalizeSocialProof
FN:240,inferDataQualityScore
FN:261,buildContractClasses
FN:293,buildModalViewModel
FN:304,(anonymous_19)
FN:380,buildStockLabel
FN:390,fallbackDeliveryLabel
FN:411,applyModalClasses
FN:417,(anonymous_23)
FN:420,(anonymous_24)
FN:423,(anonymous_25)
FNF:26
FNH:26
FNDA:1730,normalizeString
FNDA:597,normalizeNumberOrNull
FNDA:117,normalizePromoPct
FNDA:231,normalizeImages
FNDA:30,(anonymous_4)
FNDA:117,normalizeFulfillment
FNDA:117,normalizeStockStatus
FNDA:117,normalizeDeliveryEstimate
FNDA:117,normalizeVariants
FNDA:2,(anonymous_9)
FNDA:117,normalizeSpecs
FNDA:6,(anonymous_11)
FNDA:6,(anonymous_12)
FNDA:1,(anonymous_13)
FNDA:1,(anonymous_14)
FNDA:117,normalizeSocialProof
FNDA:117,inferDataQualityScore
FNDA:117,buildContractClasses
FNDA:117,buildModalViewModel
FNDA:120,(anonymous_19)
FNDA:117,buildStockLabel
FNDA:113,fallbackDeliveryLabel
FNDA:8,applyModalClasses
FNDA:7,(anonymous_23)
FNDA:4,(anonymous_24)
FNDA:5,(anonymous_25)
DA:57,1
DA:63,1
DA:64,1
DA:65,1
DA:66,1
DA:67,1
DA:68,1
DA:69,1
DA:70,1
DA:77,1730
DA:78,76
DA:79,76
DA:83,597
DA:84,71
DA:85,71
DA:89,117
DA:90,117
DA:91,9
DA:92,6
DA:98,231
DA:99,231
DA:101,231
DA:102,18
DA:103,30
DA:104,26
DA:105,6
DA:106,2
DA:110,231
DA:111,213
DA:112,213
DA:115,231
DA:116,231
DA:120,117
DA:127,117
DA:128,112
DA:129,109
DA:130,103
DA:132,99
DA:137,117
DA:142,117
DA:143,113
DA:144,110
DA:147,107
DA:148,107
DA:149,7
DA:150,5
DA:151,1
DA:155,100
DA:160,117
DA:165,117
DA:166,694
DA:167,694
DA:169,113
DA:174,117
DA:175,117
DA:176,110
DA:178,1
DA:180,109
DA:182,7
DA:183,3
DA:185,4
DA:186,2
DA:187,2
DA:189,2
DA:194,117
DA:195,117
DA:196,8
DA:197,5
DA:199,6
DA:200,6
DA:201,4
DA:203,6
DA:204,5
DA:206,3
DA:207,1
DA:208,1
DA:209,1
DA:210,1
DA:212,2
DA:217,117
DA:218,117
DA:220,6
DA:221,6
DA:222,6
DA:225,6
DA:228,6
DA:230,5
DA:242,117
DA:243,117
DA:244,117
DA:247,114
DA:248,114
DA:249,114
DA:250,114
DA:251,114
DA:252,114
DA:253,114
DA:254,114
DA:262,117
DA:265,117
DA:266,117
DA:267,117
DA:268,117
DA:269,117
DA:270,117
DA:271,117
DA:274,117
DA:275,117
DA:276,117
DA:278,117
DA:294,117
DA:297,117
DA:298,117
DA:299,117
DA:300,117
DA:303,117
DA:304,120
DA:307,117
DA:308,117
DA:309,117
DA:314,117
DA:315,117
DA:316,117
DA:319,117
DA:320,117
DA:321,117
DA:324,117
DA:327,117
DA:370,117
DA:371,117
DA:373,117
DA:381,117
DA:382,111
DA:383,7
DA:384,7
DA:385,3
DA:387,104
DA:391,113
DA:392,108
DA:393,105
DA:394,99
DA:412,8
DA:416,5
DA:417,5
DA:418,7
DA:420,5
DA:423,5
LF:147
LH:147
BRDA:76,0,0,0
BRDA:77,1,0,1654
BRDA:77,1,1,76
BRDA:77,2,0,1730
BRDA:77,2,1,1730
BRDA:79,3,0,76
BRDA:79,3,1,6
BRDA:83,4,0,526
BRDA:83,4,1,71
BRDA:83,5,0,597
BRDA:83,5,1,597
BRDA:83,5,2,71
BRDA:85,6,0,69
BRDA:85,6,1,2
BRDA:90,7,0,108
BRDA:90,7,1,9
BRDA:91,8,0,3
BRDA:91,8,1,6
BRDA:91,9,0,9
BRDA:91,9,1,8
BRDA:101,10,0,18
BRDA:101,10,1,213
BRDA:103,11,0,4
BRDA:103,11,1,26
BRDA:104,12,0,20
BRDA:104,12,1,6
BRDA:105,13,0,4
BRDA:105,13,1,2
BRDA:105,14,0,6
BRDA:105,14,1,6
BRDA:110,15,0,213
BRDA:110,15,1,18
BRDA:111,16,0,213
BRDA:111,16,1,211
BRDA:112,17,0,4
BRDA:112,17,1,209
BRDA:115,18,0,209
BRDA:115,18,1,22
BRDA:121,19,0,117
BRDA:121,19,1,99
BRDA:121,19,2,99
BRDA:121,19,3,98
BRDA:127,20,0,5
BRDA:127,20,1,112
BRDA:127,21,0,117
BRDA:127,21,1,115
BRDA:128,22,0,3
BRDA:128,22,1,109
BRDA:128,23,0,112
BRDA:128,23,1,110
BRDA:129,24,0,6
BRDA:129,24,1,103
BRDA:129,25,0,109
BRDA:129,25,1,108
BRDA:129,25,2,104
BRDA:130,26,0,4
BRDA:130,26,1,99
BRDA:130,27,0,103
BRDA:130,27,1,102
BRDA:130,27,2,100
BRDA:138,28,0,117
BRDA:138,28,1,107
BRDA:138,28,2,107
BRDA:138,28,3,107
BRDA:142,29,0,4
BRDA:142,29,1,113
BRDA:142,30,0,117
BRDA:142,30,1,115
BRDA:142,30,2,114
BRDA:143,31,0,3
BRDA:143,31,1,110
BRDA:143,32,0,113
BRDA:143,32,1,111
BRDA:144,33,0,3
BRDA:144,33,1,107
BRDA:144,34,0,110
BRDA:144,34,1,108
BRDA:147,35,0,107
BRDA:147,35,1,100
BRDA:147,35,2,100
BRDA:148,36,0,7
BRDA:148,36,1,100
BRDA:149,37,0,2
BRDA:149,37,1,5
BRDA:150,38,0,4
BRDA:150,38,1,1
BRDA:167,39,0,4
BRDA:167,39,1,690
BRDA:175,40,0,110
BRDA:175,40,1,7
BRDA:176,41,0,1
BRDA:176,41,1,109
BRDA:176,42,0,110
BRDA:176,42,1,109
BRDA:182,43,0,3
BRDA:182,43,1,4
BRDA:183,44,0,2
BRDA:183,44,1,1
BRDA:185,45,0,2
BRDA:185,45,1,2
BRDA:187,46,0,1
BRDA:187,46,1,1
BRDA:194,47,0,117
BRDA:194,47,1,110
BRDA:195,48,0,109
BRDA:195,48,1,8
BRDA:196,49,0,5
BRDA:196,49,1,3
BRDA:199,50,0,0
BRDA:199,50,1,6
BRDA:200,51,0,2
BRDA:200,51,1,4
BRDA:201,52,0,4
BRDA:201,52,1,0
BRDA:203,53,0,6
BRDA:203,53,1,6
BRDA:204,54,0,4
BRDA:204,54,1,1
BRDA:206,55,0,1
BRDA:206,55,1,2
BRDA:210,56,0,1
BRDA:210,56,1,0
BRDA:217,57,0,117
BRDA:217,57,1,111
BRDA:218,58,0,111
BRDA:218,58,1,6
BRDA:218,59,0,117
BRDA:218,59,1,6
BRDA:220,60,0,6
BRDA:220,60,1,2
BRDA:220,60,2,2
BRDA:222,61,0,6
BRDA:222,61,1,4
BRDA:222,61,2,4
BRDA:225,62,0,6
BRDA:225,62,1,4
BRDA:225,62,2,3
BRDA:225,62,3,2
BRDA:225,62,4,2
BRDA:225,62,5,2
BRDA:228,63,0,1
BRDA:228,63,1,5
BRDA:231,64,0,5
BRDA:231,64,1,2
BRDA:232,65,0,5
BRDA:232,65,1,4
BRDA:233,66,0,5
BRDA:233,66,1,4
BRDA:234,67,0,3
BRDA:234,67,1,2
BRDA:235,68,0,1
BRDA:235,68,1,4
BRDA:236,69,0,1
BRDA:236,69,1,4
BRDA:242,70,0,117
BRDA:242,70,1,114
BRDA:244,71,0,3
BRDA:244,71,1,114
BRDA:248,72,0,7
BRDA:248,72,1,107
BRDA:249,73,0,17
BRDA:249,73,1,97
BRDA:249,74,0,114
BRDA:249,74,1,95
BRDA:251,75,0,11
BRDA:251,75,1,103
BRDA:251,76,0,114
BRDA:251,76,1,114
BRDA:252,77,0,3
BRDA:252,77,1,111
BRDA:252,78,0,114
BRDA:252,78,1,111
BRDA:252,78,2,111
BRDA:253,79,0,4
BRDA:253,79,1,110
BRDA:265,80,0,4
BRDA:265,80,1,113
BRDA:265,81,0,117
BRDA:265,81,1,4
BRDA:266,82,0,3
BRDA:266,82,1,114
BRDA:266,83,0,117
BRDA:266,83,1,4
BRDA:267,84,0,4
BRDA:267,84,1,113
BRDA:268,85,0,7
BRDA:268,85,1,110
BRDA:269,86,0,5
BRDA:269,86,1,112
BRDA:270,87,0,5
BRDA:270,87,1,112
BRDA:270,88,0,117
BRDA:270,88,1,5
BRDA:271,89,0,111
BRDA:271,89,1,6
BRDA:274,90,0,100
BRDA:274,90,1,17
BRDA:274,91,0,117
BRDA:274,91,1,19
BRDA:275,92,0,6
BRDA:275,92,1,111
BRDA:293,93,0,1
BRDA:293,94,0,116
BRDA:294,95,0,117
BRDA:294,95,1,116
BRDA:297,96,0,117
BRDA:297,96,1,116
BRDA:307,97,0,117
BRDA:307,97,1,98
BRDA:308,98,0,117
BRDA:308,98,1,108
BRDA:309,99,0,4
BRDA:309,99,1,113
BRDA:309,100,0,117
BRDA:309,100,1,6
BRDA:309,100,2,5
BRDA:345,101,0,17
BRDA:345,101,1,100
BRDA:345,102,0,117
BRDA:345,102,1,19
BRDA:346,103,0,17
BRDA:346,103,1,100
BRDA:346,104,0,117
BRDA:346,104,1,19
BRDA:348,105,0,4
BRDA:348,105,1,113
BRDA:348,106,0,117
BRDA:348,106,1,4
BRDA:350,107,0,6
BRDA:350,107,1,111
BRDA:357,108,0,117
BRDA:357,108,1,113
BRDA:381,109,0,6
BRDA:381,109,1,111
BRDA:382,110,0,7
BRDA:382,110,1,104
BRDA:383,111,0,7
BRDA:383,111,1,3
BRDA:384,112,0,4
BRDA:384,112,1,3
BRDA:384,113,0,7
BRDA:384,113,1,4
BRDA:391,114,0,5
BRDA:391,114,1,108
BRDA:392,115,0,3
BRDA:392,115,1,105
BRDA:393,116,0,6
BRDA:393,116,1,99
BRDA:412,117,0,3
BRDA:412,117,1,5
BRDA:412,118,0,8
BRDA:412,118,1,7
BRDA:412,118,2,6
BRDA:418,119,0,4
BRDA:418,119,1,3
BRF:255
BRH:251
end_of_record
TN:
SF:js\view-models\product-card-model.js
FN:57,resolveSource
FN:73,evalCondition
FN:90,formatKmf
FN:103,formatBadgeLabel
FN:116,resolveImage
FN:146,resolveBadges
FN:149,(anonymous_6)
FN:170,resolveSubtitle
FN:194,resolveProductCardModel
FNF:9
FNH:9
FNDA:645,resolveSource
FNDA:204,evalCondition
FNDA:55,formatKmf
FNDA:5,formatBadgeLabel
FNDA:56,resolveImage
FNDA:56,resolveBadges
FNDA:150,(anonymous_6)
FNDA:56,resolveSubtitle
FNDA:56,resolveProductCardModel
DA:43,1
DA:44,1
DA:58,645
DA:60,643
DA:61,643
DA:62,165
DA:63,0
DA:74,204
DA:75,2
DA:76,49
DA:77,47
DA:78,102
DA:79,3
DA:80,1
DA:91,55
DA:92,55
DA:93,3
DA:104,5
DA:105,5
DA:117,56
DA:120,55
DA:121,55
DA:124,53
DA:125,53
DA:127,103
DA:128,53
DA:129,53
DA:130,50
DA:131,50
DA:135,1
DA:147,56
DA:149,55
DA:150,150
DA:152,149
DA:153,149
DA:155,149
DA:157,10
DA:161,10
DA:163,9
DA:164,9
DA:171,56
DA:173,55
DA:174,55
DA:176,53
DA:177,53
DA:178,53
DA:181,52
DA:196,56
DA:199,56
DA:202,56
DA:203,56
DA:206,56
DA:209,56
DA:210,56
DA:215,56
DA:218,56
DA:219,56
DA:222,56
DA:225,56
DA:226,56
DA:229,56
DA:231,56
LF:62
LH:61
BRDA:58,0,0,2
BRDA:58,0,1,643
BRDA:58,1,0,645
BRDA:58,1,1,645
BRDA:61,2,0,478
BRDA:61,2,1,165
BRDA:62,3,0,165
BRDA:62,3,1,0
BRDA:74,4,0,2
BRDA:74,4,1,49
BRDA:74,4,2,47
BRDA:74,4,3,102
BRDA:74,4,4,3
BRDA:74,4,5,1
BRDA:76,5,0,49
BRDA:76,5,1,49
BRDA:76,5,2,3
BRDA:77,6,0,47
BRDA:77,6,1,2
BRDA:78,7,0,102
BRDA:78,7,1,15
BRDA:92,8,0,52
BRDA:92,8,1,3
BRDA:92,9,0,55
BRDA:92,9,1,5
BRDA:104,10,0,0
BRDA:104,10,1,5
BRDA:104,11,0,0
BRDA:104,11,1,0
BRDA:117,12,0,1
BRDA:117,12,1,55
BRDA:121,13,0,2
BRDA:121,13,1,53
BRDA:121,14,0,55
BRDA:121,14,1,3
BRDA:121,14,2,3
BRDA:124,15,0,53
BRDA:124,15,1,0
BRDA:127,16,0,53
BRDA:127,16,1,50
BRDA:129,17,0,2
BRDA:129,17,1,51
BRDA:129,18,0,53
BRDA:129,18,1,2
BRDA:129,18,2,2
BRDA:130,19,0,50
BRDA:130,19,1,0
BRDA:130,20,0,50
BRDA:130,20,1,50
BRDA:147,21,0,1
BRDA:147,21,1,55
BRDA:150,22,0,1
BRDA:150,22,1,149
BRDA:150,23,0,150
BRDA:150,23,1,149
BRDA:152,24,0,149
BRDA:152,24,1,0
BRDA:155,25,0,139
BRDA:155,25,1,10
BRDA:157,26,0,5
BRDA:157,26,1,5
BRDA:159,27,0,4
BRDA:159,27,1,1
BRDA:159,28,0,5
BRDA:159,28,1,5
BRDA:161,29,0,1
BRDA:161,29,1,9
BRDA:163,30,0,9
BRDA:163,30,1,2
BRDA:171,31,0,1
BRDA:171,31,1,55
BRDA:174,32,0,2
BRDA:174,32,1,53
BRDA:174,33,0,55
BRDA:174,33,1,2
BRDA:176,34,0,53
BRDA:176,34,1,0
BRDA:178,35,0,1
BRDA:178,35,1,52
BRDA:178,36,0,53
BRDA:178,36,1,1
BRDA:194,37,0,0
BRDA:194,38,0,25
BRDA:194,39,0,32
BRDA:196,40,0,53
BRDA:196,40,1,3
BRDA:196,41,0,56
BRDA:196,41,1,55
BRDA:203,42,0,12
BRDA:203,42,1,44
BRDA:203,43,0,56
BRDA:203,43,1,13
BRDA:210,44,0,55
BRDA:210,44,1,1
BRDA:212,45,0,1
BRDA:212,45,1,0
BRDA:219,46,0,55
BRDA:219,46,1,1
BRDA:222,47,0,4
BRDA:222,47,1,52
BRDA:222,48,0,56
BRDA:222,48,1,4
BRDA:225,49,0,56
BRDA:225,49,1,55
BRDA:226,50,0,56
BRDA:226,50,1,55
BRDA:229,51,0,56
BRDA:229,51,1,54
BRDA:229,51,2,7
BRF:109
BRH:99
end_of_record
TN:
SF:js\view-models\product-card-view-model.js
FN:40,normalizeString
FN:46,normalizeNumber
FN:51,normalizePromoPct
FN:57,inferFulfillmentType
FN:64,inferAvailabilityStatus
FN:71,inferDataQualityScore
FN:84,buildCssClasses
FN:105,buildBadges
FN:118,buildProductCardViewModel
FNF:9
FNH:9
FNDA:607,normalizeString
FNDA:156,normalizeNumber
FNDA:77,normalizePromoPct
FNDA:77,inferFulfillmentType
FNDA:77,inferAvailabilityStatus
FNDA:77,inferDataQualityScore
FNDA:77,buildCssClasses
FNDA:77,buildBadges
FNDA:77,buildProductCardViewModel
DA:35,1
DA:37,1
DA:38,1
DA:41,607
DA:42,48
DA:43,48
DA:47,156
DA:48,156
DA:52,77
DA:53,77
DA:54,8
DA:58,77
DA:65,77
DA:72,77
DA:73,77
DA:75,75
DA:76,75
DA:77,75
DA:78,75
DA:79,75
DA:80,75
DA:81,75
DA:85,77
DA:87,77
DA:88,77
DA:89,77
DA:90,77
DA:92,77
DA:93,77
DA:94,77
DA:95,77
DA:96,77
DA:98,77
DA:99,77
DA:100,77
DA:102,77
DA:106,77
DA:108,77
DA:109,77
DA:110,77
DA:111,77
DA:112,77
DA:113,77
DA:115,77
DA:119,77
DA:120,77
DA:121,77
DA:122,77
DA:123,77
DA:124,77
DA:130,77
DA:135,77
DA:139,77
DA:144,77
DA:145,77
DA:147,77
DA:148,77
DA:149,77
DA:150,77
DA:152,77
DA:161,77
DA:163,77
LF:62
LH:62
BRDA:40,0,0,0
BRDA:41,1,0,559
BRDA:41,1,1,48
BRDA:41,2,0,607
BRDA:41,2,1,607
BRDA:43,3,0,48
BRDA:43,3,1,0
BRDA:46,4,0,0
BRDA:48,5,0,31
BRDA:48,5,1,125
BRDA:53,6,0,69
BRDA:53,6,1,8
BRDA:53,7,0,77
BRDA:53,7,1,10
BRDA:59,8,0,77
BRDA:59,8,1,67
BRDA:59,8,2,66
BRDA:59,8,3,65
BRDA:66,9,0,77
BRDA:66,9,1,76
BRDA:66,9,2,75
BRDA:72,10,0,77
BRDA:72,10,1,76
BRDA:73,11,0,2
BRDA:73,11,1,75
BRDA:73,12,0,77
BRDA:73,12,1,2
BRDA:76,13,0,13
BRDA:76,13,1,62
BRDA:77,14,0,16
BRDA:77,14,1,59
BRDA:77,15,0,75
BRDA:77,15,1,60
BRDA:78,16,0,9
BRDA:78,16,1,66
BRDA:78,17,0,75
BRDA:78,17,1,69
BRDA:78,17,2,69
BRDA:79,18,0,3
BRDA:79,18,1,72
BRDA:79,19,0,75
BRDA:79,19,1,74
BRDA:79,19,2,73
BRDA:80,20,0,2
BRDA:80,20,1,73
BRDA:87,21,0,8
BRDA:87,21,1,69
BRDA:88,22,0,2
BRDA:88,22,1,75
BRDA:88,23,0,77
BRDA:88,23,1,76
BRDA:89,24,0,2
BRDA:89,24,1,75
BRDA:89,25,0,77
BRDA:89,25,1,76
BRDA:90,26,0,2
BRDA:90,26,1,75
BRDA:90,27,0,77
BRDA:90,27,1,76
BRDA:92,28,0,4
BRDA:92,28,1,73
BRDA:93,29,0,3
BRDA:93,29,1,74
BRDA:94,30,0,3
BRDA:94,30,1,74
BRDA:95,31,0,2
BRDA:95,31,1,75
BRDA:96,32,0,1
BRDA:96,32,1,76
BRDA:98,33,0,5
BRDA:98,33,1,72
BRDA:99,34,0,4
BRDA:99,34,1,73
BRDA:100,35,0,31
BRDA:100,35,1,46
BRDA:100,36,0,77
BRDA:100,36,1,35
BRDA:108,37,0,8
BRDA:108,37,1,69
BRDA:109,38,0,4
BRDA:109,38,1,73
BRDA:110,39,0,3
BRDA:110,39,1,74
BRDA:111,40,0,3
BRDA:111,40,1,74
BRDA:112,41,0,5
BRDA:112,41,1,72
BRDA:113,42,0,4
BRDA:113,42,1,73
BRDA:118,43,0,1
BRDA:118,44,0,70
BRDA:122,45,0,77
BRDA:122,45,1,61
BRDA:123,46,0,77
BRDA:123,46,1,66
BRDA:124,47,0,7
BRDA:124,47,1,70
BRDA:124,48,0,77
BRDA:124,48,1,8
BRDA:130,49,0,4
BRDA:130,49,1,73
BRDA:130,50,0,77
BRDA:130,50,1,6
BRDA:136,51,0,77
BRDA:136,51,1,71
BRDA:136,51,2,71
BRDA:136,51,3,70
BRDA:139,52,0,77
BRDA:139,52,1,68
BRDA:139,52,2,67
BRDA:140,53,0,68
BRDA:140,53,1,67
BRDA:144,54,0,77
BRDA:144,54,1,76
BRDA:144,54,2,75
BRDA:145,55,0,77
BRDA:145,55,1,76
BRDA:145,55,2,75
BRDA:149,56,0,77
BRDA:149,56,1,74
BRDA:149,56,2,74
BRDA:166,57,0,77
BRDA:166,57,1,76
BRDA:169,58,0,77
BRDA:169,58,1,76
BRDA:173,59,0,77
BRDA:173,59,1,76
BRDA:174,60,0,77
BRDA:174,60,1,76
BRDA:176,61,0,16
BRDA:176,61,1,61
BRDA:177,62,0,16
BRDA:177,62,1,61
BRDA:179,63,0,7
BRDA:179,63,1,70
BRDA:181,64,0,8
BRDA:181,64,1,69
BRDA:185,65,0,8
BRDA:185,65,1,69
BRF:139
BRH:136
end_of_record
