TN:
SF:js/b-boutique-wow-style.js
FN:27,setupBoutiqueWowStyle
FNF:1
FNH:1
FNDA:5,setupBoutiqueWowStyle
LF:0
LH:0
BRF:0
BRH:0
end_of_record
TN:
SF:js/b-bus.js
FN:52,(anonymous_0)
FN:61,(anonymous_1)
FN:63,(anonymous_2)
FN:72,(anonymous_3)
FN:73,(anonymous_4)
FN:83,(anonymous_5)
FN:84,(anonymous_6)
FN:93,(anonymous_7)
FNF:8
FNH:6
FNDA:189,(anonymous_0)
FNDA:13,(anonymous_1)
FNDA:13,(anonymous_2)
FNDA:185,(anonymous_3)
FNDA:90,(anonymous_4)
FNDA:0,(anonymous_5)
FNDA:0,(anonymous_6)
FNDA:209,(anonymous_7)
DA:44,209
DA:46,209
DA:53,189
DA:62,13
DA:63,13
DA:73,185
DA:74,90
DA:84,0
DA:85,0
DA:90,209
DA:93,209
DA:95,209
LF:12
LH:10
BRDA:53,0,0,189
BRDA:53,0,1,178
BRDA:62,1,0,13
BRDA:62,1,1,0
BRDA:73,2,0,185
BRDA:73,2,1,77
BRDA:90,3,0,209
BRDA:90,3,1,0
BRDA:91,4,0,209
BRDA:91,4,1,209
BRDA:91,4,2,209
BRDA:93,5,0,209
BRDA:93,5,1,0
BRDA:93,5,2,0
BRF:14
BRH:10
end_of_record
TN:
SF:js/b-cart-core.js
FN:45,showToast
FN:50,(anonymous_1)
FN:61,cartQty
FN:62,(anonymous_3)
FN:69,cartTotal
FN:70,(anonymous_5)
FN:77,saveCart
FN:90,updateCartBadge
FN:95,(anonymous_8)
FN:102,(anonymous_9)
FN:122,isFav
FN:124,(anonymous_11)
FN:130,saveFavs
FNF:13
FNH:13
FNDA:7,showToast
FNDA:3,(anonymous_1)
FNDA:110,cartQty
FNDA:66,(anonymous_3)
FNDA:83,cartTotal
FNDA:44,(anonymous_5)
FNDA:3,saveCart
FNDA:7,updateCartBadge
FNDA:2,(anonymous_8)
FNDA:2,(anonymous_9)
FNDA:5,isFav
FNDA:5,(anonymous_11)
FNDA:2,saveFavs
DA:46,7
DA:47,7
DA:48,7
DA:49,7
DA:50,7
DA:62,110
DA:70,83
DA:78,3
DA:79,3
DA:80,3
DA:82,3
DA:91,7
DA:92,7
DA:93,7
DA:95,7
DA:96,2
DA:97,2
DA:98,2
DA:99,2
DA:102,7
DA:103,2
DA:104,2
DA:108,7
DA:110,7
DA:123,5
DA:124,5
DA:131,2
LF:27
LH:27
BRDA:46,0,0,7
BRDA:46,0,1,6
BRDA:47,1,0,7
BRDA:47,1,1,1
BRDA:48,2,0,1
BRDA:48,2,1,6
BRDA:50,3,0,7
BRDA:50,3,1,6
BRDA:70,4,0,44
BRDA:70,4,1,1
BRDA:93,5,0,2
BRDA:93,5,1,5
BRDA:99,6,0,2
BRDA:99,6,1,0
BRDA:103,7,0,1
BRDA:103,7,1,1
BRF:16
BRH:15
end_of_record
TN:
SF:js/b-cart-pill.js
FN:56,_clamp
FN:58,_savePos
FN:62,_loadPos
FN:66,_snapToEdge
FN:86,(anonymous_4)
FN:92,_buildPopover
FN:99,(anonymous_6)
FN:130,_closePopover
FN:134,_positionPopover
FN:152,_renderPill
FN:168,_onDragStart
FN:191,_onDragMove
FN:210,_onDragEnd
FN:235,_init
FN:270,(anonymous_14)
FN:277,(anonymous_15)
FN:290,(anonymous_16)
FN:304,_isCataloguePage
FN:308,_shouldInit
FN:313,(anonymous_19)
FNF:20
FNH:18
FNDA:23,_clamp
FNDA:6,_savePos
FNDA:19,_loadPos
FNDA:6,_snapToEdge
FNDA:0,(anonymous_4)
FNDA:6,_buildPopover
FNDA:6,(anonymous_6)
FNDA:28,_closePopover
FNDA:7,_positionPopover
FNDA:34,_renderPill
FNDA:11,_onDragStart
FNDA:4,_onDragMove
FNDA:11,_onDragEnd
FNDA:19,_init
FNDA:2,(anonymous_14)
FNDA:2,(anonymous_15)
FNDA:17,(anonymous_16)
FNDA:22,_isCataloguePage
FNDA:20,_shouldInit
FNDA:0,(anonymous_19)
DA:38,23
DA:39,23
DA:40,23
DA:43,23
DA:44,23
DA:45,23
DA:48,23
DA:49,23
DA:50,23
DA:51,23
DA:52,23
DA:53,23
DA:56,23
DA:59,6
DA:63,19
DA:67,6
DA:68,6
DA:69,6
DA:70,6
DA:71,6
DA:72,6
DA:73,6
DA:76,6
DA:81,6
DA:83,6
DA:84,6
DA:85,6
DA:86,6
DA:88,6
DA:93,6
DA:94,6
DA:96,6
DA:97,6
DA:99,6
DA:100,6
DA:101,6
DA:102,6
DA:103,6
DA:104,6
DA:114,6
DA:125,6
DA:126,6
DA:127,6
DA:131,28
DA:135,7
DA:136,7
DA:137,7
DA:138,7
DA:141,7
DA:142,7
DA:143,7
DA:145,7
DA:147,7
DA:148,7
DA:153,34
DA:154,34
DA:155,34
DA:156,34
DA:158,34
DA:159,34
DA:161,13
DA:169,11
DA:170,11
DA:171,11
DA:172,11
DA:173,11
DA:174,11
DA:175,11
DA:176,11
DA:181,11
DA:182,0
DA:183,0
DA:184,0
DA:186,11
DA:187,11
DA:192,4
DA:193,4
DA:194,4
DA:195,4
DA:197,4
DA:198,4
DA:199,4
DA:200,4
DA:201,4
DA:202,4
DA:203,4
DA:204,4
DA:205,4
DA:206,4
DA:211,11
DA:212,11
DA:213,11
DA:214,11
DA:215,11
DA:217,11
DA:218,4
DA:219,4
DA:223,7
DA:224,0
DA:226,7
DA:227,1
DA:229,6
DA:236,19
DA:241,19
DA:242,19
DA:243,19
DA:244,19
DA:247,19
DA:248,19
DA:250,19
DA:251,19
DA:254,19
DA:255,19
DA:256,1
DA:257,1
DA:260,18
DA:261,18
DA:266,19
DA:267,19
DA:270,19
DA:271,2
DA:272,1
DA:277,19
DA:278,2
DA:279,2
DA:282,19
DA:283,19
DA:290,23
DA:291,17
DA:292,16
DA:293,2
DA:294,1
DA:296,15
DA:297,15
DA:298,0
DA:305,22
DA:309,20
DA:312,23
DA:313,3
DA:314,0
DA:317,20
LF:141
LH:135
BRDA:67,0,0,0
BRDA:67,0,1,6
BRDA:72,1,0,6
BRDA:72,1,1,1
BRDA:73,2,0,6
BRDA:73,2,1,0
BRDA:76,3,0,3
BRDA:76,3,1,3
BRDA:86,4,0,0
BRDA:86,4,1,0
BRDA:94,5,0,0
BRDA:94,5,1,6
BRDA:100,6,0,6
BRDA:100,6,1,0
BRDA:101,7,0,6
BRDA:101,7,1,0
BRDA:101,7,2,0
BRDA:102,8,0,0
BRDA:102,8,1,6
BRDA:103,9,0,6
BRDA:103,9,1,6
BRDA:103,10,0,0
BRDA:103,10,1,6
BRDA:106,11,0,0
BRDA:106,11,1,6
BRDA:131,12,0,28
BRDA:131,12,1,0
BRDA:135,13,0,0
BRDA:135,13,1,7
BRDA:135,14,0,7
BRDA:135,14,1,7
BRDA:138,15,0,7
BRDA:138,15,1,7
BRDA:142,16,0,0
BRDA:142,16,1,7
BRDA:143,17,0,0
BRDA:143,17,1,7
BRDA:153,18,0,0
BRDA:153,18,1,34
BRDA:159,19,0,21
BRDA:159,19,1,13
BRDA:169,20,0,0
BRDA:169,20,1,11
BRDA:172,21,0,11
BRDA:172,21,1,0
BRDA:173,22,0,11
BRDA:173,22,1,0
BRDA:181,23,0,0
BRDA:181,23,1,11
BRDA:192,24,0,0
BRDA:192,24,1,4
BRDA:197,25,0,4
BRDA:197,25,1,0
BRDA:217,26,0,4
BRDA:217,26,1,7
BRDA:223,27,0,0
BRDA:223,27,1,7
BRDA:223,28,0,7
BRDA:223,28,1,7
BRDA:223,28,2,0
BRDA:226,29,0,1
BRDA:226,29,1,6
BRDA:236,30,0,0
BRDA:236,30,1,19
BRDA:255,31,0,1
BRDA:255,31,1,18
BRDA:271,32,0,1
BRDA:271,32,1,1
BRDA:271,33,0,2
BRDA:271,33,1,2
BRDA:271,33,2,1
BRDA:279,34,0,1
BRDA:279,34,1,1
BRDA:291,35,0,1
BRDA:291,35,1,16
BRDA:292,36,0,2
BRDA:292,36,1,14
BRDA:293,37,0,1
BRDA:293,37,1,1
BRDA:297,38,0,0
BRDA:297,38,1,15
BRDA:297,39,0,15
BRDA:297,39,1,15
BRDA:305,40,0,22
BRDA:305,40,1,3
BRDA:309,41,0,20
BRDA:309,41,1,19
BRDA:312,42,0,3
BRDA:312,42,1,20
BRDA:314,43,0,0
BRDA:314,43,1,0
BRDA:317,44,0,18
BRDA:317,44,1,2
BRF:93
BRH:65
end_of_record
TN:
SF:js/b-cart-product-open-style.js
FN:18,setupCartProductOpenStyle
FN:30,(anonymous_1)
FN:35,(anonymous_2)
FN:45,(anonymous_3)
FN:50,(anonymous_4)
FNF:5
FNH:4
FNDA:3,setupCartProductOpenStyle
FNDA:2,(anonymous_1)
FNDA:1,(anonymous_2)
FNDA:3,(anonymous_3)
FNDA:0,(anonymous_4)
DA:29,3
DA:31,2
DA:32,2
DA:36,1
DA:44,3
DA:46,3
DA:47,2
DA:51,0
LF:8
LH:7
BRDA:31,0,0,2
BRDA:31,0,1,0
BRDA:31,1,0,2
BRDA:31,1,1,2
BRDA:46,2,0,2
BRDA:46,2,1,1
BRDA:46,3,0,3
BRDA:46,3,1,3
BRF:8
BRH:7
end_of_record
TN:
SF:js/b-cart-stepper-guard.js
FN:33,findCartItem
FN:34,(anonymous_1)
FN:39,guardStepperControlClick
FN:52,(anonymous_3)
FN:60,installCartStepperGuard
FNF:5
FNH:5
FNDA:3,findCartItem
FNDA:3,(anonymous_1)
FNDA:6,guardStepperControlClick
FNDA:2,(anonymous_3)
FNDA:8,installCartStepperGuard
DA:31,6
DA:34,3
DA:35,3
DA:40,6
DA:41,6
DA:43,3
DA:44,3
DA:46,2
DA:47,2
DA:50,2
DA:52,2
DA:53,2
DA:54,1
DA:55,1
DA:56,1
DA:61,8
DA:62,2
DA:63,2
DA:66,6
LF:19
LH:19
BRDA:34,0,0,3
BRDA:34,0,1,0
BRDA:35,1,0,3
BRDA:35,1,1,0
BRDA:41,2,0,3
BRDA:41,2,1,3
BRDA:44,3,0,1
BRDA:44,3,1,2
BRDA:47,4,0,2
BRDA:47,4,1,1
BRDA:47,4,2,1
BRDA:53,5,0,1
BRDA:53,5,1,1
BRDA:54,6,0,0
BRDA:54,6,1,1
BRDA:55,7,0,0
BRDA:55,7,1,1
BRDA:61,8,0,6
BRDA:61,8,1,2
BRF:19
BRH:15
end_of_record
TN:
SF:js/b-cart.js
FN:54,flyToCart
FN:118,animateArc
FN:160,(anonymous_2)
FN:164,(anonymous_3)
FN:166,(anonymous_4)
FN:175,(anonymous_5)
FN:185,addToCart
FN:197,(anonymous_7)
FN:237,(anonymous_8)
FN:255,(anonymous_9)
FN:260,(anonymous_10)
FN:266,(anonymous_11)
FN:271,(anonymous_12)
FN:277,(anonymous_13)
FN:308,setQty
FN:311,(anonymous_15)
FN:326,markAllCartButtons
FN:328,(anonymous_17)
FN:332,(anonymous_18)
FN:335,(anonymous_19)
FN:355,removeFromCart
FN:357,(anonymous_21)
FN:369,quickAdd
FN:371,(anonymous_23)
FN:385,quickRemove
FN:387,(anonymous_25)
FN:402,toggleFav
FN:414,(anonymous_27)
FN:431,openCart
FN:452,closeCart
FN:467,openCartWithHighlight
FN:472,(anonymous_31)
FN:485,(anonymous_32)
FN:495,renderCartBody
FN:521,(anonymous_34)
FN:525,(anonymous_35)
FN:533,(anonymous_36)
FN:555,(anonymous_37)
FN:569,(anonymous_38)
FN:594,(anonymous_39)
FN:605,(anonymous_40)
FN:625,(anonymous_41)
FN:672,(anonymous_42)
FN:680,(anonymous_43)
FN:681,(anonymous_44)
FN:692,(anonymous_45)
FN:693,(anonymous_46)
FN:702,(anonymous_47)
FN:704,(anonymous_48)
FN:706,(anonymous_49)
FN:715,(anonymous_50)
FN:723,(anonymous_51)
FN:725,(anonymous_52)
FN:727,(anonymous_53)
FN:762,buildCartShareURL
FN:765,(anonymous_55)
FN:786,_buildFallbackCartURL
FN:788,(anonymous_57)
FN:798,_closeShareModal
FN:804,showShareChoiceModal
FN:809,_showEventForm
FN:811,_doEventShare
FN:813,shareCartWhatsApp
FN:822,loadSharedCart
FN:837,(anonymous_64)
FN:840,(anonymous_65)
FN:844,(anonymous_66)
FN:849,(anonymous_67)
FN:850,(anonymous_68)
FN:857,(anonymous_69)
FN:868,(anonymous_70)
FN:879,_loadSharedCartFromAPI
FN:884,(anonymous_72)
FN:890,(anonymous_73)
FN:893,(anonymous_74)
FN:900,(anonymous_75)
FN:918,(anonymous_76)
FN:940,setupLongPressSteppers
FN:957,closeActiveStepper
FN:962,(anonymous_79)
FN:972,resetAutoClose
FN:981,openStepper
FN:987,(anonymous_82)
FN:1007,(anonymous_83)
FN:1010,(anonymous_84)
FN:1023,(anonymous_85)
FN:1026,(anonymous_86)
FN:1041,startPress
FN:1048,(anonymous_88)
FN:1059,endPress
FN:1078,cancelPress
FN:1080,(anonymous_91)
FN:1097,(anonymous_92)
FN:1108,(anonymous_93)
FN:1124,adaptivePlaceholder
FN:1129,(anonymous_95)
FN:1161,_renderFloatingIndex
FN:1175,(anonymous_97)
FN:1185,(anonymous_98)
FN:1195,(anonymous_99)
FN:1212,(anonymous_100)
FN:1214,(anonymous_101)
FN:1219,(anonymous_102)
FN:1224,(anonymous_103)
FN:1233,(anonymous_104)
FN:1246,renderSideCart
FN:1296,(anonymous_106)
FN:1345,(anonymous_107)
FN:1353,(anonymous_108)
FN:1370,(anonymous_109)
FN:1425,(anonymous_110)
FN:1432,(anonymous_111)
FN:1433,(anonymous_112)
FN:1450,(anonymous_113)
FN:1452,(anonymous_114)
FN:1467,(anonymous_115)
FN:1469,(anonymous_116)
FN:1471,(anonymous_117)
FN:1485,(anonymous_118)
FN:1491,(anonymous_119)
FN:1493,(anonymous_120)
FN:1495,(anonymous_121)
FN:1508,(anonymous_122)
FN:1524,(anonymous_123)
FN:1548,clearCart
FN:1559,pruneObsoleteCart
FN:1561,(anonymous_126)
FNF:127
FNH:88
FNDA:6,flyToCart
FNDA:169,animateArc
FNDA:3,(anonymous_2)
FNDA:3,(anonymous_3)
FNDA:18,(anonymous_4)
FNDA:5,(anonymous_5)
FNDA:19,addToCart
FNDA:5,(anonymous_7)
FNDA:2,(anonymous_8)
FNDA:12,(anonymous_9)
FNDA:12,(anonymous_10)
FNDA:12,(anonymous_11)
FNDA:3,(anonymous_12)
FNDA:2,(anonymous_13)
FNDA:9,setQty
FNDA:8,(anonymous_15)
FNDA:33,markAllCartButtons
FNDA:32,(anonymous_17)
FNDA:3,(anonymous_18)
FNDA:2,(anonymous_19)
FNDA:6,removeFromCart
FNDA:8,(anonymous_21)
FNDA:2,quickAdd
FNDA:1,(anonymous_23)
FNDA:3,quickRemove
FNDA:2,(anonymous_25)
FNDA:2,toggleFav
FNDA:1,(anonymous_27)
FNDA:3,openCart
FNDA:4,closeCart
FNDA:2,openCartWithHighlight
FNDA:1,(anonymous_31)
FNDA:1,(anonymous_32)
FNDA:33,renderCartBody
FNDA:1,(anonymous_34)
FNDA:3,(anonymous_35)
FNDA:26,(anonymous_36)
FNDA:1,(anonymous_37)
FNDA:0,(anonymous_38)
FNDA:1,(anonymous_39)
FNDA:1,(anonymous_40)
FNDA:1,(anonymous_41)
FNDA:3,(anonymous_42)
FNDA:2,(anonymous_43)
FNDA:2,(anonymous_44)
FNDA:2,(anonymous_45)
FNDA:0,(anonymous_46)
FNDA:1,(anonymous_47)
FNDA:4,(anonymous_48)
FNDA:1,(anonymous_49)
FNDA:1,(anonymous_50)
FNDA:1,(anonymous_51)
FNDA:4,(anonymous_52)
FNDA:1,(anonymous_53)
FNDA:0,buildCartShareURL
FNDA:0,(anonymous_55)
FNDA:0,_buildFallbackCartURL
FNDA:0,(anonymous_57)
FNDA:0,_closeShareModal
FNDA:0,showShareChoiceModal
FNDA:0,_showEventForm
FNDA:0,_doEventShare
FNDA:0,shareCartWhatsApp
FNDA:3,loadSharedCart
FNDA:2,(anonymous_64)
FNDA:2,(anonymous_65)
FNDA:1,(anonymous_66)
FNDA:2,(anonymous_67)
FNDA:3,(anonymous_68)
FNDA:1,(anonymous_69)
FNDA:1,(anonymous_70)
FNDA:2,_loadSharedCartFromAPI
FNDA:1,(anonymous_72)
FNDA:1,(anonymous_73)
FNDA:1,(anonymous_74)
FNDA:1,(anonymous_75)
FNDA:1,(anonymous_76)
FNDA:3,setupLongPressSteppers
FNDA:2,closeActiveStepper
FNDA:1,(anonymous_79)
FNDA:1,resetAutoClose
FNDA:1,openStepper
FNDA:1,(anonymous_82)
FNDA:0,(anonymous_83)
FNDA:0,(anonymous_84)
FNDA:0,(anonymous_85)
FNDA:0,(anonymous_86)
FNDA:1,startPress
FNDA:1,(anonymous_88)
FNDA:0,endPress
FNDA:0,cancelPress
FNDA:0,(anonymous_91)
FNDA:19,(anonymous_92)
FNDA:19,(anonymous_93)
FNDA:3,adaptivePlaceholder
FNDA:5,(anonymous_95)
FNDA:0,_renderFloatingIndex
FNDA:0,(anonymous_97)
FNDA:0,(anonymous_98)
FNDA:0,(anonymous_99)
FNDA:0,(anonymous_100)
FNDA:0,(anonymous_101)
FNDA:0,(anonymous_102)
FNDA:0,(anonymous_103)
FNDA:0,(anonymous_104)
FNDA:5,renderSideCart
FNDA:5,(anonymous_106)
FNDA:2,(anonymous_107)
FNDA:4,(anonymous_108)
FNDA:1,(anonymous_109)
FNDA:0,(anonymous_110)
FNDA:0,(anonymous_111)
FNDA:0,(anonymous_112)
FNDA:0,(anonymous_113)
FNDA:0,(anonymous_114)
FNDA:0,(anonymous_115)
FNDA:0,(anonymous_116)
FNDA:0,(anonymous_117)
FNDA:0,(anonymous_118)
FNDA:0,(anonymous_119)
FNDA:0,(anonymous_120)
FNDA:0,(anonymous_121)
FNDA:1,(anonymous_122)
FNDA:2,(anonymous_123)
FNDA:3,clearCart
FNDA:2,pruneObsoleteCart
FNDA:3,(anonymous_126)
DA:41,3
DA:55,6
DA:56,6
DA:57,6
DA:58,6
DA:59,6
DA:60,6
DA:61,6
DA:62,6
DA:65,6
DA:66,6
DA:78,6
DA:79,1
DA:80,1
DA:81,1
DA:82,1
DA:84,5
DA:86,6
DA:89,6
DA:90,6
DA:91,36
DA:92,36
DA:99,36
DA:100,36
DA:104,6
DA:105,6
DA:106,6
DA:107,6
DA:110,6
DA:111,6
DA:119,169
DA:120,169
DA:121,169
DA:122,169
DA:123,169
DA:124,169
DA:125,169
DA:126,169
DA:127,169
DA:129,169
DA:130,169
DA:131,169
DA:132,169
DA:133,169
DA:135,169
DA:136,1014
DA:137,1014
DA:138,1014
DA:139,608
DA:140,608
DA:141,608
DA:142,608
DA:143,608
DA:144,608
DA:145,608
DA:146,608
DA:147,608
DA:151,169
DA:152,166
DA:155,3
DA:156,3
DA:157,3
DA:158,3
DA:159,3
DA:160,3
DA:161,3
DA:162,3
DA:164,3
DA:165,3
DA:166,18
DA:169,3
DA:170,3
DA:171,3
DA:175,6
DA:186,19
DA:189,19
DA:190,19
DA:191,19
DA:193,3
DA:194,3
DA:197,19
DA:198,5
DA:202,19
DA:203,3
DA:204,3
DA:205,3
DA:206,3
DA:207,3
DA:208,3
DA:210,16
DA:223,19
DA:224,6
DA:227,19
DA:229,19
DA:231,19
DA:234,19
DA:235,2
DA:236,2
DA:237,2
DA:238,2
DA:239,2
DA:240,2
DA:245,19
DA:250,19
DA:255,19
DA:257,12
DA:258,12
DA:259,12
DA:260,12
DA:263,12
DA:264,12
DA:265,12
DA:266,12
DA:269,19
DA:271,3
DA:272,3
DA:273,3
DA:274,3
DA:275,3
DA:276,3
DA:277,3
DA:278,2
DA:280,2
DA:281,1
DA:282,1
DA:284,1
DA:288,16
DA:291,1
DA:293,1
DA:295,15
DA:297,2
DA:309,9
DA:310,9
DA:311,8
DA:312,7
DA:313,6
DA:314,6
DA:315,6
DA:316,6
DA:317,6
DA:328,33
DA:332,33
DA:333,3
DA:334,3
DA:335,2
DA:336,2
DA:338,2
DA:344,1
DA:345,1
DA:356,6
DA:357,8
DA:358,6
DA:359,6
DA:360,6
DA:370,2
DA:371,2
DA:373,2
DA:374,1
DA:375,1
DA:378,1
DA:386,3
DA:387,3
DA:388,3
DA:389,2
DA:390,1
DA:392,1
DA:403,2
DA:404,2
DA:405,1
DA:406,1
DA:407,1
DA:408,1
DA:410,1
DA:411,1
DA:412,1
DA:413,1
DA:414,1
DA:415,1
DA:417,2
DA:432,3
DA:433,3
DA:438,3
DA:439,1
DA:440,1
DA:443,2
DA:444,2
DA:445,2
DA:446,2
DA:453,4
DA:454,4
DA:455,4
DA:456,4
DA:457,4
DA:458,1
DA:459,1
DA:468,2
DA:470,2
DA:471,2
DA:472,2
DA:473,1
DA:474,1
DA:478,2
DA:479,1
DA:480,1
DA:481,1
DA:482,1
DA:485,2
DA:486,1
DA:487,1
DA:496,33
DA:500,33
DA:501,10
DA:503,23
DA:506,33
DA:507,10
DA:516,10
DA:519,10
DA:520,10
DA:521,4
DA:522,1
DA:523,1
DA:525,3
DA:526,1
DA:527,1
DA:530,10
DA:533,23
DA:534,26
DA:535,26
DA:536,26
DA:538,26
DA:539,26
DA:540,26
DA:543,26
DA:544,26
DA:545,26
DA:546,5
DA:547,5
DA:548,5
DA:549,5
DA:550,5
DA:552,21
DA:555,26
DA:556,1
DA:557,1
DA:559,26
DA:562,26
DA:563,26
DA:565,26
DA:566,26
DA:567,26
DA:569,26
DA:570,0
DA:571,0
DA:573,26
DA:575,26
DA:576,13
DA:577,13
DA:578,13
DA:579,13
DA:582,26
DA:583,26
DA:584,26
DA:585,26
DA:588,26
DA:589,26
DA:591,26
DA:592,26
DA:593,26
DA:594,26
DA:595,26
DA:597,26
DA:598,26
DA:599,26
DA:600,26
DA:602,26
DA:603,26
DA:604,26
DA:605,26
DA:606,26
DA:608,26
DA:611,26
DA:612,3
DA:613,3
DA:614,3
DA:615,3
DA:618,26
DA:621,26
DA:622,26
DA:623,26
DA:624,26
DA:625,26
DA:626,26
DA:628,26
DA:632,23
DA:639,23
DA:640,23
DA:641,23
DA:642,23
DA:643,23
DA:644,23
DA:647,23
DA:650,23
DA:651,23
DA:652,4
DA:653,4
DA:655,4
DA:667,4
DA:668,4
DA:669,0
DA:672,4
DA:673,3
DA:674,3
DA:675,3
DA:676,3
DA:677,3
DA:679,3
DA:680,2
DA:681,2
DA:682,3
DA:683,1
DA:684,1
DA:686,2
DA:687,2
DA:688,2
DA:693,2
DA:695,1
DA:696,1
DA:698,1
DA:699,1
DA:700,1
DA:701,1
DA:702,1
DA:703,1
DA:704,4
DA:705,1
DA:706,1
DA:709,1
DA:710,1
DA:715,4
DA:716,1
DA:718,1
DA:719,1
DA:720,1
DA:721,1
DA:722,1
DA:723,1
DA:724,1
DA:725,4
DA:726,1
DA:727,1
DA:730,19
DA:731,0
DA:734,23
DA:735,23
DA:738,23
DA:739,23
DA:740,23
DA:741,23
DA:742,23
DA:743,23
DA:746,23
DA:747,23
DA:748,0
DA:750,23
DA:763,0
DA:764,0
DA:766,0
DA:776,0
DA:777,0
DA:778,0
DA:788,0
DA:789,0
DA:791,0
DA:799,0
DA:800,0
DA:823,3
DA:826,3
DA:827,3
DA:828,2
DA:829,2
DA:830,2
DA:834,1
DA:835,1
DA:837,1
DA:838,2
DA:839,2
DA:840,2
DA:842,1
DA:844,1
DA:845,1
DA:846,1
DA:848,1
DA:849,1
DA:850,3
DA:851,2
DA:854,1
DA:855,1
DA:856,1
DA:857,1
DA:858,1
DA:859,1
DA:860,1
DA:861,1
DA:863,1
DA:866,1
DA:868,1
DA:869,1
DA:870,1
DA:881,2
DA:882,2
DA:884,1
DA:885,1
DA:886,1
DA:888,1
DA:889,1
DA:890,1
DA:892,1
DA:893,1
DA:894,1
DA:897,1
DA:898,1
DA:899,1
DA:900,1
DA:901,1
DA:902,1
DA:903,1
DA:904,1
DA:905,1
DA:907,1
DA:910,1
DA:911,1
DA:912,1
DA:916,1
DA:918,1
DA:919,1
DA:920,1
DA:923,1
DA:924,1
DA:940,3
DA:941,3
DA:942,3
DA:943,3
DA:944,3
DA:945,3
DA:946,3
DA:958,2
DA:959,1
DA:960,1
DA:961,1
DA:962,1
DA:964,1
DA:965,1
DA:966,1
DA:973,1
DA:974,1
DA:983,1
DA:985,1
DA:986,1
DA:987,1
DA:988,1
DA:991,1
DA:994,1
DA:995,1
DA:996,1
DA:1002,1
DA:1003,1
DA:1004,1
DA:1007,1
DA:1008,0
DA:1009,0
DA:1010,0
DA:1011,0
DA:1012,0
DA:1014,0
DA:1015,0
DA:1017,0
DA:1018,0
DA:1019,0
DA:1023,1
DA:1024,0
DA:1025,0
DA:1026,0
DA:1027,0
DA:1028,0
DA:1029,0
DA:1030,0
DA:1033,1
DA:1042,1
DA:1043,1
DA:1045,1
DA:1046,1
DA:1048,1
DA:1049,1
DA:1050,1
DA:1051,1
DA:1060,0
DA:1061,0
DA:1063,0
DA:1064,0
DA:1065,0
DA:1068,0
DA:1069,0
DA:1070,0
DA:1072,0
DA:1079,0
DA:1080,0
DA:1081,0
DA:1083,0
DA:1087,3
DA:1088,3
DA:1090,3
DA:1091,3
DA:1093,3
DA:1094,3
DA:1097,3
DA:1098,19
DA:1100,1
DA:1102,1
DA:1103,1
DA:1108,3
DA:1109,19
DA:1110,19
DA:1111,0
DA:1112,0
DA:1124,3
DA:1129,3
DA:1130,5
DA:1131,5
DA:1132,3
DA:1133,3
DA:1134,1
DA:1135,2
DA:1136,1
DA:1138,1
DA:1142,3
DA:1143,0
DA:1145,3
DA:1147,3
DA:1162,0
DA:1163,0
DA:1166,0
DA:1169,0
DA:1170,0
DA:1174,0
DA:1176,0
DA:1177,0
DA:1181,0
DA:1182,0
DA:1183,0
DA:1185,0
DA:1186,0
DA:1187,0
DA:1188,0
DA:1189,0
DA:1190,0
DA:1191,0
DA:1192,0
DA:1193,0
DA:1194,0
DA:1195,0
DA:1196,0
DA:1197,0
DA:1198,0
DA:1200,0
DA:1203,0
DA:1206,0
DA:1208,0
DA:1209,0
DA:1210,0
DA:1211,0
DA:1212,0
DA:1213,0
DA:1214,0
DA:1215,0
DA:1216,0
DA:1217,0
DA:1219,0
DA:1220,0
DA:1223,0
DA:1224,0
DA:1225,0
DA:1227,0
DA:1228,0
DA:1232,0
DA:1233,0
DA:1236,3
DA:1247,5
DA:1248,5
DA:1249,5
DA:1250,5
DA:1253,5
DA:1254,4
DA:1255,3
DA:1256,3
DA:1258,1
DA:1259,1
DA:1263,5
DA:1264,4
DA:1269,4
DA:1274,4
DA:1277,1
DA:1278,1
DA:1279,1
DA:1282,3
DA:1285,3
DA:1286,3
DA:1289,3
DA:1290,3
DA:1293,3
DA:1294,3
DA:1295,3
DA:1296,3
DA:1297,5
DA:1298,5
DA:1299,5
DA:1300,5
DA:1301,5
DA:1302,5
DA:1303,5
DA:1306,5
DA:1307,5
DA:1312,5
DA:1313,5
DA:1317,5
DA:1339,5
DA:1343,3
DA:1344,2
DA:1345,2
DA:1346,2
DA:1347,2
DA:1348,2
DA:1349,2
DA:1352,2
DA:1353,4
DA:1354,2
DA:1355,2
DA:1356,0
DA:1357,2
DA:1358,1
DA:1359,1
DA:1360,1
DA:1367,3
DA:1368,3
DA:1369,2
DA:1370,2
DA:1373,1
DA:1374,1
DA:1375,1
DA:1376,1
DA:1377,1
DA:1378,1
DA:1385,3
DA:1388,3
DA:1389,3
DA:1390,3
DA:1391,3
DA:1392,3
DA:1393,3
DA:1396,3
DA:1397,3
DA:1398,0
DA:1399,0
DA:1400,0
DA:1402,0
DA:1416,0
DA:1417,0
DA:1418,0
DA:1422,0
DA:1423,0
DA:1424,0
DA:1425,0
DA:1426,0
DA:1427,0
DA:1428,0
DA:1429,0
DA:1431,0
DA:1432,0
DA:1433,0
DA:1435,0
DA:1436,0
DA:1437,0
DA:1440,0
DA:1441,0
DA:1443,0
DA:1445,0
DA:1451,0
DA:1452,0
DA:1453,0
DA:1455,0
DA:1461,0
DA:1462,0
DA:1464,0
DA:1467,0
DA:1468,0
DA:1469,0
DA:1470,0
DA:1471,0
DA:1474,0
DA:1475,0
DA:1476,0
DA:1482,0
DA:1483,0
DA:1484,0
DA:1485,0
DA:1486,0
DA:1488,0
DA:1489,0
DA:1491,0
DA:1492,0
DA:1493,0
DA:1494,0
DA:1495,0
DA:1501,3
DA:1505,3
DA:1506,3
DA:1507,2
DA:1508,2
DA:1511,1
DA:1521,3
DA:1522,3
DA:1523,2
DA:1524,2
DA:1525,2
DA:1526,2
DA:1527,2
DA:1528,1
DA:1529,1
DA:1537,3
DA:1549,3
DA:1550,3
DA:1551,3
DA:1560,2
DA:1561,3
DA:1562,2
LF:734
LH:585
BRDA:56,0,0,0
BRDA:56,0,1,6
BRDA:56,1,0,6
BRDA:56,1,1,6
BRDA:78,2,0,1
BRDA:78,2,1,5
BRDA:119,3,0,5
BRDA:119,3,1,164
BRDA:122,4,0,110
BRDA:122,4,1,59
BRDA:138,5,0,608
BRDA:138,5,1,406
BRDA:138,6,0,1014
BRDA:138,6,1,611
BRDA:151,7,0,166
BRDA:151,7,1,3
BRDA:186,8,0,19
BRDA:186,8,1,5
BRDA:191,9,0,3
BRDA:191,9,1,16
BRDA:191,10,0,19
BRDA:191,10,1,3
BRDA:191,10,2,3
BRDA:191,10,3,3
BRDA:198,11,0,5
BRDA:198,11,1,4
BRDA:198,12,0,5
BRDA:198,12,1,1
BRDA:199,13,0,4
BRDA:199,13,1,2
BRDA:202,14,0,3
BRDA:202,14,1,16
BRDA:204,15,0,1
BRDA:204,15,1,2
BRDA:205,16,0,0
BRDA:205,16,1,3
BRDA:206,17,0,1
BRDA:206,17,1,2
BRDA:207,18,0,1
BRDA:207,18,1,2
BRDA:207,19,0,1
BRDA:207,19,1,0
BRDA:207,19,2,0
BRDA:208,20,0,3
BRDA:208,20,1,0
BRDA:208,21,0,3
BRDA:208,21,1,2
BRDA:208,21,2,2
BRDA:214,22,0,16
BRDA:214,22,1,2
BRDA:214,22,2,1
BRDA:215,23,0,16
BRDA:215,23,1,15
BRDA:215,23,2,15
BRDA:223,24,0,6
BRDA:223,24,1,13
BRDA:231,25,0,19
BRDA:231,25,1,6
BRDA:234,26,0,2
BRDA:234,26,1,17
BRDA:234,27,0,19
BRDA:234,27,1,6
BRDA:234,27,2,3
BRDA:269,28,0,3
BRDA:269,28,1,16
BRDA:280,29,0,1
BRDA:280,29,1,1
BRDA:282,30,0,1
BRDA:282,30,1,0
BRDA:288,31,0,1
BRDA:288,31,1,15
BRDA:291,32,0,1
BRDA:291,32,1,0
BRDA:295,33,0,2
BRDA:295,33,1,13
BRDA:297,34,0,2
BRDA:297,34,1,0
BRDA:310,35,0,2
BRDA:310,35,1,7
BRDA:312,36,0,6
BRDA:312,36,1,1
BRDA:334,37,0,2
BRDA:334,37,1,1
BRDA:373,38,0,1
BRDA:373,38,1,1
BRDA:388,39,0,1
BRDA:388,39,1,2
BRDA:389,40,0,1
BRDA:389,40,1,1
BRDA:404,41,0,1
BRDA:404,41,1,1
BRDA:438,42,0,1
BRDA:438,42,1,2
BRDA:457,43,0,1
BRDA:457,43,1,3
BRDA:478,44,0,1
BRDA:478,44,1,1
BRDA:487,45,0,1
BRDA:487,45,1,0
BRDA:500,46,0,10
BRDA:500,46,1,23
BRDA:506,47,0,10
BRDA:506,47,1,23
BRDA:520,48,0,4
BRDA:520,48,1,6
BRDA:523,49,0,0
BRDA:523,49,1,1
BRDA:527,50,0,1
BRDA:527,50,1,0
BRDA:535,51,0,26
BRDA:535,51,1,5
BRDA:536,52,0,26
BRDA:536,52,1,3
BRDA:539,53,0,3
BRDA:539,53,1,23
BRDA:545,54,0,5
BRDA:545,54,1,21
BRDA:548,55,0,5
BRDA:548,55,1,0
BRDA:567,56,0,26
BRDA:567,56,1,7
BRDA:575,57,0,13
BRDA:575,57,1,13
BRDA:611,58,0,3
BRDA:611,58,1,23
BRDA:643,59,0,14
BRDA:643,59,1,9
BRDA:643,60,0,4
BRDA:643,60,1,10
BRDA:644,61,0,14
BRDA:644,61,1,9
BRDA:644,62,0,4
BRDA:644,62,1,10
BRDA:647,63,0,14
BRDA:647,63,1,9
BRDA:647,64,0,4
BRDA:647,64,1,10
BRDA:651,65,0,4
BRDA:651,65,1,19
BRDA:651,66,0,23
BRDA:651,66,1,4
BRDA:668,67,0,4
BRDA:668,67,1,0
BRDA:676,68,0,0
BRDA:676,68,1,3
BRDA:677,69,0,3
BRDA:677,69,1,0
BRDA:679,70,0,3
BRDA:679,70,1,0
BRDA:680,71,0,2
BRDA:680,71,1,0
BRDA:680,72,0,2
BRDA:680,72,1,0
BRDA:682,73,0,1
BRDA:682,73,1,2
BRDA:683,74,0,1
BRDA:683,74,1,0
BRDA:693,75,0,1
BRDA:693,75,1,1
BRDA:693,76,0,1
BRDA:693,76,1,0
BRDA:693,76,2,0
BRDA:709,77,0,1
BRDA:709,77,1,0
BRDA:709,78,0,1
BRDA:709,78,1,0
BRDA:716,79,0,0
BRDA:716,79,1,1
BRDA:730,80,0,0
BRDA:730,80,1,19
BRDA:730,81,0,19
BRDA:730,81,1,19
BRDA:741,82,0,14
BRDA:741,82,1,9
BRDA:742,83,0,14
BRDA:742,83,1,9
BRDA:742,84,0,9
BRDA:742,84,1,5
BRDA:743,85,0,14
BRDA:743,85,1,9
BRDA:747,86,0,0
BRDA:747,86,1,23
BRDA:763,87,0,0
BRDA:763,87,1,0
BRDA:769,88,0,0
BRDA:769,88,1,0
BRDA:769,88,2,0
BRDA:772,89,0,0
BRDA:772,89,1,0
BRDA:773,90,0,0
BRDA:773,90,1,0
BRDA:774,91,0,0
BRDA:774,91,1,0
BRDA:777,92,0,0
BRDA:777,92,1,0
BRDA:777,93,0,0
BRDA:777,93,1,0
BRDA:777,93,2,0
BRDA:777,94,0,0
BRDA:777,94,1,0
BRDA:800,95,0,0
BRDA:800,95,1,0
BRDA:827,96,0,2
BRDA:827,96,1,1
BRDA:835,97,0,0
BRDA:835,97,1,1
BRDA:839,98,0,2
BRDA:839,98,1,0
BRDA:842,99,0,0
BRDA:842,99,1,1
BRDA:845,100,0,0
BRDA:845,100,1,1
BRDA:845,101,0,1
BRDA:845,101,1,1
BRDA:851,102,0,2
BRDA:851,102,1,0
BRDA:854,103,0,1
BRDA:854,103,1,0
BRDA:858,104,0,1
BRDA:858,104,1,0
BRDA:870,105,0,0
BRDA:870,105,1,1
BRDA:885,106,0,0
BRDA:885,106,1,1
BRDA:885,107,0,1
BRDA:885,107,1,1
BRDA:889,108,0,1
BRDA:889,108,1,0
BRDA:889,108,2,0
BRDA:892,109,0,1
BRDA:892,109,1,0
BRDA:892,109,2,0
BRDA:894,110,0,1
BRDA:894,110,1,0
BRDA:894,111,0,1
BRDA:894,111,1,0
BRDA:897,112,0,1
BRDA:897,112,1,0
BRDA:901,113,0,1
BRDA:901,113,1,0
BRDA:901,113,2,0
BRDA:902,114,0,1
BRDA:902,114,1,0
BRDA:907,115,0,1
BRDA:907,115,1,0
BRDA:911,116,0,1
BRDA:911,116,1,0
BRDA:911,117,0,1
BRDA:911,117,1,1
BRDA:920,118,0,0
BRDA:920,118,1,1
BRDA:958,119,0,1
BRDA:958,119,1,1
BRDA:960,120,0,1
BRDA:960,120,1,0
BRDA:966,121,0,1
BRDA:966,121,1,0
BRDA:973,122,0,0
BRDA:973,122,1,1
BRDA:986,123,0,0
BRDA:986,123,1,1
BRDA:988,124,0,0
BRDA:988,124,1,1
BRDA:991,125,0,0
BRDA:991,125,1,1
BRDA:1011,126,0,0
BRDA:1011,126,1,0
BRDA:1012,127,0,0
BRDA:1012,127,1,0
BRDA:1027,128,0,0
BRDA:1027,128,1,0
BRDA:1043,129,0,0
BRDA:1043,129,1,1
BRDA:1061,130,0,0
BRDA:1061,130,1,0
BRDA:1063,131,0,0
BRDA:1063,131,1,0
BRDA:1068,132,0,0
BRDA:1068,132,1,0
BRDA:1079,133,0,0
BRDA:1079,133,1,0
BRDA:1098,134,0,18
BRDA:1098,134,1,1
BRDA:1100,135,0,0
BRDA:1100,135,1,1
BRDA:1102,136,0,0
BRDA:1102,136,1,1
BRDA:1110,137,0,0
BRDA:1110,137,1,19
BRDA:1110,138,0,19
BRDA:1110,138,1,0
BRDA:1131,139,0,2
BRDA:1131,139,1,3
BRDA:1133,140,0,1
BRDA:1133,140,1,2
BRDA:1135,141,0,1
BRDA:1135,141,1,1
BRDA:1142,142,0,0
BRDA:1142,142,1,3
BRDA:1163,143,0,0
BRDA:1163,143,1,0
BRDA:1166,144,0,0
BRDA:1166,144,1,0
BRDA:1166,145,0,0
BRDA:1166,145,1,0
BRDA:1170,146,0,0
BRDA:1170,146,1,0
BRDA:1177,147,0,0
BRDA:1177,147,1,0
BRDA:1187,148,0,0
BRDA:1187,148,1,0
BRDA:1206,149,0,0
BRDA:1206,149,1,0
BRDA:1208,150,0,0
BRDA:1208,150,1,0
BRDA:1208,151,0,0
BRDA:1208,151,1,0
BRDA:1208,151,2,0
BRDA:1211,152,0,0
BRDA:1211,152,1,0
BRDA:1213,153,0,0
BRDA:1213,153,1,0
BRDA:1215,154,0,0
BRDA:1215,154,1,0
BRDA:1217,155,0,0
BRDA:1217,155,1,0
BRDA:1223,156,0,0
BRDA:1223,156,1,0
BRDA:1228,157,0,0
BRDA:1228,157,1,0
BRDA:1228,158,0,0
BRDA:1228,158,1,0
BRDA:1253,159,0,4
BRDA:1253,159,1,1
BRDA:1254,160,0,3
BRDA:1254,160,1,1
BRDA:1263,161,0,1
BRDA:1263,161,1,4
BRDA:1274,162,0,1
BRDA:1274,162,1,3
BRDA:1278,163,0,1
BRDA:1278,163,1,0
BRDA:1286,164,0,3
BRDA:1286,164,1,0
BRDA:1290,165,0,3
BRDA:1290,165,1,0
BRDA:1294,166,0,3
BRDA:1294,166,1,0
BRDA:1299,167,0,2
BRDA:1299,167,1,3
BRDA:1300,168,0,5
BRDA:1300,168,1,0
BRDA:1302,169,0,5
BRDA:1302,169,1,0
BRDA:1302,169,2,0
BRDA:1306,170,0,5
BRDA:1306,170,1,3
BRDA:1307,171,0,2
BRDA:1307,171,1,3
BRDA:1312,172,0,5
BRDA:1312,172,1,3
BRDA:1312,172,2,3
BRDA:1313,173,0,2
BRDA:1313,173,1,3
BRDA:1320,174,0,5
BRDA:1320,174,1,0
BRDA:1343,175,0,2
BRDA:1343,175,1,1
BRDA:1349,176,0,2
BRDA:1349,176,1,0
BRDA:1349,177,0,2
BRDA:1349,177,1,2
BRDA:1349,177,2,1
BRDA:1350,178,0,2
BRDA:1350,178,1,2
BRDA:1350,178,2,1
BRDA:1352,179,0,0
BRDA:1352,179,1,2
BRDA:1353,180,0,4
BRDA:1353,180,1,0
BRDA:1354,181,0,0
BRDA:1354,181,1,2
BRDA:1355,182,0,0
BRDA:1355,182,1,2
BRDA:1357,183,0,1
BRDA:1357,183,1,1
BRDA:1359,184,0,1
BRDA:1359,184,1,0
BRDA:1368,185,0,2
BRDA:1368,185,1,1
BRDA:1368,186,0,3
BRDA:1368,186,1,3
BRDA:1391,187,0,3
BRDA:1391,187,1,0
BRDA:1391,188,0,0
BRDA:1391,188,1,3
BRDA:1392,189,0,3
BRDA:1392,189,1,0
BRDA:1392,190,0,0
BRDA:1392,190,1,3
BRDA:1393,191,0,0
BRDA:1393,191,1,3
BRDA:1393,192,0,3
BRDA:1393,192,1,3
BRDA:1397,193,0,0
BRDA:1397,193,1,3
BRDA:1398,194,0,0
BRDA:1398,194,1,0
BRDA:1417,195,0,0
BRDA:1417,195,1,0
BRDA:1423,196,0,0
BRDA:1423,196,1,0
BRDA:1423,197,0,0
BRDA:1423,197,1,0
BRDA:1427,198,0,0
BRDA:1427,198,1,0
BRDA:1429,199,0,0
BRDA:1429,199,1,0
BRDA:1431,200,0,0
BRDA:1431,200,1,0
BRDA:1432,201,0,0
BRDA:1432,201,1,0
BRDA:1432,202,0,0
BRDA:1432,202,1,0
BRDA:1435,203,0,0
BRDA:1435,203,1,0
BRDA:1436,204,0,0
BRDA:1436,204,1,0
BRDA:1451,205,0,0
BRDA:1451,205,1,0
BRDA:1453,206,0,0
BRDA:1453,206,1,0
BRDA:1453,206,2,0
BRDA:1474,207,0,0
BRDA:1474,207,1,0
BRDA:1474,208,0,0
BRDA:1474,208,1,0
BRDA:1483,209,0,0
BRDA:1483,209,1,0
BRDA:1483,210,0,0
BRDA:1483,210,1,0
BRDA:1486,211,0,0
BRDA:1486,211,1,0
BRDA:1506,212,0,2
BRDA:1506,212,1,1
BRDA:1506,213,0,3
BRDA:1506,213,1,3
BRDA:1522,214,0,2
BRDA:1522,214,1,1
BRDA:1522,215,0,3
BRDA:1522,215,1,3
BRDA:1525,216,0,0
BRDA:1525,216,1,2
BRDA:1527,217,0,1
BRDA:1527,217,1,1
BRDA:1562,218,0,1
BRDA:1562,218,1,1
BRF:457
BRH:272
end_of_record
TN:
SF:js/b-catalog-desktop-enhancers.js
FN:38,setupSubcatOnHover
FN:47,onCategoryEnter
FN:63,(anonymous_2)
FN:70,onCategoriesLeave
FN:87,setupViewChangedGuard
FN:88,onViewChanged
FN:105,setupNavStackVar
FN:115,measure
FN:122,update
FN:141,setupCatalogDesktopEnhancers
FNF:10
FNH:10
FNDA:25,setupSubcatOnHover
FNDA:13,onCategoryEnter
FNDA:5,(anonymous_2)
FNDA:3,onCategoriesLeave
FNDA:25,setupViewChangedGuard
FNDA:8,onViewChanged
FNDA:25,setupNavStackVar
FNDA:7,measure
FNDA:7,update
FNDA:27,setupCatalogDesktopEnhancers
DA:39,25
DA:41,25
DA:42,25
DA:44,13
DA:45,13
DA:47,13
DA:48,13
DA:49,13
DA:51,11
DA:52,11
DA:54,9
DA:55,2
DA:56,0
DA:57,0
DA:59,2
DA:62,7
DA:63,7
DA:64,5
DA:65,5
DA:66,5
DA:70,13
DA:71,3
DA:72,2
DA:73,2
DA:75,3
DA:77,2
DA:78,2
DA:79,2
DA:88,25
DA:89,8
DA:90,8
DA:91,8
DA:92,8
DA:94,8
DA:95,8
DA:96,8
DA:97,6
DA:106,25
DA:108,25
DA:109,25
DA:110,25
DA:112,5
DA:113,5
DA:116,7
DA:117,7
DA:118,7
DA:119,7
DA:123,7
DA:124,7
DA:127,5
DA:129,5
DA:130,1
DA:131,1
DA:132,1
DA:135,5
DA:142,27
DA:143,25
DA:144,25
DA:145,25
LF:59
LH:57
BRDA:39,0,0,0
BRDA:39,0,1,25
BRDA:42,1,0,12
BRDA:42,1,1,13
BRDA:49,2,0,2
BRDA:49,2,1,11
BRDA:52,3,0,2
BRDA:52,3,1,9
BRDA:52,4,0,11
BRDA:52,4,1,11
BRDA:54,5,0,2
BRDA:54,5,1,7
BRDA:55,6,0,0
BRDA:55,6,1,2
BRDA:62,7,0,2
BRDA:62,7,1,5
BRDA:71,8,0,2
BRDA:71,8,1,1
BRDA:75,9,0,1
BRDA:75,9,1,2
BRDA:78,10,0,2
BRDA:78,10,1,0
BRDA:79,11,0,2
BRDA:79,11,1,0
BRDA:94,12,0,6
BRDA:94,12,1,2
BRDA:94,13,0,3
BRDA:94,13,1,3
BRDA:95,14,0,6
BRDA:95,14,1,2
BRDA:95,15,0,3
BRDA:95,15,1,3
BRDA:96,16,0,6
BRDA:96,16,1,2
BRDA:97,17,0,6
BRDA:97,17,1,3
BRDA:106,18,0,0
BRDA:106,18,1,25
BRDA:110,19,0,20
BRDA:110,19,1,5
BRDA:117,20,0,5
BRDA:117,20,1,2
BRDA:123,21,0,0
BRDA:123,21,1,7
BRDA:129,22,0,1
BRDA:129,22,1,4
BRDA:132,23,0,1
BRDA:132,23,1,0
BRDA:142,24,0,2
BRDA:142,24,1,25
BRF:50
BRH:43
end_of_record
TN:
SF:js/b-catalog.js
FN:93,(anonymous_0)
FN:98,(anonymous_1)
FN:102,(anonymous_2)
FN:104,(anonymous_3)
FN:126,_setCatHasMore
FN:131,appendNextPage
FN:151,(anonymous_6)
FN:152,(anonymous_7)
FN:154,(anonymous_8)
FN:165,(anonymous_9)
FN:171,(anonymous_10)
FN:181,loadProducts
FN:187,(anonymous_12)
FN:194,(anonymous_13)
FN:215,(anonymous_14)
FN:220,(anonymous_15)
FN:231,renderPromos
FN:232,(anonymous_17)
FN:239,(anonymous_18)
FN:261,(anonymous_19)
FN:262,(anonymous_20)
FN:263,(anonymous_21)
FN:264,(anonymous_22)
FN:273,_renderCard
FN:284,setActiveCat
FN:299,_triggerGridEnterAnim
FN:304,(anonymous_26)
FN:314,(anonymous_27)
FN:321,renderGrid
FN:364,(anonymous_29)
FN:365,(anonymous_30)
FN:369,(anonymous_31)
FN:430,(anonymous_32)
FN:436,(anonymous_33)
FN:448,(anonymous_34)
FN:462,(anonymous_35)
FN:482,(anonymous_36)
FN:487,(anonymous_37)
FN:492,_shuffle
FN:500,_balancedPick
FN:541,_installGridDelegation
FN:545,(anonymous_41)
FN:585,_bindGridEvents
FN:589,(anonymous_43)
FN:592,(anonymous_44)
FN:595,(anonymous_45)
FN:600,(anonymous_46)
FN:612,(anonymous_47)
FN:615,(anonymous_48)
FN:621,(anonymous_49)
FN:628,(anonymous_50)
FN:631,(anonymous_51)
FN:643,scrollToCategorySection
FN:663,(anonymous_53)
FN:668,setupCats
FN:677,centerActiveChip
FN:685,setupCatSwipeNav
FN:694,setupSearch
FN:695,(anonymous_58)
FN:702,(anonymous_59)
FN:707,(anonymous_60)
FN:710,(anonymous_61)
FN:712,(anonymous_62)
FN:722,(anonymous_63)
FN:727,renderSearchDropdown
FN:733,(anonymous_65)
FN:743,(anonymous_66)
FN:744,(anonymous_67)
FNF:68
FNH:42
FNDA:0,(anonymous_0)
FNDA:0,(anonymous_1)
FNDA:0,(anonymous_2)
FNDA:0,(anonymous_3)
FNDA:7,_setCatHasMore
FNDA:1,appendNextPage
FNDA:0,(anonymous_6)
FNDA:3,(anonymous_7)
FNDA:0,(anonymous_8)
FNDA:1,(anonymous_9)
FNDA:1,(anonymous_10)
FNDA:1,loadProducts
FNDA:2,(anonymous_12)
FNDA:0,(anonymous_13)
FNDA:1,(anonymous_14)
FNDA:1,(anonymous_15)
FNDA:2,renderPromos
FNDA:2,(anonymous_17)
FNDA:1,(anonymous_18)
FNDA:0,(anonymous_19)
FNDA:0,(anonymous_20)
FNDA:2,(anonymous_21)
FNDA:1,(anonymous_22)
FNDA:0,_renderCard
FNDA:1,setActiveCat
FNDA:7,_triggerGridEnterAnim
FNDA:0,(anonymous_26)
FNDA:0,(anonymous_27)
FNDA:7,renderGrid
FNDA:0,(anonymous_29)
FNDA:5,(anonymous_30)
FNDA:0,(anonymous_31)
FNDA:0,(anonymous_32)
FNDA:0,(anonymous_33)
FNDA:2,(anonymous_34)
FNDA:3,(anonymous_35)
FNDA:3,(anonymous_36)
FNDA:3,(anonymous_37)
FNDA:2,_shuffle
FNDA:2,_balancedPick
FNDA:4,_installGridDelegation
FNDA:5,(anonymous_41)
FNDA:3,_bindGridEvents
FNDA:3,(anonymous_43)
FNDA:0,(anonymous_44)
FNDA:0,(anonymous_45)
FNDA:0,(anonymous_46)
FNDA:0,(anonymous_47)
FNDA:0,(anonymous_48)
FNDA:0,(anonymous_49)
FNDA:0,(anonymous_50)
FNDA:0,(anonymous_51)
FNDA:3,scrollToCategorySection
FNDA:1,(anonymous_53)
FNDA:2,setupCats
FNDA:1,centerActiveChip
FNDA:0,setupCatSwipeNav
FNDA:1,setupSearch
FNDA:1,(anonymous_58)
FNDA:0,(anonymous_59)
FNDA:1,(anonymous_60)
FNDA:2,(anonymous_61)
FNDA:1,(anonymous_62)
FNDA:1,(anonymous_63)
FNDA:1,renderSearchDropdown
FNDA:1,(anonymous_65)
FNDA:1,(anonymous_66)
FNDA:1,(anonymous_67)
DA:87,2
DA:90,2
DA:93,2
DA:98,2
DA:102,2
DA:104,0
DA:105,0
DA:107,0
DA:108,0
DA:110,0
DA:111,0
DA:127,7
DA:128,7
DA:132,1
DA:134,1
DA:135,0
DA:136,0
DA:143,1
DA:144,0
DA:145,0
DA:148,1
DA:151,0
DA:152,3
DA:153,1
DA:154,0
DA:155,0
DA:157,1
DA:158,1
DA:159,0
DA:160,0
DA:161,0
DA:163,1
DA:164,1
DA:165,1
DA:166,1
DA:170,1
DA:171,1
DA:172,1
DA:173,1
DA:175,1
DA:176,1
DA:184,1
DA:185,1
DA:186,1
DA:187,2
DA:188,1
DA:189,1
DA:191,0
DA:192,0
DA:193,0
DA:194,0
DA:196,0
DA:197,0
DA:202,1
DA:203,1
DA:208,1
DA:210,1
DA:211,1
DA:214,1
DA:215,1
DA:216,1
DA:217,0
DA:220,1
DA:221,1
DA:222,1
DA:223,1
DA:224,1
DA:225,1
DA:232,2
DA:233,2
DA:234,2
DA:235,2
DA:236,1
DA:239,1
DA:240,1
DA:241,1
DA:242,1
DA:256,1
DA:257,1
DA:258,1
DA:259,1
DA:260,1
DA:261,1
DA:262,1
DA:263,1
DA:264,2
DA:274,0
DA:285,1
DA:286,1
DA:287,1
DA:288,1
DA:289,1
DA:290,1
DA:300,7
DA:301,7
DA:302,7
DA:303,7
DA:304,7
DA:305,0
DA:308,7
DA:309,7
DA:310,7
DA:311,0
DA:312,0
DA:313,0
DA:314,0
DA:315,0
DA:322,7
DA:323,7
DA:328,7
DA:329,6
DA:330,6
DA:331,6
DA:332,6
DA:333,6
DA:335,6
DA:336,6
DA:337,6
DA:342,7
DA:344,1
DA:345,1
DA:346,1
DA:347,1
DA:348,1
DA:349,1
DA:350,1
DA:351,1
DA:352,1
DA:353,1
DA:354,1
DA:355,1
DA:358,6
DA:359,6
DA:361,6
DA:364,0
DA:365,5
DA:367,6
DA:368,6
DA:369,1
DA:370,1
DA:373,6
DA:396,6
DA:399,6
DA:402,2
DA:406,4
DA:409,6
DA:410,2
DA:412,2
DA:420,2
DA:421,2
DA:422,2
DA:423,0
DA:428,0
DA:429,0
DA:430,0
DA:431,0
DA:432,0
DA:433,0
DA:434,0
DA:435,0
DA:436,0
DA:440,2
DA:441,2
DA:442,2
DA:445,2
DA:448,2
DA:449,2
DA:450,2
DA:453,2
DA:454,2
DA:457,4
DA:458,4
DA:459,4
DA:461,4
DA:462,4
DA:463,3
DA:471,4
DA:472,4
DA:475,4
DA:477,1
DA:480,1
DA:482,3
DA:484,3
DA:486,4
DA:487,4
DA:493,2
DA:494,6
DA:495,6
DA:497,2
DA:501,2
DA:502,2
DA:503,2
DA:504,2
DA:505,9
DA:506,9
DA:507,9
DA:509,2
DA:510,2
DA:511,2
DA:512,3
DA:513,3
DA:514,1
DA:516,2
DA:518,2
DA:519,2
DA:520,2
DA:522,2
DA:523,2
DA:525,2
DA:526,2
DA:527,2
DA:528,2
DA:529,2
DA:530,8
DA:532,2
DA:540,2
DA:542,4
DA:543,1
DA:545,1
DA:548,5
DA:549,5
DA:551,4
DA:552,4
DA:555,4
DA:556,4
DA:557,1
DA:558,1
DA:559,1
DA:560,1
DA:561,1
DA:565,3
DA:566,3
DA:567,2
DA:568,2
DA:569,2
DA:570,2
DA:571,2
DA:572,1
DA:573,2
DA:577,1
DA:580,1
DA:581,1
DA:586,3
DA:589,3
DA:592,3
DA:593,0
DA:594,0
DA:595,0
DA:596,0
DA:597,0
DA:598,0
DA:600,0
DA:601,0
DA:602,0
DA:603,0
DA:604,0
DA:608,0
DA:612,3
DA:613,0
DA:614,0
DA:615,0
DA:616,0
DA:617,0
DA:618,0
DA:619,0
DA:620,0
DA:621,0
DA:622,0
DA:623,0
DA:624,0
DA:626,0
DA:627,0
DA:628,0
DA:629,0
DA:631,0
DA:632,0
DA:635,0
DA:638,3
DA:644,3
DA:646,2
DA:647,1
DA:648,1
DA:650,1
DA:652,2
DA:654,1
DA:655,0
DA:656,0
DA:658,1
DA:659,1
DA:660,1
DA:661,1
DA:662,1
DA:663,1
DA:670,2
DA:682,1
DA:695,1
DA:696,1
DA:697,1
DA:698,1
DA:699,0
DA:701,0
DA:702,0
DA:704,0
DA:705,0
DA:707,1
DA:709,1
DA:710,2
DA:712,1
DA:713,1
DA:717,1
DA:718,1
DA:719,1
DA:722,1
DA:723,1
DA:728,1
DA:729,0
DA:730,0
DA:731,0
DA:733,1
DA:742,1
DA:743,1
DA:744,1
DA:745,1
DA:746,1
DA:747,1
LF:325
LH:243
BRDA:108,0,0,0
BRDA:108,0,1,0
BRDA:110,1,0,0
BRDA:110,1,1,0
BRDA:128,2,0,7
BRDA:128,2,1,0
BRDA:134,3,0,0
BRDA:134,3,1,1
BRDA:134,4,0,1
BRDA:134,4,1,0
BRDA:135,5,0,0
BRDA:135,5,1,0
BRDA:143,6,0,0
BRDA:143,6,1,1
BRDA:143,7,0,1
BRDA:143,7,1,1
BRDA:144,8,0,0
BRDA:144,8,1,0
BRDA:148,9,0,0
BRDA:148,9,1,1
BRDA:150,10,0,0
BRDA:150,10,1,1
BRDA:151,11,0,0
BRDA:151,11,1,0
BRDA:153,12,0,0
BRDA:153,12,1,1
BRDA:155,13,0,0
BRDA:155,13,1,0
BRDA:158,14,0,0
BRDA:158,14,1,1
BRDA:159,15,0,0
BRDA:159,15,1,0
BRDA:176,16,0,1
BRDA:176,16,1,0
BRDA:185,17,0,0
BRDA:185,17,1,1
BRDA:185,18,0,1
BRDA:185,18,1,1
BRDA:187,19,0,0
BRDA:187,19,1,1
BRDA:187,20,0,1
BRDA:187,20,1,0
BRDA:193,21,0,0
BRDA:193,21,1,0
BRDA:215,22,0,1
BRDA:215,22,1,0
BRDA:215,23,0,0
BRDA:215,23,1,0
BRDA:216,24,0,0
BRDA:216,24,1,1
BRDA:224,25,0,1
BRDA:224,25,1,0
BRDA:225,26,0,0
BRDA:225,26,1,1
BRDA:225,27,0,0
BRDA:225,27,1,1
BRDA:225,28,0,0
BRDA:225,28,1,1
BRDA:234,29,0,2
BRDA:234,29,1,0
BRDA:235,30,0,1
BRDA:235,30,1,1
BRDA:241,31,0,1
BRDA:241,31,1,0
BRDA:284,32,0,0
BRDA:300,33,0,0
BRDA:300,33,1,7
BRDA:305,34,0,0
BRDA:305,34,1,0
BRDA:308,35,0,7
BRDA:308,35,1,0
BRDA:310,36,0,0
BRDA:310,36,1,7
BRDA:328,37,0,6
BRDA:328,37,1,1
BRDA:331,38,0,6
BRDA:331,38,1,0
BRDA:335,39,0,6
BRDA:335,39,1,0
BRDA:342,40,0,1
BRDA:342,40,1,6
BRDA:342,41,0,7
BRDA:342,41,1,1
BRDA:352,42,0,1
BRDA:352,42,1,0
BRDA:361,43,0,2
BRDA:361,43,1,4
BRDA:361,44,0,6
BRDA:361,44,1,4
BRDA:363,45,0,0
BRDA:363,45,1,4
BRDA:364,46,0,0
BRDA:364,46,1,0
BRDA:368,47,0,1
BRDA:368,47,1,5
BRDA:368,48,0,6
BRDA:368,48,1,6
BRDA:370,49,0,0
BRDA:370,49,1,1
BRDA:373,50,0,6
BRDA:373,50,1,4
BRDA:396,51,0,6
BRDA:396,51,1,6
BRDA:399,52,0,2
BRDA:399,52,1,4
BRDA:402,53,0,0
BRDA:402,53,1,2
BRDA:404,54,0,0
BRDA:404,54,1,2
BRDA:409,55,0,2
BRDA:409,55,1,4
BRDA:422,56,0,0
BRDA:422,56,1,2
BRDA:428,57,0,0
BRDA:428,57,1,0
BRDA:435,58,0,0
BRDA:435,58,1,0
BRDA:441,59,0,2
BRDA:441,59,1,0
BRDA:459,60,0,4
BRDA:459,60,1,0
BRDA:461,61,0,4
BRDA:461,61,1,0
BRDA:471,62,0,4
BRDA:471,62,1,0
BRDA:471,63,0,4
BRDA:471,63,1,4
BRDA:471,63,2,4
BRDA:475,64,0,1
BRDA:475,64,1,3
BRDA:484,65,0,3
BRDA:484,65,1,3
BRDA:505,66,0,9
BRDA:505,66,1,0
BRDA:506,67,0,3
BRDA:506,67,1,6
BRDA:513,68,0,2
BRDA:513,68,1,1
BRDA:516,69,0,0
BRDA:516,69,1,2
BRDA:518,70,0,2
BRDA:518,70,1,1
BRDA:520,71,0,2
BRDA:520,71,1,0
BRDA:520,72,0,2
BRDA:520,72,1,0
BRDA:522,73,0,2
BRDA:522,73,1,0
BRDA:522,74,0,2
BRDA:522,74,1,2
BRDA:529,75,0,2
BRDA:529,75,1,0
BRDA:529,76,0,2
BRDA:529,76,1,0
BRDA:542,77,0,3
BRDA:542,77,1,1
BRDA:549,78,0,1
BRDA:549,78,1,4
BRDA:552,79,0,0
BRDA:552,79,1,4
BRDA:556,80,0,1
BRDA:556,80,1,3
BRDA:559,81,0,1
BRDA:559,81,1,0
BRDA:560,82,0,1
BRDA:560,82,1,0
BRDA:566,83,0,2
BRDA:566,83,1,1
BRDA:569,84,0,2
BRDA:569,84,1,0
BRDA:570,85,0,0
BRDA:570,85,1,2
BRDA:571,86,0,1
BRDA:571,86,1,1
BRDA:577,87,0,0
BRDA:577,87,1,1
BRDA:577,88,0,1
BRDA:577,88,1,1
BRDA:580,89,0,0
BRDA:580,89,1,1
BRDA:581,90,0,1
BRDA:581,90,1,0
BRDA:593,91,0,0
BRDA:593,91,1,0
BRDA:598,92,0,0
BRDA:598,92,1,0
BRDA:602,93,0,0
BRDA:602,93,1,0
BRDA:613,94,0,0
BRDA:613,94,1,0
BRDA:618,95,0,0
BRDA:618,95,1,0
BRDA:623,96,0,0
BRDA:623,96,1,0
BRDA:627,97,0,0
BRDA:627,97,1,0
BRDA:638,98,0,0
BRDA:638,98,1,3
BRDA:644,99,0,2
BRDA:644,99,1,1
BRDA:644,100,0,3
BRDA:644,100,1,2
BRDA:644,100,2,2
BRDA:646,101,0,1
BRDA:646,101,1,1
BRDA:646,102,0,2
BRDA:646,102,1,2
BRDA:648,103,0,1
BRDA:648,103,1,0
BRDA:654,104,0,0
BRDA:654,104,1,1
BRDA:654,105,0,1
BRDA:654,105,1,1
BRDA:660,106,0,0
BRDA:660,106,1,1
BRDA:698,107,0,0
BRDA:698,107,1,1
BRDA:701,108,0,0
BRDA:701,108,1,0
BRDA:701,109,0,0
BRDA:701,109,1,0
BRDA:701,109,2,0
BRDA:709,110,0,1
BRDA:709,110,1,0
BRDA:709,111,0,1
BRDA:709,111,1,1
BRDA:709,111,2,1
BRDA:713,112,0,1
BRDA:713,112,1,0
BRDA:713,112,2,0
BRDA:714,113,0,0
BRDA:714,113,1,0
BRDA:715,114,0,0
BRDA:715,114,1,0
BRDA:723,115,0,0
BRDA:723,115,1,1
BRDA:728,116,0,0
BRDA:728,116,1,1
BRDA:737,117,0,1
BRDA:737,117,1,1
BRF:240
BRH:130
end_of_record
TN:
SF:js/b-checkout-render.js
FN:39,renderFulfillmentSelector
FN:46,syncActive
FN:47,(anonymous_2)
FN:52,(anonymous_3)
FN:53,(anonymous_4)
FN:77,renderRelaisForIle
FN:79,(anonymous_6)
FN:85,(anonymous_7)
FN:107,(anonymous_8)
FN:109,(anonymous_9)
FN:110,(anonymous_10)
FN:135,setCheckoutConfirmButton
FN:162,makeInput
FN:175,(anonymous_13)
FN:188,makePhoneInput
FN:210,(anonymous_15)
FN:235,buildOrderSuccessDOM
FN:311,_idInitials
FN:312,(anonymous_18)
FN:315,buildIdentityRecapDOM
FN:350,applyIdentityToCard
FNF:21
FNH:21
FNDA:4,renderFulfillmentSelector
FNDA:5,syncActive
FNDA:10,(anonymous_2)
FNDA:8,(anonymous_3)
FNDA:2,(anonymous_4)
FNDA:10,renderRelaisForIle
FNDA:14,(anonymous_6)
FNDA:13,(anonymous_7)
FNDA:6,(anonymous_8)
FNDA:3,(anonymous_9)
FNDA:6,(anonymous_10)
FNDA:5,setCheckoutConfirmButton
FNDA:4,makeInput
FNDA:1,(anonymous_13)
FNDA:6,makePhoneInput
FNDA:4,(anonymous_15)
FNDA:10,buildOrderSuccessDOM
FNDA:16,_idInitials
FNDA:21,(anonymous_18)
FNDA:12,buildIdentityRecapDOM
FNDA:6,applyIdentityToCard
DA:40,4
DA:41,4
DA:42,4
DA:47,5
DA:48,10
DA:52,4
DA:53,8
DA:54,2
DA:55,1
DA:56,1
DA:57,1
DA:58,1
DA:62,4
DA:63,4
DA:78,10
DA:79,10
DA:80,14
DA:82,14
DA:85,10
DA:86,13
DA:87,13
DA:88,13
DA:89,13
DA:94,13
DA:97,10
DA:98,7
DA:99,7
DA:100,7
DA:101,7
DA:102,7
DA:103,7
DA:104,7
DA:107,3
DA:108,6
DA:109,6
DA:110,6
DA:111,3
DA:112,3
DA:113,3
DA:114,3
DA:116,6
DA:119,3
DA:120,3
DA:121,2
DA:122,1
DA:123,1
DA:136,5
DA:137,4
DA:138,4
DA:139,4
DA:140,4
DA:141,4
DA:142,4
DA:143,2
DA:144,2
DA:145,2
DA:146,2
DA:163,4
DA:164,4
DA:165,4
DA:166,4
DA:167,4
DA:168,4
DA:169,4
DA:170,4
DA:171,4
DA:172,4
DA:173,4
DA:174,4
DA:175,4
DA:176,4
DA:177,4
DA:189,6
DA:190,6
DA:191,6
DA:192,5
DA:193,5
DA:194,5
DA:195,5
DA:197,6
DA:198,6
DA:199,6
DA:200,6
DA:201,6
DA:202,6
DA:203,6
DA:204,6
DA:205,6
DA:206,6
DA:207,6
DA:208,6
DA:209,6
DA:210,6
DA:211,4
DA:212,4
DA:213,4
DA:214,4
DA:215,4
DA:216,4
DA:218,6
DA:219,6
DA:220,6
DA:236,10
DA:238,10
DA:239,10
DA:241,10
DA:242,10
DA:243,10
DA:244,10
DA:246,10
DA:247,10
DA:248,10
DA:249,10
DA:251,10
DA:252,10
DA:253,10
DA:257,10
DA:259,10
DA:260,10
DA:261,10
DA:262,3
DA:263,3
DA:264,3
DA:268,3
DA:271,10
DA:272,2
DA:273,2
DA:274,2
DA:277,2
DA:280,10
DA:281,10
DA:282,10
DA:285,10
DA:287,10
DA:288,10
DA:289,10
DA:292,10
DA:293,10
DA:295,10
DA:312,21
DA:316,12
DA:317,12
DA:318,12
DA:319,12
DA:320,12
DA:323,12
DA:341,12
DA:351,6
DA:352,4
DA:353,4
DA:354,4
DA:355,4
DA:356,4
DA:357,4
DA:358,2
DA:359,1
DA:360,1
DA:366,1
DA:368,2
DA:369,2
DA:370,1
LF:161
LH:161
BRDA:54,0,0,1
BRDA:54,0,1,1
BRDA:85,1,0,6
BRDA:87,2,0,7
BRDA:87,2,1,6
BRDA:90,3,0,13
BRDA:90,3,1,1
BRDA:90,3,2,0
BRDA:91,4,0,1
BRDA:91,4,1,12
BRDA:91,5,0,13
BRDA:91,5,1,13
BRDA:91,5,2,12
BRDA:92,6,0,1
BRDA:92,6,1,1
BRDA:92,6,2,0
BRDA:97,7,0,7
BRDA:97,7,1,3
BRDA:101,8,0,6
BRDA:101,8,1,1
BRDA:103,9,0,6
BRDA:103,9,1,1
BRDA:113,10,0,3
BRDA:113,10,1,0
BRDA:114,11,0,3
BRDA:114,11,1,0
BRDA:120,12,0,2
BRDA:120,12,1,1
BRDA:120,13,0,3
BRDA:120,13,1,3
BRDA:122,14,0,1
BRDA:122,14,1,0
BRDA:136,15,0,1
BRDA:136,15,1,4
BRDA:142,16,0,2
BRDA:142,16,1,2
BRDA:174,17,0,4
BRDA:174,17,1,3
BRDA:191,18,0,5
BRDA:191,18,1,1
BRDA:208,19,0,6
BRDA:208,19,1,5
BRDA:212,20,0,1
BRDA:212,20,1,3
BRDA:213,21,0,3
BRDA:213,21,1,1
BRDA:214,22,0,3
BRDA:214,22,1,1
BRDA:255,23,0,10
BRDA:255,23,1,1
BRDA:259,24,0,10
BRDA:259,24,1,8
BRDA:259,24,2,1
BRDA:259,24,3,7
BRDA:260,25,0,3
BRDA:260,25,1,7
BRDA:261,26,0,3
BRDA:261,26,1,7
BRDA:261,27,0,10
BRDA:261,27,1,3
BRDA:265,28,0,2
BRDA:265,28,1,1
BRDA:271,29,0,2
BRDA:271,29,1,8
BRDA:271,30,0,10
BRDA:271,30,1,3
BRDA:312,31,0,16
BRDA:312,31,1,2
BRDA:312,32,0,16
BRDA:312,32,1,2
BRDA:312,33,0,21
BRDA:312,33,1,2
BRDA:319,34,0,12
BRDA:319,34,1,4
BRDA:319,34,2,3
BRDA:320,35,0,12
BRDA:320,35,1,8
BRDA:326,36,0,12
BRDA:326,36,1,3
BRDA:331,37,0,12
BRDA:331,37,1,3
BRDA:334,38,0,3
BRDA:334,38,1,9
BRDA:334,39,0,12
BRDA:334,39,1,9
BRDA:351,40,0,2
BRDA:351,40,1,4
BRDA:351,41,0,6
BRDA:351,41,1,5
BRDA:352,42,0,4
BRDA:352,42,1,1
BRDA:352,42,2,1
BRDA:353,43,0,4
BRDA:353,43,1,1
BRDA:354,44,0,4
BRDA:354,44,1,0
BRDA:354,45,0,4
BRDA:354,45,1,1
BRDA:355,46,0,4
BRDA:355,46,1,0
BRDA:355,47,0,4
BRDA:355,47,1,1
BRDA:357,48,0,2
BRDA:357,48,1,2
BRDA:357,49,0,4
BRDA:357,49,1,3
BRDA:358,50,0,1
BRDA:358,50,1,1
BRDA:369,51,0,1
BRDA:369,51,1,1
BRF:110
BRH:103
end_of_record
TN:
SF:js/b-checkout.js
FN:57,digitsOnly
FN:58,normalizeLocal
FN:59,prettifyLocal
FN:60,buildE164
FN:64,ensureStripe
FN:68,(anonymous_5)
FN:95,checkoutCart
FN:118,_onOrderEscape
FN:123,_onOrderOverlayClick
FN:133,closeOrderModal
FN:160,setRelayStatus
FN:165,_loadRelaisSection
FN:178,(anonymous_12)
FN:190,(anonymous_13)
FN:213,(anonymous_14)
FN:222,_ensureRelaisSelection
FN:234,(anonymous_16)
FN:244,_renderRelaisSummary
FN:257,(anonymous_18)
FN:258,(anonymous_19)
FN:268,_openRelaisPicker
FN:269,(anonymous_21)
FN:275,(anonymous_22)
FN:282,close
FN:282,(anonymous_24)
FN:284,paint
FN:303,(anonymous_26)
FN:316,(anonymous_27)
FN:323,(anonymous_28)
FN:328,(anonymous_29)
FN:339,(anonymous_30)
FN:342,(anonymous_31)
FN:345,classifyRelayGroup
FN:366,getRelayGroupOrder
FN:368,(anonymous_34)
FN:378,readIntlPhoneValue
FN:382,(anonymous_36)
FN:390,renderFulfillmentSelector
FN:394,getDefaultPhoneCodeForZone
FN:399,getDefaultSenderPhoneCode
FN:403,setIntlPhoneDefault
FN:415,clearRelaySelectionError
FN:419,markRelaySelectionError
FN:424,setCheckoutConfirmButton
FN:428,refreshCheckoutComputedUI
FN:464,btn_busy
FN:467,renderCheckout
FN:471,(anonymous_47)
FN:479,(anonymous_48)
FN:481,(anonymous_49)
FN:496,(anonymous_50)
FN:512,(anonymous_51)
FN:538,(anonymous_52)
FN:542,(anonymous_53)
FN:611,(anonymous_54)
FN:622,(anonymous_55)
FN:624,(anonymous_56)
FN:655,(anonymous_57)
FN:659,(anonymous_58)
FN:673,(anonymous_59)
FN:691,_getIdentityPhone
FN:720,_prefillFromIdentity
FN:757,(anonymous_62)
FN:758,(anonymous_63)
FN:780,(anonymous_64)
FN:797,(anonymous_65)
FN:805,(anonymous_66)
FN:862,(anonymous_67)
FN:874,(anonymous_68)
FN:885,(anonymous_69)
FN:894,refreshFulfillment
FN:913,(anonymous_71)
FN:931,updatePaymentUI
FN:937,(anonymous_73)
FN:949,(anonymous_74)
FN:950,(anonymous_75)
FN:951,(anonymous_76)
FN:952,(anonymous_77)
FN:956,(anonymous_78)
FN:973,(anonymous_79)
FN:978,(anonymous_80)
FN:991,(anonymous_81)
FN:1005,(anonymous_82)
FN:1007,(anonymous_83)
FN:1010,(anonymous_84)
FN:1023,makeInput
FN:1038,makeIntlPhoneInput
FN:1046,makePhoneInput
FN:1052,checkWalletBalance
FN:1086,updateWalletDisplay
FN:1103,submitOrder
FN:1182,(anonymous_91)
FN:1251,renderOrderSuccess
FN:1255,(anonymous_93)
FN:1256,(anonymous_94)
FN:1262,(anonymous_95)
FN:1264,(anonymous_96)
FN:1266,(anonymous_97)
FN:1269,(anonymous_98)
FN:1274,(anonymous_99)
FN:1276,(anonymous_100)
FN:1287,(anonymous_101)
FN:1313,_validateCheckoutForm
FN:1348,_createKomerceOrderForPayPal
FN:1361,(anonymous_104)
FN:1389,_onPayPalSuccess
FNF:106
FNH:83
FNDA:1,digitsOnly
FNDA:1,normalizeLocal
FNDA:1,prettifyLocal
FNDA:1,buildE164
FNDA:2,ensureStripe
FNDA:0,(anonymous_5)
FNDA:10,checkoutCart
FNDA:3,_onOrderEscape
FNDA:1,_onOrderOverlayClick
FNDA:7,closeOrderModal
FNDA:71,setRelayStatus
FNDA:36,_loadRelaisSection
FNDA:7,(anonymous_12)
FNDA:7,(anonymous_13)
FNDA:1,(anonymous_14)
FNDA:5,_ensureRelaisSelection
FNDA:6,(anonymous_16)
FNDA:6,_renderRelaisSummary
FNDA:1,(anonymous_18)
FNDA:1,(anonymous_19)
FNDA:1,_openRelaisPicker
FNDA:2,(anonymous_21)
FNDA:3,(anonymous_22)
FNDA:1,close
FNDA:0,(anonymous_24)
FNDA:2,paint
FNDA:4,(anonymous_26)
FNDA:0,(anonymous_27)
FNDA:1,(anonymous_28)
FNDA:1,(anonymous_29)
FNDA:2,(anonymous_30)
FNDA:1,(anonymous_31)
FNDA:7,classifyRelayGroup
FNDA:5,getRelayGroupOrder
FNDA:2,(anonymous_34)
FNDA:4,readIntlPhoneValue
FNDA:2,(anonymous_36)
FNDA:0,renderFulfillmentSelector
FNDA:5,getDefaultPhoneCodeForZone
FNDA:0,getDefaultSenderPhoneCode
FNDA:36,setIntlPhoneDefault
FNDA:1,clearRelaySelectionError
FNDA:4,markRelaySelectionError
FNDA:155,setCheckoutConfirmButton
FNDA:158,refreshCheckoutComputedUI
FNDA:117,btn_busy
FNDA:35,renderCheckout
FNDA:0,(anonymous_47)
FNDA:1,(anonymous_48)
FNDA:1,(anonymous_49)
FNDA:0,(anonymous_50)
FNDA:28,(anonymous_51)
FNDA:0,(anonymous_52)
FNDA:0,(anonymous_53)
FNDA:0,(anonymous_54)
FNDA:73,(anonymous_55)
FNDA:146,(anonymous_56)
FNDA:2,(anonymous_57)
FNDA:3,(anonymous_58)
FNDA:35,(anonymous_59)
FNDA:9,_getIdentityPhone
FNDA:9,_prefillFromIdentity
FNDA:0,(anonymous_62)
FNDA:0,(anonymous_63)
FNDA:38,(anonymous_64)
FNDA:28,(anonymous_65)
FNDA:0,(anonymous_66)
FNDA:0,(anonymous_67)
FNDA:0,(anonymous_68)
FNDA:35,(anonymous_69)
FNDA:35,refreshFulfillment
FNDA:0,(anonymous_71)
FNDA:44,updatePaymentUI
FNDA:176,(anonymous_73)
FNDA:4,(anonymous_74)
FNDA:2,(anonymous_75)
FNDA:1,(anonymous_76)
FNDA:0,(anonymous_77)
FNDA:0,(anonymous_78)
FNDA:1,(anonymous_79)
FNDA:1,(anonymous_80)
FNDA:0,(anonymous_81)
FNDA:35,(anonymous_82)
FNDA:1,(anonymous_83)
FNDA:1,(anonymous_84)
FNDA:36,makeInput
FNDA:36,makeIntlPhoneInput
FNDA:1,makePhoneInput
FNDA:35,checkWalletBalance
FNDA:5,updateWalletDisplay
FNDA:13,submitOrder
FNDA:3,(anonymous_91)
FNDA:5,renderOrderSuccess
FNDA:1,(anonymous_93)
FNDA:0,(anonymous_94)
FNDA:4,(anonymous_95)
FNDA:1,(anonymous_96)
FNDA:1,(anonymous_97)
FNDA:0,(anonymous_98)
FNDA:1,(anonymous_99)
FNDA:0,(anonymous_100)
FNDA:0,(anonymous_101)
FNDA:4,_validateCheckoutForm
FNDA:2,_createKomerceOrderForPayPal
FNDA:1,(anonymous_104)
FNDA:1,_onPayPalSuccess
DA:52,4
DA:53,4
DA:54,4
DA:57,1
DA:58,1
DA:59,1
DA:60,1
DA:65,2
DA:66,2
DA:67,2
DA:68,0
DA:69,0
DA:70,0
DA:71,0
DA:72,0
DA:75,2
DA:76,2
DA:77,2
DA:78,0
DA:80,0
DA:81,2
DA:96,10
DA:101,9
DA:102,1
DA:104,9
DA:105,9
DA:106,9
DA:107,9
DA:108,9
DA:109,9
DA:111,9
DA:112,9
DA:113,0
DA:119,3
DA:120,1
DA:124,1
DA:126,9
DA:127,9
DA:134,7
DA:135,7
DA:137,7
DA:138,7
DA:139,1
DA:141,7
DA:142,1
DA:143,1
DA:151,4
DA:161,71
DA:162,71
DA:167,36
DA:168,36
DA:169,36
DA:170,36
DA:171,36
DA:172,36
DA:173,36
DA:174,32
DA:178,28
DA:179,7
DA:180,7
DA:182,28
DA:183,23
DA:184,23
DA:185,23
DA:189,5
DA:190,5
DA:191,7
DA:192,7
DA:193,7
DA:194,7
DA:196,5
DA:197,5
DA:198,0
DA:199,0
DA:200,0
DA:203,5
DA:204,5
DA:205,5
DA:207,7
DA:210,7
DA:213,7
DA:214,1
DA:216,7
DA:217,7
DA:223,5
DA:224,1
DA:225,1
DA:226,1
DA:227,1
DA:228,1
DA:229,1
DA:233,4
DA:234,6
DA:235,4
DA:236,4
DA:237,4
DA:238,4
DA:239,4
DA:240,4
DA:245,6
DA:246,6
DA:247,6
DA:248,6
DA:257,6
DA:258,1
DA:259,1
DA:260,1
DA:261,1
DA:262,1
DA:269,2
DA:270,1
DA:271,1
DA:272,1
DA:273,1
DA:275,3
DA:277,1
DA:278,1
DA:279,1
DA:280,1
DA:282,1
DA:285,2
DA:286,2
DA:287,2
DA:303,4
DA:316,2
DA:317,0
DA:318,0
DA:319,0
DA:320,0
DA:321,0
DA:323,2
DA:324,1
DA:325,1
DA:327,2
DA:328,2
DA:329,1
DA:330,1
DA:331,1
DA:332,1
DA:333,1
DA:334,1
DA:335,1
DA:339,2
DA:340,1
DA:341,1
DA:342,1
DA:346,7
DA:359,7
DA:360,7
DA:361,4
DA:362,0
DA:363,0
DA:367,5
DA:368,5
DA:369,2
DA:370,2
DA:371,2
DA:372,2
DA:373,2
DA:374,2
DA:379,4
DA:380,4
DA:381,4
DA:382,2
DA:383,2
DA:385,2
DA:386,2
DA:391,0
DA:395,5
DA:400,0
DA:404,36
DA:405,36
DA:406,36
DA:407,0
DA:408,0
DA:409,0
DA:410,0
DA:411,0
DA:416,1
DA:420,4
DA:425,155
DA:429,158
DA:430,158
DA:431,117
DA:432,117
DA:433,117
DA:434,117
DA:435,117
DA:436,117
DA:437,117
DA:438,117
DA:439,117
DA:440,117
DA:443,117
DA:451,117
DA:452,117
DA:453,117
DA:454,111
DA:455,40
DA:456,33
DA:457,0
DA:459,117
DA:460,117
DA:461,117
DA:464,117
DA:468,35
DA:469,35
DA:470,35
DA:471,35
DA:472,35
DA:474,35
DA:475,35
DA:477,35
DA:478,35
DA:479,35
DA:480,1
DA:481,1
DA:490,35
DA:491,35
DA:492,7
DA:496,7
DA:497,7
DA:498,7
DA:499,7
DA:511,35
DA:512,28
DA:513,28
DA:516,27
DA:517,27
DA:518,27
DA:519,27
DA:520,27
DA:522,27
DA:524,27
DA:526,1
DA:529,1
DA:530,1
DA:531,0
DA:532,0
DA:537,1
DA:538,1
DA:539,1
DA:540,1
DA:541,1
DA:545,0
DA:554,35
DA:555,35
DA:556,35
DA:557,35
DA:558,35
DA:559,35
DA:564,35
DA:565,35
DA:566,35
DA:567,35
DA:568,35
DA:569,35
DA:570,35
DA:572,35
DA:573,35
DA:574,35
DA:575,35
DA:578,35
DA:582,35
DA:583,35
DA:584,35
DA:585,35
DA:586,35
DA:587,35
DA:588,35
DA:589,35
DA:590,35
DA:591,35
DA:592,35
DA:600,35
DA:601,35
DA:602,35
DA:611,35
DA:612,0
DA:613,0
DA:614,0
DA:616,35
DA:617,35
DA:620,35
DA:621,35
DA:622,35
DA:623,73
DA:624,146
DA:625,73
DA:629,73
DA:630,73
DA:631,18
DA:632,18
DA:633,18
DA:634,18
DA:636,73
DA:637,71
DA:638,71
DA:640,2
DA:641,2
DA:647,2
DA:648,2
DA:649,2
DA:650,2
DA:651,2
DA:652,2
DA:653,2
DA:655,2
DA:658,35
DA:659,35
DA:660,3
DA:661,3
DA:662,3
DA:663,3
DA:664,3
DA:666,35
DA:673,35
DA:674,35
DA:675,35
DA:692,9
DA:695,9
DA:721,9
DA:722,9
DA:723,9
DA:726,9
DA:727,9
DA:732,9
DA:735,9
DA:736,9
DA:738,9
DA:741,9
DA:742,0
DA:743,0
DA:754,9
DA:757,0
DA:758,0
DA:760,0
DA:761,0
DA:762,0
DA:764,0
DA:767,0
DA:768,0
DA:769,0
DA:772,0
DA:773,0
DA:777,9
DA:780,35
DA:781,38
DA:783,2
DA:787,36
DA:788,36
DA:789,8
DA:790,8
DA:797,28
DA:800,28
DA:801,28
DA:802,1
DA:810,35
DA:815,35
DA:816,35
DA:817,35
DA:818,35
DA:819,35
DA:820,35
DA:821,35
DA:822,35
DA:823,35
DA:824,35
DA:827,35
DA:830,35
DA:831,35
DA:832,35
DA:833,35
DA:835,35
DA:836,35
DA:837,35
DA:855,35
DA:862,35
DA:863,35
DA:864,35
DA:865,35
DA:866,35
DA:867,35
DA:871,35
DA:874,35
DA:875,35
DA:876,35
DA:877,35
DA:878,35
DA:882,35
DA:885,35
DA:886,35
DA:887,35
DA:895,35
DA:897,35
DA:900,35
DA:901,35
DA:902,35
DA:903,35
DA:904,35
DA:909,35
DA:913,35
DA:914,35
DA:915,35
DA:916,35
DA:920,35
DA:921,35
DA:923,35
DA:932,44
DA:933,44
DA:934,44
DA:935,44
DA:937,44
DA:938,176
DA:939,176
DA:943,44
DA:944,44
DA:945,44
DA:946,44
DA:947,8
DA:948,8
DA:949,4
DA:950,2
DA:951,1
DA:953,0
DA:954,0
DA:956,0
DA:962,44
DA:963,44
DA:965,44
DA:966,44
DA:967,44
DA:968,44
DA:969,1
DA:970,1
DA:973,1
DA:977,44
DA:978,1
DA:979,1
DA:980,1
DA:981,1
DA:982,1
DA:984,0
DA:985,0
DA:986,0
DA:990,0
DA:991,0
DA:992,0
DA:993,0
DA:998,44
DA:1001,35
DA:1002,35
DA:1003,35
DA:1005,35
DA:1006,35
DA:1007,35
DA:1010,35
DA:1024,36
DA:1039,36
DA:1047,1
DA:1053,35
DA:1054,35
DA:1059,34
DA:1060,34
DA:1061,34
DA:1062,34
DA:1063,34
DA:1069,34
DA:1070,34
DA:1071,34
DA:1077,0
DA:1081,1
DA:1082,1
DA:1087,5
DA:1088,5
DA:1089,4
DA:1090,4
DA:1091,3
DA:1092,3
DA:1093,3
DA:1094,3
DA:1095,3
DA:1098,1
DA:1100,4
DA:1104,13
DA:1105,13
DA:1111,13
DA:1112,2
DA:1113,2
DA:1121,2
DA:1125,11
DA:1126,2
DA:1127,2
DA:1128,2
DA:1129,2
DA:1133,9
DA:1134,3
DA:1135,3
DA:1136,3
DA:1137,2
DA:1143,7
DA:1147,7
DA:1149,5
DA:1152,5
DA:1155,5
DA:1163,5
DA:1164,1
DA:1165,1
DA:1166,1
DA:1167,1
DA:1168,1
DA:1169,1
DA:1172,4
DA:1173,4
DA:1175,4
DA:1176,3
DA:1177,3
DA:1178,3
DA:1179,3
DA:1181,3
DA:1182,3
DA:1189,3
DA:1190,3
DA:1192,3
DA:1193,1
DA:1194,1
DA:1195,1
DA:1201,1
DA:1202,1
DA:1204,0
DA:1207,2
DA:1213,1
DA:1216,2
DA:1217,1
DA:1218,1
DA:1219,0
DA:1220,0
DA:1221,0
DA:1222,0
DA:1225,0
DA:1226,0
DA:1227,0
DA:1228,0
DA:1230,0
DA:1231,0
DA:1232,0
DA:1235,1
DA:1236,1
DA:1237,1
DA:1238,1
DA:1240,2
DA:1241,2
DA:1242,2
DA:1243,2
DA:1244,2
DA:1245,2
DA:1252,5
DA:1253,5
DA:1254,5
DA:1255,5
DA:1256,5
DA:1259,5
DA:1262,5
DA:1263,4
DA:1264,1
DA:1265,1
DA:1266,1
DA:1267,1
DA:1268,1
DA:1269,1
DA:1274,4
DA:1275,4
DA:1276,0
DA:1277,0
DA:1286,0
DA:1287,0
DA:1288,0
DA:1289,0
DA:1314,4
DA:1317,4
DA:1318,4
DA:1319,1
DA:1320,1
DA:1324,3
DA:1325,1
DA:1326,1
DA:1330,2
DA:1331,2
DA:1332,2
DA:1333,2
DA:1334,2
DA:1335,1
DA:1336,1
DA:1339,1
DA:1349,2
DA:1352,2
DA:1353,1
DA:1356,1
DA:1357,1
DA:1358,1
DA:1359,1
DA:1361,1
DA:1368,1
DA:1379,1
DA:1380,1
DA:1381,1
DA:1383,1
DA:1390,1
DA:1391,1
DA:1393,1
DA:1394,1
DA:1395,1
DA:1396,1
LF:613
LH:539
BRDA:52,0,0,0
BRDA:52,0,1,4
BRDA:52,1,0,4
BRDA:52,1,1,4
BRDA:65,2,0,0
BRDA:65,2,1,2
BRDA:67,3,0,0
BRDA:67,3,1,2
BRDA:76,4,0,2
BRDA:76,4,1,1
BRDA:77,5,0,0
BRDA:77,5,1,2
BRDA:77,6,0,2
BRDA:77,6,1,0
BRDA:80,7,0,0
BRDA:80,7,1,0
BRDA:96,8,0,1
BRDA:96,8,1,9
BRDA:101,9,0,1
BRDA:101,9,1,8
BRDA:101,10,0,9
BRDA:101,10,1,9
BRDA:112,11,0,0
BRDA:112,11,1,9
BRDA:119,12,0,1
BRDA:119,12,1,2
BRDA:119,13,0,3
BRDA:119,13,1,3
BRDA:124,14,0,1
BRDA:124,14,1,0
BRDA:138,15,0,1
BRDA:138,15,1,6
BRDA:141,16,0,1
BRDA:141,16,1,6
BRDA:167,17,0,34
BRDA:167,17,1,2
BRDA:174,18,0,7
BRDA:174,18,1,25
BRDA:174,19,0,25
BRDA:174,19,1,21
BRDA:174,19,2,21
BRDA:179,20,0,7
BRDA:179,20,1,0
BRDA:179,21,0,7
BRDA:179,21,1,3
BRDA:182,22,0,23
BRDA:182,22,1,5
BRDA:193,23,0,0
BRDA:193,23,1,7
BRDA:194,24,0,7
BRDA:194,24,1,0
BRDA:197,25,0,0
BRDA:197,25,1,5
BRDA:207,26,0,0
BRDA:207,26,1,7
BRDA:207,27,0,7
BRDA:207,27,1,7
BRDA:223,28,0,1
BRDA:223,28,1,4
BRDA:225,29,0,1
BRDA:225,29,1,0
BRDA:225,30,0,1
BRDA:225,30,1,1
BRDA:227,31,0,0
BRDA:227,31,1,1
BRDA:228,32,0,1
BRDA:228,32,1,0
BRDA:228,32,2,0
BRDA:233,33,0,4
BRDA:233,33,1,0
BRDA:234,34,0,0
BRDA:234,34,1,6
BRDA:235,35,0,4
BRDA:235,35,1,0
BRDA:238,36,0,0
BRDA:238,36,1,4
BRDA:240,37,0,4
BRDA:240,37,1,0
BRDA:240,37,2,0
BRDA:246,38,0,0
BRDA:246,38,1,6
BRDA:247,39,0,0
BRDA:247,39,1,6
BRDA:252,40,0,6
BRDA:252,40,1,0
BRDA:253,41,0,6
BRDA:253,41,1,0
BRDA:271,42,0,1
BRDA:271,42,1,0
BRDA:271,43,0,1
BRDA:271,43,1,0
BRDA:272,44,0,0
BRDA:272,44,1,1
BRDA:273,45,0,0
BRDA:273,45,1,1
BRDA:273,46,0,0
BRDA:273,46,1,0
BRDA:275,47,0,0
BRDA:275,47,1,3
BRDA:293,48,0,0
BRDA:293,48,1,2
BRDA:296,49,0,0
BRDA:296,49,1,0
BRDA:297,50,0,0
BRDA:297,50,1,0
BRDA:300,51,0,0
BRDA:300,51,1,2
BRDA:301,52,0,0
BRDA:301,52,1,2
BRDA:303,53,0,2
BRDA:303,53,1,2
BRDA:305,54,0,2
BRDA:305,54,1,0
BRDA:307,55,0,2
BRDA:307,55,1,0
BRDA:307,55,2,0
BRDA:308,56,0,2
BRDA:308,56,1,0
BRDA:308,57,0,2
BRDA:308,57,1,0
BRDA:308,57,2,0
BRDA:308,58,0,2
BRDA:308,58,1,0
BRDA:308,58,2,0
BRDA:310,59,0,0
BRDA:310,59,1,2
BRDA:312,60,0,2
BRDA:312,60,1,0
BRDA:313,61,0,0
BRDA:313,61,1,2
BRDA:313,62,0,2
BRDA:313,62,1,0
BRDA:317,63,0,0
BRDA:317,63,1,0
BRDA:319,64,0,0
BRDA:319,64,1,0
BRDA:320,65,0,0
BRDA:320,65,1,0
BRDA:320,66,0,0
BRDA:320,66,1,0
BRDA:324,67,0,0
BRDA:324,67,1,1
BRDA:329,68,0,0
BRDA:329,68,1,1
BRDA:331,69,0,0
BRDA:331,69,1,1
BRDA:333,70,0,1
BRDA:333,70,1,0
BRDA:333,70,2,0
BRDA:335,71,0,1
BRDA:335,71,1,1
BRDA:339,72,0,0
BRDA:339,72,1,2
BRDA:359,73,0,0
BRDA:359,73,1,7
BRDA:359,74,0,7
BRDA:359,74,1,7
BRDA:360,75,0,3
BRDA:360,75,1,4
BRDA:361,76,0,4
BRDA:361,76,1,0
BRDA:361,77,0,4
BRDA:361,77,1,2
BRDA:361,77,2,2
BRDA:362,78,0,0
BRDA:362,78,1,0
BRDA:362,79,0,0
BRDA:362,79,1,0
BRDA:363,80,0,0
BRDA:363,80,1,0
BRDA:363,80,2,0
BRDA:363,80,3,0
BRDA:371,81,0,0
BRDA:371,81,1,2
BRDA:371,82,0,2
BRDA:371,82,1,0
BRDA:372,83,0,0
BRDA:372,83,1,2
BRDA:373,84,0,0
BRDA:373,84,1,2
BRDA:381,85,0,2
BRDA:381,85,1,2
BRDA:381,86,0,4
BRDA:381,86,1,4
BRDA:381,87,0,2
BRDA:381,87,1,2
BRDA:385,88,0,0
BRDA:385,88,1,2
BRDA:385,89,0,2
BRDA:385,89,1,2
BRDA:385,89,2,2
BRDA:395,90,0,1
BRDA:395,90,1,4
BRDA:406,91,0,36
BRDA:406,91,1,0
BRDA:408,92,0,0
BRDA:408,92,1,0
BRDA:409,93,0,0
BRDA:409,93,1,0
BRDA:409,94,0,0
BRDA:409,94,1,0
BRDA:430,95,0,41
BRDA:430,95,1,117
BRDA:431,96,0,117
BRDA:431,96,1,0
BRDA:432,97,0,117
BRDA:432,97,1,0
BRDA:432,97,2,0
BRDA:433,98,0,117
BRDA:433,98,1,111
BRDA:434,99,0,117
BRDA:434,99,1,111
BRDA:435,100,0,6
BRDA:435,100,1,111
BRDA:435,101,0,6
BRDA:435,101,1,0
BRDA:438,102,0,1
BRDA:438,102,1,116
BRDA:438,103,0,117
BRDA:438,103,1,117
BRDA:438,103,2,1
BRDA:440,104,0,1
BRDA:440,104,1,116
BRDA:442,105,0,1
BRDA:442,105,1,115
BRDA:443,106,0,1
BRDA:443,106,1,116
BRDA:444,107,0,0
BRDA:444,107,1,1
BRDA:445,108,0,6
BRDA:445,108,1,110
BRDA:451,109,0,117
BRDA:451,109,1,0
BRDA:452,110,0,117
BRDA:452,110,1,6
BRDA:453,111,0,111
BRDA:453,111,1,6
BRDA:453,112,0,117
BRDA:453,112,1,111
BRDA:454,113,0,71
BRDA:454,113,1,40
BRDA:454,114,0,111
BRDA:454,114,1,40
BRDA:455,115,0,7
BRDA:455,115,1,33
BRDA:456,116,0,33
BRDA:456,116,1,0
BRDA:459,117,0,117
BRDA:459,117,1,6
BRDA:475,118,0,35
BRDA:475,118,1,0
BRDA:478,119,0,35
BRDA:478,119,1,0
BRDA:481,120,0,1
BRDA:481,120,1,0
BRDA:491,121,0,7
BRDA:491,121,1,28
BRDA:511,122,0,28
BRDA:511,122,1,7
BRDA:513,123,0,27
BRDA:513,123,1,1
BRDA:516,124,0,27
BRDA:516,124,1,0
BRDA:516,125,0,27
BRDA:516,125,1,27
BRDA:530,126,0,0
BRDA:530,126,1,1
BRDA:545,127,0,0
BRDA:545,127,1,0
BRDA:545,128,0,0
BRDA:545,128,1,0
BRDA:614,129,0,0
BRDA:614,129,1,0
BRDA:630,130,0,18
BRDA:630,130,1,55
BRDA:633,131,0,18
BRDA:633,131,1,0
BRDA:634,132,0,18
BRDA:634,132,1,0
BRDA:636,133,0,71
BRDA:636,133,1,2
BRDA:650,134,0,0
BRDA:650,134,1,2
BRDA:651,135,0,0
BRDA:651,135,1,2
BRDA:652,136,0,0
BRDA:652,136,1,2
BRDA:652,137,0,0
BRDA:652,137,1,0
BRDA:660,138,0,0
BRDA:660,138,1,3
BRDA:662,139,0,0
BRDA:662,139,1,3
BRDA:675,140,0,0
BRDA:675,140,1,35
BRDA:692,141,0,0
BRDA:692,141,1,9
BRDA:696,142,0,9
BRDA:696,142,1,0
BRDA:696,142,2,0
BRDA:696,142,3,0
BRDA:696,142,4,0
BRDA:696,142,5,0
BRDA:696,142,6,0
BRDA:696,142,7,0
BRDA:726,143,0,9
BRDA:726,143,1,9
BRDA:726,143,2,0
BRDA:726,143,3,0
BRDA:735,144,0,9
BRDA:735,144,1,9
BRDA:736,145,0,9
BRDA:736,145,1,9
BRDA:736,145,2,9
BRDA:736,145,3,9
BRDA:738,146,0,0
BRDA:738,146,1,9
BRDA:741,147,0,0
BRDA:741,147,1,9
BRDA:754,148,0,0
BRDA:754,148,1,9
BRDA:754,149,0,9
BRDA:754,149,1,0
BRDA:760,150,0,0
BRDA:760,150,1,0
BRDA:781,151,0,2
BRDA:781,151,1,36
BRDA:788,152,0,8
BRDA:788,152,1,28
BRDA:800,153,0,0
BRDA:800,153,1,28
BRDA:801,154,0,1
BRDA:801,154,1,27
BRDA:810,155,0,35
BRDA:810,155,1,0
BRDA:863,156,0,0
BRDA:863,156,1,35
BRDA:887,157,0,1
BRDA:887,157,1,34
BRDA:887,158,0,35
BRDA:887,158,1,35
BRDA:933,159,0,44
BRDA:933,159,1,44
BRDA:934,160,0,44
BRDA:934,160,1,44
BRDA:935,161,0,44
BRDA:935,161,1,0
BRDA:939,162,0,132
BRDA:939,162,1,44
BRDA:939,163,0,176
BRDA:939,163,1,176
BRDA:944,164,0,44
BRDA:944,164,1,0
BRDA:946,165,0,8
BRDA:946,165,1,36
BRDA:946,166,0,44
BRDA:946,166,1,8
BRDA:954,167,0,0
BRDA:954,167,1,0
BRDA:954,168,0,0
BRDA:954,168,1,0
BRDA:963,169,0,44
BRDA:963,169,1,0
BRDA:963,170,0,8
BRDA:963,170,1,36
BRDA:966,171,0,44
BRDA:966,171,1,0
BRDA:968,172,0,1
BRDA:968,172,1,43
BRDA:970,173,0,1
BRDA:970,173,1,0
BRDA:977,174,0,1
BRDA:977,174,1,43
BRDA:977,175,0,44
BRDA:977,175,1,1
BRDA:979,176,0,1
BRDA:979,176,1,0
BRDA:981,177,0,1
BRDA:981,177,1,0
BRDA:984,178,0,0
BRDA:984,178,1,0
BRDA:993,179,0,0
BRDA:993,179,1,0
BRDA:993,180,0,0
BRDA:993,180,1,0
BRDA:1007,181,0,35
BRDA:1007,181,1,0
BRDA:1061,182,0,34
BRDA:1061,182,1,0
BRDA:1063,183,0,34
BRDA:1063,183,1,32
BRDA:1069,184,0,34
BRDA:1069,184,1,0
BRDA:1070,185,0,34
BRDA:1070,185,1,0
BRDA:1071,186,0,2
BRDA:1071,186,1,32
BRDA:1077,187,0,0
BRDA:1077,187,1,0
BRDA:1082,188,0,1
BRDA:1082,188,1,0
BRDA:1088,189,0,1
BRDA:1088,189,1,4
BRDA:1090,190,0,3
BRDA:1090,190,1,1
BRDA:1090,191,0,4
BRDA:1090,191,1,3
BRDA:1090,191,2,3
BRDA:1096,192,0,2
BRDA:1096,192,1,1
BRDA:1111,193,0,2
BRDA:1111,193,1,11
BRDA:1111,194,0,13
BRDA:1111,194,1,0
BRDA:1114,195,0,1
BRDA:1114,195,1,1
BRDA:1116,196,0,0
BRDA:1116,196,1,1
BRDA:1125,197,0,2
BRDA:1125,197,1,9
BRDA:1133,198,0,3
BRDA:1133,198,1,6
BRDA:1134,199,0,3
BRDA:1134,199,1,1
BRDA:1136,200,0,1
BRDA:1136,200,1,2
BRDA:1137,201,0,1
BRDA:1137,201,1,1
BRDA:1147,202,0,2
BRDA:1147,202,1,5
BRDA:1149,203,0,5
BRDA:1149,203,1,0
BRDA:1152,204,0,4
BRDA:1152,204,1,1
BRDA:1153,205,0,4
BRDA:1153,205,1,0
BRDA:1153,205,2,0
BRDA:1154,206,0,1
BRDA:1154,206,1,0
BRDA:1155,207,0,4
BRDA:1155,207,1,1
BRDA:1156,208,0,4
BRDA:1156,208,1,0
BRDA:1163,209,0,1
BRDA:1163,209,1,4
BRDA:1163,210,0,5
BRDA:1163,210,1,1
BRDA:1163,210,2,1
BRDA:1163,210,3,1
BRDA:1175,211,0,1
BRDA:1175,211,1,3
BRDA:1178,212,0,1
BRDA:1178,212,1,2
BRDA:1186,213,0,3
BRDA:1186,213,1,3
BRDA:1192,214,0,1
BRDA:1192,214,1,2
BRDA:1193,215,0,1
BRDA:1193,215,1,0
BRDA:1194,216,0,1
BRDA:1194,216,1,0
BRDA:1196,217,0,1
BRDA:1196,217,1,0
BRDA:1198,218,0,1
BRDA:1198,218,1,1
BRDA:1199,219,0,1
BRDA:1199,219,1,0
BRDA:1199,220,0,1
BRDA:1199,220,1,1
BRDA:1201,221,0,1
BRDA:1201,221,1,0
BRDA:1208,222,0,2
BRDA:1208,222,1,0
BRDA:1210,223,0,2
BRDA:1210,223,1,2
BRDA:1211,224,0,2
BRDA:1211,224,1,0
BRDA:1211,225,0,2
BRDA:1211,225,1,2
BRDA:1213,226,0,1
BRDA:1213,226,1,0
BRDA:1216,227,0,1
BRDA:1216,227,1,1
BRDA:1217,228,0,1
BRDA:1217,228,1,0
BRDA:1218,229,0,1
BRDA:1218,229,1,0
BRDA:1218,230,0,1
BRDA:1218,230,1,0
BRDA:1223,231,0,0
BRDA:1223,231,1,0
BRDA:1225,232,0,0
BRDA:1225,232,1,0
BRDA:1227,233,0,0
BRDA:1227,233,1,0
BRDA:1236,234,0,1
BRDA:1236,234,1,0
BRDA:1241,235,0,2
BRDA:1241,235,1,0
BRDA:1263,236,0,1
BRDA:1263,236,1,3
BRDA:1265,237,0,1
BRDA:1265,237,1,0
BRDA:1266,238,0,1
BRDA:1266,238,1,0
BRDA:1274,239,0,1
BRDA:1274,239,1,3
BRDA:1275,240,0,0
BRDA:1275,240,1,4
BRDA:1289,241,0,0
BRDA:1289,241,1,0
BRDA:1314,242,0,4
BRDA:1314,242,1,0
BRDA:1318,243,0,1
BRDA:1318,243,1,3
BRDA:1324,244,0,1
BRDA:1324,244,1,2
BRDA:1334,245,0,1
BRDA:1334,245,1,1
BRDA:1334,246,0,2
BRDA:1334,246,1,1
BRDA:1349,247,0,2
BRDA:1349,247,1,0
BRDA:1352,248,0,1
BRDA:1352,248,1,1
BRDA:1359,249,0,1
BRDA:1359,249,1,0
BRDA:1365,250,0,1
BRDA:1365,250,1,1
BRDA:1374,251,0,1
BRDA:1374,251,1,0
BRDA:1376,252,0,1
BRDA:1376,252,1,1
BRDA:1379,253,0,1
BRDA:1379,253,1,0
BRDA:1390,254,0,1
BRDA:1390,254,1,1
BRDA:1393,255,0,1
BRDA:1393,255,1,0
BRDA:1396,256,0,1
BRDA:1396,256,1,0
BRF:541
BRH:342
end_of_record
TN:
SF:js/b-desktop-global-cart-access.js
FN:26,isDesktopViewport
FN:30,applyMobileCartAccessVisibility
FN:42,isVisible
FN:51,isCartTrigger
FN:55,openDrawerFallback
FN:73,onCartClick
FN:80,(anonymous_6)
FN:87,setupDesktopGlobalCartAccess
FNF:8
FNH:8
FNDA:22,isDesktopViewport
FNDA:18,applyMobileCartAccessVisibility
FNDA:16,isVisible
FNDA:30,isCartTrigger
FNDA:11,openDrawerFallback
FNDA:30,onCartClick
FNDA:16,(anonymous_6)
FNDA:10,setupDesktopGlobalCartAccess
DA:24,9
DA:27,22
DA:31,18
DA:32,18
DA:37,17
DA:38,17
DA:39,17
DA:43,16
DA:44,16
DA:45,16
DA:46,16
DA:47,16
DA:48,5
DA:52,30
DA:61,11
DA:62,11
DA:64,4
DA:65,4
DA:66,4
DA:68,4
DA:69,4
DA:70,4
DA:74,30
DA:75,22
DA:80,16
DA:81,16
DA:82,16
DA:83,11
DA:88,10
DA:89,9
DA:91,9
DA:92,9
DA:93,9
DA:95,9
LF:34
LH:34
BRDA:27,0,0,22
BRDA:27,0,1,22
BRDA:32,1,0,1
BRDA:32,1,1,17
BRDA:43,2,0,0
BRDA:43,2,1,16
BRDA:45,3,0,0
BRDA:45,3,1,16
BRDA:45,4,0,16
BRDA:45,4,1,16
BRDA:45,4,2,16
BRDA:47,5,0,11
BRDA:47,5,1,5
BRDA:47,6,0,16
BRDA:47,6,1,5
BRDA:48,7,0,5
BRDA:48,7,1,5
BRDA:48,7,2,5
BRDA:48,7,3,5
BRDA:62,8,0,7
BRDA:62,8,1,4
BRDA:62,9,0,11
BRDA:62,9,1,11
BRDA:66,10,0,0
BRDA:66,10,1,4
BRDA:66,11,0,4
BRDA:66,11,1,4
BRDA:74,12,0,8
BRDA:74,12,1,22
BRDA:75,13,0,6
BRDA:75,13,1,16
BRDA:82,14,0,5
BRDA:82,14,1,11
BRDA:88,15,0,1
BRDA:88,15,1,9
BRF:35
BRH:32
end_of_record
TN:
SF:js/b-desktop-sidebar.js
FN:43,_buildCatList
FN:45,(anonymous_1)
FN:56,_buildSidebar
FN:63,(anonymous_3)
FN:77,(anonymous_4)
FN:78,(anonymous_5)
FN:89,(anonymous_6)
FN:97,_syncSidebarActive
FN:99,(anonymous_8)
FN:110,setupDesktopSidebar
FN:119,(anonymous_10)
FN:122,(anonymous_11)
FN:126,(anonymous_12)
FN:136,syncDesktopSidebar
FNF:14
FNH:14
FNDA:8,_buildCatList
FNDA:16,(anonymous_1)
FNDA:8,_buildSidebar
FNDA:24,(anonymous_3)
FNDA:24,(anonymous_4)
FNDA:3,(anonymous_5)
FNDA:3,(anonymous_6)
FNDA:17,_syncSidebarActive
FNDA:51,(anonymous_8)
FNDA:11,setupDesktopSidebar
FNDA:8,(anonymous_10)
FNDA:6,(anonymous_11)
FNDA:7,(anonymous_12)
FNDA:2,syncDesktopSidebar
DA:33,11
DA:36,11
DA:44,8
DA:45,16
DA:50,8
DA:57,8
DA:59,8
DA:63,24
DA:77,8
DA:78,24
DA:79,3
DA:80,3
DA:82,3
DA:84,3
DA:85,3
DA:86,3
DA:88,24
DA:89,24
DA:98,17
DA:99,17
DA:100,51
DA:111,11
DA:113,9
DA:114,9
DA:116,8
DA:119,8
DA:120,8
DA:121,8
DA:122,6
DA:126,8
DA:127,7
DA:128,7
DA:137,2
LF:33
LH:33
BRDA:47,0,0,16
BRDA:47,0,1,0
BRDA:48,1,0,16
BRDA:48,1,1,16
BRDA:48,1,2,0
BRDA:64,2,0,8
BRDA:64,2,1,16
BRDA:89,3,0,2
BRDA:89,3,1,1
BRDA:89,4,0,3
BRDA:89,4,1,2
BRDA:98,5,0,0
BRDA:98,5,1,17
BRDA:111,6,0,2
BRDA:111,6,1,9
BRDA:114,7,0,1
BRDA:114,7,1,8
BRDA:121,8,0,2
BRDA:121,8,1,6
BRDA:121,9,0,8
BRDA:121,9,1,6
BRDA:127,10,0,7
BRDA:127,10,1,0
BRDA:127,11,0,7
BRDA:127,11,1,7
BRDA:137,12,0,1
BRDA:137,12,1,1
BRF:27
BRH:23
end_of_record
TN:
SF:js/b-desktop-upgrade.js
FN:41,setupScrollToTop
FN:51,(anonymous_1)
FN:57,(anonymous_2)
FN:60,(anonymous_3)
FN:87,setupSideCartFooterGuard
FN:96,(anonymous_5)
FN:115,setupDesktopUpgrade
FNF:7
FNH:6
FNDA:7,setupScrollToTop
FNDA:1,(anonymous_1)
FNDA:9,(anonymous_2)
FNDA:9,(anonymous_3)
FNDA:7,setupSideCartFooterGuard
FNDA:0,(anonymous_5)
FNDA:8,setupDesktopUpgrade
DA:35,1
DA:42,7
DA:43,7
DA:45,6
DA:46,6
DA:47,6
DA:48,6
DA:49,6
DA:51,6
DA:52,1
DA:56,6
DA:57,6
DA:58,9
DA:59,9
DA:60,9
DA:61,9
DA:62,9
DA:89,7
DA:92,0
DA:93,0
DA:94,0
DA:96,0
DA:97,0
DA:98,0
DA:99,0
DA:100,0
DA:101,0
DA:108,0
DA:116,8
DA:118,7
DA:119,7
DA:120,7
DA:121,7
LF:33
LH:23
BRDA:42,0,0,0
BRDA:42,0,1,7
BRDA:43,1,0,1
BRDA:43,1,1,6
BRDA:58,2,0,0
BRDA:58,2,1,9
BRDA:94,3,0,0
BRDA:94,3,1,0
BRDA:94,4,0,0
BRDA:94,4,1,0
BRDA:94,4,2,0
BRDA:99,5,0,0
BRDA:99,5,1,0
BRDA:100,6,0,0
BRDA:100,6,1,0
BRDA:101,7,0,0
BRDA:101,7,1,0
BRDA:116,8,0,1
BRDA:116,8,1,7
BRF:19
BRH:6
end_of_record
TN:
SF:js/b-favs.js
FN:36,renderFavView
FN:45,(anonymous_1)
FN:46,(anonymous_2)
FN:61,(anonymous_3)
FN:62,(anonymous_4)
FN:110,(anonymous_5)
FN:112,(anonymous_6)
FN:117,(anonymous_7)
FN:118,(anonymous_8)
FN:121,(anonymous_9)
FN:124,(anonymous_10)
FN:126,(anonymous_11)
FN:144,updateFavPromoBadge
FN:164,shareWishlistWhatsApp
FN:165,(anonymous_14)
FN:172,(anonymous_15)
FN:180,(anonymous_16)
FNF:17
FNH:16
FNDA:6,renderFavView
FNDA:12,(anonymous_1)
FNDA:6,(anonymous_2)
FNDA:6,(anonymous_3)
FNDA:0,(anonymous_4)
FNDA:6,(anonymous_5)
FNDA:1,(anonymous_6)
FNDA:6,(anonymous_7)
FNDA:1,(anonymous_8)
FNDA:1,(anonymous_9)
FNDA:6,(anonymous_10)
FNDA:1,(anonymous_11)
FNDA:9,updateFavPromoBadge
FNDA:3,shareWishlistWhatsApp
FNDA:6,(anonymous_14)
FNDA:3,(anonymous_15)
FNDA:3,(anonymous_16)
DA:31,1
DA:37,6
DA:38,6
DA:39,5
DA:40,5
DA:41,5
DA:42,5
DA:45,12
DA:46,6
DA:47,6
DA:49,6
DA:50,1
DA:58,1
DA:61,5
DA:62,6
DA:63,6
DA:64,6
DA:85,5
DA:95,5
DA:100,5
DA:106,5
DA:108,5
DA:109,5
DA:110,5
DA:111,6
DA:112,6
DA:113,1
DA:114,1
DA:117,5
DA:118,6
DA:119,1
DA:120,1
DA:121,1
DA:124,5
DA:125,6
DA:126,6
DA:127,1
DA:128,1
DA:129,1
DA:134,5
DA:135,5
DA:136,5
DA:145,9
DA:146,9
DA:147,8
DA:148,8
DA:149,5
DA:150,4
DA:151,4
DA:152,4
DA:154,5
DA:155,5
DA:156,3
DA:157,1
DA:165,6
DA:166,3
DA:168,2
DA:171,2
DA:172,3
DA:173,2
DA:174,1
DA:176,1
DA:179,2
DA:180,2
DA:181,3
DA:182,3
DA:183,3
DA:185,2
DA:186,0
DA:187,0
DA:189,2
DA:191,2
LF:72
LH:70
BRDA:38,0,0,5
BRDA:38,0,1,1
BRDA:46,1,0,6
BRDA:46,1,1,2
BRDA:49,2,0,1
BRDA:49,2,1,5
BRDA:63,3,0,0
BRDA:63,3,1,6
BRDA:67,4,0,4
BRDA:67,4,1,2
BRDA:69,5,0,0
BRDA:69,5,1,6
BRDA:70,6,0,0
BRDA:70,6,1,6
BRDA:79,7,0,4
BRDA:79,7,1,2
BRDA:85,8,0,4
BRDA:85,8,1,1
BRDA:89,9,0,0
BRDA:89,9,1,4
BRDA:100,10,0,1
BRDA:100,10,1,4
BRDA:109,11,0,5
BRDA:109,11,1,0
BRDA:113,12,0,0
BRDA:113,12,1,1
BRDA:113,13,0,1
BRDA:113,13,1,1
BRDA:113,13,2,1
BRDA:128,14,0,0
BRDA:128,14,1,1
BRDA:135,15,0,5
BRDA:135,15,1,0
BRDA:146,16,0,1
BRDA:146,16,1,8
BRDA:148,17,0,5
BRDA:148,17,1,3
BRDA:149,18,0,4
BRDA:149,18,1,1
BRDA:155,19,0,1
BRDA:155,19,1,4
BRDA:156,20,0,1
BRDA:156,20,1,2
BRDA:166,21,0,1
BRDA:166,21,1,2
BRDA:174,22,0,1
BRDA:174,22,1,1
BRDA:174,22,2,0
BRDA:181,23,0,3
BRDA:181,23,1,0
BRDA:181,24,0,3
BRDA:181,24,1,0
BRDA:182,25,0,2
BRDA:182,25,1,1
BRDA:185,26,0,0
BRDA:185,26,1,2
BRDA:187,27,0,0
BRDA:187,27,1,0
BRF:58
BRH:44
end_of_record
TN:
SF:js/b-friendly-group-redirect.js
FN:22,setupFriendlyGroupRedirect
FNF:1
FNH:1
FNDA:2,setupFriendlyGroupRedirect
DA:23,2
DA:24,2
DA:26,1
DA:27,1
DA:28,0
DA:29,0
DA:32,1
LF:7
LH:5
BRDA:24,0,0,1
BRDA:24,0,1,1
BRDA:27,1,0,0
BRDA:27,1,1,1
BRDA:27,2,0,1
BRDA:27,2,1,1
BRF:6
BRH:5
end_of_record
TN:
SF:js/b-greeting.js
FN:36,ensureStyles
FN:38,firstName
FN:42,buildLabel
FN:50,showGreetingChip
FN:63,(anonymous_4)
FN:64,(anonymous_5)
FN:68,(anonymous_6)
FN:71,(anonymous_7)
FN:79,greetIfKnown
FNF:9
FNH:9
FNDA:7,ensureStyles
FNDA:7,firstName
FNDA:7,buildLabel
FNDA:7,showGreetingChip
FNDA:7,(anonymous_4)
FNDA:7,(anonymous_5)
FNDA:2,(anonymous_6)
FNDA:1,(anonymous_7)
FNDA:13,greetIfKnown
DA:29,12
DA:30,12
DA:31,12
DA:32,12
DA:39,7
DA:43,7
DA:44,7
DA:45,7
DA:51,7
DA:54,7
DA:56,7
DA:57,7
DA:58,7
DA:59,7
DA:60,7
DA:63,7
DA:64,7
DA:68,7
DA:69,2
DA:70,2
DA:71,2
DA:80,13
DA:82,11
DA:83,11
DA:88,10
DA:90,9
DA:91,9
DA:93,7
DA:94,7
LF:29
LH:29
BRDA:39,0,0,7
BRDA:39,0,1,1
BRDA:39,1,0,7
BRDA:39,1,1,1
BRDA:44,2,0,1
BRDA:44,2,1,6
BRDA:45,3,0,6
BRDA:45,3,1,1
BRDA:80,4,0,2
BRDA:80,4,1,11
BRDA:88,5,0,1
BRDA:88,5,1,9
BRDA:91,6,0,2
BRDA:91,6,1,7
BRDA:91,7,0,9
BRDA:91,7,1,8
BRF:16
BRH:16
end_of_record
TN:
SF:js/b-group-banner.js
FN:31,roundAmount
FN:39,showBanner
FN:46,hideBanner
FN:55,refreshBanner
FN:62,(anonymous_4)
FN:63,(anonymous_5)
FN:81,(anonymous_6)
FNF:7
FNH:7
FNDA:9,roundAmount
FNDA:8,showBanner
FNDA:18,hideBanner
FNDA:11,refreshBanner
FNDA:7,(anonymous_4)
FNDA:7,(anonymous_5)
FNDA:2,(anonymous_6)
DA:29,3
DA:32,9
DA:40,8
DA:47,18
DA:48,18
DA:56,11
DA:57,2
DA:58,2
DA:61,9
DA:62,7
DA:64,7
DA:65,4
DA:66,4
DA:67,4
DA:68,4
DA:70,4
DA:73,3
DA:74,3
DA:75,3
DA:76,3
DA:77,3
DA:79,3
LF:22
LH:22
BRDA:32,0,0,9
BRDA:32,0,1,3
BRDA:48,1,0,5
BRDA:48,1,1,13
BRDA:56,2,0,2
BRDA:56,2,1,9
BRDA:62,3,0,5
BRDA:62,3,1,2
BRDA:64,4,0,4
BRDA:64,4,1,3
BRF:10
BRH:10
end_of_record
TN:
SF:js/b-group-cart-flow.js
FN:24,setupGroupCartFlow
FNF:1
FNH:1
FNDA:3,setupGroupCartFlow
LF:0
LH:0
BRF:0
BRH:0
end_of_record
TN:
SF:js/b-group-view.js
FN:87,detectParticipantToken
FN:96,getOrCreateEl
FN:111,startPolling
FN:113,(anonymous_3)
FN:129,stopPolling
FN:146,participantCommitmentKey
FN:148,readJsonStorage
FN:157,writeJsonStorage
FN:161,rememberParticipantToken
FN:171,recallParticipantToken
FN:189,clearParticipantToken
FN:193,rememberParticipantCommitment
FN:201,readParticipantCommitment
FN:206,consumeSharedPaymentReturn
FN:228,ensureCreatorCartState
FN:239,injectStyles
FN:252,identityLabel
FN:261,renderEstimationForm
FN:315,bindEstimationForm
FN:316,(anonymous_19)
FN:322,(anonymous_20)
FN:353,(anonymous_21)
FN:368,renderPaymentCountdown
FN:385,startCountdownTick
FN:389,(anonymous_24)
FN:410,(anonymous_25)
FN:416,renderPaymentForm
FN:447,bindPaymentForm
FN:453,(anonymous_28)
FN:463,(anonymous_29)
FN:530,doFinalize
FN:548,(anonymous_31)
FN:574,bindPersonalizeBlock
FN:581,(anonymous_33)
FN:588,(anonymous_34)
FN:593,(anonymous_35)
FN:602,(anonymous_36)
FN:611,bindCreatorActions
FN:614,(anonymous_38)
FN:619,(anonymous_39)
FN:626,(anonymous_40)
FN:627,(anonymous_41)
FN:628,(anonymous_42)
FN:630,(anonymous_43)
FN:637,(anonymous_44)
FN:657,(anonymous_45)
FN:662,(anonymous_46)
FN:668,(anonymous_47)
FN:679,(anonymous_48)
FN:679,(anonymous_49)
FN:693,(anonymous_50)
FN:713,(anonymous_51)
FN:741,(anonymous_52)
FN:743,(anonymous_53)
FN:762,renderParticipantItemsAccordion
FN:765,(anonymous_55)
FN:822,ensureSnapshotStyles
FN:826,openProductSnapshotSheet
FN:853,(anonymous_58)
FN:854,(anonymous_59)
FN:855,(anonymous_60)
FN:859,(anonymous_61)
FN:862,bindParticipantItemsAccordion
FN:867,(anonymous_63)
FN:876,(anonymous_64)
FN:880,(anonymous_65)
FN:881,(anonymous_66)
FN:882,(anonymous_67)
FN:890,renderLoading
FN:893,renderEmpty
FN:901,renderError
FN:918,renderGroupView
FN:937,(anonymous_72)
FN:942,_renderGroupViewImpl
FN:1106,(anonymous_74)
FN:1143,(anonymous_75)
FN:1143,(anonymous_76)
FN:1180,(anonymous_77)
FN:1180,(anonymous_78)
FN:1203,(anonymous_79)
FN:1214,(anonymous_80)
FN:1215,(anonymous_81)
FN:1226,(anonymous_82)
FN:1234,(anonymous_83)
FN:1240,refreshGroupBadge
FNF:85
FNH:37
FNDA:3,detectParticipantToken
FNDA:38,getOrCreateEl
FNDA:7,startPolling
FNDA:1,(anonymous_3)
FNDA:85,stopPolling
FNDA:10,participantCommitmentKey
FNDA:10,readJsonStorage
FNDA:0,writeJsonStorage
FNDA:19,rememberParticipantToken
FNDA:13,recallParticipantToken
FNDA:4,clearParticipantToken
FNDA:0,rememberParticipantCommitment
FNDA:10,readParticipantCommitment
FNDA:33,consumeSharedPaymentReturn
FNDA:3,ensureCreatorCartState
FNDA:33,injectStyles
FNDA:1,identityLabel
FNDA:5,renderEstimationForm
FNDA:5,bindEstimationForm
FNDA:0,(anonymous_19)
FNDA:0,(anonymous_20)
FNDA:0,(anonymous_21)
FNDA:0,renderPaymentCountdown
FNDA:0,startCountdownTick
FNDA:0,(anonymous_24)
FNDA:0,(anonymous_25)
FNDA:5,renderPaymentForm
FNDA:5,bindPaymentForm
FNDA:0,(anonymous_28)
FNDA:4,(anonymous_29)
FNDA:0,doFinalize
FNDA:0,(anonymous_31)
FNDA:7,bindPersonalizeBlock
FNDA:0,(anonymous_33)
FNDA:0,(anonymous_34)
FNDA:0,(anonymous_35)
FNDA:0,(anonymous_36)
FNDA:7,bindCreatorActions
FNDA:0,(anonymous_38)
FNDA:0,(anonymous_39)
FNDA:0,(anonymous_40)
FNDA:0,(anonymous_41)
FNDA:0,(anonymous_42)
FNDA:0,(anonymous_43)
FNDA:2,(anonymous_44)
FNDA:0,(anonymous_45)
FNDA:0,(anonymous_46)
FNDA:2,(anonymous_47)
FNDA:1,(anonymous_48)
FNDA:0,(anonymous_49)
FNDA:0,(anonymous_50)
FNDA:0,(anonymous_51)
FNDA:0,(anonymous_52)
FNDA:0,(anonymous_53)
FNDA:13,renderParticipantItemsAccordion
FNDA:0,(anonymous_55)
FNDA:0,ensureSnapshotStyles
FNDA:0,openProductSnapshotSheet
FNDA:0,(anonymous_58)
FNDA:0,(anonymous_59)
FNDA:0,(anonymous_60)
FNDA:0,(anonymous_61)
FNDA:13,bindParticipantItemsAccordion
FNDA:0,(anonymous_63)
FNDA:0,(anonymous_64)
FNDA:0,(anonymous_65)
FNDA:0,(anonymous_66)
FNDA:0,(anonymous_67)
FNDA:33,renderLoading
FNDA:4,renderEmpty
FNDA:9,renderError
FNDA:33,renderGroupView
FNDA:1,(anonymous_72)
FNDA:33,_renderGroupViewImpl
FNDA:0,(anonymous_74)
FNDA:2,(anonymous_75)
FNDA:0,(anonymous_76)
FNDA:1,(anonymous_77)
FNDA:0,(anonymous_78)
FNDA:1,(anonymous_79)
FNDA:0,(anonymous_80)
FNDA:0,(anonymous_81)
FNDA:0,(anonymous_82)
FNDA:0,(anonymous_83)
FNDA:3,refreshGroupBadge
DA:88,3
DA:89,3
DA:90,3
DA:91,2
DA:92,2
DA:97,38
DA:98,38
DA:99,30
DA:100,30
DA:101,30
DA:102,30
DA:104,30
DA:106,38
DA:110,3
DA:112,7
DA:113,7
DA:114,1
DA:115,1
DA:117,0
DA:118,0
DA:119,0
DA:124,0
DA:125,0
DA:130,85
DA:143,3
DA:144,3
DA:146,10
DA:149,10
DA:150,10
DA:151,10
DA:153,0
DA:158,0
DA:162,19
DA:163,19
DA:164,19
DA:172,13
DA:173,13
DA:174,13
DA:177,1
DA:178,1
DA:179,1
DA:180,0
DA:181,0
DA:183,1
DA:185,0
DA:186,0
DA:190,4
DA:194,0
DA:195,0
DA:202,10
DA:203,10
DA:207,33
DA:208,33
DA:209,33
DA:210,2
DA:211,2
DA:212,2
DA:214,2
DA:229,3
DA:230,3
DA:231,3
DA:232,3
DA:233,3
DA:235,0
DA:253,1
DA:254,1
DA:255,1
DA:262,5
DA:263,5
DA:273,5
DA:274,5
DA:281,5
DA:282,5
DA:284,5
DA:316,5
DA:317,0
DA:318,0
DA:319,0
DA:322,5
DA:323,0
DA:324,0
DA:326,0
DA:327,0
DA:328,0
DA:329,0
DA:330,0
DA:331,0
DA:333,0
DA:334,0
DA:335,0
DA:337,0
DA:338,0
DA:340,0
DA:341,0
DA:347,0
DA:348,0
DA:350,0
DA:351,0
DA:352,0
DA:353,0
DA:355,0
DA:356,0
DA:357,0
DA:369,0
DA:370,0
DA:371,0
DA:372,0
DA:373,0
DA:374,0
DA:375,0
DA:376,0
DA:377,0
DA:378,0
DA:386,0
DA:387,0
DA:388,0
DA:389,0
DA:390,0
DA:391,0
DA:392,0
DA:393,0
DA:394,0
DA:395,0
DA:396,0
DA:397,0
DA:399,0
DA:400,0
DA:401,0
DA:402,0
DA:405,0
DA:407,0
DA:408,0
DA:410,0
DA:411,0
DA:413,0
DA:417,5
DA:418,5
DA:419,5
DA:420,5
DA:425,5
DA:429,5
DA:449,5
DA:450,5
DA:451,5
DA:453,5
DA:454,0
DA:455,0
DA:456,0
DA:457,0
DA:458,0
DA:460,0
DA:463,5
DA:464,4
DA:465,4
DA:467,4
DA:468,4
DA:469,3
DA:470,1
DA:471,1
DA:474,2
DA:475,2
DA:477,2
DA:478,2
DA:484,2
DA:485,1
DA:486,1
DA:487,1
DA:490,1
DA:491,1
DA:492,1
DA:493,0
DA:494,0
DA:495,0
DA:496,0
DA:499,1
DA:501,1
DA:508,1
DA:509,0
DA:511,1
DA:512,1
DA:515,0
DA:516,0
DA:517,0
DA:531,0
DA:532,0
DA:533,0
DA:535,0
DA:536,0
DA:540,0
DA:541,0
DA:542,0
DA:543,0
DA:544,0
DA:546,0
DA:547,0
DA:548,0
DA:550,0
DA:559,0
DA:561,0
DA:562,0
DA:564,0
DA:566,0
DA:575,7
DA:576,7
DA:577,7
DA:578,7
DA:579,7
DA:581,0
DA:582,0
DA:583,0
DA:585,0
DA:586,0
DA:588,0
DA:593,0
DA:594,0
DA:595,0
DA:596,0
DA:599,0
DA:602,0
DA:603,0
DA:604,0
DA:605,0
DA:606,0
DA:612,7
DA:614,7
DA:615,0
DA:616,0
DA:619,7
DA:620,0
DA:621,0
DA:622,0
DA:623,0
DA:626,7
DA:627,0
DA:628,0
DA:629,0
DA:630,0
DA:631,0
DA:637,7
DA:638,2
DA:639,2
DA:641,2
DA:643,1
DA:644,1
DA:646,1
DA:647,1
DA:648,1
DA:649,1
DA:651,0
DA:652,0
DA:657,7
DA:658,0
DA:662,7
DA:663,0
DA:664,0
DA:668,7
DA:669,2
DA:670,2
DA:673,2
DA:675,2
DA:676,2
DA:679,1
DA:680,1
DA:683,1
DA:685,1
DA:693,7
DA:694,0
DA:695,0
DA:697,0
DA:701,0
DA:703,0
DA:704,0
DA:705,0
DA:706,0
DA:713,0
DA:729,0
DA:732,0
DA:741,0
DA:742,0
DA:743,0
DA:744,0
DA:746,0
DA:749,0
DA:751,0
DA:752,0
DA:763,13
DA:765,13
DA:766,0
DA:767,0
DA:768,0
DA:769,0
DA:770,0
DA:773,0
DA:774,0
DA:789,13
DA:797,13
DA:800,13
DA:801,13
DA:827,0
DA:828,0
DA:829,0
DA:830,0
DA:831,0
DA:833,0
DA:834,0
DA:835,0
DA:836,0
DA:837,0
DA:838,0
DA:841,0
DA:853,0
DA:854,0
DA:855,0
DA:856,0
DA:857,0
DA:858,0
DA:859,0
DA:863,13
DA:864,13
DA:865,13
DA:866,13
DA:867,13
DA:868,0
DA:869,0
DA:870,0
DA:871,0
DA:876,13
DA:877,0
DA:878,0
DA:880,13
DA:881,0
DA:882,0
DA:883,0
DA:891,33
DA:894,4
DA:904,9
DA:905,9
DA:912,9
DA:925,33
DA:926,33
DA:928,5
DA:929,5
DA:930,5
DA:931,5
DA:932,5
DA:937,1
DA:943,33
DA:944,33
DA:945,33
DA:946,33
DA:948,33
DA:949,33
DA:950,33
DA:952,33
DA:953,33
DA:958,33
DA:959,19
DA:960,19
DA:962,17
DA:963,15
DA:964,1
DA:965,1
DA:966,1
DA:968,14
DA:969,1
DA:970,1
DA:971,1
DA:973,13
DA:974,13
DA:975,13
DA:977,13
DA:978,13
DA:979,13
DA:980,13
DA:981,13
DA:982,13
DA:985,13
DA:987,13
DA:988,0
DA:993,13
DA:997,13
DA:998,13
DA:1001,13
DA:1004,13
DA:1006,13
DA:1007,13
DA:1008,13
DA:1011,13
DA:1012,13
DA:1013,13
DA:1014,8
DA:1016,13
DA:1027,13
DA:1033,13
DA:1034,13
DA:1035,13
DA:1052,13
DA:1053,13
DA:1055,13
DA:1058,5
DA:1063,5
DA:1064,8
DA:1065,5
DA:1067,3
DA:1068,3
DA:1070,1
DA:1071,1
DA:1072,1
DA:1073,2
DA:1074,1
DA:1075,1
DA:1076,1
DA:1077,1
DA:1078,1
DA:1080,3
DA:1087,13
DA:1102,13
DA:1103,13
DA:1105,13
DA:1106,5
DA:1107,0
DA:1108,0
DA:1109,0
DA:1110,0
DA:1113,8
DA:1114,5
DA:1116,13
DA:1122,14
DA:1123,14
DA:1124,14
DA:1125,14
DA:1126,14
DA:1127,10
DA:1128,10
DA:1130,4
DA:1131,4
DA:1135,14
DA:1137,14
DA:1138,8
DA:1139,6
DA:1143,2
DA:1144,2
DA:1145,2
DA:1154,4
DA:1155,4
DA:1156,4
DA:1162,4
DA:1163,4
DA:1164,1
DA:1165,1
DA:1170,8
DA:1171,8
DA:1173,0
DA:1178,8
DA:1179,8
DA:1180,1
DA:1181,1
DA:1182,1
DA:1185,7
DA:1186,7
DA:1187,7
DA:1188,7
DA:1190,7
DA:1191,7
DA:1192,7
DA:1193,7
DA:1195,0
DA:1197,7
[...]
BRDA:184,17,1,5
BRDA:191,18,0,2
BRDA:191,18,1,4
BRDA:195,19,0,6
BRDA:195,19,1,2
BRDA:215,20,0,4
BRDA:215,20,1,2
BRDA:215,20,2,2
BRDA:215,20,3,1
BRDA:216,21,0,4
BRDA:216,21,1,3
BRDA:216,21,2,3
BRDA:217,22,0,4
BRDA:217,22,1,0
BRDA:217,23,0,6
BRDA:217,23,1,0
BRDA:224,24,0,1
BRDA:224,24,1,3
BRDA:238,25,0,0
BRDA:249,26,0,3
BRDA:249,26,1,1
BRDA:256,27,0,3
BRDA:256,27,1,12
BRDA:263,28,0,1
BRDA:263,28,1,3
BRDA:272,29,0,1
BRDA:272,29,1,3
BRDA:299,30,0,2
BRDA:299,30,1,3
BRDA:302,31,0,0
BRDA:302,31,1,2
BRDA:303,32,0,0
BRDA:303,32,1,0
BRDA:309,33,0,2
BRDA:309,33,1,3
BRDA:312,34,0,1
BRDA:312,34,1,1
BRDA:314,35,0,2
BRDA:314,35,1,0
BRDA:316,36,0,2
BRDA:316,36,1,0
BRDA:316,37,0,3
BRDA:316,37,1,0
BRDA:317,38,0,2
BRDA:317,38,1,0
BRDA:318,39,0,2
BRDA:318,39,1,0
BRDA:319,40,0,2
BRDA:319,40,1,0
BRDA:322,41,0,1
BRDA:322,41,1,1
BRDA:330,42,0,2
BRDA:330,42,1,0
BRDA:356,43,0,2
BRDA:356,43,1,3
BRDA:356,44,0,5
BRDA:356,44,1,5
BRDA:388,45,0,0
BRDA:388,46,0,0
BRDA:388,47,0,0
BRDA:388,48,0,9
BRDA:394,49,0,9
BRDA:394,49,1,0
BRDA:397,50,0,0
BRDA:397,50,1,9
BRDA:400,51,0,0
BRDA:400,51,1,9
BRDA:402,52,0,0
BRDA:402,52,1,9
BRDA:407,53,0,3
BRDA:407,53,1,6
BRDA:409,54,0,0
BRDA:409,54,1,3
BRDA:410,55,0,2
BRDA:410,55,1,4
BRDA:412,56,0,0
BRDA:412,56,1,2
BRDA:413,57,0,0
BRDA:413,57,1,4
BRDA:415,58,0,0
BRDA:415,58,1,0
BRDA:416,59,0,2
BRDA:416,59,1,2
BRDA:424,60,0,3
BRDA:424,60,1,6
BRDA:425,61,0,1
BRDA:425,61,1,2
BRDA:427,62,0,1
BRDA:427,62,1,0
BRDA:429,63,0,1
BRDA:429,63,1,0
BRDA:433,64,0,1
BRDA:433,64,1,0
BRDA:445,65,0,2
BRDA:445,65,1,7
BRDA:445,66,0,9
BRDA:445,66,1,7
BRDA:446,67,0,2
BRDA:446,67,1,0
BRDA:448,68,0,0
BRDA:448,68,1,2
BRDA:449,69,0,1
BRDA:449,69,1,1
BRDA:458,70,0,0
BRDA:458,70,1,2
BRDA:477,71,0,3
BRDA:477,71,1,6
BRDA:482,72,0,2
BRDA:482,72,1,4
BRDA:483,73,0,1
BRDA:483,73,1,1
BRDA:497,74,0,0
BRDA:497,74,1,4
BRDA:512,75,0,2
BRDA:512,75,1,2
BRDA:514,76,0,1
BRDA:514,76,1,1
BRDA:516,77,0,1
BRDA:516,77,1,1
BRDA:520,78,0,3
BRDA:520,78,1,6
BRDA:522,79,0,0
BRDA:522,79,1,3
BRDA:528,80,0,3
BRDA:528,80,1,6
BRDA:536,81,0,5
BRDA:536,81,1,4
BRDA:536,82,0,9
BRDA:536,82,1,6
BRDA:551,83,0,2
BRDA:551,83,1,7
BRDA:551,84,0,9
BRDA:551,84,1,7
BRDA:552,85,0,0
BRDA:552,85,1,2
BRDA:565,86,0,7
BRDA:571,87,0,2
BRDA:571,87,1,8
BRDA:572,88,0,1
BRDA:572,88,1,1
BRDA:580,89,0,2
BRDA:580,89,1,6
BRDA:585,90,0,1
BRDA:585,90,1,1
BRDA:592,91,0,5
BRDA:592,91,1,1
BRDA:594,92,0,5
BRDA:594,92,1,2
BRDA:595,93,0,2
BRDA:595,93,1,3
BRDA:601,94,0,0
BRDA:601,94,1,5
BRDA:602,95,0,5
BRDA:602,95,1,0
BRDA:603,96,0,0
BRDA:603,96,1,5
BRDA:604,97,0,0
BRDA:604,97,1,0
BRDA:610,98,0,2
BRDA:610,98,1,3
BRDA:615,99,0,1
BRDA:615,99,1,1
BRDA:630,100,0,1
BRDA:630,100,1,2
BRDA:689,101,0,1
BRDA:690,102,0,2
BRDA:690,102,1,1
BRDA:692,103,0,2
BRDA:692,103,1,1
BRDA:692,103,2,0
BRDA:693,104,0,2
BRDA:693,104,1,0
BRDA:694,105,0,2
BRDA:694,105,1,1
BRDA:694,105,2,0
BRDA:716,106,0,3
BRDA:717,107,0,2
BRDA:717,107,1,6
BRDA:720,108,0,5
BRDA:720,108,1,1
BRDA:721,109,0,2
BRDA:721,109,1,3
BRF:224
BRH:173
end_of_record
TN:
SF:js/group/group-state.js
FN:37,isVisibleOwnerCart
FN:47,sortOwnerCarts
FN:48,(anonymous_2)
FN:60,pickOwnerCart
FN:64,(anonymous_4)
FN:75,applyOwnerCartToState
FN:111,refreshGroupBadge
FNF:7
FNH:7
FNDA:37,isVisibleOwnerCart
FNDA:32,sortOwnerCarts
FNDA:17,(anonymous_2)
FNDA:22,pickOwnerCart
FNDA:8,(anonymous_4)
FNDA:16,applyOwnerCartToState
FNDA:3,refreshGroupBadge
DA:38,37
DA:39,35
DA:48,32
DA:61,22
DA:62,22
DA:63,13
DA:64,8
DA:65,5
DA:67,10
DA:76,16
DA:78,15
DA:79,15
DA:80,15
DA:81,15
DA:82,15
DA:83,15
DA:84,15
DA:85,15
DA:86,15
DA:89,15
DA:90,15
DA:112,3
DA:113,3
DA:114,3
DA:115,3
LF:25
LH:25
BRDA:38,0,0,2
BRDA:38,0,1,35
BRDA:47,1,0,1
BRDA:48,2,0,17
BRDA:48,2,1,3
BRDA:48,3,0,17
BRDA:48,3,1,3
BRDA:60,4,0,1
BRDA:60,5,0,4
BRDA:62,6,0,9
BRDA:62,6,1,13
BRDA:63,7,0,5
BRDA:63,7,1,8
BRDA:65,8,0,3
BRDA:65,8,1,2
BRDA:76,9,0,1
BRDA:76,9,1,15
BRDA:78,10,0,15
BRDA:78,10,1,2
BRDA:79,11,0,15
BRDA:79,11,1,4
BRDA:80,12,0,15
BRDA:80,12,1,14
BRDA:81,13,0,15
BRDA:81,13,1,13
BRDA:82,14,0,15
BRDA:82,14,1,5
BRDA:86,15,0,15
BRDA:86,15,1,14
BRDA:87,16,0,12
BRDA:87,16,1,2
BRF:31
BRH:31
end_of_record
TN:
SF:js/render/render-categories.js
FN:40,fallbackBadge
FN:47,renderChipPhoto
FN:58,renderCategoryRailMarkup
FN:59,(anonymous_3)
FNF:4
FNH:4
FNDA:72,fallbackBadge
FNDA:72,renderChipPhoto
FNDA:9,renderCategoryRailMarkup
FNDA:72,(anonymous_3)
DA:41,72
DA:42,72
DA:43,9
DA:44,0
DA:49,72
DA:50,72
DA:55,0
DA:59,72
LF:8
LH:6
BRDA:41,0,0,72
BRDA:41,0,1,0
BRDA:42,1,0,63
BRDA:42,1,1,9
BRDA:42,2,0,63
BRDA:42,2,1,0
BRDA:43,3,0,9
BRDA:43,3,1,0
BRDA:43,4,0,9
BRDA:43,4,1,0
BRDA:43,4,2,0
BRDA:44,5,0,0
BRDA:44,5,1,0
BRDA:44,5,2,0
BRDA:49,6,0,72
BRDA:49,6,1,0
BRDA:60,7,0,1
BRDA:60,7,1,71
BRDA:62,8,0,72
BRDA:62,8,1,0
BRF:20
BRH:10
end_of_record
TN:
SF:js/render/render-home-sections.js
FN:38,_partitionWithSoldes
FN:54,renderHomeSections
FN:128,(anonymous_2)
FN:144,(anonymous_3)
FN:146,(anonymous_4)
FN:151,(anonymous_5)
FNF:6
FNH:5
FNDA:0,_partitionWithSoldes
FNDA:10,renderHomeSections
FNDA:35,(anonymous_2)
FNDA:14,(anonymous_3)
FNDA:55,(anonymous_4)
FNDA:2,(anonymous_5)
DA:39,0
DA:42,0
DA:43,0
DA:46,0
DA:47,0
DA:48,0
DA:49,0
DA:51,0
DA:62,10
DA:63,10
DA:65,10
DA:67,5
DA:70,5
DA:71,5
DA:72,5
DA:79,5
DA:80,12
DA:81,5
DA:84,5
DA:87,35
DA:89,5
DA:92,30
DA:95,35
DA:96,35
DA:97,35
DA:98,35
DA:99,35
DA:106,35
DA:107,22
DA:109,13
DA:110,17
DA:111,13
DA:113,35
DA:116,5
DA:120,5
DA:121,5
DA:122,5
DA:123,14
DA:124,14
DA:128,35
DA:130,5
DA:131,7
DA:134,5
DA:135,7
DA:136,7
DA:142,7
DA:143,7
DA:144,14
DA:146,55
DA:149,7
DA:150,7
DA:151,2
DA:152,1
DA:155,7
DA:156,7
DA:157,7
DA:158,7
DA:159,7
DA:169,7
DA:170,1
DA:171,1
DA:173,1
DA:175,1
DA:176,2
DA:177,2
DA:183,1
DA:184,1
DA:187,7
DA:188,7
DA:189,7
DA:190,7
DA:192,7
DA:193,12
DA:194,7
DA:195,1
DA:197,1
DA:200,7
DA:203,7
DA:204,1
DA:213,7
DA:216,5
LF:81
LH:73
BRDA:43,0,0,0
BRDA:43,0,1,0
BRDA:47,1,0,0
BRDA:47,1,1,0
BRDA:48,2,0,0
BRDA:48,2,1,0
BRDA:65,3,0,5
BRDA:65,3,1,5
BRDA:87,4,0,5
BRDA:87,4,1,30
BRDA:95,5,0,35
BRDA:95,5,1,13
BRDA:97,6,0,22
BRDA:97,6,1,13
BRDA:103,7,0,22
BRDA:103,7,1,13
BRDA:106,8,0,22
BRDA:106,8,1,13
BRDA:123,9,0,14
BRDA:123,9,1,0
BRDA:124,10,0,14
BRDA:124,10,1,7
BRDA:128,11,0,35
BRDA:128,11,1,30
BRDA:131,12,0,0
BRDA:131,12,1,7
BRDA:136,13,0,0
BRDA:136,13,1,7
BRDA:136,14,0,7
BRDA:136,14,1,7
BRDA:142,15,0,7
BRDA:142,15,1,0
BRDA:149,16,0,7
BRDA:149,16,1,7
BRDA:150,17,0,1
BRDA:150,17,1,6
BRDA:152,18,0,1
BRDA:152,18,1,0
BRDA:156,19,0,7
BRDA:156,19,1,4
BRDA:169,20,0,1
BRDA:169,20,1,6
BRDA:173,21,0,1
BRDA:173,21,1,0
BRDA:177,22,0,1
BRDA:177,22,1,1
BRDA:179,23,0,2
BRDA:179,23,1,0
BRDA:180,24,0,2
BRDA:180,24,1,0
BRDA:194,25,0,1
BRDA:194,25,1,6
BRDA:203,26,0,1
BRDA:203,26,1,6
BRF:54
BRH:40
end_of_record
TN:
SF:js/render/render-product-card.js
FN:33,getCartQty
FN:34,(anonymous_1)
FN:38,renderAddControl
FN:52,renderGridCard
FN:85,renderSuggestionCard
FN:108,renderProductCard
FNF:6
FNH:6
FNDA:27,getCartQty
FNDA:4,(anonymous_1)
FNDA:27,renderAddControl
FNDA:18,renderGridCard
FNDA:9,renderSuggestionCard
FNDA:27,renderProductCard
DA:34,27
DA:35,27
DA:39,27
DA:40,9
DA:41,1
DA:43,8
DA:46,18
DA:47,3
DA:49,15
DA:53,18
DA:59,18
DA:86,9
DA:92,9
DA:109,27
DA:110,27
DA:111,27
DA:112,18
LF:17
LH:17
BRDA:35,0,0,4
BRDA:35,0,1,23
BRDA:39,1,0,9
BRDA:39,1,1,18
BRDA:40,2,0,1
BRDA:40,2,1,8
BRDA:46,3,0,3
BRDA:46,3,1,15
BRDA:56,4,0,18
BRDA:56,4,1,17
BRDA:63,5,0,1
BRDA:63,5,1,17
BRDA:64,6,0,1
BRDA:64,6,1,17
BRDA:65,7,0,1
BRDA:65,7,1,17
BRDA:70,8,0,1
BRDA:70,8,1,17
BRDA:74,9,0,1
BRDA:74,9,1,17
BRDA:75,10,0,1
BRDA:75,10,1,17
BRDA:77,11,0,3
BRDA:77,11,1,15
BRDA:89,12,0,9
BRDA:89,12,1,9
BRDA:93,13,0,9
BRDA:93,13,1,1
BRDA:96,14,0,1
BRDA:96,14,1,8
BRDA:108,15,0,17
BRDA:109,16,0,27
BRDA:109,16,1,17
BRDA:111,17,0,9
BRDA:111,17,1,18
BRF:35
BRH:35
end_of_record
TN:
SF:js/view-models/modal-selection-model.js
FN:27,selectionError
FN:33,axisKeys
FN:34,(anonymous_2)
FN:37,unitMatches
FN:38,(anonymous_4)
FN:41,optionStateFor
FN:42,(anonymous_6)
FN:47,(anonymous_7)
FN:51,buildOptionStates
FN:56,(anonymous_9)
FN:69,resolveSelectedSku
FN:71,(anonymous_11)
FN:73,(anonymous_12)
FN:74,(anonymous_13)
FN:80,mediaMatchesSelection
FN:83,(anonymous_15)
FN:86,deriveSelectedMedia
FN:89,(anonymous_17)
FN:92,(anonymous_18)
FN:95,(anonymous_19)
FN:99,deriveSkuState
FN:112,deriveLegacyState
FN:114,(anonymous_22)
FN:126,unavailableMessage
FN:127,(anonymous_24)
FN:130,(anonymous_25)
FN:139,createModalSelection
FN:144,selectModalOption
FN:147,(anonymous_28)
FN:152,(anonymous_29)
FN:165,(anonymous_30)
FNF:31
FNH:31
FNDA:2,selectionError
FNDA:78,axisKeys
FNDA:152,(anonymous_2)
FNDA:596,unitMatches
FNDA:138,(anonymous_4)
FNDA:362,optionStateFor
FNDA:1482,(anonymous_6)
FNDA:370,(anonymous_7)
FNDA:78,buildOptionStates
FNDA:362,(anonymous_9)
FNDA:78,resolveSelectedSku
FNDA:109,(anonymous_11)
FNDA:25,(anonymous_12)
FNDA:40,(anonymous_13)
FNDA:281,mediaMatchesSelection
FNDA:203,(anonymous_15)
FNDA:78,deriveSelectedMedia
FNDA:46,(anonymous_17)
FNDA:281,(anonymous_18)
FNDA:179,(anonymous_19)
FNDA:78,deriveSkuState
FNDA:7,deriveLegacyState
FNDA:16,(anonymous_22)
FNDA:6,unavailableMessage
FNDA:11,(anonymous_24)
FNDA:5,(anonymous_25)
FNDA:52,createModalSelection
FNDA:42,selectModalOption
FNDA:58,(anonymous_28)
FNDA:66,(anonymous_29)
FNDA:66,(anonymous_30)
DA:21,4
DA:28,2
DA:29,2
DA:30,2
DA:34,152
DA:38,596
DA:42,362
DA:43,1482
DA:46,362
DA:47,370
DA:48,20
DA:52,78
DA:53,78
DA:55,78
DA:56,362
DA:61,152
DA:62,44
DA:66,78
DA:70,78
DA:71,109
DA:73,13
DA:74,40
DA:77,13
DA:81,281
DA:82,281
DA:83,203
DA:87,78
DA:88,10
DA:89,46
DA:92,281
DA:93,68
DA:95,179
DA:96,47
DA:100,78
DA:101,78
DA:113,7
DA:114,16
DA:115,7
DA:127,11
DA:128,6
DA:130,5
DA:132,6
DA:133,6
DA:136,6
DA:140,52
DA:141,45
DA:145,42
DA:147,58
DA:148,41
DA:149,1
DA:152,66
DA:153,40
DA:154,1
DA:157,39
DA:158,6
DA:164,33
DA:165,33
DA:166,66
DA:167,11
DA:169,66
DA:172,33
LF:61
LH:61
BRDA:34,0,0,78
BRDA:34,0,1,0
BRDA:43,1,0,1482
BRDA:43,1,1,596
BRDA:46,2,0,32
BRDA:46,2,1,330
BRDA:47,3,0,310
BRDA:47,3,1,20
BRDA:61,4,0,44
BRDA:61,4,1,108
BRDA:71,5,0,65
BRDA:71,5,1,13
BRDA:77,6,0,12
BRDA:77,6,1,1
BRDA:77,7,0,13
BRDA:77,7,1,13
BRDA:81,8,0,281
BRDA:81,8,1,0
BRDA:82,9,0,281
BRDA:82,9,1,197
BRDA:87,10,0,10
BRDA:87,10,1,68
BRDA:87,11,0,78
BRDA:87,11,1,12
BRDA:93,12,0,21
BRDA:93,12,1,47
BRDA:95,13,0,179
BRDA:95,13,1,0
BRDA:96,14,0,47
BRDA:96,14,1,0
BRDA:99,15,0,78
BRDA:105,16,0,12
BRDA:105,16,1,66
BRDA:113,17,0,7
BRDA:113,17,1,6
BRDA:113,17,2,2
BRDA:114,18,0,16
BRDA:114,18,1,0
BRDA:116,19,0,7
BRDA:116,19,1,6
BRDA:116,19,2,1
BRDA:120,20,0,5
BRDA:120,20,1,2
BRDA:132,21,0,5
BRDA:132,21,1,1
BRDA:133,22,0,3
BRDA:133,22,1,3
BRDA:140,23,0,7
BRDA:140,23,1,45
BRDA:140,24,0,52
BRDA:140,24,1,51
BRDA:145,25,0,1
BRDA:145,25,1,41
BRDA:148,26,0,1
BRDA:148,26,1,40
BRDA:153,27,0,1
BRDA:153,27,1,39
BRDA:157,28,0,6
BRDA:157,28,1,33
BRDA:166,29,0,11
BRDA:166,29,1,55
BRDA:166,30,0,66
BRDA:166,30,1,11
BRDA:169,31,0,33
BRDA:169,31,1,33
BRF:65
BRH:60
end_of_record
TN:
SF:js/view-models/product-card-model.js
FN:57,resolveSource
FN:73,evalCondition
FN:90,formatKmf
FN:103,formatBadgeLabel
FN:116,resolveImage
FN:146,resolveBadges
FN:149,(anonymous_6)
FN:170,resolveSubtitle
FN:194,resolveProductCardModel
FNF:9
FNH:9
FNDA:645,resolveSource
FNDA:204,evalCondition
FNDA:55,formatKmf
FNDA:5,formatBadgeLabel
FNDA:56,resolveImage
FNDA:56,resolveBadges
FNDA:150,(anonymous_6)
FNDA:56,resolveSubtitle
FNDA:56,resolveProductCardModel
DA:43,1
DA:44,1
DA:58,645
DA:60,643
DA:61,643
DA:62,165
DA:63,0
DA:74,204
DA:75,2
DA:76,49
DA:77,47
DA:78,102
DA:79,3
DA:80,1
DA:91,55
DA:92,55
DA:93,3
DA:104,5
DA:105,5
DA:117,56
DA:120,55
DA:121,55
DA:124,53
DA:125,53
DA:127,103
DA:128,53
DA:129,53
DA:130,50
DA:131,50
DA:135,1
DA:147,56
DA:149,55
DA:150,150
DA:152,149
DA:153,149
DA:155,149
DA:157,10
DA:161,10
DA:163,9
DA:164,9
DA:171,56
DA:173,55
DA:174,55
DA:176,53
DA:177,53
DA:178,53
DA:181,52
DA:196,56
DA:199,56
DA:202,56
DA:203,56
DA:206,56
DA:209,56
DA:210,56
DA:215,56
DA:218,56
DA:219,56
DA:222,56
DA:225,56
DA:226,56
DA:229,56
DA:231,56
LF:62
LH:61
BRDA:58,0,0,2
BRDA:58,0,1,643
BRDA:58,1,0,645
BRDA:58,1,1,645
BRDA:61,2,0,478
BRDA:61,2,1,165
BRDA:62,3,0,165
BRDA:62,3,1,0
BRDA:74,4,0,2
BRDA:74,4,1,49
BRDA:74,4,2,47
BRDA:74,4,3,102
BRDA:74,4,4,3
BRDA:74,4,5,1
BRDA:76,5,0,49
BRDA:76,5,1,49
BRDA:76,5,2,3
BRDA:77,6,0,47
BRDA:77,6,1,2
BRDA:78,7,0,102
BRDA:78,7,1,15
BRDA:92,8,0,52
BRDA:92,8,1,3
BRDA:92,9,0,55
BRDA:92,9,1,5
BRDA:104,10,0,0
BRDA:104,10,1,5
BRDA:104,11,0,0
BRDA:104,11,1,0
BRDA:117,12,0,1
BRDA:117,12,1,55
BRDA:121,13,0,2
BRDA:121,13,1,53
BRDA:121,14,0,55
BRDA:121,14,1,3
BRDA:121,14,2,3
BRDA:124,15,0,53
BRDA:124,15,1,0
BRDA:127,16,0,53
BRDA:127,16,1,50
BRDA:129,17,0,2
BRDA:129,17,1,51
BRDA:129,18,0,53
BRDA:129,18,1,2
BRDA:129,18,2,2
BRDA:130,19,0,50
BRDA:130,19,1,0
BRDA:130,20,0,50
BRDA:130,20,1,50
BRDA:147,21,0,1
BRDA:147,21,1,55
BRDA:150,22,0,1
BRDA:150,22,1,149
BRDA:150,23,0,150
BRDA:150,23,1,149
BRDA:152,24,0,149
BRDA:152,24,1,0
BRDA:155,25,0,139
BRDA:155,25,1,10
BRDA:157,26,0,5
BRDA:157,26,1,5
BRDA:159,27,0,4
BRDA:159,27,1,1
BRDA:159,28,0,5
BRDA:159,28,1,5
BRDA:161,29,0,1
BRDA:161,29,1,9
BRDA:163,30,0,9
BRDA:163,30,1,2
BRDA:171,31,0,1
BRDA:171,31,1,55
BRDA:174,32,0,2
BRDA:174,32,1,53
BRDA:174,33,0,55
BRDA:174,33,1,2
BRDA:176,34,0,53
BRDA:176,34,1,0
BRDA:178,35,0,1
BRDA:178,35,1,52
BRDA:178,36,0,53
BRDA:178,36,1,1
BRDA:194,37,0,0
BRDA:194,38,0,25
BRDA:194,39,0,32
BRDA:196,40,0,53
BRDA:196,40,1,3
BRDA:196,41,0,56
BRDA:196,41,1,55
BRDA:203,42,0,12
BRDA:203,42,1,44
BRDA:203,43,0,56
BRDA:203,43,1,13
BRDA:210,44,0,55
BRDA:210,44,1,1
BRDA:212,45,0,1
BRDA:212,45,1,0
BRDA:219,46,0,55
BRDA:219,46,1,1
BRDA:222,47,0,4
BRDA:222,47,1,52
BRDA:222,48,0,56
BRDA:222,48,1,4
BRDA:225,49,0,56
BRDA:225,49,1,55
BRDA:226,50,0,56
BRDA:226,50,1,55
BRDA:229,51,0,56
BRDA:229,51,1,54
BRDA:229,51,2,7
BRF:109
BRH:99
end_of_record
TN:
SF:js/view-models/product-card-view-model.js
FN:40,normalizeString
FN:46,normalizeNumber
FN:51,normalizePromoPct
FN:57,inferFulfillmentType
FN:64,inferAvailabilityStatus
FN:71,inferDataQualityScore
FN:84,buildCssClasses
FN:105,buildBadges
FN:118,buildProductCardViewModel
FNF:9
FNH:9
FNDA:607,normalizeString
FNDA:156,normalizeNumber
FNDA:77,normalizePromoPct
FNDA:77,inferFulfillmentType
FNDA:77,inferAvailabilityStatus
FNDA:77,inferDataQualityScore
FNDA:77,buildCssClasses
FNDA:77,buildBadges
FNDA:77,buildProductCardViewModel
DA:35,2
DA:37,2
DA:38,2
DA:41,607
DA:42,48
DA:43,48
DA:47,156
DA:48,156
DA:52,77
DA:53,77
DA:54,8
DA:58,77
DA:65,77
DA:72,77
DA:73,77
DA:75,75
DA:76,75
DA:77,75
DA:78,75
DA:79,75
DA:80,75
DA:81,75
DA:85,77
DA:87,77
DA:88,77
DA:89,77
DA:90,77
DA:92,77
DA:93,77
DA:94,77
DA:95,77
DA:96,77
DA:98,77
DA:99,77
DA:100,77
DA:102,77
DA:106,77
DA:108,77
DA:109,77
DA:110,77
DA:111,77
DA:112,77
DA:113,77
DA:115,77
DA:119,77
DA:120,77
DA:121,77
DA:122,77
DA:123,77
DA:124,77
DA:130,77
DA:135,77
DA:139,77
DA:144,77
DA:145,77
DA:147,77
DA:148,77
DA:149,77
DA:150,77
DA:152,77
DA:161,77
DA:163,77
LF:62
LH:62
BRDA:40,0,0,0
BRDA:41,1,0,559
BRDA:41,1,1,48
BRDA:41,2,0,607
BRDA:41,2,1,607
BRDA:43,3,0,48
BRDA:43,3,1,0
BRDA:46,4,0,0
BRDA:48,5,0,31
BRDA:48,5,1,125
BRDA:53,6,0,69
BRDA:53,6,1,8
BRDA:53,7,0,77
BRDA:53,7,1,10
BRDA:59,8,0,77
BRDA:59,8,1,67
BRDA:59,8,2,66
BRDA:59,8,3,65
BRDA:66,9,0,77
BRDA:66,9,1,76
BRDA:66,9,2,75
BRDA:72,10,0,77
BRDA:72,10,1,76
BRDA:73,11,0,2
BRDA:73,11,1,75
BRDA:73,12,0,77
BRDA:73,12,1,2
BRDA:76,13,0,13
BRDA:76,13,1,62
BRDA:77,14,0,16
BRDA:77,14,1,59
BRDA:77,15,0,75
BRDA:77,15,1,60
BRDA:78,16,0,9
BRDA:78,16,1,66
BRDA:78,17,0,75
BRDA:78,17,1,69
BRDA:78,17,2,69
BRDA:79,18,0,3
BRDA:79,18,1,72
BRDA:79,19,0,75
BRDA:79,19,1,74
BRDA:79,19,2,73
BRDA:80,20,0,2
BRDA:80,20,1,73
BRDA:87,21,0,8
BRDA:87,21,1,69
BRDA:88,22,0,2
BRDA:88,22,1,75
BRDA:88,23,0,77
BRDA:88,23,1,76
BRDA:89,24,0,2
BRDA:89,24,1,75
BRDA:89,25,0,77
BRDA:89,25,1,76
BRDA:90,26,0,2
BRDA:90,26,1,75
BRDA:90,27,0,77
BRDA:90,27,1,76
BRDA:92,28,0,4
BRDA:92,28,1,73
BRDA:93,29,0,3
BRDA:93,29,1,74
BRDA:94,30,0,3
BRDA:94,30,1,74
BRDA:95,31,0,2
BRDA:95,31,1,75
BRDA:96,32,0,1
BRDA:96,32,1,76
BRDA:98,33,0,5
BRDA:98,33,1,72
BRDA:99,34,0,4
BRDA:99,34,1,73
BRDA:100,35,0,31
BRDA:100,35,1,46
BRDA:100,36,0,77
BRDA:100,36,1,35
BRDA:108,37,0,8
BRDA:108,37,1,69
BRDA:109,38,0,4
BRDA:109,38,1,73
BRDA:110,39,0,3
BRDA:110,39,1,74
BRDA:111,40,0,3
BRDA:111,40,1,74
BRDA:112,41,0,5
BRDA:112,41,1,72
BRDA:113,42,0,4
BRDA:113,42,1,73
BRDA:118,43,0,1
BRDA:118,44,0,70
BRDA:122,45,0,77
BRDA:122,45,1,61
BRDA:123,46,0,77
BRDA:123,46,1,66
BRDA:124,47,0,7
BRDA:124,47,1,70
BRDA:124,48,0,77
BRDA:124,48,1,8
BRDA:130,49,0,4
BRDA:130,49,1,73
BRDA:130,50,0,77
BRDA:130,50,1,6
BRDA:136,51,0,77
BRDA:136,51,1,71
BRDA:136,51,2,71
BRDA:136,51,3,70
BRDA:139,52,0,77
BRDA:139,52,1,68
BRDA:139,52,2,67
BRDA:140,53,0,68
BRDA:140,53,1,67
BRDA:144,54,0,77
BRDA:144,54,1,76
BRDA:144,54,2,75
BRDA:145,55,0,77
BRDA:145,55,1,76
BRDA:145,55,2,75
BRDA:149,56,0,77
BRDA:149,56,1,74
BRDA:149,56,2,74
BRDA:166,57,0,77
BRDA:166,57,1,76
BRDA:169,58,0,77
BRDA:169,58,1,76
BRDA:173,59,0,77
BRDA:173,59,1,76
BRDA:174,60,0,77
BRDA:174,60,1,76
BRDA:176,61,0,16
BRDA:176,61,1,61
BRDA:177,62,0,16
BRDA:177,62,1,61
BRDA:179,63,0,7
BRDA:179,63,1,70
BRDA:181,64,0,8
BRDA:181,64,1,69
BRDA:185,65,0,8
BRDA:185,65,1,69
BRF:139
BRH:136
end_of_record
TN:
SF:js/view-models/product-content-model.js
FN:46,normalizeText
FN:50,normalizeStringList
FN:53,(anonymous_2)
FN:54,(anonymous_3)
FN:57,normalizeDisplayOrder
FN:62,buildHighlights
FN:65,(anonymous_6)
FN:66,(anonymous_7)
FN:76,buildSpecificationGroups
FN:82,(anonymous_9)
FN:100,(anonymous_10)
FN:101,(anonymous_11)
FN:105,(anonymous_12)
FN:110,isMeaningfulSection
FN:119,(anonymous_14)
FN:126,buildSections
FN:131,(anonymous_16)
FN:140,(anonymous_17)
FN:141,(anonymous_18)
FN:146,(anonymous_19)
FN:154,shouldOfferReadMore
FN:164,buildProductContentViewModel
FNF:22
FNH:22
FNDA:278,normalizeText
FNDA:262,normalizeStringList
FNDA:18,(anonymous_2)
FNDA:16,(anonymous_3)
FNDA:15,normalizeDisplayOrder
FNDA:85,buildHighlights
FNDA:8,(anonymous_6)
FNDA:6,(anonymous_7)
FNDA:85,buildSpecificationGroups
FNDA:9,(anonymous_9)
FNDA:5,(anonymous_10)
FNDA:5,(anonymous_11)
FNDA:2,(anonymous_12)
FNDA:11,isMeaningfulSection
FNDA:2,(anonymous_14)
FNDA:85,buildSections
FNDA:8,(anonymous_16)
FNDA:2,(anonymous_17)
FNDA:2,(anonymous_18)
FNDA:1,(anonymous_19)
FNDA:17,shouldOfferReadMore
FNDA:85,buildProductContentViewModel
DA:33,5
DA:44,5
DA:47,278
DA:51,262
DA:52,34
DA:53,18
DA:54,16
DA:58,15
DA:63,85
DA:64,9
DA:65,8
DA:66,6
DA:77,85
DA:79,11
DA:80,11
DA:82,11
DA:83,9
DA:84,7
DA:85,7
DA:86,7
DA:87,5
DA:88,5
DA:90,7
DA:99,11
DA:100,5
DA:101,5
DA:105,2
DA:111,11
DA:112,11
DA:113,7
DA:114,4
DA:116,3
DA:117,3
DA:119,2
DA:122,0
DA:127,85
DA:129,12
DA:131,8
DA:140,2
DA:141,2
DA:146,1
DA:155,17
DA:165,85
DA:167,85
DA:168,85
DA:169,85
DA:170,85
DA:171,85
DA:172,85
DA:173,85
DA:174,85
DA:175,85
DA:177,85
DA:188,85
LF:54
LH:53
BRDA:47,0,0,103
BRDA:47,0,1,175
BRDA:47,1,0,278
BRDA:47,1,1,107
BRDA:51,2,0,228
BRDA:51,2,1,34
BRDA:53,3,0,18
BRDA:53,3,1,17
BRDA:58,4,0,15
BRDA:58,4,1,0
BRDA:63,5,0,76
BRDA:63,5,1,9
BRDA:65,6,0,8
BRDA:65,6,1,8
BRDA:77,7,0,74
BRDA:77,7,1,11
BRDA:83,8,0,2
BRDA:83,8,1,7
BRDA:83,9,0,9
BRDA:83,9,1,9
BRDA:83,9,2,8
BRDA:84,10,0,5
BRDA:84,10,1,2
BRDA:85,11,0,2
BRDA:85,11,1,5
BRDA:86,12,0,5
BRDA:86,12,1,2
BRDA:94,13,0,0
BRDA:94,13,1,7
BRDA:111,14,0,0
BRDA:111,14,1,11
BRDA:111,15,0,11
BRDA:111,15,1,11
BRDA:112,16,0,4
BRDA:112,16,1,7
BRDA:113,17,0,4
BRDA:113,17,1,3
BRDA:114,18,0,4
BRDA:114,18,1,4
BRDA:116,19,0,3
BRDA:116,19,1,0
BRDA:118,20,0,3
BRDA:118,20,1,3
BRDA:119,21,0,2
BRDA:119,21,1,2
BRDA:119,21,2,2
BRDA:127,22,0,73
BRDA:127,22,1,12
BRDA:135,23,0,3
BRDA:135,23,1,5
BRDA:136,24,0,3
BRDA:136,24,1,5
BRDA:138,25,0,2
BRDA:138,25,1,6
BRDA:140,26,0,2
BRDA:140,26,1,2
BRDA:140,26,2,2
BRDA:144,27,0,8
BRDA:144,27,1,3
BRDA:165,28,0,17
BRDA:165,28,1,68
BRDA:165,29,0,85
BRDA:165,29,1,17
BRDA:167,30,0,85
BRDA:167,30,1,83
BRDA:168,31,0,85
BRDA:168,31,1,85
BRDA:175,32,0,8
BRDA:175,32,1,77
BRDA:175,33,0,85
BRDA:175,33,1,8
BRDA:178,34,0,85
BRDA:178,34,1,83
BRDA:178,34,2,83
BRDA:178,34,3,80
BRDA:178,34,4,78
BRDA:178,34,5,72
BRDA:178,34,6,71
BRDA:178,34,7,71
BRF:79
BRH:75
end_of_record
