<?xml version="1.0" encoding="UTF-8"?>
<coverage generated="1783270514549" clover="3.2.0">
  <project timestamp="1783270514549" name="All files">
    <metrics statements="145" coveredstatements="144" conditionals="135" coveredconditionals="111" methods="26" coveredmethods="25" elements="306" coveredelements="280" complexity="0" loc="145" ncloc="145" packages="1" files="2" classes="2"/>
    <file name="ControlTowerView.js" path="/home/claude/work/dash/dashboards/admin/js/views/ControlTowerView.js">
      <metrics statements="92" coveredstatements="91" conditionals="102" coveredconditionals="81" methods="17" coveredmethods="16"/>
      <line num="46" count="35" type="stmt"/>
      <line num="52" count="35" type="stmt"/>
      <line num="53" count="35" type="cond" truecount="1" falsecount="1"/>
      <line num="54" count="35" type="stmt"/>
      <line num="55" count="35" type="stmt"/>
      <line num="56" count="35" type="stmt"/>
      <line num="198" count="35" type="stmt"/>
      <line num="204" count="0" type="cond" truecount="0" falsecount="2"/>
      <line num="206" count="56" type="cond" truecount="2" falsecount="0"/>
      <line num="207" count="56" type="cond" truecount="1" falsecount="1"/>
      <line num="208" count="56" type="cond" truecount="2" falsecount="0"/>
      <line num="209" count="1" type="stmt"/>
      <line num="212" count="3" type="cond" truecount="1" falsecount="1"/>
      <line num="222" count="31" type="cond" truecount="2" falsecount="0"/>
      <line num="223" count="2" type="stmt"/>
      <line num="224" count="2" type="stmt"/>
      <line num="227" count="29" type="stmt"/>
      <line num="230" count="29" type="stmt"/>
      <line num="237" count="29" type="stmt"/>
      <line num="238" count="29" type="stmt"/>
      <line num="239" count="116" type="stmt"/>
      <line num="246" count="29" type="stmt"/>
      <line num="249" count="29" type="cond" truecount="2" falsecount="0"/>
      <line num="250" count="28" type="stmt"/>
      <line num="251" count="28" type="cond" truecount="1" falsecount="1"/>
      <line num="252" count="28" type="stmt"/>
      <line num="254" count="28" type="cond" truecount="1" falsecount="1"/>
      <line num="255" count="28" type="stmt"/>
      <line num="257" count="28" type="stmt"/>
      <line num="261" count="29" type="cond" truecount="1" falsecount="1"/>
      <line num="262" count="29" type="cond" truecount="2" falsecount="0"/>
      <line num="263" count="1" type="stmt"/>
      <line num="271" count="1" type="stmt"/>
      <line num="288" count="28" type="stmt"/>
      <line num="291" count="29" type="stmt"/>
      <line num="301" count="31" type="cond" truecount="2" falsecount="0"/>
      <line num="302" count="2" type="stmt"/>
      <line num="303" count="2" type="stmt"/>
      <line num="306" count="29" type="cond" truecount="2" falsecount="0"/>
      <line num="308" count="29" type="cond" truecount="2" falsecount="0"/>
      <line num="309" count="1" type="stmt"/>
      <line num="310" count="1" type="stmt"/>
      <line num="313" count="28" type="cond" truecount="1" falsecount="1"/>
      <line num="314" count="28" type="cond" truecount="2" falsecount="0"/>
      <line num="315" count="28" type="cond" truecount="1" falsecount="1"/>
      <line num="316" count="28" type="cond" truecount="2" falsecount="0"/>
      <line num="320" count="28" type="stmt"/>
      <line num="346" count="28" type="cond" truecount="2" falsecount="0"/>
      <line num="347" count="28" type="cond" truecount="2" falsecount="0"/>
      <line num="348" count="28" type="cond" truecount="2" falsecount="0"/>
      <line num="349" count="28" type="cond" truecount="2" falsecount="0"/>
      <line num="350" count="27" type="stmt"/>
      <line num="360" count="28" type="stmt"/>
      <line num="367" count="34" type="stmt"/>
      <line num="441" count="34" type="stmt"/>
      <line num="442" count="34" type="stmt"/>
      <line num="445" count="34" type="stmt"/>
      <line num="447" count="1" type="stmt"/>
      <line num="448" count="1" type="stmt"/>
      <line num="453" count="32" type="cond" truecount="4" falsecount="0"/>
      <line num="455" count="31" type="cond" truecount="2" falsecount="0"/>
      <line num="458" count="31" type="cond" truecount="2" falsecount="0"/>
      <line num="459" count="1" type="stmt"/>
      <line num="464" count="31" type="cond" truecount="2" falsecount="0"/>
      <line num="465" count="1" type="stmt"/>
      <line num="473" count="31" type="stmt"/>
      <line num="480" count="31" type="cond" truecount="2" falsecount="0"/>
      <line num="481" count="31" type="stmt"/>
      <line num="488" count="1" type="cond" truecount="2" falsecount="0"/>
      <line num="493" count="1" type="cond" truecount="2" falsecount="0"/>
      <line num="499" count="1" type="cond" truecount="1" falsecount="1"/>
      <line num="504" count="1" type="cond" truecount="2" falsecount="0"/>
      <line num="509" count="1" type="stmt"/>
      <line num="514" count="31" type="cond" truecount="2" falsecount="0"/>
      <line num="515" count="31" type="stmt"/>
      <line num="527" count="3" type="cond" truecount="1" falsecount="1"/>
      <line num="528" count="3" type="cond" truecount="4" falsecount="0"/>
      <line num="529" count="3" type="stmt"/>
      <line num="537" count="31" type="stmt"/>
      <line num="540" count="31" type="stmt"/>
      <line num="543" count="31" type="cond" truecount="2" falsecount="0"/>
      <line num="544" count="3" type="stmt"/>
      <line num="545" count="3" type="stmt"/>
      <line num="546" count="3" type="cond" truecount="2" falsecount="0"/>
      <line num="549" count="3" type="stmt"/>
      <line num="550" count="3" type="cond" truecount="2" falsecount="0"/>
      <line num="551" count="1" type="stmt"/>
      <line num="556" count="2" type="stmt"/>
      <line num="557" count="2" type="stmt"/>
      <line num="558" count="2" type="cond" truecount="1" falsecount="1"/>
      <line num="559" count="2" type="stmt"/>
      <line num="567" count="35" type="stmt"/>
    </file>
    <file name="PilotageView.js" path="/home/claude/work/dash/dashboards/admin/js/views/PilotageView.js">
      <metrics statements="53" coveredstatements="53" conditionals="33" coveredconditionals="30" methods="9" coveredmethods="9"/>
      <line num="26" count="25" type="stmt"/>
      <line num="29" count="25" type="cond" truecount="1" falsecount="1"/>
      <line num="32" count="25" type="stmt"/>
      <line num="70" count="25" type="stmt"/>
      <line num="71" count="25" type="stmt"/>
      <line num="72" count="25" type="stmt"/>
      <line num="76" count="21" type="cond" truecount="4" falsecount="0"/>
      <line num="78" count="20" type="cond" truecount="2" falsecount="0"/>
      <line num="81" count="20" type="stmt"/>
      <line num="82" count="20" type="stmt"/>
      <line num="83" count="20" type="cond" truecount="1" falsecount="1"/>
      <line num="84" count="5" type="stmt"/>
      <line num="85" count="5" type="stmt"/>
      <line num="86" count="5" type="stmt"/>
      <line num="88" count="5" type="stmt"/>
      <line num="99" count="5" type="stmt"/>
      <line num="100" count="5" type="cond" truecount="2" falsecount="0"/>
      <line num="101" count="4" type="stmt"/>
      <line num="104" count="5" type="stmt"/>
      <line num="108" count="20" type="stmt"/>
      <line num="109" count="20" type="stmt"/>
      <line num="110" count="20" type="cond" truecount="3" falsecount="0"/>
      <line num="111" count="20" type="stmt"/>
      <line num="112" count="6" type="cond" truecount="2" falsecount="0"/>
      <line num="113" count="2" type="stmt"/>
      <line num="114" count="2" type="stmt"/>
      <line num="115" count="2" type="stmt"/>
      <line num="116" count="2" type="stmt"/>
      <line num="118" count="6" type="stmt"/>
      <line num="119" count="6" type="stmt"/>
      <line num="120" count="6" type="stmt"/>
      <line num="121" count="2" type="cond" truecount="2" falsecount="0"/>
      <line num="123" count="6" type="stmt"/>
      <line num="127" count="6" type="stmt"/>
      <line num="131" count="20" type="stmt"/>
      <line num="132" count="20" type="stmt"/>
      <line num="133" count="20" type="cond" truecount="2" falsecount="0"/>
      <line num="134" count="2" type="stmt"/>
      <line num="135" count="2" type="stmt"/>
      <line num="136" count="2" type="stmt"/>
      <line num="137" count="2" type="stmt"/>
      <line num="141" count="20" type="stmt"/>
      <line num="148" count="20" type="cond" truecount="2" falsecount="0"/>
      <line num="149" count="2" type="stmt"/>
      <line num="150" count="2" type="stmt"/>
      <line num="151" count="2" type="cond" truecount="2" falsecount="0"/>
      <line num="154" count="2" type="stmt"/>
      <line num="155" count="2" type="stmt"/>
      <line num="158" count="3" type="stmt"/>
      <line num="159" count="3" type="stmt"/>
      <line num="160" count="3" type="cond" truecount="1" falsecount="1"/>
      <line num="161" count="3" type="stmt"/>
      <line num="169" count="25" type="stmt"/>
    </file>
  </project>
</coverage>
