{"/home/claude/work/dash/dashboards/admin/js/views/ControlTowerView.js": {"path":"/home/claude/work/dash/dashboards/admin/js/views/ControlTowerView.js","statementMap":{"0":{"start":{"line":46,"column":0},"end":{"line":569,"column":11}},"1":{"start":{"line":52,"column":2},"end":{"line":199,"column":7}},"2":{"start":{"line":53,"column":4},"end":{"line":53,"column":54}},"3":{"start":{"line":53,"column":47},"end":{"line":53,"column":54}},"4":{"start":{"line":54,"column":14},"end":{"line":54,"column":45}},"5":{"start":{"line":55,"column":4},"end":{"line":55,"column":24}},"6":{"start":{"line":56,"column":4},"end":{"line":197,"column":6}},"7":{"start":{"line":198,"column":4},"end":{"line":198,"column":33}},"8":{"start":{"line":204,"column":20},"end":{"line":204,"column":68}},"9":{"start":{"line":206,"column":14},"end":{"line":206,"column":28}},"10":{"start":{"line":207,"column":4},"end":{"line":207,"column":74}},"11":{"start":{"line":207,"column":34},"end":{"line":207,"column":74}},"12":{"start":{"line":208,"column":4},"end":{"line":208,"column":70}},"13":{"start":{"line":208,"column":34},"end":{"line":208,"column":70}},"14":{"start":{"line":209,"column":4},"end":{"line":209,"column":33}},"15":{"start":{"line":212,"column":4},"end":{"line":213,"column":71}},"16":{"start":{"line":222,"column":4},"end":{"line":225,"column":5}},"17":{"start":{"line":223,"column":6},"end":{"line":223,"column":80}},"18":{"start":{"line":224,"column":6},"end":{"line":224,"column":13}},"19":{"start":{"line":227,"column":28},"end":{"line":227,"column":31}},"20":{"start":{"line":230,"column":20},"end":{"line":235,"column":5}},"21":{"start":{"line":237,"column":15},"end":{"line":237,"column":43}},"22":{"start":{"line":238,"column":4},"end":{"line":245,"column":5}},"23":{"start":{"line":239,"column":6},"end":{"line":244,"column":8}},"24":{"start":{"line":246,"column":4},"end":{"line":246,"column":21}},"25":{"start":{"line":249,"column":4},"end":{"line":258,"column":5}},"26":{"start":{"line":250,"column":6},"end":{"line":250,"column":45}},"27":{"start":{"line":251,"column":6},"end":{"line":253,"column":7}},"28":{"start":{"line":252,"column":8},"end":{"line":252,"column":109}},"29":{"start":{"line":254,"column":6},"end":{"line":256,"column":7}},"30":{"start":{"line":255,"column":8},"end":{"line":255,"column":120}},"31":{"start":{"line":257,"column":6},"end":{"line":257,"column":23}},"32":{"start":{"line":261,"column":17},"end":{"line":261,"column":40}},"33":{"start":{"line":262,"column":4},"end":{"line":289,"column":5}},"34":{"start":{"line":263,"column":6},"end":{"line":286,"column":8}},"35":{"start":{"line":271,"column":30},"end":{"line":282,"column":15}},"36":{"start":{"line":288,"column":6},"end":{"line":288,"column":82}},"37":{"start":{"line":291,"column":4},"end":{"line":291,"column":24}},"38":{"start":{"line":301,"column":4},"end":{"line":304,"column":5}},"39":{"start":{"line":302,"column":6},"end":{"line":302,"column":85}},"40":{"start":{"line":303,"column":6},"end":{"line":303,"column":13}},"41":{"start":{"line":306,"column":18},"end":{"line":306,"column":49}},"42":{"start":{"line":308,"column":4},"end":{"line":311,"column":5}},"43":{"start":{"line":309,"column":6},"end":{"line":309,"column":98}},"44":{"start":{"line":310,"column":6},"end":{"line":310,"column":13}},"45":{"start":{"line":313,"column":24},"end":{"line":313,"column":65}},"46":{"start":{"line":314,"column":24},"end":{"line":314,"column":62}},"47":{"start":{"line":315,"column":24},"end":{"line":315,"column":61}},"48":{"start":{"line":316,"column":24},"end":{"line":318,"column":9}},"49":{"start":{"line":320,"column":15},"end":{"line":343,"column":5}},"50":{"start":{"line":346,"column":22},"end":{"line":346,"column":55}},"51":{"start":{"line":347,"column":22},"end":{"line":347,"column":56}},"52":{"start":{"line":348,"column":22},"end":{"line":348,"column":51}},"53":{"start":{"line":349,"column":4},"end":{"line":358,"column":5}},"54":{"start":{"line":350,"column":6},"end":{"line":357,"column":8}},"55":{"start":{"line":360,"column":4},"end":{"line":360,"column":24}},"56":{"start":{"line":367,"column":4},"end":{"line":439,"column":6}},"57":{"start":{"line":441,"column":4},"end":{"line":564,"column":5}},"58":{"start":{"line":442,"column":22},"end":{"line":442,"column":38}},"59":{"start":{"line":445,"column":39},"end":{"line":449,"column":8}},"60":{"start":{"line":447,"column":43},"end":{"line":447,"column":47}},"61":{"start":{"line":448,"column":44},"end":{"line":448,"column":48}},"62":{"start":{"line":453,"column":6},"end":{"line":453,"column":56}},"63":{"start":{"line":453,"column":49},"end":{"line":453,"column":56}},"64":{"start":{"line":455,"column":6},"end":{"line":455,"column":77}},"65":{"start":{"line":458,"column":6},"end":{"line":463,"column":7}},"66":{"start":{"line":459,"column":8},"end":{"line":462,"column":10}},"67":{"start":{"line":464,"column":6},"end":{"line":470,"column":7}},"68":{"start":{"line":465,"column":8},"end":{"line":469,"column":10}},"69":{"start":{"line":473,"column":6},"end":{"line":477,"column":8}},"70":{"start":{"line":480,"column":21},"end":{"line":480,"column":56}},"71":{"start":{"line":481,"column":6},"end":{"line":511,"column":9}},"72":{"start":{"line":488,"column":29},"end":{"line":488,"column":80}},"73":{"start":{"line":493,"column":29},"end":{"line":493,"column":72}},"74":{"start":{"line":499,"column":29},"end":{"line":499,"column":88}},"75":{"start":{"line":504,"column":29},"end":{"line":504,"column":51}},"76":{"start":{"line":509,"column":10},"end":{"line":509,"column":78}},"77":{"start":{"line":514,"column":21},"end":{"line":514,"column":58}},"78":{"start":{"line":515,"column":6},"end":{"line":534,"column":9}},"79":{"start":{"line":527,"column":26},"end":{"line":527,"column":59}},"80":{"start":{"line":528,"column":28},"end":{"line":528,"column":89}},"81":{"start":{"line":529,"column":14},"end":{"line":529,"column":78}},"82":{"start":{"line":537,"column":6},"end":{"line":537,"column":57}},"83":{"start":{"line":540,"column":6},"end":{"line":540,"column":71}},"84":{"start":{"line":543,"column":6},"end":{"line":553,"column":7}},"85":{"start":{"line":544,"column":21},"end":{"line":544,"column":55}},"86":{"start":{"line":545,"column":19},"end":{"line":545,"column":36}},"87":{"start":{"line":546,"column":23},"end":{"line":548,"column":32}},"88":{"start":{"line":549,"column":8},"end":{"line":549,"column":103}},"89":{"start":{"line":550,"column":8},"end":{"line":552,"column":9}},"90":{"start":{"line":551,"column":10},"end":{"line":551,"column":62}},"91":{"start":{"line":556,"column":6},"end":{"line":556,"column":50}},"92":{"start":{"line":557,"column":19},"end":{"line":557,"column":53}},"93":{"start":{"line":558,"column":6},"end":{"line":563,"column":7}},"94":{"start":{"line":559,"column":8},"end":{"line":562,"column":16}},"95":{"start":{"line":567,"column":2},"end":{"line":567,"column":39}}},"fnMap":{"0":{"name":"(anonymous_0)","decl":{"start":{"line":46,"column":1},"end":{"line":46,"column":2}},"loc":{"start":{"line":46,"column":19},"end":{"line":569,"column":1}},"line":46},"1":{"name":"injectStyles","decl":{"start":{"line":52,"column":12},"end":{"line":52,"column":24}},"loc":{"start":{"line":52,"column":27},"end":{"line":199,"column":3}},"line":52},"2":{"name":"fmt","decl":{"start":{"line":204,"column":11},"end":{"line":204,"column":14}},"loc":{"start":{"line":204,"column":18},"end":{"line":204,"column":70}},"line":204},"3":{"name":"fmtShort","decl":{"start":{"line":205,"column":11},"end":{"line":205,"column":19}},"loc":{"start":{"line":205,"column":23},"end":{"line":210,"column":3}},"line":205},"4":{"name":"esc","decl":{"start":{"line":211,"column":11},"end":{"line":211,"column":14}},"loc":{"start":{"line":211,"column":18},"end":{"line":214,"column":3}},"line":211},"5":{"name":"_renderSla","decl":{"start":{"line":221,"column":11},"end":{"line":221,"column":21}},"loc":{"start":{"line":221,"column":31},"end":{"line":292,"column":3}},"line":221},"6":{"name":"(anonymous_6)","decl":{"start":{"line":271,"column":25},"end":{"line":271,"column":26}},"loc":{"start":{"line":271,"column":30},"end":{"line":282,"column":15}},"line":271},"7":{"name":"_renderUnsold","decl":{"start":{"line":300,"column":11},"end":{"line":300,"column":24}},"loc":{"start":{"line":300,"column":36},"end":{"line":361,"column":3}},"line":300},"8":{"name":"render","decl":{"start":{"line":366,"column":17},"end":{"line":366,"column":23}},"loc":{"start":{"line":366,"column":32},"end":{"line":565,"column":3}},"line":366},"9":{"name":"(anonymous_9)","decl":{"start":{"line":447,"column":37},"end":{"line":447,"column":38}},"loc":{"start":{"line":447,"column":43},"end":{"line":447,"column":47}},"line":447},"10":{"name":"(anonymous_10)","decl":{"start":{"line":448,"column":38},"end":{"line":448,"column":39}},"loc":{"start":{"line":448,"column":44},"end":{"line":448,"column":48}},"line":448},"11":{"name":"(anonymous_11)","decl":{"start":{"line":488,"column":20},"end":{"line":488,"column":21}},"loc":{"start":{"line":488,"column":29},"end":{"line":488,"column":80}},"line":488},"12":{"name":"(anonymous_12)","decl":{"start":{"line":493,"column":20},"end":{"line":493,"column":21}},"loc":{"start":{"line":493,"column":29},"end":{"line":493,"column":72}},"line":493},"13":{"name":"(anonymous_13)","decl":{"start":{"line":499,"column":20},"end":{"line":499,"column":21}},"loc":{"start":{"line":499,"column":29},"end":{"line":499,"column":88}},"line":499},"14":{"name":"(anonymous_14)","decl":{"start":{"line":504,"column":20},"end":{"line":504,"column":21}},"loc":{"start":{"line":504,"column":29},"end":{"line":504,"column":51}},"line":504},"15":{"name":"(anonymous_15)","decl":{"start":{"line":508,"column":20},"end":{"line":508,"column":21}},"loc":{"start":{"line":508,"column":29},"end":{"line":510,"column":9}},"line":508},"16":{"name":"(anonymous_16)","decl":{"start":{"line":526,"column":20},"end":{"line":526,"column":21}},"loc":{"start":{"line":526,"column":29},"end":{"line":530,"column":13}},"line":526}},"branchMap":{"0":{"loc":{"start":{"line":53,"column":4},"end":{"line":53,"column":54}},"type":"if","locations":[{"start":{"line":53,"column":4},"end":{"line":53,"column":54}},{"start":{},"end":{}}],"line":53},"1":{"loc":{"start":{"line":204,"column":28},"end":{"line":204,"column":42}},"type":"binary-expr","locations":[{"start":{"line":204,"column":28},"end":{"line":204,"column":37}},{"start":{"line":204,"column":41},"end":{"line":204,"column":42}}],"line":204},"2":{"loc":{"start":{"line":206,"column":14},"end":{"line":206,"column":28}},"type":"binary-expr","locations":[{"start":{"line":206,"column":14},"end":{"line":206,"column":23}},{"start":{"line":206,"column":27},"end":{"line":206,"column":28}}],"line":206},"3":{"loc":{"start":{"line":207,"column":4},"end":{"line":207,"column":74}},"type":"if","locations":[{"start":{"line":207,"column":4},"end":{"line":207,"column":74}},{"start":{},"end":{}}],"line":207},"4":{"loc":{"start":{"line":208,"column":4},"end":{"line":208,"column":70}},"type":"if","locations":[{"start":{"line":208,"column":4},"end":{"line":208,"column":70}},{"start":{},"end":{}}],"line":208},"5":{"loc":{"start":{"line":212,"column":18},"end":{"line":212,"column":36}},"type":"cond-expr","locations":[{"start":{"line":212,"column":30},"end":{"line":212,"column":32}},{"start":{"line":212,"column":35},"end":{"line":212,"column":36}}],"line":212},"6":{"loc":{"start":{"line":222,"column":4},"end":{"line":225,"column":5}},"type":"if","locations":[{"start":{"line":222,"column":4},"end":{"line":225,"column":5}},{"start":{},"end":{}}],"line":222},"7":{"loc":{"start":{"line":241,"column":37},"end":{"line":241,"column":52}},"type":"binary-expr","locations":[{"start":{"line":241,"column":37},"end":{"line":241,"column":47}},{"start":{"line":241,"column":51},"end":{"line":241,"column":52}}],"line":241},"8":{"loc":{"start":{"line":249,"column":4},"end":{"line":258,"column":5}},"type":"if","locations":[{"start":{"line":249,"column":4},"end":{"line":258,"column":5}},{"start":{},"end":{}}],"line":249},"9":{"loc":{"start":{"line":251,"column":6},"end":{"line":253,"column":7}},"type":"if","locations":[{"start":{"line":251,"column":6},"end":{"line":253,"column":7}},{"start":{},"end":{}}],"line":251},"10":{"loc":{"start":{"line":254,"column":6},"end":{"line":256,"column":7}},"type":"if","locations":[{"start":{"line":254,"column":6},"end":{"line":256,"column":7}},{"start":{},"end":{}}],"line":254},"11":{"loc":{"start":{"line":261,"column":17},"end":{"line":261,"column":40}},"type":"binary-expr","locations":[{"start":{"line":261,"column":17},"end":{"line":261,"column":34}},{"start":{"line":261,"column":38},"end":{"line":261,"column":40}}],"line":261},"12":{"loc":{"start":{"line":262,"column":4},"end":{"line":289,"column":5}},"type":"if","locations":[{"start":{"line":262,"column":4},"end":{"line":289,"column":5}},{"start":{"line":287,"column":11},"end":{"line":289,"column":5}}],"line":262},"13":{"loc":{"start":{"line":274,"column":68},"end":{"line":274,"column":78}},"type":"binary-expr","locations":[{"start":{"line":274,"column":68},"end":{"line":274,"column":72}},{"start":{"line":274,"column":76},"end":{"line":274,"column":78}}],"line":274},"14":{"loc":{"start":{"line":279,"column":28},"end":{"line":279,"column":43}},"type":"binary-expr","locations":[{"start":{"line":279,"column":28},"end":{"line":279,"column":36}},{"start":{"line":279,"column":40},"end":{"line":279,"column":43}}],"line":279},"15":{"loc":{"start":{"line":280,"column":36},"end":{"line":280,"column":50}},"type":"binary-expr","locations":[{"start":{"line":280,"column":36},"end":{"line":280,"column":43}},{"start":{"line":280,"column":47},"end":{"line":280,"column":50}}],"line":280},"16":{"loc":{"start":{"line":301,"column":4},"end":{"line":304,"column":5}},"type":"if","locations":[{"start":{"line":301,"column":4},"end":{"line":304,"column":5}},{"start":{},"end":{}}],"line":301},"17":{"loc":{"start":{"line":306,"column":18},"end":{"line":306,"column":49}},"type":"binary-expr","locations":[{"start":{"line":306,"column":18},"end":{"line":306,"column":44}},{"start":{"line":306,"column":48},"end":{"line":306,"column":49}}],"line":306},"18":{"loc":{"start":{"line":308,"column":4},"end":{"line":311,"column":5}},"type":"if","locations":[{"start":{"line":308,"column":4},"end":{"line":311,"column":5}},{"start":{},"end":{}}],"line":308},"19":{"loc":{"start":{"line":313,"column":24},"end":{"line":313,"column":65}},"type":"binary-expr","locations":[{"start":{"line":313,"column":24},"end":{"line":313,"column":60}},{"start":{"line":313,"column":64},"end":{"line":313,"column":65}}],"line":313},"20":{"loc":{"start":{"line":314,"column":24},"end":{"line":314,"column":62}},"type":"binary-expr","locations":[{"start":{"line":314,"column":24},"end":{"line":314,"column":57}},{"start":{"line":314,"column":61},"end":{"line":314,"column":62}}],"line":314},"21":{"loc":{"start":{"line":315,"column":24},"end":{"line":315,"column":61}},"type":"binary-expr","locations":[{"start":{"line":315,"column":24},"end":{"line":315,"column":56}},{"start":{"line":315,"column":60},"end":{"line":315,"column":61}}],"line":315},"22":{"loc":{"start":{"line":316,"column":24},"end":{"line":318,"column":9}},"type":"cond-expr","locations":[{"start":{"line":317,"column":8},"end":{"line":317,"column":55}},{"start":{"line":318,"column":8},"end":{"line":318,"column":9}}],"line":316},"23":{"loc":{"start":{"line":346,"column":22},"end":{"line":346,"column":55}},"type":"binary-expr","locations":[{"start":{"line":346,"column":22},"end":{"line":346,"column":50}},{"start":{"line":346,"column":54},"end":{"line":346,"column":55}}],"line":346},"24":{"loc":{"start":{"line":347,"column":22},"end":{"line":347,"column":56}},"type":"binary-expr","locations":[{"start":{"line":347,"column":22},"end":{"line":347,"column":51}},{"start":{"line":347,"column":55},"end":{"line":347,"column":56}}],"line":347},"25":{"loc":{"start":{"line":348,"column":22},"end":{"line":348,"column":51}},"type":"binary-expr","locations":[{"start":{"line":348,"column":22},"end":{"line":348,"column":46}},{"start":{"line":348,"column":50},"end":{"line":348,"column":51}}],"line":348},"26":{"loc":{"start":{"line":349,"column":4},"end":{"line":358,"column":5}},"type":"if","locations":[{"start":{"line":349,"column":4},"end":{"line":358,"column":5}},{"start":{},"end":{}}],"line":349},"27":{"loc":{"start":{"line":353,"column":12},"end":{"line":353,"column":153}},"type":"cond-expr","locations":[{"start":{"line":353,"column":24},"end":{"line":353,"column":148}},{"start":{"line":353,"column":151},"end":{"line":353,"column":153}}],"line":353},"28":{"loc":{"start":{"line":354,"column":12},"end":{"line":354,"column":163}},"type":"cond-expr","locations":[{"start":{"line":354,"column":24},"end":{"line":354,"column":158}},{"start":{"line":354,"column":161},"end":{"line":354,"column":163}}],"line":354},"29":{"loc":{"start":{"line":355,"column":12},"end":{"line":355,"column":158}},"type":"cond-expr","locations":[{"start":{"line":355,"column":24},"end":{"line":355,"column":153}},{"start":{"line":355,"column":156},"end":{"line":355,"column":158}}],"line":355},"30":{"loc":{"start":{"line":453,"column":6},"end":{"line":453,"column":56}},"type":"if","locations":[{"start":{"line":453,"column":6},"end":{"line":453,"column":56}},{"start":{},"end":{}}],"line":453},"31":{"loc":{"start":{"line":453,"column":10},"end":{"line":453,"column":47}},"type":"binary-expr","locations":[{"start":{"line":453,"column":10},"end":{"line":453,"column":17}},{"start":{"line":453,"column":21},"end":{"line":453,"column":47}}],"line":453},"32":{"loc":{"start":{"line":455,"column":60},"end":{"line":455,"column":75}},"type":"binary-expr","locations":[{"start":{"line":455,"column":60},"end":{"line":455,"column":69}},{"start":{"line":455,"column":73},"end":{"line":455,"column":75}}],"line":455},"33":{"loc":{"start":{"line":458,"column":6},"end":{"line":463,"column":7}},"type":"if","locations":[{"start":{"line":458,"column":6},"end":{"line":463,"column":7}},{"start":{},"end":{}}],"line":458},"34":{"loc":{"start":{"line":464,"column":6},"end":{"line":470,"column":7}},"type":"if","locations":[{"start":{"line":464,"column":6},"end":{"line":470,"column":7}},{"start":{},"end":{}}],"line":464},"35":{"loc":{"start":{"line":475,"column":8},"end":{"line":475,"column":25}},"type":"binary-expr","locations":[{"start":{"line":475,"column":8},"end":{"line":475,"column":19}},{"start":{"line":475,"column":23},"end":{"line":475,"column":25}}],"line":475},"36":{"loc":{"start":{"line":480,"column":21},"end":{"line":480,"column":56}},"type":"binary-expr","locations":[{"start":{"line":480,"column":21},"end":{"line":480,"column":50}},{"start":{"line":480,"column":54},"end":{"line":480,"column":56}}],"line":480},"37":{"loc":{"start":{"line":488,"column":48},"end":{"line":488,"column":79}},"type":"binary-expr","locations":[{"start":{"line":488,"column":48},"end":{"line":488,"column":66}},{"start":{"line":488,"column":70},"end":{"line":488,"column":79}}],"line":488},"38":{"loc":{"start":{"line":493,"column":48},"end":{"line":493,"column":71}},"type":"binary-expr","locations":[{"start":{"line":493,"column":48},"end":{"line":493,"column":58}},{"start":{"line":493,"column":62},"end":{"line":493,"column":71}}],"line":493},"39":{"loc":{"start":{"line":499,"column":36},"end":{"line":499,"column":54}},"type":"binary-expr","locations":[{"start":{"line":499,"column":36},"end":{"line":499,"column":49}},{"start":{"line":499,"column":53},"end":{"line":499,"column":54}}],"line":499},"40":{"loc":{"start":{"line":504,"column":29},"end":{"line":504,"column":51}},"type":"binary-expr","locations":[{"start":{"line":504,"column":29},"end":{"line":504,"column":44}},{"start":{"line":504,"column":48},"end":{"line":504,"column":51}}],"line":504},"41":{"loc":{"start":{"line":514,"column":21},"end":{"line":514,"column":58}},"type":"binary-expr","locations":[{"start":{"line":514,"column":21},"end":{"line":514,"column":52}},{"start":{"line":514,"column":56},"end":{"line":514,"column":58}}],"line":514},"42":{"loc":{"start":{"line":527,"column":33},"end":{"line":527,"column":58}},"type":"binary-expr","locations":[{"start":{"line":527,"column":33},"end":{"line":527,"column":53}},{"start":{"line":527,"column":57},"end":{"line":527,"column":58}}],"line":527},"43":{"loc":{"start":{"line":528,"column":28},"end":{"line":528,"column":89}},"type":"cond-expr","locations":[{"start":{"line":528,"column":40},"end":{"line":528,"column":50}},{"start":{"line":528,"column":54},"end":{"line":528,"column":88}}],"line":528},"44":{"loc":{"start":{"line":528,"column":54},"end":{"line":528,"column":88}},"type":"cond-expr","locations":[{"start":{"line":528,"column":66},"end":{"line":528,"column":77}},{"start":{"line":528,"column":80},"end":{"line":528,"column":88}}],"line":528},"45":{"loc":{"start":{"line":543,"column":6},"end":{"line":553,"column":7}},"type":"if","locations":[{"start":{"line":543,"column":6},"end":{"line":553,"column":7}},{"start":{},"end":{}}],"line":543},"46":{"loc":{"start":{"line":546,"column":23},"end":{"line":548,"column":32}},"type":"cond-expr","locations":[{"start":{"line":547,"column":12},"end":{"line":547,"column":71}},{"start":{"line":548,"column":12},"end":{"line":548,"column":32}}],"line":546},"47":{"loc":{"start":{"line":550,"column":8},"end":{"line":552,"column":9}},"type":"if","locations":[{"start":{"line":550,"column":8},"end":{"line":552,"column":9}},{"start":{},"end":{}}],"line":550},"48":{"loc":{"start":{"line":558,"column":6},"end":{"line":563,"column":7}},"type":"if","locations":[{"start":{"line":558,"column":6},"end":{"line":563,"column":7}},{"start":{},"end":{}}],"line":558},"49":{"loc":{"start":{"line":560,"column":37},"end":{"line":560,"column":62}},"type":"binary-expr","locations":[{"start":{"line":560,"column":37},"end":{"line":560,"column":48}},{"start":{"line":560,"column":52},"end":{"line":560,"column":62}}],"line":560},"50":{"loc":{"start":{"line":561,"column":12},"end":{"line":561,"column":69}},"type":"cond-expr","locations":[{"start":{"line":561,"column":33},"end":{"line":561,"column":64}},{"start":{"line":561,"column":67},"end":{"line":561,"column":69}}],"line":561}},"s":{"0":35,"1":35,"2":35,"3":0,"4":35,"5":35,"6":35,"7":35,"8":0,"9":56,"10":56,"11":0,"12":56,"13":55,"14":1,"15":3,"16":31,"17":2,"18":2,"19":29,"20":29,"21":29,"22":29,"23":116,"24":29,"25":29,"26":28,"27":28,"28":28,"29":28,"30":28,"31":28,"32":29,"33":29,"34":1,"35":1,"36":28,"37":29,"38":31,"39":2,"40":2,"41":29,"42":29,"43":1,"44":1,"45":28,"46":28,"47":28,"48":28,"49":28,"50":28,"51":28,"52":28,"53":28,"54":27,"55":28,"56":34,"57":34,"58":34,"59":34,"60":1,"61":1,"62":32,"63":1,"64":31,"65":31,"66":1,"67":31,"68":1,"69":31,"70":31,"71":31,"72":1,"73":1,"74":1,"75":1,"76":1,"77":31,"78":31,"79":3,"80":3,"81":3,"82":31,"83":31,"84":31,"85":3,"86":3,"87":3,"88":3,"89":3,"90":1,"91":2,"92":2,"93":2,"94":2,"95":35},"f":{"0":35,"1":35,"2":0,"3":56,"4":3,"5":31,"6":1,"7":31,"8":34,"9":1,"10":1,"11":1,"12":1,"13":1,"14":1,"15":1,"16":3},"b":{"0":[0,35],"1":[0,0],"2":[56,1],"3":[0,56],"4":[55,1],"5":[0,3],"6":[2,29],"7":[116,0],"8":[28,1],"9":[28,0],"10":[28,0],"11":[29,0],"12":[1,28],"13":[1,0],"14":[1,0],"15":[1,0],"16":[2,29],"17":[29,1],"18":[1,28],"19":[28,0],"20":[28,1],"21":[28,0],"22":[27,1],"23":[28,1],"24":[28,1],"25":[28,1],"26":[27,1],"27":[27,0],"28":[27,0],"29":[27,0],"30":[1,31],"31":[32,32],"32":[31,2],"33":[1,30],"34":[1,30],"35":[31,2],"36":[31,2],"37":[1,1],"38":[1,1],"39":[1,0],"40":[1,1],"41":[31,2],"42":[3,0],"43":[1,2],"44":[1,1],"45":[3,28],"46":[1,2],"47":[1,2],"48":[2,0],"49":[2,0],"50":[1,1]},"_coverageSchema":"1a1c01bbd47fc00a2c39e90264f33305004495a9","hash":"5ab07130df24fb146c68b1236a47325af87b960d"}
,"/home/claude/work/dash/dashboards/admin/js/views/PilotageView.js": {"path":"/home/claude/work/dash/dashboards/admin/js/views/PilotageView.js","statementMap":{"0":{"start":{"line":26,"column":0},"end":{"line":170,"column":11}},"1":{"start":{"line":29,"column":14},"end":{"line":29,"column":125}},"2":{"start":{"line":29,"column":19},"end":{"line":29,"column":125}},"3":{"start":{"line":32,"column":4},"end":{"line":68,"column":6}},"4":{"start":{"line":70,"column":4},"end":{"line":166,"column":5}},"5":{"start":{"line":71,"column":22},"end":{"line":71,"column":38}},"6":{"start":{"line":72,"column":19},"end":{"line":72,"column":51}},"7":{"start":{"line":76,"column":6},"end":{"line":76,"column":56}},"8":{"start":{"line":76,"column":49},"end":{"line":76,"column":56}},"9":{"start":{"line":78,"column":6},"end":{"line":78,"column":90}},"10":{"start":{"line":81,"column":23},"end":{"line":81,"column":65}},"11":{"start":{"line":82,"column":6},"end":{"line":82,"column":30}},"12":{"start":{"line":83,"column":6},"end":{"line":105,"column":9}},"13":{"start":{"line":84,"column":20},"end":{"line":84,"column":49}},"14":{"start":{"line":85,"column":8},"end":{"line":85,"column":37}},"15":{"start":{"line":86,"column":8},"end":{"line":86,"column":78}},"16":{"start":{"line":86,"column":44},"end":{"line":86,"column":76}},"17":{"start":{"line":88,"column":8},"end":{"line":97,"column":10}},"18":{"start":{"line":99,"column":23},"end":{"line":99,"column":60}},"19":{"start":{"line":100,"column":8},"end":{"line":102,"column":11}},"20":{"start":{"line":101,"column":10},"end":{"line":101,"column":54}},"21":{"start":{"line":104,"column":8},"end":{"line":104,"column":34}},"22":{"start":{"line":108,"column":21},"end":{"line":108,"column":61}},"23":{"start":{"line":109,"column":6},"end":{"line":109,"column":28}},"24":{"start":{"line":110,"column":21},"end":{"line":110,"column":76}},"25":{"start":{"line":111,"column":6},"end":{"line":128,"column":9}},"26":{"start":{"line":112,"column":8},"end":{"line":117,"column":9}},"27":{"start":{"line":113,"column":24},"end":{"line":113,"column":53}},"28":{"start":{"line":114,"column":10},"end":{"line":114,"column":50}},"29":{"start":{"line":115,"column":10},"end":{"line":115,"column":32}},"30":{"start":{"line":116,"column":10},"end":{"line":116,"column":36}},"31":{"start":{"line":118,"column":24},"end":{"line":118,"column":53}},"32":{"start":{"line":119,"column":8},"end":{"line":119,"column":50}},"33":{"start":{"line":120,"column":8},"end":{"line":122,"column":11}},"34":{"start":{"line":121,"column":10},"end":{"line":121,"column":58}},"35":{"start":{"line":121,"column":25},"end":{"line":121,"column":58}},"36":{"start":{"line":123,"column":8},"end":{"line":126,"column":10}},"37":{"start":{"line":127,"column":8},"end":{"line":127,"column":36}},"38":{"start":{"line":131,"column":27},"end":{"line":131,"column":73}},"39":{"start":{"line":132,"column":6},"end":{"line":132,"column":34}},"40":{"start":{"line":133,"column":6},"end":{"line":138,"column":9}},"41":{"start":{"line":134,"column":19},"end":{"line":134,"column":47}},"42":{"start":{"line":135,"column":8},"end":{"line":135,"column":40}},"43":{"start":{"line":136,"column":8},"end":{"line":136,"column":92}},"44":{"start":{"line":137,"column":8},"end":{"line":137,"column":37}},"45":{"start":{"line":141,"column":6},"end":{"line":145,"column":8}},"46":{"start":{"line":148,"column":6},"end":{"line":156,"column":7}},"47":{"start":{"line":149,"column":21},"end":{"line":149,"column":48}},"48":{"start":{"line":150,"column":8},"end":{"line":150,"column":103}},"49":{"start":{"line":151,"column":23},"end":{"line":153,"column":14}},"50":{"start":{"line":154,"column":8},"end":{"line":154,"column":118}},"51":{"start":{"line":155,"column":8},"end":{"line":155,"column":33}},"52":{"start":{"line":158,"column":6},"end":{"line":158,"column":46}},"53":{"start":{"line":159,"column":19},"end":{"line":159,"column":57}},"54":{"start":{"line":160,"column":6},"end":{"line":165,"column":7}},"55":{"start":{"line":161,"column":8},"end":{"line":164,"column":16}},"56":{"start":{"line":169,"column":2},"end":{"line":169,"column":35}}},"fnMap":{"0":{"name":"(anonymous_0)","decl":{"start":{"line":26,"column":1},"end":{"line":26,"column":2}},"loc":{"start":{"line":26,"column":19},"end":{"line":170,"column":1}},"line":26},"1":{"name":"(anonymous_1)","decl":{"start":{"line":29,"column":14},"end":{"line":29,"column":15}},"loc":{"start":{"line":29,"column":19},"end":{"line":29,"column":125}},"line":29},"2":{"name":"render","decl":{"start":{"line":31,"column":17},"end":{"line":31,"column":23}},"loc":{"start":{"line":31,"column":32},"end":{"line":167,"column":3}},"line":31},"3":{"name":"(anonymous_3)","decl":{"start":{"line":83,"column":39},"end":{"line":83,"column":40}},"loc":{"start":{"line":83,"column":48},"end":{"line":105,"column":7}},"line":83},"4":{"name":"(anonymous_4)","decl":{"start":{"line":86,"column":38},"end":{"line":86,"column":39}},"loc":{"start":{"line":86,"column":44},"end":{"line":86,"column":76}},"line":86},"5":{"name":"(anonymous_5)","decl":{"start":{"line":100,"column":55},"end":{"line":100,"column":56}},"loc":{"start":{"line":100,"column":62},"end":{"line":102,"column":9}},"line":100},"6":{"name":"(anonymous_6)","decl":{"start":{"line":111,"column":21},"end":{"line":111,"column":22}},"loc":{"start":{"line":111,"column":37},"end":{"line":128,"column":7}},"line":111},"7":{"name":"(anonymous_7)","decl":{"start":{"line":120,"column":42},"end":{"line":120,"column":43}},"loc":{"start":{"line":120,"column":48},"end":{"line":122,"column":9}},"line":120},"8":{"name":"(anonymous_8)","decl":{"start":{"line":133,"column":38},"end":{"line":133,"column":39}},"loc":{"start":{"line":133,"column":43},"end":{"line":138,"column":7}},"line":133}},"branchMap":{"0":{"loc":{"start":{"line":29,"column":26},"end":{"line":29,"column":33}},"type":"binary-expr","locations":[{"start":{"line":29,"column":26},"end":{"line":29,"column":27}},{"start":{"line":29,"column":31},"end":{"line":29,"column":33}}],"line":29},"1":{"loc":{"start":{"line":76,"column":6},"end":{"line":76,"column":56}},"type":"if","locations":[{"start":{"line":76,"column":6},"end":{"line":76,"column":56}},{"start":{},"end":{}}],"line":76},"2":{"loc":{"start":{"line":76,"column":10},"end":{"line":76,"column":47}},"type":"binary-expr","locations":[{"start":{"line":76,"column":10},"end":{"line":76,"column":17}},{"start":{"line":76,"column":21},"end":{"line":76,"column":47}}],"line":76},"3":{"loc":{"start":{"line":78,"column":66},"end":{"line":78,"column":88}},"type":"binary-expr","locations":[{"start":{"line":78,"column":66},"end":{"line":78,"column":82}},{"start":{"line":78,"column":86},"end":{"line":78,"column":88}}],"line":78},"4":{"loc":{"start":{"line":83,"column":7},"end":{"line":83,"column":29}},"type":"binary-expr","locations":[{"start":{"line":83,"column":7},"end":{"line":83,"column":23}},{"start":{"line":83,"column":27},"end":{"line":83,"column":29}}],"line":83},"5":{"loc":{"start":{"line":100,"column":9},"end":{"line":100,"column":33}},"type":"binary-expr","locations":[{"start":{"line":100,"column":9},"end":{"line":100,"column":27}},{"start":{"line":100,"column":31},"end":{"line":100,"column":33}}],"line":100},"6":{"loc":{"start":{"line":110,"column":21},"end":{"line":110,"column":76}},"type":"binary-expr","locations":[{"start":{"line":110,"column":22},"end":{"line":110,"column":40}},{"start":{"line":110,"column":44},"end":{"line":110,"column":69}},{"start":{"line":110,"column":74},"end":{"line":110,"column":76}}],"line":110},"7":{"loc":{"start":{"line":112,"column":8},"end":{"line":117,"column":9}},"type":"if","locations":[{"start":{"line":112,"column":8},"end":{"line":117,"column":9}},{"start":{},"end":{}}],"line":112},"8":{"loc":{"start":{"line":121,"column":10},"end":{"line":121,"column":58}},"type":"if","locations":[{"start":{"line":121,"column":10},"end":{"line":121,"column":58}},{"start":{},"end":{}}],"line":121},"9":{"loc":{"start":{"line":133,"column":7},"end":{"line":133,"column":28}},"type":"binary-expr","locations":[{"start":{"line":133,"column":7},"end":{"line":133,"column":22}},{"start":{"line":133,"column":26},"end":{"line":133,"column":28}}],"line":133},"10":{"loc":{"start":{"line":143,"column":8},"end":{"line":143,"column":32}},"type":"binary-expr","locations":[{"start":{"line":143,"column":8},"end":{"line":143,"column":26}},{"start":{"line":143,"column":30},"end":{"line":143,"column":32}}],"line":143},"11":{"loc":{"start":{"line":148,"column":6},"end":{"line":156,"column":7}},"type":"if","locations":[{"start":{"line":148,"column":6},"end":{"line":156,"column":7}},{"start":{},"end":{}}],"line":148},"12":{"loc":{"start":{"line":151,"column":23},"end":{"line":153,"column":14}},"type":"cond-expr","locations":[{"start":{"line":152,"column":12},"end":{"line":152,"column":101}},{"start":{"line":153,"column":12},"end":{"line":153,"column":14}}],"line":151},"13":{"loc":{"start":{"line":160,"column":6},"end":{"line":165,"column":7}},"type":"if","locations":[{"start":{"line":160,"column":6},"end":{"line":165,"column":7}},{"start":{},"end":{}}],"line":160},"14":{"loc":{"start":{"line":162,"column":36},"end":{"line":162,"column":61}},"type":"binary-expr","locations":[{"start":{"line":162,"column":36},"end":{"line":162,"column":47}},{"start":{"line":162,"column":51},"end":{"line":162,"column":61}}],"line":162},"15":{"loc":{"start":{"line":163,"column":12},"end":{"line":163,"column":69}},"type":"cond-expr","locations":[{"start":{"line":163,"column":33},"end":{"line":163,"column":64}},{"start":{"line":163,"column":67},"end":{"line":163,"column":69}}],"line":163}},"s":{"0":25,"1":25,"2":18,"3":25,"4":25,"5":25,"6":25,"7":21,"8":1,"9":20,"10":20,"11":20,"12":20,"13":5,"14":5,"15":5,"16":1,"17":5,"18":5,"19":5,"20":4,"21":5,"22":20,"23":20,"24":20,"25":20,"26":6,"27":2,"28":2,"29":2,"30":2,"31":6,"32":6,"33":6,"34":2,"35":1,"36":6,"37":6,"38":20,"39":20,"40":20,"41":2,"42":2,"43":2,"44":2,"45":20,"46":20,"47":2,"48":2,"49":2,"50":2,"51":2,"52":3,"53":3,"54":3,"55":3,"56":25},"f":{"0":25,"1":18,"2":25,"3":5,"4":1,"5":4,"6":6,"7":2,"8":2},"b":{"0":[18,0],"1":[1,20],"2":[21,21],"3":[20,1],"4":[20,0],"5":[5,1],"6":[20,19,1],"7":[2,4],"8":[1,1],"9":[20,1],"10":[20,1],"11":[2,18],"12":[1,1],"13":[3,0],"14":[3,1],"15":[1,2]},"_coverageSchema":"1a1c01bbd47fc00a2c39e90264f33305004495a9","hash":"ad15bf513ef4b47d8c9d4ccc942e0aa1d25a12d6"}
}
