TN:
SF:admin/js/views/ControlTowerView.js
FN:46,(anonymous_0)
FN:52,injectStyles
FN:204,fmt
FN:205,fmtShort
FN:211,esc
FN:221,_renderSla
FN:271,(anonymous_6)
FN:300,_renderUnsold
FN:366,render
FN:447,(anonymous_9)
FN:448,(anonymous_10)
FN:488,(anonymous_11)
FN:493,(anonymous_12)
FN:499,(anonymous_13)
FN:504,(anonymous_14)
FN:508,(anonymous_15)
FN:526,(anonymous_16)
FNF:17
FNH:16
FNDA:35,(anonymous_0)
FNDA:35,injectStyles
FNDA:0,fmt
FNDA:56,fmtShort
FNDA:3,esc
FNDA:31,_renderSla
FNDA:1,(anonymous_6)
FNDA:31,_renderUnsold
FNDA:34,render
FNDA:1,(anonymous_9)
FNDA:1,(anonymous_10)
FNDA:1,(anonymous_11)
FNDA:1,(anonymous_12)
FNDA:1,(anonymous_13)
FNDA:1,(anonymous_14)
FNDA:1,(anonymous_15)
FNDA:3,(anonymous_16)
DA:46,35
DA:52,35
DA:53,35
DA:54,35
DA:55,35
DA:56,35
DA:198,35
DA:204,0
DA:206,56
DA:207,56
DA:208,56
DA:209,1
DA:212,3
DA:222,31
DA:223,2
DA:224,2
DA:227,29
DA:230,29
DA:237,29
DA:238,29
DA:239,116
DA:246,29
DA:249,29
DA:250,28
DA:251,28
DA:252,28
DA:254,28
DA:255,28
DA:257,28
DA:261,29
DA:262,29
DA:263,1
DA:271,1
DA:288,28
DA:291,29
DA:301,31
DA:302,2
DA:303,2
DA:306,29
DA:308,29
DA:309,1
DA:310,1
DA:313,28
DA:314,28
DA:315,28
DA:316,28
DA:320,28
DA:346,28
DA:347,28
DA:348,28
DA:349,28
DA:350,27
DA:360,28
DA:367,34
DA:441,34
DA:442,34
DA:445,34
DA:447,1
DA:448,1
DA:453,32
DA:455,31
DA:458,31
DA:459,1
DA:464,31
DA:465,1
DA:473,31
DA:480,31
DA:481,31
DA:488,1
DA:493,1
DA:499,1
DA:504,1
DA:509,1
DA:514,31
DA:515,31
DA:527,3
DA:528,3
DA:529,3
DA:537,31
DA:540,31
DA:543,31
DA:544,3
DA:545,3
DA:546,3
DA:549,3
DA:550,3
DA:551,1
DA:556,2
DA:557,2
DA:558,2
DA:559,2
DA:567,35
LF:92
LH:91
BRDA:53,0,0,0
BRDA:53,0,1,35
BRDA:204,1,0,0
BRDA:204,1,1,0
BRDA:206,2,0,56
BRDA:206,2,1,1
BRDA:207,3,0,0
BRDA:207,3,1,56
BRDA:208,4,0,55
BRDA:208,4,1,1
BRDA:212,5,0,0
BRDA:212,5,1,3
BRDA:222,6,0,2
BRDA:222,6,1,29
BRDA:241,7,0,116
BRDA:241,7,1,0
BRDA:249,8,0,28
BRDA:249,8,1,1
BRDA:251,9,0,28
BRDA:251,9,1,0
BRDA:254,10,0,28
BRDA:254,10,1,0
BRDA:261,11,0,29
BRDA:261,11,1,0
BRDA:262,12,0,1
BRDA:262,12,1,28
BRDA:274,13,0,1
BRDA:274,13,1,0
BRDA:279,14,0,1
BRDA:279,14,1,0
BRDA:280,15,0,1
BRDA:280,15,1,0
BRDA:301,16,0,2
BRDA:301,16,1,29
BRDA:306,17,0,29
BRDA:306,17,1,1
BRDA:308,18,0,1
BRDA:308,18,1,28
BRDA:313,19,0,28
BRDA:313,19,1,0
BRDA:314,20,0,28
BRDA:314,20,1,1
BRDA:315,21,0,28
BRDA:315,21,1,0
BRDA:316,22,0,27
BRDA:316,22,1,1
BRDA:346,23,0,28
BRDA:346,23,1,1
BRDA:347,24,0,28
BRDA:347,24,1,1
BRDA:348,25,0,28
BRDA:348,25,1,1
BRDA:349,26,0,27
BRDA:349,26,1,1
BRDA:353,27,0,27
BRDA:353,27,1,0
BRDA:354,28,0,27
BRDA:354,28,1,0
BRDA:355,29,0,27
BRDA:355,29,1,0
BRDA:453,30,0,1
BRDA:453,30,1,31
BRDA:453,31,0,32
BRDA:453,31,1,32
BRDA:455,32,0,31
BRDA:455,32,1,2
BRDA:458,33,0,1
BRDA:458,33,1,30
BRDA:464,34,0,1
BRDA:464,34,1,30
BRDA:475,35,0,31
BRDA:475,35,1,2
BRDA:480,36,0,31
BRDA:480,36,1,2
BRDA:488,37,0,1
BRDA:488,37,1,1
BRDA:493,38,0,1
BRDA:493,38,1,1
BRDA:499,39,0,1
BRDA:499,39,1,0
BRDA:504,40,0,1
BRDA:504,40,1,1
BRDA:514,41,0,31
BRDA:514,41,1,2
BRDA:527,42,0,3
BRDA:527,42,1,0
BRDA:528,43,0,1
BRDA:528,43,1,2
BRDA:528,44,0,1
BRDA:528,44,1,1
BRDA:543,45,0,3
BRDA:543,45,1,28
BRDA:546,46,0,1
BRDA:546,46,1,2
BRDA:550,47,0,1
BRDA:550,47,1,2
BRDA:558,48,0,2
BRDA:558,48,1,0
BRDA:560,49,0,2
BRDA:560,49,1,0
BRDA:561,50,0,1
BRDA:561,50,1,1
BRF:102
BRH:81
end_of_record
TN:
SF:admin/js/views/PilotageView.js
FN:26,(anonymous_0)
FN:29,(anonymous_1)
FN:31,render
FN:83,(anonymous_3)
FN:86,(anonymous_4)
FN:100,(anonymous_5)
FN:111,(anonymous_6)
FN:120,(anonymous_7)
FN:133,(anonymous_8)
FNF:9
FNH:9
FNDA:25,(anonymous_0)
FNDA:18,(anonymous_1)
FNDA:25,render
FNDA:5,(anonymous_3)
FNDA:1,(anonymous_4)
FNDA:4,(anonymous_5)
FNDA:6,(anonymous_6)
FNDA:2,(anonymous_7)
FNDA:2,(anonymous_8)
DA:26,25
DA:29,25
DA:32,25
DA:70,25
DA:71,25
DA:72,25
DA:76,21
DA:78,20
DA:81,20
DA:82,20
DA:83,20
DA:84,5
DA:85,5
DA:86,5
DA:88,5
DA:99,5
DA:100,5
DA:101,4
DA:104,5
DA:108,20
DA:109,20
DA:110,20
DA:111,20
DA:112,6
DA:113,2
DA:114,2
DA:115,2
DA:116,2
DA:118,6
DA:119,6
DA:120,6
DA:121,2
DA:123,6
DA:127,6
DA:131,20
DA:132,20
DA:133,20
DA:134,2
DA:135,2
DA:136,2
DA:137,2
DA:141,20
DA:148,20
DA:149,2
DA:150,2
DA:151,2
DA:154,2
DA:155,2
DA:158,3
DA:159,3
DA:160,3
DA:161,3
DA:169,25
LF:53
LH:53
BRDA:29,0,0,18
BRDA:29,0,1,0
BRDA:76,1,0,1
BRDA:76,1,1,20
BRDA:76,2,0,21
BRDA:76,2,1,21
BRDA:78,3,0,20
BRDA:78,3,1,1
BRDA:83,4,0,20
BRDA:83,4,1,0
BRDA:100,5,0,5
BRDA:100,5,1,1
BRDA:110,6,0,20
BRDA:110,6,1,19
BRDA:110,6,2,1
BRDA:112,7,0,2
BRDA:112,7,1,4
BRDA:121,8,0,1
BRDA:121,8,1,1
BRDA:133,9,0,20
BRDA:133,9,1,1
BRDA:143,10,0,20
BRDA:143,10,1,1
BRDA:148,11,0,2
BRDA:148,11,1,18
BRDA:151,12,0,1
BRDA:151,12,1,1
BRDA:160,13,0,3
BRDA:160,13,1,0
BRDA:162,14,0,3
BRDA:162,14,1,1
BRDA:163,15,0,1
BRDA:163,15,1,2
BRF:33
BRH:30
end_of_record
